OpenROAD 0cfb9a45bfb256c9af1a0500d4c97da0f145f54f 
This program is licensed under the BSD-3 license. See the LICENSE file for details.
Components of this program may be licensed under more restrictive licenses which must be honored.
[INFO ODB-0222] Reading LEF file: /openlane/designs/mult_seq_16x16/runs/first_run/tmp/merged.min.lef
[INFO ODB-0223]     Created 13 technology layers
[INFO ODB-0224]     Created 25 technology vias
[INFO ODB-0225]     Created 442 library cells
[INFO ODB-0226] Finished LEF file:  /openlane/designs/mult_seq_16x16/runs/first_run/tmp/merged.min.lef
[INFO ODB-0127] Reading DEF file: /openlane/designs/mult_seq_16x16/runs/first_run/results/routing/mult_seq_16x16.def
[INFO ODB-0128] Design: mult_seq_16x16
[INFO ODB-0130]     Created 69 pins.
[INFO ODB-0131]     Created 783 components and 4115 component-terminals.
[INFO ODB-0132]     Created 2 special nets and 2992 connections.
[INFO ODB-0133]     Created 382 nets and 1123 connections.
[INFO ODB-0134] Finished DEF file: /openlane/designs/mult_seq_16x16/runs/first_run/results/routing/mult_seq_16x16.def
define_corners Typical
read_liberty -corner Typical /home/brunoayala/.volare/sky130A/libs.ref/sky130_fd_sc_hd/lib/sky130_fd_sc_hd__tt_025C_1v80.lib
Using 1e-12 for capacitance...
Using 1e+03 for resistance...
Using 1e-09 for time...
Using 1e+00 for voltage...
Using 1e-03 for current...
Using 1e-09 for power...
Using 1e-06 for distance...
Using RCX ruleset '/home/brunoayala/.volare/sky130A/libs.tech/openlane/rules.openrcx.sky130A.min.calibre'...
[INFO RCX-0431] Defined process_corner X with ext_model_index 0
[INFO RCX-0029] Defined extraction corner X
[INFO RCX-0008] extracting parasitics of mult_seq_16x16 ...
[INFO RCX-0435] Reading extraction model file /home/brunoayala/.volare/sky130A/libs.tech/openlane/rules.openrcx.sky130A.min.calibre ...
[INFO RCX-0436] RC segment generation mult_seq_16x16 (max_merge_res 50.0) ...
[INFO RCX-0040] Final 1241 rc segments
[INFO RCX-0439] Coupling Cap extraction mult_seq_16x16 ...
[INFO RCX-0440] Coupling threshhold is 0.1000 fF, coupling capacitance less than 0.1000 fF will be grounded.
[INFO RCX-0043] 2945 wires to be extracted
[INFO RCX-0442] 52% completion -- 1557 wires have been extracted
[INFO RCX-0442] 100% completion -- 2945 wires have been extracted
[INFO RCX-0045] Extract 382 nets, 1623 rsegs, 1623 caps, 2629 ccs
[INFO RCX-0015] Finished extracting mult_seq_16x16.
Writing result to /openlane/designs/mult_seq_16x16/runs/first_run/results/routing/mca/process_corner_min/mult_seq_16x16.spef...
Setting global connections for newly added cells…
[WARNING] Did not save OpenROAD database!
Writing extracted parasitics to '/openlane/designs/mult_seq_16x16/runs/first_run/results/routing/mca/process_corner_min/mult_seq_16x16.spef'…
[INFO RCX-0016] Writing SPEF ...
[INFO RCX-0443] 382 nets finished
[INFO RCX-0017] Finished writing SPEF ...
