
61. Printing statistics.

=== mult_seq_16x16 ===

   Number of wires:                223
   Number of wire bits:            284
   Number of public wires:          14
   Number of public wire bits:      75
   Number of memories:               0
   Number of memory bits:            0
   Number of processes:              0
   Number of cells:                250
     sky130_fd_sc_hd__a211o_2        4
     sky130_fd_sc_hd__a21o_2         5
     sky130_fd_sc_hd__a21oi_2       13
     sky130_fd_sc_hd__a221o_2       19
     sky130_fd_sc_hd__a22o_2         1
     sky130_fd_sc_hd__a22oi_2        1
     sky130_fd_sc_hd__a31o_2         2
     sky130_fd_sc_hd__a31oi_2        2
     sky130_fd_sc_hd__a32o_2         1
     sky130_fd_sc_hd__a41o_2         3
     sky130_fd_sc_hd__a41oi_2        1
     sky130_fd_sc_hd__and2_2        12
     sky130_fd_sc_hd__and2b_2        1
     sky130_fd_sc_hd__and3_2         6
     sky130_fd_sc_hd__and4_2         1
     sky130_fd_sc_hd__buf_1         16
     sky130_fd_sc_hd__dfxtp_2       40
     sky130_fd_sc_hd__inv_2          5
     sky130_fd_sc_hd__mux2_2         5
     sky130_fd_sc_hd__nand2_2       20
     sky130_fd_sc_hd__nand3_2        1
     sky130_fd_sc_hd__nor2_2        15
     sky130_fd_sc_hd__o211a_2       14
     sky130_fd_sc_hd__o211ai_2       1
     sky130_fd_sc_hd__o21a_2        25
     sky130_fd_sc_hd__o21ai_2        4
     sky130_fd_sc_hd__o221a_2        3
     sky130_fd_sc_hd__o31ai_2        3
     sky130_fd_sc_hd__or2_2         14
     sky130_fd_sc_hd__xnor2_2        8
     sky130_fd_sc_hd__xor2_2         4

   Chip area for module '\mult_seq_16x16': 2667.558400

