
Magic 8.3 revision 416 - Compiled on Tue Jul 25 11:03:51 UTC 2023.
Starting magic under Tcl interpreter
Using the terminal as the console.
Using NULL graphics device.
Processing system .magicrc file
Sourcing design .magicrc for technology sky130A ...
2 Magic internal units = 1 Lambda
Input style sky130(): scaleFactor=2, multiplier=2
The following types are not handled by extraction and will be treated as non-electrical types:
    ubm 
Scaled tech values by 2 / 1 to match internal grid scaling
Loading sky130A Device Generator Menu ...
Using technology "sky130A", version 1.0.439-0-g1341f54
Reading LEF data from file /home/brunoayala/.volare/sky130A/libs.ref/sky130_fd_sc_hd/techlef/sky130_fd_sc_hd__nom.tlef.
This action cannot be undone.
LEF read, Line 78 (Message): Unknown keyword "ANTENNAMODEL" in LEF file; ignoring.
LEF read, Line 79 (Message): Unknown keyword "ANTENNADIFFSIDEAREARATIO" in LEF file; ignoring.
LEF read, Line 112 (Message): Unknown keyword "MINENCLOSEDAREA" in LEF file; ignoring.
LEF read, Line 114 (Message): Unknown keyword "ANTENNAMODEL" in LEF file; ignoring.
LEF read, Line 115 (Message): Unknown keyword "ANTENNADIFFSIDEAREARATIO" in LEF file; ignoring.
LEF read, Line 121 (Message): Unknown keyword "MAXIMUMDENSITY" in LEF file; ignoring.
LEF read, Line 122 (Message): Unknown keyword "DENSITYCHECKWINDOW" in LEF file; ignoring.
LEF read, Line 123 (Message): Unknown keyword "DENSITYCHECKSTEP" in LEF file; ignoring.
LEF read, Line 156 (Message): Unknown keyword "MINENCLOSEDAREA" in LEF file; ignoring.
LEF read, Line 164 (Message): Unknown keyword "ANTENNAMODEL" in LEF file; ignoring.
LEF read, Line 165 (Message): Unknown keyword "ANTENNADIFFSIDEAREARATIO" in LEF file; ignoring.
LEF read, Line 167 (Message): Unknown keyword "MAXIMUMDENSITY" in LEF file; ignoring.
LEF read, Line 168 (Message): Unknown keyword "DENSITYCHECKWINDOW" in LEF file; ignoring.
LEF read, Line 169 (Message): Unknown keyword "DENSITYCHECKSTEP" in LEF file; ignoring.
LEF read, Line 206 (Message): Unknown keyword "ANTENNAMODEL" in LEF file; ignoring.
LEF read, Line 207 (Message): Unknown keyword "ANTENNADIFFSIDEAREARATIO" in LEF file; ignoring.
LEF read, Line 209 (Message): Unknown keyword "MAXIMUMDENSITY" in LEF file; ignoring.
LEF read, Line 210 (Message): Unknown keyword "DENSITYCHECKWINDOW" in LEF file; ignoring.
LEF read, Line 211 (Message): Unknown keyword "DENSITYCHECKSTEP" in LEF file; ignoring.
LEF read, Line 248 (Message): Unknown keyword "ANTENNAMODEL" in LEF file; ignoring.
LEF read, Line 249 (Message): Unknown keyword "ANTENNADIFFSIDEAREARATIO" in LEF file; ignoring.
LEF read, Line 251 (Message): Unknown keyword "MAXIMUMDENSITY" in LEF file; ignoring.
LEF read, Line 252 (Message): Unknown keyword "DENSITYCHECKWINDOW" in LEF file; ignoring.
LEF read, Line 253 (Message): Unknown keyword "DENSITYCHECKSTEP" in LEF file; ignoring.
LEF read, Line 290 (Message): Unknown keyword "ANTENNAMODEL" in LEF file; ignoring.
LEF read, Line 291 (Message): Unknown keyword "ANTENNADIFFSIDEAREARATIO" in LEF file; ignoring.
LEF read: Processed 797 lines.
Reading DEF data from file /openlane/designs/mult_comb_16x16/runs/first_run/results/routing/mult_comb_16x16.def.
This action cannot be undone.
  Processed 4 vias total.
Cell sky130_fd_sc_hd__diode_2 read from path /home/brunoayala/.volare/sky130A/libs.ref/sky130_fd_sc_hd/mag
Cell sky130_fd_sc_hd__decap_3 read from path /home/brunoayala/.volare/sky130A/libs.ref/sky130_fd_sc_hd/mag
Cell sky130_fd_sc_hd__decap_8 read from path /home/brunoayala/.volare/sky130A/libs.ref/sky130_fd_sc_hd/mag
Cell sky130_fd_sc_hd__fill_2 read from path /home/brunoayala/.volare/sky130A/libs.ref/sky130_fd_sc_hd/mag
Cell sky130_fd_sc_hd__decap_4 read from path /home/brunoayala/.volare/sky130A/libs.ref/sky130_fd_sc_hd/mag
Cell sky130_fd_sc_hd__fill_1 read from path /home/brunoayala/.volare/sky130A/libs.ref/sky130_fd_sc_hd/mag
Cell sky130_ef_sc_hd__decap_12 read from path /home/brunoayala/.volare/sky130A/libs.ref/sky130_fd_sc_hd/mag
Cell sky130_fd_sc_hd__decap_6 read from path /home/brunoayala/.volare/sky130A/libs.ref/sky130_fd_sc_hd/mag
Cell sky130_fd_sc_hd__tapvpwrvgnd_1 read from path /home/brunoayala/.volare/sky130A/libs.ref/sky130_fd_sc_hd/mag
Cell sky130_fd_sc_hd__clkbuf_4 read from path /home/brunoayala/.volare/sky130A/libs.ref/sky130_fd_sc_hd/mag
Cell sky130_fd_sc_hd__and2_1 read from path /home/brunoayala/.volare/sky130A/libs.ref/sky130_fd_sc_hd/mag
Cell sky130_fd_sc_hd__clkbuf_1 read from path /home/brunoayala/.volare/sky130A/libs.ref/sky130_fd_sc_hd/mag
Cell sky130_fd_sc_hd__buf_2 read from path /home/brunoayala/.volare/sky130A/libs.ref/sky130_fd_sc_hd/mag
Cell sky130_fd_sc_hd__and4_1 read from path /home/brunoayala/.volare/sky130A/libs.ref/sky130_fd_sc_hd/mag
Cell sky130_fd_sc_hd__inv_2 read from path /home/brunoayala/.volare/sky130A/libs.ref/sky130_fd_sc_hd/mag
Cell sky130_fd_sc_hd__a22o_1 read from path /home/brunoayala/.volare/sky130A/libs.ref/sky130_fd_sc_hd/mag
Cell sky130_fd_sc_hd__a22oi_1 read from path /home/brunoayala/.volare/sky130A/libs.ref/sky130_fd_sc_hd/mag
Cell sky130_fd_sc_hd__nor2_1 read from path /home/brunoayala/.volare/sky130A/libs.ref/sky130_fd_sc_hd/mag
Cell sky130_fd_sc_hd__nand2_1 read from path /home/brunoayala/.volare/sky130A/libs.ref/sky130_fd_sc_hd/mag
Cell sky130_fd_sc_hd__or2_1 read from path /home/brunoayala/.volare/sky130A/libs.ref/sky130_fd_sc_hd/mag
Cell sky130_fd_sc_hd__and4b_1 read from path /home/brunoayala/.volare/sky130A/libs.ref/sky130_fd_sc_hd/mag
Cell sky130_fd_sc_hd__and2b_1 read from path /home/brunoayala/.volare/sky130A/libs.ref/sky130_fd_sc_hd/mag
Cell sky130_fd_sc_hd__a21oi_1 read from path /home/brunoayala/.volare/sky130A/libs.ref/sky130_fd_sc_hd/mag
Cell sky130_fd_sc_hd__xnor2_1 read from path /home/brunoayala/.volare/sky130A/libs.ref/sky130_fd_sc_hd/mag
Cell sky130_fd_sc_hd__nand3_1 read from path /home/brunoayala/.volare/sky130A/libs.ref/sky130_fd_sc_hd/mag
Cell sky130_fd_sc_hd__a21o_1 read from path /home/brunoayala/.volare/sky130A/libs.ref/sky130_fd_sc_hd/mag
Cell sky130_fd_sc_hd__and4_2 read from path /home/brunoayala/.volare/sky130A/libs.ref/sky130_fd_sc_hd/mag
Cell sky130_fd_sc_hd__nand4_1 read from path /home/brunoayala/.volare/sky130A/libs.ref/sky130_fd_sc_hd/mag
Cell sky130_fd_sc_hd__o211a_1 read from path /home/brunoayala/.volare/sky130A/libs.ref/sky130_fd_sc_hd/mag
Cell sky130_fd_sc_hd__a211o_1 read from path /home/brunoayala/.volare/sky130A/libs.ref/sky130_fd_sc_hd/mag
Cell sky130_fd_sc_hd__o21ai_1 read from path /home/brunoayala/.volare/sky130A/libs.ref/sky130_fd_sc_hd/mag
Cell sky130_fd_sc_hd__xnor2_2 read from path /home/brunoayala/.volare/sky130A/libs.ref/sky130_fd_sc_hd/mag
Cell sky130_fd_sc_hd__nand4_2 read from path /home/brunoayala/.volare/sky130A/libs.ref/sky130_fd_sc_hd/mag
Cell sky130_fd_sc_hd__a21bo_1 read from path /home/brunoayala/.volare/sky130A/libs.ref/sky130_fd_sc_hd/mag
Cell sky130_fd_sc_hd__and3_1 read from path /home/brunoayala/.volare/sky130A/libs.ref/sky130_fd_sc_hd/mag
Cell sky130_fd_sc_hd__xnor2_4 read from path /home/brunoayala/.volare/sky130A/libs.ref/sky130_fd_sc_hd/mag
Cell sky130_fd_sc_hd__o211a_2 read from path /home/brunoayala/.volare/sky130A/libs.ref/sky130_fd_sc_hd/mag
Cell sky130_fd_sc_hd__a211oi_1 read from path /home/brunoayala/.volare/sky130A/libs.ref/sky130_fd_sc_hd/mag
Cell sky130_fd_sc_hd__or3_1 read from path /home/brunoayala/.volare/sky130A/libs.ref/sky130_fd_sc_hd/mag
Cell sky130_fd_sc_hd__nand3_2 read from path /home/brunoayala/.volare/sky130A/libs.ref/sky130_fd_sc_hd/mag
Cell sky130_fd_sc_hd__or4bb_2 read from path /home/brunoayala/.volare/sky130A/libs.ref/sky130_fd_sc_hd/mag
Cell sky130_fd_sc_hd__a2bb2o_1 read from path /home/brunoayala/.volare/sky130A/libs.ref/sky130_fd_sc_hd/mag
Cell sky130_fd_sc_hd__nor3_1 read from path /home/brunoayala/.volare/sky130A/libs.ref/sky130_fd_sc_hd/mag
Cell sky130_fd_sc_hd__a31o_1 read from path /home/brunoayala/.volare/sky130A/libs.ref/sky130_fd_sc_hd/mag
Cell sky130_fd_sc_hd__nand2b_2 read from path /home/brunoayala/.volare/sky130A/libs.ref/sky130_fd_sc_hd/mag
Cell sky130_fd_sc_hd__and3b_1 read from path /home/brunoayala/.volare/sky130A/libs.ref/sky130_fd_sc_hd/mag
Cell sky130_fd_sc_hd__and4bb_1 read from path /home/brunoayala/.volare/sky130A/libs.ref/sky130_fd_sc_hd/mag
Cell sky130_fd_sc_hd__o2bb2a_1 read from path /home/brunoayala/.volare/sky130A/libs.ref/sky130_fd_sc_hd/mag
Cell sky130_fd_sc_hd__a22oi_2 read from path /home/brunoayala/.volare/sky130A/libs.ref/sky130_fd_sc_hd/mag
Cell sky130_fd_sc_hd__and3_2 read from path /home/brunoayala/.volare/sky130A/libs.ref/sky130_fd_sc_hd/mag
Cell sky130_fd_sc_hd__nor3_2 read from path /home/brunoayala/.volare/sky130A/libs.ref/sky130_fd_sc_hd/mag
Cell sky130_fd_sc_hd__o21a_1 read from path /home/brunoayala/.volare/sky130A/libs.ref/sky130_fd_sc_hd/mag
Cell sky130_fd_sc_hd__or3_2 read from path /home/brunoayala/.volare/sky130A/libs.ref/sky130_fd_sc_hd/mag
Cell sky130_fd_sc_hd__xor2_1 read from path /home/brunoayala/.volare/sky130A/libs.ref/sky130_fd_sc_hd/mag
Cell sky130_fd_sc_hd__or4b_1 read from path /home/brunoayala/.volare/sky130A/libs.ref/sky130_fd_sc_hd/mag
Cell sky130_fd_sc_hd__o211ai_1 read from path /home/brunoayala/.volare/sky130A/libs.ref/sky130_fd_sc_hd/mag
Cell sky130_fd_sc_hd__clkbuf_2 read from path /home/brunoayala/.volare/sky130A/libs.ref/sky130_fd_sc_hd/mag
Cell sky130_fd_sc_hd__nor2_2 read from path /home/brunoayala/.volare/sky130A/libs.ref/sky130_fd_sc_hd/mag
Cell sky130_fd_sc_hd__or2_4 read from path /home/brunoayala/.volare/sky130A/libs.ref/sky130_fd_sc_hd/mag
Cell sky130_fd_sc_hd__buf_4 read from path /home/brunoayala/.volare/sky130A/libs.ref/sky130_fd_sc_hd/mag
Cell sky130_fd_sc_hd__o21ba_1 read from path /home/brunoayala/.volare/sky130A/libs.ref/sky130_fd_sc_hd/mag
Cell sky130_fd_sc_hd__xor2_2 read from path /home/brunoayala/.volare/sky130A/libs.ref/sky130_fd_sc_hd/mag
Cell sky130_fd_sc_hd__nand3_4 read from path /home/brunoayala/.volare/sky130A/libs.ref/sky130_fd_sc_hd/mag
Cell sky130_fd_sc_hd__o211ai_4 read from path /home/brunoayala/.volare/sky130A/libs.ref/sky130_fd_sc_hd/mag
Cell sky130_fd_sc_hd__nand2b_1 read from path /home/brunoayala/.volare/sky130A/libs.ref/sky130_fd_sc_hd/mag
Cell sky130_fd_sc_hd__o31a_1 read from path /home/brunoayala/.volare/sky130A/libs.ref/sky130_fd_sc_hd/mag
Cell sky130_fd_sc_hd__nor4b_2 read from path /home/brunoayala/.volare/sky130A/libs.ref/sky130_fd_sc_hd/mag
Cell sky130_fd_sc_hd__o21ai_2 read from path /home/brunoayala/.volare/sky130A/libs.ref/sky130_fd_sc_hd/mag
Cell sky130_fd_sc_hd__a211o_2 read from path /home/brunoayala/.volare/sky130A/libs.ref/sky130_fd_sc_hd/mag
Cell sky130_fd_sc_hd__o211ai_2 read from path /home/brunoayala/.volare/sky130A/libs.ref/sky130_fd_sc_hd/mag
Cell sky130_fd_sc_hd__a21oi_2 read from path /home/brunoayala/.volare/sky130A/libs.ref/sky130_fd_sc_hd/mag
Cell sky130_fd_sc_hd__a211oi_4 read from path /home/brunoayala/.volare/sky130A/libs.ref/sky130_fd_sc_hd/mag
Cell sky130_fd_sc_hd__or2b_1 read from path /home/brunoayala/.volare/sky130A/libs.ref/sky130_fd_sc_hd/mag
Cell sky130_fd_sc_hd__nand2_2 read from path /home/brunoayala/.volare/sky130A/libs.ref/sky130_fd_sc_hd/mag
Cell sky130_fd_sc_hd__or2_2 read from path /home/brunoayala/.volare/sky130A/libs.ref/sky130_fd_sc_hd/mag
Cell sky130_fd_sc_hd__o2111a_1 read from path /home/brunoayala/.volare/sky130A/libs.ref/sky130_fd_sc_hd/mag
Cell sky130_fd_sc_hd__clkbuf_8 read from path /home/brunoayala/.volare/sky130A/libs.ref/sky130_fd_sc_hd/mag
Cell sky130_fd_sc_hd__or3_4 read from path /home/brunoayala/.volare/sky130A/libs.ref/sky130_fd_sc_hd/mag
Cell sky130_fd_sc_hd__a211oi_2 read from path /home/brunoayala/.volare/sky130A/libs.ref/sky130_fd_sc_hd/mag
Cell sky130_fd_sc_hd__o21bai_4 read from path /home/brunoayala/.volare/sky130A/libs.ref/sky130_fd_sc_hd/mag
Cell sky130_fd_sc_hd__a32o_2 read from path /home/brunoayala/.volare/sky130A/libs.ref/sky130_fd_sc_hd/mag
Cell sky130_fd_sc_hd__nor4_1 read from path /home/brunoayala/.volare/sky130A/libs.ref/sky130_fd_sc_hd/mag
Cell sky130_fd_sc_hd__o22a_1 read from path /home/brunoayala/.volare/sky130A/libs.ref/sky130_fd_sc_hd/mag
Cell sky130_fd_sc_hd__xor2_4 read from path /home/brunoayala/.volare/sky130A/libs.ref/sky130_fd_sc_hd/mag
Cell sky130_fd_sc_hd__a32o_1 read from path /home/brunoayala/.volare/sky130A/libs.ref/sky130_fd_sc_hd/mag
Cell sky130_fd_sc_hd__or4_2 read from path /home/brunoayala/.volare/sky130A/libs.ref/sky130_fd_sc_hd/mag
Cell sky130_fd_sc_hd__o22ai_4 read from path /home/brunoayala/.volare/sky130A/libs.ref/sky130_fd_sc_hd/mag
Cell sky130_fd_sc_hd__a21boi_1 read from path /home/brunoayala/.volare/sky130A/libs.ref/sky130_fd_sc_hd/mag
Cell sky130_fd_sc_hd__or3b_1 read from path /home/brunoayala/.volare/sky130A/libs.ref/sky130_fd_sc_hd/mag
Cell sky130_fd_sc_hd__nor3b_1 read from path /home/brunoayala/.volare/sky130A/libs.ref/sky130_fd_sc_hd/mag
Cell sky130_fd_sc_hd__a21boi_2 read from path /home/brunoayala/.volare/sky130A/libs.ref/sky130_fd_sc_hd/mag
Cell sky130_fd_sc_hd__a311o_2 read from path /home/brunoayala/.volare/sky130A/libs.ref/sky130_fd_sc_hd/mag
Cell sky130_fd_sc_hd__a21oi_4 read from path /home/brunoayala/.volare/sky130A/libs.ref/sky130_fd_sc_hd/mag
Cell sky130_fd_sc_hd__a31o_2 read from path /home/brunoayala/.volare/sky130A/libs.ref/sky130_fd_sc_hd/mag
Cell sky130_fd_sc_hd__or3b_2 read from path /home/brunoayala/.volare/sky130A/libs.ref/sky130_fd_sc_hd/mag
Cell sky130_fd_sc_hd__o21bai_1 read from path /home/brunoayala/.volare/sky130A/libs.ref/sky130_fd_sc_hd/mag
Cell sky130_fd_sc_hd__a21bo_2 read from path /home/brunoayala/.volare/sky130A/libs.ref/sky130_fd_sc_hd/mag
Cell sky130_fd_sc_hd__a32oi_4 read from path /home/brunoayala/.volare/sky130A/libs.ref/sky130_fd_sc_hd/mag
Cell sky130_fd_sc_hd__nand4_4 read from path /home/brunoayala/.volare/sky130A/libs.ref/sky130_fd_sc_hd/mag
Cell sky130_fd_sc_hd__a221o_1 read from path /home/brunoayala/.volare/sky130A/libs.ref/sky130_fd_sc_hd/mag
Cell sky130_fd_sc_hd__a31oi_4 read from path /home/brunoayala/.volare/sky130A/libs.ref/sky130_fd_sc_hd/mag
Cell sky130_fd_sc_hd__or2b_2 read from path /home/brunoayala/.volare/sky130A/libs.ref/sky130_fd_sc_hd/mag
Cell sky130_fd_sc_hd__o21bai_2 read from path /home/brunoayala/.volare/sky130A/libs.ref/sky130_fd_sc_hd/mag
Cell sky130_fd_sc_hd__o22ai_2 read from path /home/brunoayala/.volare/sky130A/libs.ref/sky130_fd_sc_hd/mag
Cell sky130_fd_sc_hd__a31oi_2 read from path /home/brunoayala/.volare/sky130A/libs.ref/sky130_fd_sc_hd/mag
Cell sky130_fd_sc_hd__a22oi_4 read from path /home/brunoayala/.volare/sky130A/libs.ref/sky130_fd_sc_hd/mag
Cell sky130_fd_sc_hd__o21a_2 read from path /home/brunoayala/.volare/sky130A/libs.ref/sky130_fd_sc_hd/mag
Cell sky130_fd_sc_hd__o32ai_4 read from path /home/brunoayala/.volare/sky130A/libs.ref/sky130_fd_sc_hd/mag
Cell sky130_fd_sc_hd__o31ai_2 read from path /home/brunoayala/.volare/sky130A/libs.ref/sky130_fd_sc_hd/mag
Cell sky130_fd_sc_hd__dlymetal6s2s_1 read from path /home/brunoayala/.volare/sky130A/libs.ref/sky130_fd_sc_hd/mag
Cell sky130_fd_sc_hd__buf_1 read from path /home/brunoayala/.volare/sky130A/libs.ref/sky130_fd_sc_hd/mag
  Processed 3871 subcell instances total.
  Processed 66 pins total.
  Processed 2 special nets total.
  Processed 1500 nets total.
DEF read: Processed 30496 lines.
Moving label "_0007_" from metal1 to viali in cell mult_comb_16x16.
Moving label "_0106_" from metal1 to via1 in cell mult_comb_16x16.
Moving label "_0117_" from metal2 to via1 in cell mult_comb_16x16.
Moving label "_0224_" from metal1 to via1 in cell mult_comb_16x16.
Moving label "_0226_" from metal1 to via1 in cell mult_comb_16x16.
Moving label "_0251_" from metal1 to viali in cell mult_comb_16x16.
Moving label "_0275_" from metal1 to via1 in cell mult_comb_16x16.
Moving label "_0453_" from metal2 to via1 in cell mult_comb_16x16.
Moving label "_0481_" from metal1 to viali in cell mult_comb_16x16.
Moving label "_0523_" from metal1 to via1 in cell mult_comb_16x16.
Moving label "_0525_" from metal1 to via1 in cell mult_comb_16x16.
Moving label "_0541_" from metal1 to via1 in cell mult_comb_16x16.
Moving label "_0543_" from metal2 to via2 in cell mult_comb_16x16.
Moving label "_0600_" from metal1 to via1 in cell mult_comb_16x16.
Moving label "_0622_" from metal1 to via1 in cell mult_comb_16x16.
Moving label "_0710_" from metal2 to via1 in cell mult_comb_16x16.
Moving label "_0736_" from metal1 to viali in cell mult_comb_16x16.
Moving label "_0758_" from metal3 to via3 in cell mult_comb_16x16.
Moving label "_0794_" from metal2 to via1 in cell mult_comb_16x16.
Moving label "_0818_" from metal1 to via1 in cell mult_comb_16x16.
Moving label "_0834_" from metal1 to via1 in cell mult_comb_16x16.
Moving label "_0890_" from metal2 to via2 in cell mult_comb_16x16.
Moving label "_0891_" from metal2 to via2 in cell mult_comb_16x16.
Moving label "_0899_" from metal1 to via1 in cell mult_comb_16x16.
Moving label "_0958_" from metal2 to via2 in cell mult_comb_16x16.
Moving label "_0984_" from metal2 to via1 in cell mult_comb_16x16.
Moving label "_1069_" from metal2 to via1 in cell mult_comb_16x16.
Moving label "_1123_" from metal1 to viali in cell mult_comb_16x16.
Moving label "_1204_" from metal1 to viali in cell mult_comb_16x16.
Moving label "_1237_" from metal2 to via2 in cell mult_comb_16x16.
Moving label "_1263_" from metal1 to viali in cell mult_comb_16x16.
Moving label "_1323_" from metal1 to via1 in cell mult_comb_16x16.
Moving label "_1334_" from metal2 to via1 in cell mult_comb_16x16.
Moving label "net32" from metal2 to via2 in cell mult_comb_16x16.
Moving label "net43" from metal2 to via2 in cell mult_comb_16x16.
Moving label "net58" from metal2 to via2 in cell mult_comb_16x16.
Moving label "product[20]" from metal2 to via2 in cell mult_comb_16x16.
Moving label "product[2]" from metal2 to via2 in cell mult_comb_16x16.
Moving label "product[9]" from metal2 to via2 in cell mult_comb_16x16.
[INFO]: Writing abstract LEF
Generating LEF output /openlane/designs/mult_comb_16x16/runs/first_run/results/signoff/mult_comb_16x16.lef for cell mult_comb_16x16:
Diagnostic:  Write LEF header for cell mult_comb_16x16
Diagnostic:  Writing LEF output for cell mult_comb_16x16
Diagnostic:  Scale value is 0.005000
[INFO]: LEF Write Complete
