Instance name,  X location,  Y location,  Voltage 
input10, 94.875, 106.08, 1.79995
input11, 94.875, 106.08, 1.79995
input41, 94.875, 106.08, 1.79995
input56, 94.875, 106.08, 1.79995
input63, 94.875, 106.08, 1.79995
output81, 94.875, 106.08, 1.79995
FILLER_0_35_193, 94.875, 106.08, 1.79995
_517_, 94.875, 95.2, 1.79997
_519_, 94.875, 95.2, 1.79997
_520_, 94.875, 95.2, 1.79997
_897_, 94.875, 95.2, 1.79997
FILLER_0_32_193, 94.875, 95.2, 1.79997
_522_, 94.875, 89.76, 1.79997
_523_, 94.875, 89.76, 1.79997
_524_, 94.875, 89.76, 1.79997
_525_, 94.875, 89.76, 1.79997
_530_, 94.875, 89.76, 1.79997
_533_, 94.875, 89.76, 1.79997
_534_, 94.875, 84.32, 1.79996
_898_, 94.875, 78.88, 1.79994
hold12, 94.875, 78.88, 1.79994
FILLER_0_25_195, 94.875, 78.88, 1.79994
_486_, 94.875, 73.44, 1.79995
_495_, 94.875, 73.44, 1.79995
_893_, 94.875, 73.44, 1.79995
FILLER_0_23_189, 94.875, 73.44, 1.79995
_478_, 94.875, 68, 1.79995
_481_, 94.875, 68, 1.79995
_482_, 94.875, 68, 1.79995
_490_, 94.875, 68, 1.79995
_491_, 94.875, 68, 1.79995
_493_, 94.875, 68, 1.79995
_500_, 94.875, 68, 1.79995
FILLER_0_22_189, 94.875, 68, 1.79995
_471_, 94.875, 62.56, 1.79997
_480_, 94.875, 62.56, 1.79997
_488_, 94.875, 62.56, 1.79997
_499_, 94.875, 62.56, 1.79997
_888_, 94.875, 62.56, 1.79997
FILLER_0_19_200, 94.875, 62.56, 1.79997
_883_, 94.875, 57.12, 1.79994
_887_, 94.875, 57.12, 1.79994
_961_, 94.875, 57.12, 1.79994
FILLER_0_17_198, 94.875, 57.12, 1.79994
FILLER_0_18_197, 94.875, 57.12, 1.79994
_882_, 94.875, 51.68, 1.79995
_885_, 94.875, 51.68, 1.79995
_960_, 94.875, 51.68, 1.79995
hold1, 94.875, 51.68, 1.79995
hold2, 94.875, 51.68, 1.79995
_452_, 94.875, 46.24, 1.79994
_880_, 94.875, 46.24, 1.79994
_884_, 94.875, 46.24, 1.79994
_959_, 94.875, 46.24, 1.79994
input30, 94.875, 46.24, 1.79994
hold3, 94.875, 46.24, 1.79994
_877_, 94.875, 40.8, 1.79993
_879_, 94.875, 40.8, 1.79993
hold6, 94.875, 40.8, 1.79993
_827_, 94.875, 35.36, 1.79994
input6, 94.875, 35.36, 1.79994
FILLER_0_9_197, 94.875, 35.36, 1.79994
FILLER_0_10_193, 94.875, 35.36, 1.79994
FILLER_0_10_197, 94.875, 35.36, 1.79994
_826_, 94.875, 29.92, 1.79995
_830_, 94.875, 29.92, 1.79995
_942_, 94.875, 29.92, 1.79995
FILLER_0_8_197, 94.875, 29.92, 1.79995
_824_, 94.875, 24.48, 1.79993
_829_, 94.875, 24.48, 1.79993
_831_, 94.875, 24.48, 1.79993
_940_, 94.875, 24.48, 1.79993
_943_, 94.875, 24.48, 1.79993
input43, 94.875, 24.48, 1.79993
hold16, 94.875, 19.04, 1.79994
input19, 94.875, 13.6, 1.79989
input23, 94.875, 13.6, 1.79989
output74, 94.875, 13.6, 1.79989
output93, 94.875, 13.6, 1.79989
output99, 94.875, 13.6, 1.79989
FILLER_0_0_189, 94.875, 13.6, 1.79989
FILLER_0_2_193, 94.875, 13.6, 1.79989
FILLER_0_2_197, 94.875, 13.6, 1.79989
_631_, 69.345, 106.08, 1.79995
_632_, 69.345, 106.08, 1.79995
_639_, 69.345, 106.08, 1.79995
_642_, 69.345, 106.08, 1.79995
input20, 69.345, 106.08, 1.79995
input59, 69.345, 106.08, 1.79995
output108, 69.345, 106.08, 1.79995
FILLER_0_35_136, 69.345, 106.08, 1.79995
FILLER_0_36_134, 69.345, 106.08, 1.79995
FILLER_0_36_146, 69.345, 106.08, 1.79995
_636_, 69.345, 100.64, 1.79996
_638_, 69.345, 100.64, 1.79996
FILLER_0_33_140, 69.345, 100.64, 1.79996
FILLER_0_34_141, 69.345, 100.64, 1.79996
_496_, 69.345, 95.2, 1.79997
FILLER_0_31_143, 69.345, 95.2, 1.79997
_627_, 69.345, 89.76, 1.79996
_652_, 69.345, 89.76, 1.79996
FILLER_0_30_141, 69.345, 89.76, 1.79996
_622_, 69.345, 84.32, 1.79994
_623_, 69.345, 84.32, 1.79994
_626_, 69.345, 84.32, 1.79994
_629_, 69.345, 78.88, 1.79993
_908_, 69.345, 78.88, 1.79993
FILLER_0_25_147, 69.345, 78.88, 1.79993
_506_, 69.345, 73.44, 1.79995
_788_, 69.345, 73.44, 1.79995
_929_, 69.345, 73.44, 1.79995
hold29, 69.345, 73.44, 1.79995
FILLER_0_23_152, 69.345, 73.44, 1.79995
_669_, 69.345, 68, 1.79993
_786_, 69.345, 68, 1.79993
clkbuf_3_6__f_clk, 69.345, 68, 1.79993
FILLER_0_21_133, 69.345, 68, 1.79993
FILLER_0_22_136, 69.345, 68, 1.79993
_666_, 69.345, 62.56, 1.79996
_667_, 69.345, 62.56, 1.79996
_912_, 69.345, 62.56, 1.79996
FILLER_0_19_128, 69.345, 62.56, 1.79996
FILLER_0_19_136, 69.345, 62.56, 1.79996
FILLER_0_20_137, 69.345, 62.56, 1.79996
FILLER_0_17_141, 69.345, 57.12, 1.79993
_715_, 69.345, 40.8, 1.79992
_717_, 69.345, 40.8, 1.79992
_718_, 69.345, 40.8, 1.79992
clkbuf_3_3__f_clk, 69.345, 40.8, 1.79992
_445_, 69.345, 35.36, 1.79992
_889_, 69.345, 35.36, 1.79992
FILLER_0_10_136, 69.345, 35.36, 1.79992
_770_, 69.345, 29.92, 1.79994
_773_, 69.345, 29.92, 1.79994
FILLER_0_7_133, 69.345, 29.92, 1.79994
FILLER_0_7_141, 69.345, 29.92, 1.79994
FILLER_0_8_141, 69.345, 29.92, 1.79994
_448_, 69.345, 24.48, 1.79989
_772_, 69.345, 24.48, 1.79989
_924_, 69.345, 24.48, 1.79989
clkbuf_3_2__f_clk, 69.345, 24.48, 1.79989
_925_, 69.345, 19.04, 1.79994
hold26, 69.345, 19.04, 1.79994
FILLER_0_3_144, 69.345, 19.04, 1.79994
FILLER_0_4_137, 69.345, 19.04, 1.79994
_841_, 69.345, 13.6, 1.79988
_842_, 69.345, 13.6, 1.79988
_947_, 69.345, 13.6, 1.79988
input2, 69.345, 13.6, 1.79988
output121, 69.345, 13.6, 1.79988
output123, 69.345, 13.6, 1.79988
FILLER_0_0_133, 69.345, 13.6, 1.79988
FILLER_0_1_140, 69.345, 13.6, 1.79988
FILLER_0_2_136, 69.345, 13.6, 1.79988
_610_, 43.815, 106.08, 1.79993
input28, 43.815, 106.08, 1.79993
output67, 43.815, 106.08, 1.79993
_590_, 43.815, 100.64, 1.79995
_602_, 43.815, 100.64, 1.79995
_605_, 43.815, 100.64, 1.79995
_607_, 43.815, 100.64, 1.79995
FILLER_0_33_87, 43.815, 100.64, 1.79995
_593_, 43.815, 89.76, 1.79995
FILLER_0_29_86, 43.815, 89.76, 1.79995
FILLER_0_30_81, 43.815, 89.76, 1.79995
_577_, 43.815, 84.32, 1.79995
_580_, 43.815, 84.32, 1.79995
_583_, 43.815, 84.32, 1.79995
_566_, 43.815, 78.88, 1.79993
_579_, 43.815, 78.88, 1.79993
_581_, 43.815, 78.88, 1.79993
FILLER_0_25_75, 43.815, 78.88, 1.79993
FILLER_0_26_79, 43.815, 78.88, 1.79993
_733_, 43.815, 73.44, 1.79995
_729_, 43.815, 68, 1.79992
_731_, 43.815, 68, 1.79992
_734_, 43.815, 68, 1.79992
_919_, 43.815, 68, 1.79992
_732_, 43.815, 62.56, 1.79995
_740_, 43.815, 62.56, 1.79995
_742_, 43.815, 62.56, 1.79995
_920_, 43.815, 62.56, 1.79995
FILLER_0_19_71, 43.815, 62.56, 1.79995
FILLER_0_20_78, 43.815, 62.56, 1.79995
FILLER_0_18_81, 43.815, 57.12, 1.79992
_684_, 43.815, 51.68, 1.79993
FILLER_0_16_85, 43.815, 51.68, 1.79993
_606_, 43.815, 46.24, 1.79994
_690_, 43.815, 46.24, 1.79994
_691_, 43.815, 46.24, 1.79994
FILLER_0_13_80, 43.815, 46.24, 1.79994
FILLER_0_14_81, 43.815, 46.24, 1.79994
_692_, 43.815, 40.8, 1.79993
_693_, 43.815, 40.8, 1.79993
_695_, 43.815, 40.8, 1.79993
_696_, 43.815, 40.8, 1.79993
_727_, 43.815, 40.8, 1.79993
FILLER_0_11_75, 43.815, 40.8, 1.79993
FILLER_0_12_85, 43.815, 40.8, 1.79993
_699_, 43.815, 35.36, 1.79993
_700_, 43.815, 35.36, 1.79993
_722_, 43.815, 35.36, 1.79993
FILLER_0_9_97, 43.815, 35.36, 1.79993
_822_, 43.815, 29.92, 1.79996
FILLER_0_7_71, 43.815, 29.92, 1.79996
FILLER_0_8_85, 43.815, 29.92, 1.79996
_855_, 43.815, 24.48, 1.79991
_857_, 43.815, 24.48, 1.79991
_859_, 43.815, 24.48, 1.79991
_951_, 43.815, 24.48, 1.79991
_852_, 43.815, 19.04, 1.79995
_856_, 43.815, 19.04, 1.79995
_858_, 43.815, 19.04, 1.79995
_860_, 43.815, 19.04, 1.79995
_837_, 43.815, 13.6, 1.79987
_838_, 43.815, 13.6, 1.79987
_839_, 43.815, 13.6, 1.79987
_944_, 43.815, 13.6, 1.79987
_948_, 43.815, 13.6, 1.79987
output89, 43.815, 13.6, 1.79987
hold24, 43.815, 13.6, 1.79987
FILLER_0_2_81, 43.815, 13.6, 1.79987
_537_, 18.285, 106.08, 1.79992
_905_, 18.285, 106.08, 1.79992
input3, 18.285, 106.08, 1.79992
input7, 18.285, 106.08, 1.79992
input22, 18.285, 106.08, 1.79992
input34, 18.285, 106.08, 1.79992
output127, 18.285, 106.08, 1.79992
FILLER_0_35_29, 18.285, 106.08, 1.79992
_544_, 18.285, 100.64, 1.79994
FILLER_0_34_29, 18.285, 100.64, 1.79994
_543_, 18.285, 95.2, 1.79996
_546_, 18.285, 95.2, 1.79996
_547_, 18.285, 95.2, 1.79996
_552_, 18.285, 95.2, 1.79996
_553_, 18.285, 95.2, 1.79996
_573_, 18.285, 89.76, 1.79996
_574_, 18.285, 89.76, 1.79996
_554_, 18.285, 84.32, 1.79996
_560_, 18.285, 84.32, 1.79996
_561_, 18.285, 84.32, 1.79996
FILLER_0_27_26, 18.285, 84.32, 1.79996
FILLER_0_27_36, 18.285, 84.32, 1.79996
FILLER_0_28_25, 18.285, 84.32, 1.79996
_548_, 18.285, 78.88, 1.79992
_549_, 18.285, 78.88, 1.79992
_559_, 18.285, 78.88, 1.79992
FILLER_0_25_31, 18.285, 78.88, 1.79992
FILLER_0_26_29, 18.285, 78.88, 1.79992
_900_, 18.285, 73.44, 1.79994
_902_, 18.285, 73.44, 1.79994
FILLER_0_23_21, 18.285, 73.44, 1.79994
_791_, 18.285, 68, 1.79992
_796_, 18.285, 62.56, 1.79997
_922_, 18.285, 62.56, 1.79997
FILLER_0_19_30, 18.285, 62.56, 1.79997
_754_, 18.285, 57.12, 1.79994
_756_, 18.285, 57.12, 1.79994
_762_, 18.285, 57.12, 1.79994
hold28, 18.285, 57.12, 1.79994
FILLER_0_17_27, 18.285, 57.12, 1.79994
_923_, 18.285, 51.68, 1.79993
FILLER_0_15_33, 18.285, 51.68, 1.79993
FILLER_0_16_29, 18.285, 51.68, 1.79993
_812_, 18.285, 46.24, 1.79992
_813_, 18.285, 46.24, 1.79992
_936_, 18.285, 46.24, 1.79992
hold11, 18.285, 46.24, 1.79992
FILLER_0_13_28, 18.285, 46.24, 1.79992
_804_, 18.285, 40.8, 1.79993
_810_, 18.285, 40.8, 1.79993
_811_, 18.285, 40.8, 1.79993
_814_, 18.285, 40.8, 1.79993
hold31, 18.285, 40.8, 1.79993
FILLER_0_11_27, 18.285, 40.8, 1.79993
_798_, 18.285, 35.36, 1.79991
_932_, 18.285, 35.36, 1.79991
_937_, 18.285, 35.36, 1.79991
output103, 18.285, 35.36, 1.79991
FILLER_0_9_14, 18.285, 35.36, 1.79991
FILLER_0_10_25, 18.285, 35.36, 1.79991
_784_, 18.285, 29.92, 1.79995
_797_, 18.285, 29.92, 1.79995
_820_, 18.285, 29.92, 1.79995
hold22, 18.285, 29.92, 1.79995
hold27, 18.285, 29.92, 1.79995
FILLER_0_7_29, 18.285, 29.92, 1.79995
FILLER_0_8_17, 18.285, 29.92, 1.79995
_927_, 18.285, 24.48, 1.79991
_928_, 18.285, 24.48, 1.79991
FILLER_0_5_33, 18.285, 24.48, 1.79991
input45, 18.285, 13.6, 1.79986
input55, 18.285, 13.6, 1.79986
output88, 18.285, 13.6, 1.79986
output104, 18.285, 13.6, 1.79986
output119, 18.285, 13.6, 1.79986
FILLER_0_1_17, 18.285, 13.6, 1.79986
FILLER_0_2_23, 18.285, 13.6, 1.79986
PHY_EDGE_ROW_36_Left_73, 5.52, 111.52, 1.79999
PHY_EDGE_ROW_36_Right_36, 107.64, 111.52, 1.79997
output115, 107.64, 111.52, 1.79997
input53, 56.58, 111.52, 1.79998
output86, 56.58, 111.52, 1.79998
input9, 82.11, 111.52, 1.79998
input46, 82.11, 111.52, 1.79998
FILLER_0_36_160, 82.11, 111.52, 1.79998
PHY_EDGE_ROW_34_Left_71, 5.52, 106.08, 1.79988
PHY_EDGE_ROW_35_Left_72, 5.52, 106.08, 1.79988
output101, 5.52, 106.08, 1.79988
output106, 5.52, 106.08, 1.79988
output126, 5.52, 106.08, 1.79988
FILLER_0_36_3, 5.52, 106.08, 1.79988
PHY_EDGE_ROW_34_Right_34, 107.64, 106.08, 1.79994
PHY_EDGE_ROW_35_Right_35, 107.64, 106.08, 1.79994
input32, 107.64, 106.08, 1.79994
input48, 107.64, 106.08, 1.79994
output100, 107.64, 106.08, 1.79994
_630_, 82.8, 106.08, 1.79994
output125, 82.8, 106.08, 1.79994
FILLER_0_35_159, 82.8, 106.08, 1.79994
input60, 88.32, 106.08, 1.79994
FILLER_0_36_181, 88.32, 106.08, 1.79994
_592_, 45.08, 106.08, 1.79993
_906_, 45.08, 106.08, 1.79993
_910_, 45.08, 106.08, 1.79993
input17, 45.08, 106.08, 1.79993
input35, 45.08, 106.08, 1.79993
FILLER_0_34_88, 45.08, 106.08, 1.79993
FILLER_0_35_92, 45.08, 106.08, 1.79993
FILLER_0_36_90, 45.08, 106.08, 1.79993
FILLER_0_36_97, 45.08, 106.08, 1.79993
output112, 91.54, 106.08, 1.79995
FILLER_0_34_186, 91.54, 106.08, 1.79995
_600_, 31.05, 106.08, 1.79992
_611_, 31.05, 106.08, 1.79992
input37, 31.05, 106.08, 1.79992
input54, 31.05, 106.08, 1.79992
output107, 31.05, 106.08, 1.79992
hold10, 31.05, 106.08, 1.79992
FILLER_0_35_57, 31.05, 106.08, 1.79992
FILLER_0_36_66, 31.05, 106.08, 1.79992
_640_, 57.212, 106.08, 1.79992
_641_, 57.212, 106.08, 1.79992
_653_, 57.212, 106.08, 1.79992
input44, 57.212, 106.08, 1.79992
output113, 57.212, 106.08, 1.79992
hold15, 57.212, 106.08, 1.79992
PHY_EDGE_ROW_32_Left_69, 5.52, 100.64, 1.79992
PHY_EDGE_ROW_33_Left_70, 5.52, 100.64, 1.79992
input27, 5.52, 100.64, 1.79992
output130, 5.52, 100.64, 1.79992
PHY_EDGE_ROW_32_Right_32, 107.64, 100.64, 1.79996
PHY_EDGE_ROW_33_Right_33, 107.64, 100.64, 1.79996
output98, 107.64, 100.64, 1.79996
input51, 9.66, 100.64, 1.79992
hold19, 31.28, 100.64, 1.79994
FILLER_0_33_52, 31.28, 100.64, 1.79994
FILLER_0_34_60, 31.28, 100.64, 1.79994
_591_, 36.8, 100.64, 1.79994
_595_, 36.8, 100.64, 1.79994
_596_, 36.8, 100.64, 1.79994
_597_, 36.8, 100.64, 1.79994
_601_, 36.8, 100.64, 1.79994
FILLER_0_32_74, 36.8, 100.64, 1.79994
_603_, 52.9, 100.64, 1.79995
_645_, 52.9, 100.64, 1.79995
FILLER_0_33_103, 52.9, 100.64, 1.79995
_637_, 61.64, 100.64, 1.79995
_643_, 61.64, 100.64, 1.79995
_644_, 61.64, 100.64, 1.79995
_646_, 61.64, 100.64, 1.79995
_651_, 61.64, 100.64, 1.79995
_909_, 73.14, 100.64, 1.79996
hold9, 73.14, 100.64, 1.79996
FILLER_0_32_153, 73.14, 100.64, 1.79996
FILLER_0_33_157, 73.14, 100.64, 1.79996
FILLER_0_33_165, 86.02, 100.64, 1.79997
input38, 98.9, 100.64, 1.79997
input62, 98.9, 100.64, 1.79997
FILLER_0_32_209, 98.9, 100.64, 1.79997
FILLER_0_33_205, 98.9, 100.64, 1.79997
_572_, 11.04, 100.64, 1.79992
input31, 11.04, 100.64, 1.79992
input64, 11.04, 100.64, 1.79992
output117, 11.04, 100.64, 1.79992
FILLER_0_31_12, 11.04, 100.64, 1.79992
FILLER_0_32_15, 11.04, 100.64, 1.79992
FILLER_0_33_18, 11.04, 100.64, 1.79992
FILLER_0_34_18, 11.04, 100.64, 1.79992
_542_, 20.24, 100.64, 1.79994
_598_, 20.24, 100.64, 1.79994
_899_, 20.24, 100.64, 1.79994
FILLER_0_32_35, 20.24, 100.64, 1.79994
FILLER_0_33_38, 20.24, 100.64, 1.79994
FILLER_0_34_197, 97.06, 100.64, 1.79997
PHY_EDGE_ROW_30_Left_67, 5.52, 95.2, 1.79995
PHY_EDGE_ROW_31_Left_68, 5.52, 95.2, 1.79995
input50, 5.52, 95.2, 1.79995
output109, 5.52, 95.2, 1.79995
PHY_EDGE_ROW_30_Right_30, 107.64, 95.2, 1.79997
PHY_EDGE_ROW_31_Right_31, 107.64, 95.2, 1.79997
input13, 107.64, 95.2, 1.79997
_538_, 25.3, 95.2, 1.79996
_541_, 25.3, 95.2, 1.79996
_545_, 25.3, 95.2, 1.79996
FILLER_0_31_40, 25.3, 95.2, 1.79996
_539_, 30.82, 95.2, 1.79996
_576_, 34.5, 95.2, 1.79996
_594_, 34.5, 95.2, 1.79996
_609_, 34.5, 95.2, 1.79996
FILLER_0_31_69, 34.5, 95.2, 1.79996
_604_, 44.62, 95.2, 1.79997
_613_, 44.62, 95.2, 1.79997
FILLER_0_32_85, 44.62, 95.2, 1.79997
FILLER_0_31_103, 50.14, 95.2, 1.79997
_618_, 63.02, 95.2, 1.79997
_634_, 63.02, 95.2, 1.79997
_635_, 63.02, 95.2, 1.79997
_654_, 63.02, 95.2, 1.79997
FILLER_0_30_126, 63.02, 95.2, 1.79997
FILLER_0_31_113, 63.02, 95.2, 1.79997
_624_, 68.54, 95.2, 1.79997
_633_, 68.54, 95.2, 1.79997
FILLER_0_32_133, 68.54, 95.2, 1.79997
_507_, 82.11, 95.2, 1.79996
_508_, 82.11, 95.2, 1.79996
_510_, 82.11, 95.2, 1.79996
_511_, 82.11, 95.2, 1.79996
_516_, 82.11, 95.2, 1.79996
_518_, 82.11, 95.2, 1.79996
_532_, 82.11, 95.2, 1.79996
FILLER_0_30_169, 82.11, 95.2, 1.79996
FILLER_0_31_165, 82.11, 95.2, 1.79996
FILLER_0_31_174, 82.11, 95.2, 1.79996
_558_, 5.52, 89.76, 1.79995
PHY_EDGE_ROW_28_Left_65, 5.52, 89.76, 1.79995
PHY_EDGE_ROW_29_Left_66, 5.52, 89.76, 1.79995
input25, 5.52, 89.76, 1.79995
PHY_EDGE_ROW_28_Right_28, 107.64, 89.76, 1.79997
PHY_EDGE_ROW_29_Right_29, 107.64, 89.76, 1.79997
input5, 107.64, 89.76, 1.79997
FILLER_0_28_216, 107.64, 89.76, 1.79997
_568_, 9.66, 89.76, 1.79995
_569_, 9.66, 89.76, 1.79995
_570_, 9.66, 89.76, 1.79995
_575_, 9.66, 89.76, 1.79995
FILLER_0_28_15, 9.66, 89.76, 1.79995
_586_, 28.98, 89.76, 1.79994
_587_, 28.98, 89.76, 1.79994
FILLER_0_29_46, 28.98, 89.76, 1.79994
_620_, 47.38, 89.76, 1.79994
_621_, 47.38, 89.76, 1.79994
_907_, 47.38, 89.76, 1.79994
_497_, 73.14, 89.76, 1.79995
_512_, 86.94, 89.76, 1.79995
_515_, 86.94, 89.76, 1.79995
_535_, 86.94, 89.76, 1.79995
FILLER_0_29_178, 86.94, 89.76, 1.79995
input42, 102.12, 89.76, 1.79997
FILLER_0_29_206, 102.12, 89.76, 1.79997
FILLER_0_30_206, 102.12, 89.76, 1.79997
_555_, 18.4, 89.76, 1.79996
_571_, 18.4, 89.76, 1.79996
_556_, 23.92, 89.76, 1.79994
_557_, 23.92, 89.76, 1.79994
_498_, 74.98, 89.76, 1.79995
_509_, 74.98, 89.76, 1.79995
_536_, 74.98, 89.76, 1.79995
FILLER_0_28_153, 74.98, 89.76, 1.79995
FILLER_0_30_151, 74.98, 89.76, 1.79995
_578_, 36.397, 89.76, 1.79994
_582_, 36.397, 89.76, 1.79994
_584_, 36.397, 89.76, 1.79994
_585_, 36.397, 89.76, 1.79994
_608_, 36.397, 89.76, 1.79994
_612_, 36.397, 89.76, 1.79994
_614_, 58.362, 89.76, 1.79994
_615_, 58.362, 89.76, 1.79994
_616_, 58.362, 89.76, 1.79994
_625_, 58.362, 89.76, 1.79994
_656_, 58.362, 89.76, 1.79994
hold23, 58.362, 89.76, 1.79994
PHY_EDGE_ROW_26_Left_63, 5.52, 84.32, 1.79995
PHY_EDGE_ROW_27_Left_64, 5.52, 84.32, 1.79995
output72, 5.52, 84.32, 1.79995
FILLER_0_27_9, 5.52, 84.32, 1.79995
PHY_EDGE_ROW_26_Right_26, 107.64, 84.32, 1.79993
PHY_EDGE_ROW_27_Right_27, 107.64, 84.32, 1.79993
output91, 107.64, 84.32, 1.79993
output122, 107.64, 84.32, 1.79993
_903_, 46.46, 84.32, 1.79994
_464_, 51.98, 84.32, 1.79993
_617_, 51.98, 84.32, 1.79993
_619_, 51.98, 84.32, 1.79993
FILLER_0_27_107, 51.98, 84.32, 1.79993
FILLER_0_28_97, 51.98, 84.32, 1.79993
_628_, 60.26, 84.32, 1.79994
_655_, 60.26, 84.32, 1.79994
FILLER_0_26_122, 60.26, 84.32, 1.79994
FILLER_0_27_125, 60.26, 84.32, 1.79994
FILLER_0_28_125, 60.26, 84.32, 1.79994
clkbuf_3_7__f_clk, 70.38, 84.32, 1.79994
FILLER_0_27_147, 70.38, 84.32, 1.79994
_527_, 88.78, 84.32, 1.79995
FILLER_0_26_182, 88.78, 84.32, 1.79995
FILLER_0_28_183, 88.78, 84.32, 1.79995
_526_, 94.3, 84.32, 1.79996
_521_, 99.82, 84.32, 1.79995
FILLER_0_27_211, 99.82, 84.32, 1.79995
_567_, 31.05, 84.32, 1.79995
_588_, 31.05, 84.32, 1.79995
_589_, 31.05, 84.32, 1.79995
FILLER_0_27_65, 31.05, 84.32, 1.79995
FILLER_0_28_57, 31.05, 84.32, 1.79995
_502_, 79.58, 84.32, 1.79994
_503_, 79.58, 84.32, 1.79994
_504_, 79.58, 84.32, 1.79994
_531_, 79.58, 84.32, 1.79994
FILLER_0_26_161, 79.58, 84.32, 1.79994
FILLER_0_27_163, 79.58, 84.32, 1.79994
_901_, 5.52, 78.88, 1.79989
PHY_EDGE_ROW_24_Left_61, 5.52, 78.88, 1.79989
PHY_EDGE_ROW_25_Left_62, 5.52, 78.88, 1.79989
output94, 5.52, 78.88, 1.79989
PHY_EDGE_ROW_24_Right_24, 107.64, 78.88, 1.79994
PHY_EDGE_ROW_25_Right_25, 107.64, 78.88, 1.79994
input21, 107.64, 78.88, 1.79994
FILLER_0_24_214, 107.64, 78.88, 1.79994
FILLER_0_25_211, 107.64, 78.88, 1.79994
_551_, 11.04, 78.88, 1.7999
input49, 11.04, 78.88, 1.7999
FILLER_0_24_18, 11.04, 78.88, 1.7999
FILLER_0_25_12, 11.04, 78.88, 1.7999
_484_, 47.38, 78.88, 1.79992
FILLER_0_25_91, 47.38, 78.88, 1.79992
FILLER_0_25_100, 47.38, 78.88, 1.79992
_487_, 92.46, 78.88, 1.79993
_529_, 92.46, 78.88, 1.79993
FILLER_0_24_180, 92.46, 78.88, 1.79993
_550_, 31.05, 78.88, 1.79988
_562_, 31.05, 78.88, 1.79988
_563_, 31.05, 78.88, 1.79988
_565_, 31.05, 78.88, 1.79988
_904_, 31.05, 78.88, 1.79988
clkbuf_3_5__f_clk, 31.05, 78.88, 1.79988
FILLER_0_24_56, 31.05, 78.88, 1.79988
_658_, 58.362, 78.88, 1.79991
_659_, 58.362, 78.88, 1.79991
_660_, 58.362, 78.88, 1.79991
_911_, 58.362, 78.88, 1.79991
_513_, 80.902, 78.88, 1.7999
_514_, 80.902, 78.88, 1.7999
_528_, 80.902, 78.88, 1.7999
_895_, 80.902, 78.88, 1.7999
_896_, 80.902, 78.88, 1.7999
FILLER_0_25_169, 80.902, 78.88, 1.7999
PHY_EDGE_ROW_22_Left_59, 5.52, 73.44, 1.79994
PHY_EDGE_ROW_23_Left_60, 5.52, 73.44, 1.79994
input15, 5.52, 73.44, 1.79994
PHY_EDGE_ROW_22_Right_22, 107.64, 73.44, 1.79994
PHY_EDGE_ROW_23_Right_23, 107.64, 73.44, 1.79994
input12, 107.64, 73.44, 1.79994
_564_, 25.76, 73.44, 1.79993
hold18, 25.76, 73.44, 1.79993
FILLER_0_23_53, 25.76, 73.44, 1.79993
_485_, 82.34, 73.44, 1.79994
_494_, 82.34, 73.44, 1.79994
_505_, 82.34, 73.44, 1.79994
hold8, 82.34, 73.44, 1.79994
FILLER_0_22_173, 82.34, 73.44, 1.79994
FILLER_0_22_180, 82.34, 73.44, 1.79994
FILLER_0_23_159, 82.34, 73.44, 1.79994
FILLER_0_23_169, 82.34, 73.44, 1.79994
_894_, 98.9, 73.44, 1.79994
FILLER_0_22_209, 98.9, 73.44, 1.79994
_792_, 9.66, 73.44, 1.79994
FILLER_0_22_6, 9.66, 73.44, 1.79994
FILLER_0_23_15, 9.66, 73.44, 1.79994
_455_, 37.26, 73.44, 1.79992
_477_, 37.26, 73.44, 1.79992
_492_, 37.26, 73.44, 1.79992
_738_, 37.26, 73.44, 1.79992
FILLER_0_22_71, 37.26, 73.44, 1.79992
_728_, 42.78, 73.44, 1.79994
_730_, 42.78, 73.44, 1.79994
FILLER_0_24_80, 42.78, 73.44, 1.79994
_657_, 51.06, 73.44, 1.79994
FILLER_0_23_105, 51.06, 73.44, 1.79994
FILLER_0_24_97, 51.06, 73.44, 1.79994
_647_, 60.202, 73.44, 1.79994
_648_, 60.202, 73.44, 1.79994
_649_, 60.202, 73.44, 1.79994
_650_, 60.202, 73.44, 1.79994
_664_, 60.202, 73.44, 1.79994
_787_, 60.202, 73.44, 1.79994
FILLER_0_23_121, 60.202, 73.44, 1.79994
FILLER_0_24_127, 60.202, 73.44, 1.79994
PHY_EDGE_ROW_20_Left_57, 5.52, 68, 1.79991
PHY_EDGE_ROW_21_Left_58, 5.52, 68, 1.79991
input36, 5.52, 68, 1.79991
input61, 5.52, 68, 1.79991
PHY_EDGE_ROW_20_Right_20, 107.64, 68, 1.79994
PHY_EDGE_ROW_21_Right_21, 107.64, 68, 1.79994
input8, 107.64, 68, 1.79994
output97, 107.64, 68, 1.79994
FILLER_0_21_210, 107.64, 68, 1.79994
_790_, 15.18, 68, 1.79992
_930_, 11.04, 68, 1.79991
FILLER_0_20_36, 20.24, 68, 1.79991
_470_, 25.76, 68, 1.79988
_758_, 25.76, 68, 1.79988
clkbuf_3_4__f_clk, 25.76, 68, 1.79988
FILLER_0_21_50, 25.76, 68, 1.79988
_661_, 51.52, 68, 1.79992
FILLER_0_20_101, 51.52, 68, 1.79992
FILLER_0_21_106, 51.52, 68, 1.79992
FILLER_0_22_105, 51.52, 68, 1.79992
_469_, 34.787, 68, 1.79989
_735_, 34.787, 68, 1.79989
_739_, 34.787, 68, 1.79989
_746_, 34.787, 68, 1.79989
_747_, 34.787, 68, 1.79989
_748_, 34.787, 68, 1.79989
FILLER_0_22_62, 34.787, 68, 1.79989
_665_, 60.432, 68, 1.79992
_674_, 60.432, 68, 1.79992
_687_, 60.432, 68, 1.79992
_783_, 60.432, 68, 1.79992
FILLER_0_21_125, 60.432, 68, 1.79992
FILLER_0_22_121, 60.432, 68, 1.79992
_475_, 82.11, 68, 1.79993
_476_, 82.11, 68, 1.79993
_479_, 82.11, 68, 1.79993
_501_, 82.11, 68, 1.79993
_668_, 82.11, 68, 1.79993
FILLER_0_21_156, 82.11, 68, 1.79993
FILLER_0_21_169, 82.11, 68, 1.79993
_799_, 5.52, 62.56, 1.79996
_802_, 5.52, 62.56, 1.79996
PHY_EDGE_ROW_18_Left_55, 5.52, 62.56, 1.79996
PHY_EDGE_ROW_19_Left_56, 5.52, 62.56, 1.79996
input29, 5.52, 62.56, 1.79996
PHY_EDGE_ROW_18_Right_18, 107.64, 62.56, 1.79996
PHY_EDGE_ROW_19_Right_19, 107.64, 62.56, 1.79996
input65, 107.64, 62.56, 1.79996
output70, 107.64, 62.56, 1.79996
FILLER_0_20_210, 107.64, 62.56, 1.79996
_599_, 47.38, 62.56, 1.79995
FILLER_0_19_148, 73.14, 62.56, 1.79996
_472_, 78.66, 62.56, 1.79996
_473_, 78.66, 62.56, 1.79996
hold13, 78.66, 62.56, 1.79996
FILLER_0_18_165, 78.66, 62.56, 1.79996
FILLER_0_19_162, 78.66, 62.56, 1.79996
FILLER_0_19_169, 78.66, 62.56, 1.79996
_755_, 16.56, 62.56, 1.79996
FILLER_0_18_21, 16.56, 62.56, 1.79996
_483_, 91.54, 62.56, 1.79997
_489_, 91.54, 62.56, 1.79997
_736_, 31.05, 62.56, 1.79995
_737_, 31.05, 62.56, 1.79995
_753_, 31.05, 62.56, 1.79995
_761_, 31.05, 62.56, 1.79995
FILLER_0_18_63, 31.05, 62.56, 1.79995
_662_, 58.362, 62.56, 1.79994
_663_, 58.362, 62.56, 1.79994
_673_, 58.362, 62.56, 1.79994
_685_, 58.362, 62.56, 1.79994
_688_, 58.362, 62.56, 1.79994
_689_, 58.362, 62.56, 1.79994
_801_, 5.52, 57.12, 1.79991
_933_, 5.52, 57.12, 1.79991
PHY_EDGE_ROW_16_Left_53, 5.52, 57.12, 1.79991
PHY_EDGE_ROW_17_Left_54, 5.52, 57.12, 1.79991
input26, 5.52, 57.12, 1.79991
FILLER_0_17_6, 5.52, 57.12, 1.79991
PHY_EDGE_ROW_16_Right_16, 107.64, 57.12, 1.79993
PHY_EDGE_ROW_17_Right_17, 107.64, 57.12, 1.79993
output92, 107.64, 57.12, 1.79993
hold5, 107.64, 57.12, 1.79993
_891_, 86.94, 57.12, 1.79992
_892_, 86.94, 57.12, 1.79992
FILLER_0_16_183, 86.94, 57.12, 1.79992
_741_, 40.48, 57.12, 1.79991
_749_, 40.48, 57.12, 1.79991
FILLER_0_16_76, 40.48, 57.12, 1.79991
FILLER_0_18_71, 40.48, 57.12, 1.79991
_914_, 46, 57.12, 1.7999
_680_, 51.52, 57.12, 1.79988
clkbuf_0_clk, 51.52, 57.12, 1.79988
FILLER_0_18_97, 51.52, 57.12, 1.79988
_671_, 67.62, 57.12, 1.79992
_672_, 67.62, 57.12, 1.79992
_678_, 67.62, 57.12, 1.79992
FILLER_0_18_135, 67.62, 57.12, 1.79992
_886_, 93.84, 57.12, 1.79994
FILLER_0_18_191, 93.84, 57.12, 1.79994
_458_, 29.382, 57.12, 1.7999
_745_, 29.382, 57.12, 1.7999
_757_, 29.382, 57.12, 1.7999
_759_, 29.382, 57.12, 1.7999
_760_, 29.382, 57.12, 1.7999
_763_, 29.382, 57.12, 1.7999
FILLER_0_16_53, 29.382, 57.12, 1.7999
FILLER_0_17_57, 29.382, 57.12, 1.7999
_670_, 59.57, 57.12, 1.79989
_675_, 59.57, 57.12, 1.79989
_676_, 59.57, 57.12, 1.79989
_677_, 59.57, 57.12, 1.79989
_681_, 59.57, 57.12, 1.79989
_686_, 59.57, 57.12, 1.79989
_459_, 78.142, 57.12, 1.79992
_466_, 78.142, 57.12, 1.79992
_467_, 78.142, 57.12, 1.79992
_468_, 78.142, 57.12, 1.79992
FILLER_0_16_157, 78.142, 57.12, 1.79992
_817_, 5.52, 51.68, 1.79989
_818_, 5.52, 51.68, 1.79989
_938_, 5.52, 51.68, 1.79989
PHY_EDGE_ROW_14_Left_51, 5.52, 51.68, 1.79989
PHY_EDGE_ROW_15_Left_52, 5.52, 51.68, 1.79989
input4, 5.52, 51.68, 1.79989
output102, 5.52, 51.68, 1.79989
_453_, 107.64, 51.68, 1.79995
PHY_EDGE_ROW_14_Right_14, 107.64, 51.68, 1.79995
PHY_EDGE_ROW_15_Right_15, 107.64, 51.68, 1.79995
_765_, 26.22, 51.68, 1.79991
_683_, 50.14, 51.68, 1.79992
_679_, 55.66, 51.68, 1.79992
_682_, 55.66, 51.68, 1.79992
hold20, 55.66, 51.68, 1.79992
FILLER_0_15_107, 55.66, 51.68, 1.79992
_454_, 73.14, 51.68, 1.79992
_463_, 73.14, 51.68, 1.79992
hold32, 73.14, 51.68, 1.79992
FILLER_0_15_154, 73.14, 51.68, 1.79992
_816_, 17.94, 51.68, 1.79993
FILLER_0_14_23, 17.94, 51.68, 1.79993
FILLER_0_16_22, 17.94, 51.68, 1.79993
_764_, 27.14, 51.68, 1.79991
FILLER_0_15_53, 27.14, 51.68, 1.79991
_913_, 69.46, 51.68, 1.79993
_465_, 86.02, 51.68, 1.79994
_881_, 86.02, 51.68, 1.79994
FILLER_0_15_165, 86.02, 51.68, 1.79994
_474_, 35.477, 51.68, 1.79989
_743_, 35.477, 51.68, 1.79989
_744_, 35.477, 51.68, 1.79989
_750_, 35.477, 51.68, 1.79989
_751_, 35.477, 51.68, 1.79989
_752_, 35.477, 51.68, 1.79989
_921_, 35.477, 51.68, 1.79989
FILLER_0_15_57, 35.477, 51.68, 1.79989
_719_, 62.502, 51.68, 1.79992
_918_, 62.502, 51.68, 1.79992
FILLER_0_16_128, 62.502, 51.68, 1.79992
_808_, 5.52, 46.24, 1.7999
_809_, 5.52, 46.24, 1.7999
PHY_EDGE_ROW_12_Left_49, 5.52, 46.24, 1.7999
PHY_EDGE_ROW_13_Left_50, 5.52, 46.24, 1.7999
output110, 5.52, 46.24, 1.7999
FILLER_0_13_3, 5.52, 46.24, 1.7999
FILLER_0_14_9, 5.52, 46.24, 1.7999
PHY_EDGE_ROW_12_Right_12, 107.64, 46.24, 1.79992
PHY_EDGE_ROW_13_Right_13, 107.64, 46.24, 1.79992
input40, 107.64, 46.24, 1.79992
output75, 107.64, 46.24, 1.79992
hold4, 107.64, 46.24, 1.79992
_703_, 39.56, 46.24, 1.79993
hold25, 39.56, 46.24, 1.79993
FILLER_0_14_73, 39.56, 46.24, 1.79993
_694_, 53.36, 46.24, 1.79994
_716_, 60.26, 46.24, 1.79994
_720_, 60.26, 46.24, 1.79994
FILLER_0_12_116, 60.26, 46.24, 1.79994
FILLER_0_12_126, 60.26, 46.24, 1.79994
FILLER_0_14_115, 60.26, 46.24, 1.79994
_457_, 70.38, 46.24, 1.79994
FILLER_0_12_141, 70.38, 46.24, 1.79994
FILLER_0_13_147, 70.38, 46.24, 1.79994
_451_, 28.922, 46.24, 1.7999
_540_, 28.922, 46.24, 1.7999
_807_, 28.922, 46.24, 1.7999
FILLER_0_12_55, 28.922, 46.24, 1.7999
FILLER_0_14_51, 28.922, 46.24, 1.7999
_456_, 82.627, 46.24, 1.79992
_460_, 82.627, 46.24, 1.79992
_873_, 82.627, 46.24, 1.79992
_890_, 82.627, 46.24, 1.79992
_958_, 82.627, 46.24, 1.79992
FILLER_0_13_173, 82.627, 46.24, 1.79992
_805_, 5.52, 40.8, 1.79989
_935_, 5.52, 40.8, 1.79989
PHY_EDGE_ROW_10_Left_47, 5.52, 40.8, 1.79989
PHY_EDGE_ROW_11_Left_48, 5.52, 40.8, 1.79989
output69, 5.52, 40.8, 1.79989
PHY_EDGE_ROW_10_Right_10, 107.64, 40.8, 1.79993
PHY_EDGE_ROW_11_Right_11, 107.64, 40.8, 1.79993
_446_, 84.18, 40.8, 1.7999
_874_, 84.18, 40.8, 1.7999
_875_, 84.18, 40.8, 1.7999
_957_, 84.18, 40.8, 1.7999
FILLER_0_11_169, 84.18, 40.8, 1.7999
_461_, 27.6, 40.8, 1.79991
_815_, 27.6, 40.8, 1.79991
FILLER_0_10_53, 27.6, 40.8, 1.79991
FILLER_0_12_46, 27.6, 40.8, 1.79991
_828_, 98.44, 40.8, 1.79993
_878_, 98.44, 40.8, 1.79993
_941_, 98.44, 40.8, 1.79993
hold14, 98.44, 40.8, 1.79993
FILLER_0_11_208, 98.44, 40.8, 1.79993
FILLER_0_12_208, 98.44, 40.8, 1.79993
_450_, 35.707, 40.8, 1.79991
_704_, 35.707, 40.8, 1.79991
_916_, 35.707, 40.8, 1.79991
_711_, 56.58, 40.8, 1.79992
_712_, 56.58, 40.8, 1.79992
_723_, 56.58, 40.8, 1.79992
FILLER_0_11_104, 56.58, 40.8, 1.79992
_444_, 76.762, 40.8, 1.7999
_447_, 76.762, 40.8, 1.7999
_449_, 76.762, 40.8, 1.7999
_462_, 76.762, 40.8, 1.7999
FILLER_0_11_156, 76.762, 40.8, 1.7999
FILLER_0_13_155, 76.762, 40.8, 1.7999
_806_, 5.52, 35.36, 1.79988
_934_, 5.52, 35.36, 1.79988
PHY_EDGE_ROW_8_Left_45, 5.52, 35.36, 1.79988
PHY_EDGE_ROW_9_Left_46, 5.52, 35.36, 1.79988
output129, 5.52, 35.36, 1.79988
_823_, 107.64, 35.36, 1.79993
PHY_EDGE_ROW_8_Right_8, 107.64, 35.36, 1.79993
PHY_EDGE_ROW_9_Right_9, 107.64, 35.36, 1.79993
output71, 107.64, 35.36, 1.79993
_702_, 37.26, 35.36, 1.79991
FILLER_0_8_75, 37.26, 35.36, 1.79991
_705_, 56.58, 35.36, 1.79991
_708_, 56.58, 35.36, 1.79991
_709_, 56.58, 35.36, 1.79991
_710_, 56.58, 35.36, 1.79991
_721_, 56.58, 35.36, 1.79991
_724_, 56.58, 35.36, 1.79991
_725_, 56.58, 35.36, 1.79991
_726_, 56.58, 35.36, 1.79991
_706_, 66.24, 35.36, 1.79991
_713_, 66.24, 35.36, 1.79991
_714_, 66.24, 35.36, 1.79991
_917_, 66.24, 35.36, 1.79991
hold7, 92, 35.36, 1.79993
_915_, 34.5, 35.36, 1.79991
FILLER_0_10_61, 34.5, 35.36, 1.79991
_701_, 43.7, 35.36, 1.79993
_876_, 86.02, 35.36, 1.79991
_956_, 86.02, 35.36, 1.79991
_793_, 26.392, 35.36, 1.7999
_794_, 26.392, 35.36, 1.7999
_795_, 26.392, 35.36, 1.7999
_931_, 26.392, 35.36, 1.7999
hold17, 26.392, 35.36, 1.7999
FILLER_0_8_38, 26.392, 35.36, 1.7999
_766_, 77.682, 35.36, 1.7999
_767_, 77.682, 35.36, 1.7999
_769_, 77.682, 35.36, 1.7999
_803_, 77.682, 35.36, 1.7999
_871_, 77.682, 35.36, 1.7999
FILLER_0_9_165, 77.682, 35.36, 1.7999
_939_, 5.52, 29.92, 1.79992
PHY_EDGE_ROW_6_Left_43, 5.52, 29.92, 1.79992
PHY_EDGE_ROW_7_Left_44, 5.52, 29.92, 1.79992
output118, 5.52, 29.92, 1.79992
FILLER_0_8_9, 5.52, 29.92, 1.79992
_825_, 107.64, 29.92, 1.79993
PHY_EDGE_ROW_6_Right_6, 107.64, 29.92, 1.79993
PHY_EDGE_ROW_7_Right_7, 107.64, 29.92, 1.79993
output95, 107.64, 29.92, 1.79993
_697_, 47.84, 29.92, 1.79994
_698_, 53.36, 29.92, 1.79993
_864_, 53.36, 29.92, 1.79993
_865_, 53.36, 29.92, 1.79993
_707_, 60.26, 29.92, 1.79992
_768_, 60.26, 29.92, 1.79992
_800_, 60.26, 29.92, 1.79992
FILLER_0_8_117, 60.26, 29.92, 1.79992
_832_, 89.24, 29.92, 1.79994
_835_, 89.24, 29.92, 1.79994
_782_, 31.05, 29.92, 1.79995
_789_, 31.05, 29.92, 1.79995
FILLER_0_7_52, 31.05, 29.92, 1.79995
FILLER_0_7_57, 31.05, 29.92, 1.79995
_867_, 79.292, 29.92, 1.79992
_868_, 79.292, 29.92, 1.79992
_870_, 79.292, 29.92, 1.79992
_872_, 79.292, 29.92, 1.79992
_955_, 79.292, 29.92, 1.79992
FILLER_0_7_153, 79.292, 29.92, 1.79992
PHY_EDGE_ROW_4_Left_41, 5.52, 24.48, 1.79988
PHY_EDGE_ROW_5_Left_42, 5.52, 24.48, 1.79988
output76, 5.52, 24.48, 1.79988
output124, 5.52, 24.48, 1.79988
PHY_EDGE_ROW_4_Right_4, 107.64, 24.48, 1.79993
PHY_EDGE_ROW_5_Right_5, 107.64, 24.48, 1.79993
_819_, 12.42, 24.48, 1.79989
_821_, 12.42, 24.48, 1.79989
FILLER_0_6_20, 12.42, 24.48, 1.79989
_866_, 51.06, 24.48, 1.79989
_953_, 51.06, 24.48, 1.79989
_836_, 80.04, 24.48, 1.79989
_869_, 80.04, 24.48, 1.79989
_954_, 85.56, 24.48, 1.7999
FILLER_0_6_170, 85.56, 24.48, 1.7999
_785_, 17.94, 24.48, 1.79991
_777_, 31.05, 24.48, 1.79987
_778_, 31.05, 24.48, 1.79987
_779_, 31.05, 24.48, 1.79987
_950_, 31.05, 24.48, 1.79987
clkbuf_3_1__f_clk, 31.05, 24.48, 1.79987
FILLER_0_6_67, 31.05, 24.48, 1.79987
_775_, 60.202, 24.48, 1.79987
_833_, 60.202, 24.48, 1.79987
_861_, 60.202, 24.48, 1.79987
FILLER_0_4_120, 60.202, 24.48, 1.79987
FILLER_0_5_120, 60.202, 24.48, 1.79987
FILLER_0_6_118, 60.202, 24.48, 1.79987
PHY_EDGE_ROW_2_Left_39, 5.52, 19.04, 1.79993
PHY_EDGE_ROW_3_Left_40, 5.52, 19.04, 1.79993
output68, 5.52, 19.04, 1.79993
output84, 5.52, 19.04, 1.79993
PHY_EDGE_ROW_2_Right_2, 107.64, 19.04, 1.79991
PHY_EDGE_ROW_3_Right_3, 107.64, 19.04, 1.79991
input33, 107.64, 19.04, 1.79991
output77, 107.64, 19.04, 1.79991
output78, 107.64, 19.04, 1.79991
input39, 13.34, 19.04, 1.79994
_780_, 21.62, 19.04, 1.79995
FILLER_0_4_21, 13.8, 19.04, 1.79994
FILLER_0_4_29, 19.32, 19.04, 1.79995
_781_, 24.84, 19.04, 1.79994
FILLER_0_2_41, 24.84, 19.04, 1.79994
FILLER_0_3_48, 24.84, 19.04, 1.79994
_849_, 47.38, 19.04, 1.79994
_850_, 47.38, 19.04, 1.79994
FILLER_0_3_97, 47.38, 19.04, 1.79994
_834_, 87.4, 19.04, 1.79993
_845_, 87.4, 19.04, 1.79993
FILLER_0_4_189, 92.92, 19.04, 1.79994
input18, 98.44, 19.04, 1.79993
output116, 98.44, 19.04, 1.79993
FILLER_0_3_208, 98.44, 19.04, 1.79993
FILLER_0_4_205, 98.44, 19.04, 1.79993
_926_, 34.327, 19.04, 1.79994
hold21, 34.327, 19.04, 1.79994
_774_, 58.362, 19.04, 1.79993
_776_, 58.362, 19.04, 1.79993
_851_, 58.362, 19.04, 1.79993
_862_, 58.362, 19.04, 1.79993
_863_, 58.362, 19.04, 1.79993
hold30, 58.362, 19.04, 1.79993
FILLER_0_3_122, 58.362, 19.04, 1.79993
FILLER_0_4_108, 58.362, 19.04, 1.79993
_771_, 78.372, 19.04, 1.79993
_840_, 78.372, 19.04, 1.79993
_844_, 78.372, 19.04, 1.79993
_846_, 78.372, 19.04, 1.79993
FILLER_0_2_150, 78.372, 19.04, 1.79993
PHY_EDGE_ROW_0_Left_37, 5.52, 13.6, 1.79981
PHY_EDGE_ROW_1_Left_38, 5.52, 13.6, 1.79981
input58, 5.52, 13.6, 1.79981
output73, 5.52, 13.6, 1.79981
output80, 5.52, 13.6, 1.79981
output96, 5.52, 13.6, 1.79981
output111, 5.52, 13.6, 1.79981
PHY_EDGE_ROW_0_Right_0, 107.64, 13.6, 1.79985
PHY_EDGE_ROW_1_Right_1, 107.64, 13.6, 1.79985
output83, 107.64, 13.6, 1.79985
output85, 107.64, 13.6, 1.79985
output90, 107.64, 13.6, 1.79985
FILLER_0_0_215, 107.64, 13.6, 1.79985
output82, 20.7, 13.6, 1.79985
input14, 26.22, 13.6, 1.79983
clkbuf_3_0__f_clk, 26.22, 13.6, 1.79983
FILLER_0_0_42, 26.22, 13.6, 1.79983
FILLER_0_0_48, 26.22, 13.6, 1.79983
FILLER_0_1_51, 26.22, 13.6, 1.79983
input16, 89.24, 13.6, 1.79987
input47, 89.24, 13.6, 1.79987
output87, 89.24, 13.6, 1.79987
FILLER_0_1_188, 89.24, 13.6, 1.79987
_853_, 35.017, 13.6, 1.79983
_854_, 35.017, 13.6, 1.79983
_949_, 35.017, 13.6, 1.79983
input24, 35.017, 13.6, 1.79983
input52, 35.017, 13.6, 1.79983
output66, 35.017, 13.6, 1.79983
output120, 35.017, 13.6, 1.79983
FILLER_0_1_57, 35.017, 13.6, 1.79983
_945_, 56.58, 13.6, 1.79985
_952_, 56.58, 13.6, 1.79985
input1, 56.58, 13.6, 1.79985
input57, 56.58, 13.6, 1.79985
output79, 56.58, 13.6, 1.79985
output114, 56.58, 13.6, 1.79985
FILLER_0_0_102, 56.58, 13.6, 1.79985
FILLER_0_1_113, 56.58, 13.6, 1.79985
FILLER_0_1_121, 56.58, 13.6, 1.79985
_843_, 79.292, 13.6, 1.79985
_847_, 79.292, 13.6, 1.79985
_848_, 79.292, 13.6, 1.79985
_946_, 79.292, 13.6, 1.79985
output105, 79.292, 13.6, 1.79985
output128, 79.292, 13.6, 1.79985
FILLER_0_0_154, 79.292, 13.6, 1.79985
FILLER_0_0_163, 79.292, 13.6, 1.79985

