Instance name,  X location,  Y location,  Voltage 
input10, 98.175, 108.8, 3.93357e-05
input11, 98.175, 108.8, 3.93357e-05
output81, 98.175, 108.8, 3.93357e-05
input38, 98.175, 103.36, 2.20302e-05
input41, 98.175, 103.36, 2.20302e-05
input56, 98.175, 103.36, 2.20302e-05
output100, 98.175, 103.36, 2.20302e-05
_522_, 98.175, 92.48, 2.53323e-05
_524_, 98.175, 92.48, 2.53323e-05
_525_, 98.175, 92.48, 2.53323e-05
_533_, 98.175, 92.48, 2.53323e-05
FILLER_0_30_206, 98.175, 92.48, 2.53323e-05
_521_, 98.175, 87.04, 3.5967e-05
_898_, 98.175, 81.6, 5.95996e-05
_893_, 98.175, 76.16, 4.06601e-05
hold12, 98.175, 76.16, 4.06601e-05
FILLER_0_25_211, 98.175, 76.16, 4.06601e-05
_482_, 98.175, 70.72, 4.42564e-05
_495_, 98.175, 70.72, 4.42564e-05
_471_, 98.175, 65.28, 4.908e-05
_481_, 98.175, 65.28, 4.908e-05
FILLER_0_19_200, 98.175, 65.28, 4.908e-05
FILLER_0_20_210, 98.175, 65.28, 4.908e-05
_480_, 98.175, 59.84, 3.77212e-05
_888_, 98.175, 59.84, 3.77212e-05
_961_, 98.175, 59.84, 3.77212e-05
input65, 98.175, 59.84, 3.77212e-05
FILLER_0_18_197, 98.175, 59.84, 3.77212e-05
_883_, 98.175, 54.4, 4.16016e-05
_886_, 98.175, 54.4, 4.16016e-05
_887_, 98.175, 54.4, 4.16016e-05
_960_, 98.175, 54.4, 4.16016e-05
hold5, 98.175, 54.4, 4.16016e-05
FILLER_0_17_198, 98.175, 54.4, 4.16016e-05
_884_, 98.175, 48.96, 5.0941e-05
_885_, 98.175, 48.96, 5.0941e-05
_959_, 98.175, 48.96, 5.0941e-05
hold1, 98.175, 48.96, 5.0941e-05
hold2, 98.175, 48.96, 5.0941e-05
hold3, 98.175, 48.96, 5.0941e-05
_452_, 98.175, 43.52, 6.22928e-05
hold6, 98.175, 43.52, 6.22928e-05
_828_, 98.175, 38.08, 5.72829e-05
_877_, 98.175, 38.08, 5.72829e-05
_941_, 98.175, 38.08, 5.72829e-05
FILLER_0_10_193, 98.175, 38.08, 5.72829e-05
FILLER_0_10_197, 98.175, 38.08, 5.72829e-05
_826_, 98.175, 32.64, 7.11518e-05
_827_, 98.175, 32.64, 7.11518e-05
input6, 98.175, 32.64, 7.11518e-05
FILLER_0_8_197, 98.175, 32.64, 7.11518e-05
FILLER_0_9_197, 98.175, 32.64, 7.11518e-05
_824_, 98.175, 27.2, 3.98091e-05
_829_, 98.175, 27.2, 3.98091e-05
_830_, 98.175, 27.2, 3.98091e-05
_831_, 98.175, 27.2, 3.98091e-05
input43, 98.175, 27.2, 3.98091e-05
hold16, 98.175, 21.76, 7.00128e-05
input18, 98.175, 16.32, 4.87829e-05
input19, 98.175, 16.32, 4.87829e-05
FILLER_0_2_197, 98.175, 16.32, 4.87829e-05
input23, 98.175, 10.88, 8.52781e-05
output74, 98.175, 10.88, 8.52781e-05
output85, 98.175, 10.88, 8.52781e-05
output90, 98.175, 10.88, 8.52781e-05
output93, 98.175, 10.88, 8.52781e-05
output99, 98.175, 10.88, 8.52781e-05
FILLER_0_0_189, 98.175, 10.88, 8.52781e-05
input20, 72.645, 108.8, 3.51357e-05
input46, 72.645, 108.8, 3.51357e-05
output108, 72.645, 108.8, 3.51357e-05
FILLER_0_36_134, 72.645, 108.8, 3.51357e-05
FILLER_0_36_146, 72.645, 108.8, 3.51357e-05
FILLER_0_36_160, 72.645, 108.8, 3.51357e-05
_630_, 72.645, 103.36, 3.89348e-05
_631_, 72.645, 103.36, 3.89348e-05
_632_, 72.645, 103.36, 3.89348e-05
_909_, 72.645, 103.36, 3.89348e-05
FILLER_0_34_141, 72.645, 103.36, 3.89348e-05
FILLER_0_35_136, 72.645, 103.36, 3.89348e-05
FILLER_0_31_143, 72.645, 97.92, 2.49692e-05
_497_, 72.645, 92.48, 3.94394e-05
_624_, 72.645, 92.48, 3.94394e-05
_633_, 72.645, 92.48, 3.94394e-05
FILLER_0_30_141, 72.645, 92.48, 3.94394e-05
clkbuf_3_7__f_clk, 72.645, 81.6, 8.04275e-05
_506_, 72.645, 76.16, 5.25555e-05
_513_, 72.645, 76.16, 5.25555e-05
_788_, 72.645, 76.16, 5.25555e-05
_895_, 72.645, 76.16, 5.25555e-05
hold29, 72.645, 76.16, 5.25555e-05
FILLER_0_25_147, 72.645, 76.16, 5.25555e-05
_505_, 72.645, 70.72, 5.17277e-05
_668_, 72.645, 70.72, 5.17277e-05
_669_, 72.645, 70.72, 5.17277e-05
_786_, 72.645, 70.72, 5.17277e-05
_929_, 72.645, 70.72, 5.17277e-05
FILLER_0_22_136, 72.645, 70.72, 5.17277e-05
FILLER_0_23_152, 72.645, 70.72, 5.17277e-05
_912_, 72.645, 65.28, 6.42233e-05
clkbuf_3_6__f_clk, 72.645, 65.28, 6.42233e-05
FILLER_0_20_137, 72.645, 65.28, 6.42233e-05
FILLER_0_21_156, 72.645, 65.28, 6.42233e-05
FILLER_0_16_157, 72.645, 54.4, 4.64973e-05
hold32, 72.645, 48.96, 5.59652e-05
_449_, 72.645, 43.52, 8.29191e-05
_457_, 72.645, 43.52, 8.29191e-05
_462_, 72.645, 43.52, 8.29191e-05
FILLER_0_12_141, 72.645, 43.52, 8.29191e-05
_889_, 72.645, 38.08, 6.08761e-05
FILLER_0_10_136, 72.645, 38.08, 6.08761e-05
FILLER_0_11_156, 72.645, 38.08, 6.08761e-05
_445_, 72.645, 32.64, 0.000101598
_803_, 72.645, 32.64, 0.000101598
FILLER_0_8_141, 72.645, 32.64, 0.000101598
_770_, 72.645, 27.2, 6.5525e-05
clkbuf_3_2__f_clk, 72.645, 27.2, 6.5525e-05
FILLER_0_7_141, 72.645, 27.2, 6.5525e-05
FILLER_0_7_153, 72.645, 27.2, 6.5525e-05
_771_, 72.645, 21.76, 8.17234e-05
_924_, 72.645, 21.76, 8.17234e-05
hold26, 72.645, 21.76, 8.17234e-05
FILLER_0_3_144, 72.645, 21.76, 8.17234e-05
FILLER_0_4_137, 72.645, 21.76, 8.17234e-05
_840_, 72.645, 16.32, 6.1395e-05
_841_, 72.645, 16.32, 6.1395e-05
_842_, 72.645, 16.32, 6.1395e-05
_947_, 72.645, 16.32, 6.1395e-05
FILLER_0_2_136, 72.645, 16.32, 6.1395e-05
FILLER_0_2_150, 72.645, 16.32, 6.1395e-05
_848_, 72.645, 10.88, 8.58248e-05
input2, 72.645, 10.88, 8.58248e-05
output105, 72.645, 10.88, 8.58248e-05
output123, 72.645, 10.88, 8.58248e-05
FILLER_0_0_133, 72.645, 10.88, 8.58248e-05
FILLER_0_0_154, 72.645, 10.88, 8.58248e-05
FILLER_0_1_140, 72.645, 10.88, 8.58248e-05
input17, 47.115, 108.8, 3.96856e-05
output86, 47.115, 108.8, 3.96856e-05
FILLER_0_36_90, 47.115, 108.8, 3.96856e-05
FILLER_0_36_97, 47.115, 108.8, 3.96856e-05
_592_, 47.115, 103.36, 5.9673e-05
_602_, 47.115, 103.36, 5.9673e-05
_906_, 47.115, 103.36, 5.9673e-05
_910_, 47.115, 103.36, 5.9673e-05
FILLER_0_34_88, 47.115, 103.36, 5.9673e-05
FILLER_0_35_92, 47.115, 103.36, 5.9673e-05
_604_, 47.115, 97.92, 2.68147e-05
_605_, 47.115, 97.92, 2.68147e-05
_613_, 47.115, 92.48, 5.62005e-05
_907_, 47.115, 92.48, 5.62005e-05
_903_, 47.115, 81.6, 7.44399e-05
FILLER_0_26_79, 47.115, 81.6, 7.44399e-05
_728_, 47.115, 70.72, 6.41065e-05
_729_, 47.115, 70.72, 6.41065e-05
_733_, 47.115, 70.72, 6.41065e-05
_919_, 47.115, 70.72, 6.41065e-05
_731_, 47.115, 65.28, 4.36846e-05
_732_, 47.115, 65.28, 4.36846e-05
_734_, 47.115, 65.28, 4.36846e-05
FILLER_0_20_78, 47.115, 65.28, 4.36846e-05
_914_, 47.115, 54.4, 6.08381e-05
FILLER_0_16_85, 47.115, 54.4, 6.08381e-05
_606_, 47.115, 48.96, 5.88648e-05
_684_, 47.115, 48.96, 5.88648e-05
_690_, 47.115, 43.52, 8.34093e-05
_691_, 47.115, 43.52, 8.34093e-05
_692_, 47.115, 43.52, 8.34093e-05
_694_, 47.115, 43.52, 8.34093e-05
_727_, 47.115, 43.52, 8.34093e-05
FILLER_0_12_85, 47.115, 43.52, 8.34093e-05
_693_, 47.115, 38.08, 7.08874e-05
_695_, 47.115, 38.08, 7.08874e-05
_700_, 47.115, 38.08, 7.08874e-05
_709_, 47.115, 38.08, 7.08874e-05
_722_, 47.115, 38.08, 7.08874e-05
FILLER_0_8_85, 47.115, 32.64, 6.51029e-05
_822_, 47.115, 27.2, 5.68569e-05
_864_, 47.115, 27.2, 5.68569e-05
_951_, 47.115, 27.2, 5.68569e-05
_858_, 47.115, 21.76, 7.73151e-05
_859_, 47.115, 21.76, 7.73151e-05
_849_, 47.115, 16.32, 6.2214e-05
_850_, 47.115, 16.32, 6.2214e-05
_860_, 47.115, 16.32, 6.2214e-05
hold24, 47.115, 16.32, 6.2214e-05
FILLER_0_2_81, 47.115, 16.32, 6.2214e-05
_837_, 47.115, 10.88, 0.00010088
_838_, 47.115, 10.88, 0.00010088
_944_, 47.115, 10.88, 0.00010088
_948_, 47.115, 10.88, 0.00010088
output89, 47.115, 10.88, 0.00010088
FILLER_0_0_102, 47.115, 10.88, 0.00010088
input22, 21.585, 108.8, 5.4784e-05
input37, 21.585, 108.8, 5.4784e-05
output127, 21.585, 108.8, 5.4784e-05
hold10, 21.585, 108.8, 5.4784e-05
_598_, 21.585, 103.36, 7.56255e-05
_899_, 21.585, 103.36, 7.56255e-05
_905_, 21.585, 103.36, 7.56255e-05
_541_, 21.585, 97.92, 2.52123e-05
_542_, 21.585, 97.92, 2.52123e-05
_546_, 21.585, 97.92, 2.52123e-05
_552_, 21.585, 97.92, 2.52123e-05
FILLER_0_32_35, 21.585, 97.92, 2.52123e-05
FILLER_0_33_38, 21.585, 97.92, 2.52123e-05
_545_, 21.585, 92.48, 5.58589e-05
_555_, 21.585, 87.04, 3.50277e-05
_556_, 21.585, 87.04, 3.50277e-05
FILLER_0_28_25, 21.585, 87.04, 3.50277e-05
_548_, 21.585, 81.6, 9.85042e-05
_554_, 21.585, 81.6, 9.85042e-05
_557_, 21.585, 81.6, 9.85042e-05
clkbuf_3_5__f_clk, 21.585, 81.6, 9.85042e-05
FILLER_0_26_29, 21.585, 81.6, 9.85042e-05
FILLER_0_27_36, 21.585, 81.6, 9.85042e-05
_549_, 21.585, 76.16, 6.86852e-05
_900_, 21.585, 76.16, 6.86852e-05
FILLER_0_25_31, 21.585, 76.16, 6.86852e-05
_758_, 21.585, 65.28, 5.78852e-05
clkbuf_3_4__f_clk, 21.585, 65.28, 5.78852e-05
FILLER_0_20_36, 21.585, 65.28, 5.78852e-05
_754_, 21.585, 59.84, 6.9546e-05
_760_, 21.585, 59.84, 6.9546e-05
_762_, 21.585, 59.84, 6.9546e-05
_922_, 21.585, 59.84, 6.9546e-05
FILLER_0_19_30, 21.585, 59.84, 6.9546e-05
_756_, 21.585, 54.4, 6.32868e-05
_923_, 21.585, 54.4, 6.32868e-05
_765_, 21.585, 48.96, 6.06223e-05
_812_, 21.585, 48.96, 6.06223e-05
_813_, 21.585, 48.96, 6.06223e-05
FILLER_0_15_33, 21.585, 48.96, 6.06223e-05
_810_, 21.585, 43.52, 0.000104491
_811_, 21.585, 43.52, 0.000104491
_936_, 21.585, 43.52, 0.000104491
FILLER_0_13_28, 21.585, 43.52, 0.000104491
_793_, 21.585, 38.08, 8.71399e-05
_814_, 21.585, 38.08, 8.71399e-05
_815_, 21.585, 38.08, 8.71399e-05
_937_, 21.585, 38.08, 8.71399e-05
FILLER_0_11_27, 21.585, 38.08, 8.71399e-05
_797_, 21.585, 32.64, 7.64847e-05
hold17, 21.585, 32.64, 7.64847e-05
FILLER_0_8_38, 21.585, 32.64, 7.64847e-05
_784_, 21.585, 27.2, 8.64388e-05
clkbuf_3_1__f_clk, 21.585, 27.2, 8.64388e-05
hold22, 21.585, 27.2, 8.64388e-05
_780_, 21.585, 21.76, 7.14559e-05
FILLER_0_5_33, 21.585, 21.76, 7.14559e-05
input14, 21.585, 10.88, 0.000111045
output82, 21.585, 10.88, 0.000111045
output119, 21.585, 10.88, 0.000111045
FILLER_0_0_42, 21.585, 10.88, 0.000111045
FILLER_0_0_48, 21.585, 10.88, 0.000111045
PHY_EDGE_ROW_35_Left_72, 5.52, 108.8, 8.41103e-05
PHY_EDGE_ROW_36_Left_73, 5.52, 108.8, 8.41103e-05
output126, 5.52, 108.8, 8.41103e-05
FILLER_0_36_3, 5.52, 108.8, 8.41103e-05
PHY_EDGE_ROW_35_Right_35, 107.64, 108.8, 4.99055e-05
PHY_EDGE_ROW_36_Right_36, 107.64, 108.8, 4.99055e-05
input32, 107.64, 108.8, 4.99055e-05
output115, 107.64, 108.8, 4.99055e-05
input28, 45.08, 108.8, 4.30233e-05
input35, 45.08, 108.8, 4.30233e-05
input9, 86.02, 108.8, 4.82131e-05
input60, 86.02, 108.8, 4.82131e-05
output125, 86.02, 108.8, 4.82131e-05
FILLER_0_36_181, 86.02, 108.8, 4.82131e-05
input63, 91.54, 108.8, 4.74819e-05
output112, 91.54, 108.8, 4.74819e-05
_537_, 13.552, 108.8, 7.53011e-05
input3, 13.552, 108.8, 7.53011e-05
input7, 13.552, 108.8, 7.53011e-05
input34, 13.552, 108.8, 7.53011e-05
output117, 13.552, 108.8, 7.53011e-05
input54, 33.332, 108.8, 6.13531e-05
output67, 33.332, 108.8, 6.13531e-05
output107, 33.332, 108.8, 6.13531e-05
FILLER_0_35_57, 33.332, 108.8, 6.13531e-05
FILLER_0_36_66, 33.332, 108.8, 6.13531e-05
_639_, 59.88, 108.8, 4.64275e-05
_640_, 59.88, 108.8, 4.64275e-05
input44, 59.88, 108.8, 4.64275e-05
input53, 59.88, 108.8, 4.64275e-05
input59, 59.88, 108.8, 4.64275e-05
output113, 59.88, 108.8, 4.64275e-05
PHY_EDGE_ROW_33_Left_70, 5.52, 103.36, 0.000121444
PHY_EDGE_ROW_34_Left_71, 5.52, 103.36, 0.000121444
output101, 5.52, 103.36, 0.000121444
output130, 5.52, 103.36, 0.000121444
PHY_EDGE_ROW_33_Right_33, 107.64, 103.36, 2.25797e-05
PHY_EDGE_ROW_34_Right_34, 107.64, 103.36, 2.25797e-05
input48, 107.64, 103.36, 2.25797e-05
input31, 11.04, 103.36, 0.000110161
input51, 11.04, 103.36, 0.000110161
input64, 11.04, 103.36, 0.000110161
output106, 11.04, 103.36, 0.000110161
FILLER_0_33_18, 11.04, 103.36, 0.000110161
FILLER_0_34_18, 11.04, 103.36, 0.000110161
_544_, 20.24, 103.36, 8.02083e-05
FILLER_0_34_29, 20.24, 103.36, 8.02083e-05
FILLER_0_35_29, 20.24, 103.36, 8.02083e-05
FILLER_0_34_186, 91.54, 103.36, 2.64235e-05
FILLER_0_35_193, 91.54, 103.36, 2.64235e-05
FILLER_0_34_197, 97.06, 103.36, 2.27685e-05
FILLER_0_33_165, 82.8, 103.36, 3.22107e-05
FILLER_0_35_159, 82.8, 103.36, 3.22107e-05
_597_, 34.35, 103.36, 7.71451e-05
_600_, 34.35, 103.36, 7.71451e-05
_601_, 34.35, 103.36, 7.71451e-05
_610_, 34.35, 103.36, 7.71451e-05
_611_, 34.35, 103.36, 7.71451e-05
FILLER_0_34_60, 34.35, 103.36, 7.71451e-05
_638_, 59.88, 103.36, 6.9924e-05
_641_, 59.88, 103.36, 6.9924e-05
_642_, 59.88, 103.36, 6.9924e-05
_643_, 59.88, 103.36, 6.9924e-05
_646_, 59.88, 103.36, 6.9924e-05
_651_, 59.88, 103.36, 6.9924e-05
_653_, 59.88, 103.36, 6.9924e-05
hold15, 59.88, 103.36, 6.9924e-05
PHY_EDGE_ROW_31_Left_68, 5.52, 97.92, 2.88477e-05
PHY_EDGE_ROW_32_Left_69, 5.52, 97.92, 2.88477e-05
input27, 5.52, 97.92, 2.88477e-05
PHY_EDGE_ROW_31_Right_31, 107.64, 97.92, 4.09138e-05
PHY_EDGE_ROW_32_Right_32, 107.64, 97.92, 4.09138e-05
output98, 107.64, 97.92, 4.09138e-05
_596_, 34.5, 97.92, 3.16783e-05
_590_, 44.62, 97.92, 2.8766e-05
_607_, 44.62, 97.92, 2.8766e-05
FILLER_0_32_85, 44.62, 97.92, 2.8766e-05
FILLER_0_33_87, 44.62, 97.92, 2.8766e-05
_603_, 50.14, 97.92, 2.90083e-05
_635_, 63.02, 97.92, 3.20899e-05
_637_, 63.02, 97.92, 3.20899e-05
_636_, 68.54, 97.92, 2.86612e-05
FILLER_0_32_133, 68.54, 97.92, 2.86612e-05
FILLER_0_33_140, 68.54, 97.92, 2.86612e-05
_572_, 9.66, 97.92, 2.86424e-05
input50, 9.66, 97.92, 2.86424e-05
FILLER_0_31_12, 9.66, 97.92, 2.86424e-05
FILLER_0_32_15, 9.66, 97.92, 2.86424e-05
hold19, 31.28, 97.92, 3.10183e-05
FILLER_0_33_52, 31.28, 97.92, 3.10183e-05
_591_, 36.8, 97.92, 3.14584e-05
_595_, 36.8, 97.92, 3.14584e-05
FILLER_0_31_69, 36.8, 97.92, 3.14584e-05
FILLER_0_32_74, 36.8, 97.92, 3.14584e-05
_645_, 52.9, 97.92, 3.07173e-05
FILLER_0_31_103, 52.9, 97.92, 3.07173e-05
FILLER_0_33_103, 52.9, 97.92, 3.07173e-05
_644_, 61.64, 97.92, 3.20346e-05
_496_, 73.14, 97.92, 2.57595e-05
_532_, 73.14, 97.92, 2.57595e-05
hold9, 73.14, 97.92, 2.57595e-05
FILLER_0_32_153, 73.14, 97.92, 2.57595e-05
FILLER_0_33_157, 73.14, 97.92, 2.57595e-05
_507_, 86.02, 97.92, 3.4867e-05
_508_, 86.02, 97.92, 3.4867e-05
FILLER_0_31_165, 86.02, 97.92, 3.4867e-05
FILLER_0_31_174, 86.02, 97.92, 3.4867e-05
_517_, 91.54, 97.92, 3.69308e-05
_519_, 91.54, 97.92, 3.69308e-05
_520_, 91.54, 97.92, 3.69308e-05
FILLER_0_32_193, 91.54, 97.92, 3.69308e-05
_897_, 98.9, 97.92, 3.30841e-05
input62, 98.9, 97.92, 3.30841e-05
FILLER_0_32_209, 98.9, 97.92, 3.30841e-05
FILLER_0_33_205, 98.9, 97.92, 3.30841e-05
_558_, 5.52, 92.48, 8.84225e-05
_568_, 5.52, 92.48, 8.84225e-05
_575_, 5.52, 92.48, 8.84225e-05
PHY_EDGE_ROW_29_Left_66, 5.52, 92.48, 8.84225e-05
PHY_EDGE_ROW_30_Left_67, 5.52, 92.48, 8.84225e-05
output109, 5.52, 92.48, 8.84225e-05
PHY_EDGE_ROW_29_Right_29, 107.64, 92.48, 2.657e-05
PHY_EDGE_ROW_30_Right_30, 107.64, 92.48, 2.657e-05
input5, 107.64, 92.48, 2.657e-05
input13, 107.64, 92.48, 2.657e-05
input42, 107.64, 92.48, 2.657e-05
_543_, 18.4, 92.48, 6.57838e-05
_547_, 18.4, 92.48, 6.57838e-05
_553_, 18.4, 92.48, 6.57838e-05
_571_, 18.4, 92.48, 6.57838e-05
_573_, 18.4, 92.48, 6.57838e-05
_574_, 18.4, 92.48, 6.57838e-05
FILLER_0_31_40, 23.92, 92.48, 5.94892e-05
_498_, 74.98, 92.48, 4.23664e-05
_509_, 74.98, 92.48, 4.23664e-05
_511_, 74.98, 92.48, 4.23664e-05
_516_, 74.98, 92.48, 4.23664e-05
FILLER_0_30_151, 74.98, 92.48, 4.23664e-05
_538_, 25.3, 92.48, 6.16348e-05
FILLER_0_29_46, 25.3, 92.48, 6.16348e-05
_539_, 30.82, 92.48, 6.84038e-05
_586_, 30.82, 92.48, 6.84038e-05
_587_, 30.82, 92.48, 6.84038e-05
_609_, 30.82, 92.48, 6.84038e-05
_576_, 38.967, 92.48, 7.11556e-05
_578_, 38.967, 92.48, 7.11556e-05
_594_, 38.967, 92.48, 7.11556e-05
_608_, 38.967, 92.48, 7.11556e-05
_612_, 38.967, 92.48, 7.11556e-05
FILLER_0_30_81, 38.967, 92.48, 7.11556e-05
_614_, 59.88, 92.48, 6.27886e-05
_618_, 59.88, 92.48, 6.27886e-05
_634_, 59.88, 92.48, 6.27886e-05
_654_, 59.88, 92.48, 6.27886e-05
_656_, 59.88, 92.48, 6.27886e-05
hold23, 59.88, 92.48, 6.27886e-05
FILLER_0_30_126, 59.88, 92.48, 6.27886e-05
FILLER_0_31_113, 59.88, 92.48, 6.27886e-05
_510_, 86.577, 92.48, 3.91405e-05
_515_, 86.577, 92.48, 3.91405e-05
_518_, 86.577, 92.48, 3.91405e-05
FILLER_0_30_169, 86.577, 92.48, 3.91405e-05
PHY_EDGE_ROW_27_Left_64, 5.52, 87.04, 4.21192e-05
PHY_EDGE_ROW_28_Left_65, 5.52, 87.04, 4.21192e-05
input25, 5.52, 87.04, 4.21192e-05
PHY_EDGE_ROW_27_Right_27, 107.64, 87.04, 3.94975e-05
PHY_EDGE_ROW_28_Right_28, 107.64, 87.04, 3.94975e-05
FILLER_0_28_216, 107.64, 87.04, 3.94975e-05
_583_, 46.46, 87.04, 4.28188e-05
_593_, 46.46, 87.04, 4.28188e-05
FILLER_0_29_86, 46.46, 87.04, 4.28188e-05
_615_, 51.98, 87.04, 4.98226e-05
_617_, 51.98, 87.04, 4.98226e-05
_619_, 51.98, 87.04, 4.98226e-05
_620_, 51.98, 87.04, 4.98226e-05
_625_, 51.98, 87.04, 4.98226e-05
FILLER_0_27_107, 51.98, 87.04, 4.98226e-05
FILLER_0_28_97, 51.98, 87.04, 4.98226e-05
_616_, 60.26, 87.04, 5.22376e-05
_626_, 60.26, 87.04, 5.22376e-05
_652_, 60.26, 87.04, 5.22376e-05
_655_, 60.26, 87.04, 5.22376e-05
FILLER_0_28_125, 60.26, 87.04, 5.22376e-05
_623_, 70.38, 87.04, 4.42926e-05
_627_, 70.38, 87.04, 4.42926e-05
_535_, 88.78, 87.04, 4.83649e-05
FILLER_0_28_183, 88.78, 87.04, 4.83649e-05
_523_, 94.3, 87.04, 4.28897e-05
_526_, 94.3, 87.04, 4.28897e-05
_530_, 94.3, 87.04, 4.28897e-05
_534_, 94.3, 87.04, 4.28897e-05
FILLER_0_29_206, 99.82, 87.04, 3.74391e-05
_560_, 9.66, 87.04, 4.19722e-05
_569_, 9.66, 87.04, 4.19722e-05
_570_, 9.66, 87.04, 4.19722e-05
FILLER_0_27_9, 9.66, 87.04, 4.19722e-05
FILLER_0_28_15, 9.66, 87.04, 4.19722e-05
_588_, 28.98, 87.04, 4.24914e-05
FILLER_0_28_57, 28.98, 87.04, 4.24914e-05
_621_, 47.38, 87.04, 4.26801e-05
FILLER_0_27_147, 73.14, 87.04, 4.20995e-05
FILLER_0_28_153, 73.14, 87.04, 4.20995e-05
FILLER_0_29_178, 86.94, 87.04, 4.965e-05
output91, 102.12, 87.04, 3.94975e-05
FILLER_0_27_211, 102.12, 87.04, 3.94975e-05
_567_, 37.72, 87.04, 5.00395e-05
_577_, 37.72, 87.04, 5.00395e-05
_580_, 37.72, 87.04, 5.00395e-05
_582_, 37.72, 87.04, 5.00395e-05
_584_, 37.72, 87.04, 5.00395e-05
_585_, 37.72, 87.04, 5.00395e-05
_502_, 80.04, 87.04, 5.44691e-05
_504_, 80.04, 87.04, 5.44691e-05
_512_, 80.04, 87.04, 5.44691e-05
_531_, 80.04, 87.04, 5.44691e-05
_536_, 80.04, 87.04, 5.44691e-05
FILLER_0_27_163, 80.04, 87.04, 5.44691e-05
_901_, 5.52, 81.6, 0.000147373
PHY_EDGE_ROW_25_Left_62, 5.52, 81.6, 0.000147373
PHY_EDGE_ROW_26_Left_63, 5.52, 81.6, 0.000147373
output72, 5.52, 81.6, 0.000147373
PHY_EDGE_ROW_25_Right_25, 107.64, 81.6, 6.85127e-05
PHY_EDGE_ROW_26_Right_26, 107.64, 81.6, 6.85127e-05
input21, 107.64, 81.6, 6.85127e-05
output122, 107.64, 81.6, 6.85127e-05
_487_, 92.46, 81.6, 7.46731e-05
_527_, 92.46, 81.6, 7.46731e-05
_529_, 92.46, 81.6, 7.46731e-05
FILLER_0_25_195, 92.46, 81.6, 7.46731e-05
FILLER_0_26_182, 92.46, 81.6, 7.46731e-05
_464_, 58.88, 81.6, 0.000104585
_911_, 58.88, 81.6, 0.000104585
FILLER_0_26_122, 58.88, 81.6, 0.000104585
_551_, 13.552, 81.6, 0.000127118
_559_, 13.552, 81.6, 0.000127118
_561_, 13.552, 81.6, 0.000127118
FILLER_0_27_26, 13.552, 81.6, 0.000127118
_565_, 34.35, 81.6, 0.000101589
_566_, 34.35, 81.6, 0.000101589
_579_, 34.35, 81.6, 0.000101589
_589_, 34.35, 81.6, 0.000101589
_904_, 34.35, 81.6, 0.000101589
FILLER_0_27_65, 34.35, 81.6, 0.000101589
_622_, 65.762, 81.6, 0.000101521
_628_, 65.762, 81.6, 0.000101521
_629_, 65.762, 81.6, 0.000101521
_908_, 65.762, 81.6, 0.000101521
FILLER_0_27_125, 65.762, 81.6, 0.000101521
_503_, 82.552, 81.6, 8.79058e-05
_514_, 82.552, 81.6, 8.79058e-05
_896_, 82.552, 81.6, 8.79058e-05
FILLER_0_25_169, 82.552, 81.6, 8.79058e-05
FILLER_0_26_161, 82.552, 81.6, 8.79058e-05
PHY_EDGE_ROW_23_Left_60, 5.52, 76.16, 8.63989e-05
PHY_EDGE_ROW_24_Left_61, 5.52, 76.16, 8.63989e-05
input15, 5.52, 76.16, 8.63989e-05
output94, 5.52, 76.16, 8.63989e-05
PHY_EDGE_ROW_23_Right_23, 107.64, 76.16, 4.06601e-05
PHY_EDGE_ROW_24_Right_24, 107.64, 76.16, 4.06601e-05
FILLER_0_24_214, 107.64, 76.16, 4.06601e-05
input49, 9.66, 76.16, 8.19826e-05
_455_, 37.26, 76.16, 9.22638e-05
_492_, 37.26, 76.16, 9.22638e-05
FILLER_0_25_75, 37.26, 76.16, 9.22638e-05
_581_, 42.78, 76.16, 7.82911e-05
FILLER_0_24_80, 42.78, 76.16, 7.82911e-05
_657_, 51.06, 76.16, 6.88299e-05
_659_, 51.06, 76.16, 6.88299e-05
_660_, 51.06, 76.16, 6.88299e-05
FILLER_0_24_97, 51.06, 76.16, 6.88299e-05
FILLER_0_25_100, 51.06, 76.16, 6.88299e-05
FILLER_0_24_18, 11.04, 76.16, 8.04437e-05
FILLER_0_25_12, 11.04, 76.16, 8.04437e-05
_484_, 47.38, 76.16, 6.54027e-05
FILLER_0_25_91, 47.38, 76.16, 6.54027e-05
_477_, 29.422, 76.16, 9.00226e-05
_550_, 29.422, 76.16, 9.00226e-05
_562_, 29.422, 76.16, 9.00226e-05
_563_, 29.422, 76.16, 9.00226e-05
hold18, 29.422, 76.16, 9.00226e-05
FILLER_0_23_53, 29.422, 76.16, 9.00226e-05
FILLER_0_24_56, 29.422, 76.16, 9.00226e-05
_647_, 61.852, 76.16, 6.4467e-05
_648_, 61.852, 76.16, 6.4467e-05
_649_, 61.852, 76.16, 6.4467e-05
_658_, 61.852, 76.16, 6.4467e-05
FILLER_0_23_121, 61.852, 76.16, 6.4467e-05
FILLER_0_24_127, 61.852, 76.16, 6.4467e-05
_494_, 85.41, 76.16, 5.57659e-05
_528_, 85.41, 76.16, 5.57659e-05
hold8, 85.41, 76.16, 5.57659e-05
FILLER_0_24_180, 85.41, 76.16, 5.57659e-05
PHY_EDGE_ROW_21_Left_58, 5.52, 70.72, 9.76563e-05
PHY_EDGE_ROW_22_Left_59, 5.52, 70.72, 9.76563e-05
input61, 5.52, 70.72, 9.76563e-05
FILLER_0_22_6, 5.52, 70.72, 9.76563e-05
PHY_EDGE_ROW_21_Right_21, 107.64, 70.72, 4.6132e-05
PHY_EDGE_ROW_22_Right_22, 107.64, 70.72, 4.6132e-05
input8, 107.64, 70.72, 4.6132e-05
input12, 107.64, 70.72, 4.6132e-05
_792_, 11.04, 70.72, 9.75482e-05
_930_, 11.04, 70.72, 9.75482e-05
FILLER_0_23_15, 11.04, 70.72, 9.75482e-05
FILLER_0_23_21, 11.04, 70.72, 9.75482e-05
_791_, 20.24, 70.72, 8.29641e-05
_902_, 20.24, 70.72, 8.29641e-05
_470_, 25.76, 70.72, 9.00711e-05
_564_, 25.76, 70.72, 9.00711e-05
FILLER_0_21_50, 25.76, 70.72, 9.00711e-05
FILLER_0_21_106, 51.52, 70.72, 6.46547e-05
FILLER_0_22_105, 51.52, 70.72, 6.46547e-05
FILLER_0_23_105, 51.52, 70.72, 6.46547e-05
_501_, 82.34, 70.72, 5.56517e-05
FILLER_0_21_169, 82.34, 70.72, 5.56517e-05
FILLER_0_22_173, 82.34, 70.72, 5.56517e-05
FILLER_0_23_159, 82.34, 70.72, 5.56517e-05
FILLER_0_23_169, 82.34, 70.72, 5.56517e-05
_478_, 98.9, 70.72, 4.5447e-05
_894_, 98.9, 70.72, 4.5447e-05
FILLER_0_21_210, 98.9, 70.72, 4.5447e-05
FILLER_0_22_209, 98.9, 70.72, 4.5447e-05
_469_, 36.437, 70.72, 9.8852e-05
_730_, 36.437, 70.72, 9.8852e-05
_738_, 36.437, 70.72, 9.8852e-05
_739_, 36.437, 70.72, 9.8852e-05
_748_, 36.437, 70.72, 9.8852e-05
FILLER_0_22_62, 36.437, 70.72, 9.8852e-05
FILLER_0_22_71, 36.437, 70.72, 9.8852e-05
_650_, 62.082, 70.72, 6.5969e-05
_664_, 62.082, 70.72, 6.5969e-05
_783_, 62.082, 70.72, 6.5969e-05
_787_, 62.082, 70.72, 6.5969e-05
FILLER_0_21_125, 62.082, 70.72, 6.5969e-05
FILLER_0_21_133, 62.082, 70.72, 6.5969e-05
FILLER_0_22_121, 62.082, 70.72, 6.5969e-05
_485_, 90.257, 70.72, 5.3467e-05
_486_, 90.257, 70.72, 5.3467e-05
_493_, 90.257, 70.72, 5.3467e-05
_500_, 90.257, 70.72, 5.3467e-05
FILLER_0_22_180, 90.257, 70.72, 5.3467e-05
FILLER_0_22_189, 90.257, 70.72, 5.3467e-05
FILLER_0_23_189, 90.257, 70.72, 5.3467e-05
PHY_EDGE_ROW_19_Left_56, 5.52, 65.28, 6.94705e-05
PHY_EDGE_ROW_20_Left_57, 5.52, 65.28, 6.94705e-05
input36, 5.52, 65.28, 6.94705e-05
PHY_EDGE_ROW_19_Right_19, 107.64, 65.28, 6.74796e-05
PHY_EDGE_ROW_20_Right_20, 107.64, 65.28, 6.74796e-05
output70, 107.64, 65.28, 6.74796e-05
output97, 107.64, 65.28, 6.74796e-05
_796_, 16.56, 65.28, 6.48031e-05
_483_, 91.54, 65.28, 6.18288e-05
_489_, 91.54, 65.28, 6.18288e-05
_490_, 91.54, 65.28, 6.18288e-05
_491_, 91.54, 65.28, 6.18288e-05
_499_, 91.54, 65.28, 6.18288e-05
_799_, 9.66, 65.28, 6.93482e-05
_802_, 9.66, 65.28, 6.93482e-05
_790_, 15.18, 65.28, 6.60521e-05
_661_, 49.22, 65.28, 4.76411e-05
FILLER_0_20_101, 49.22, 65.28, 4.76411e-05
_735_, 34.35, 65.28, 5.63308e-05
_736_, 34.35, 65.28, 5.63308e-05
_737_, 34.35, 65.28, 5.63308e-05
_740_, 34.35, 65.28, 5.63308e-05
_746_, 34.35, 65.28, 5.63308e-05
_747_, 34.35, 65.28, 5.63308e-05
_663_, 60.932, 65.28, 6.76022e-05
_665_, 60.932, 65.28, 6.76022e-05
_666_, 60.932, 65.28, 6.76022e-05
_673_, 60.932, 65.28, 6.76022e-05
_674_, 60.932, 65.28, 6.76022e-05
_685_, 60.932, 65.28, 6.76022e-05
_687_, 60.932, 65.28, 6.76022e-05
_472_, 82.092, 65.28, 7.10922e-05
_475_, 82.092, 65.28, 7.10922e-05
_476_, 82.092, 65.28, 7.10922e-05
_479_, 82.092, 65.28, 7.10922e-05
FILLER_0_19_169, 82.092, 65.28, 7.10922e-05
_933_, 5.52, 59.84, 9.61401e-05
PHY_EDGE_ROW_17_Left_54, 5.52, 59.84, 9.61401e-05
PHY_EDGE_ROW_18_Left_55, 5.52, 59.84, 9.61401e-05
input29, 5.52, 59.84, 9.61401e-05
PHY_EDGE_ROW_17_Right_17, 107.64, 59.84, 3.77212e-05
PHY_EDGE_ROW_18_Right_18, 107.64, 59.84, 3.77212e-05
_741_, 40.48, 59.84, 0.000102167
_742_, 40.48, 59.84, 0.000102167
_920_, 40.48, 59.84, 0.000102167
FILLER_0_18_71, 40.48, 59.84, 0.000102167
FILLER_0_18_81, 40.48, 59.84, 0.000102167
FILLER_0_19_71, 40.48, 59.84, 0.000102167
_599_, 51.52, 59.84, 0.000124386
_680_, 51.52, 59.84, 0.000124386
_689_, 51.52, 59.84, 0.000124386
clkbuf_0_clk, 51.52, 59.84, 0.000124386
FILLER_0_18_97, 51.52, 59.84, 0.000124386
_667_, 67.62, 59.84, 8.4709e-05
_671_, 67.62, 59.84, 8.4709e-05
_672_, 67.62, 59.84, 8.4709e-05
FILLER_0_18_135, 67.62, 59.84, 8.4709e-05
FILLER_0_19_128, 67.62, 59.84, 8.4709e-05
FILLER_0_19_136, 67.62, 59.84, 8.4709e-05
_488_, 93.84, 59.84, 5.06904e-05
FILLER_0_18_191, 93.84, 59.84, 5.06904e-05
_459_, 73.14, 59.84, 6.67415e-05
FILLER_0_19_148, 73.14, 59.84, 6.67415e-05
_463_, 78.66, 59.84, 7.84683e-05
_466_, 78.66, 59.84, 7.84683e-05
_467_, 78.66, 59.84, 7.84683e-05
_468_, 78.66, 59.84, 7.84683e-05
_473_, 78.66, 59.84, 7.84683e-05
FILLER_0_18_165, 78.66, 59.84, 7.84683e-05
FILLER_0_19_162, 78.66, 59.84, 7.84683e-05
_755_, 13.552, 59.84, 8.6454e-05
_801_, 13.552, 59.84, 8.6454e-05
hold28, 13.552, 59.84, 8.6454e-05
FILLER_0_18_21, 13.552, 59.84, 8.6454e-05
_753_, 31.032, 59.84, 9.19557e-05
_757_, 31.032, 59.84, 9.19557e-05
_759_, 31.032, 59.84, 9.19557e-05
_761_, 31.032, 59.84, 9.19557e-05
FILLER_0_17_57, 31.032, 59.84, 9.19557e-05
FILLER_0_18_63, 31.032, 59.84, 9.19557e-05
_662_, 59.57, 59.84, 0.000108692
_670_, 59.57, 59.84, 0.000108692
_675_, 59.57, 59.84, 0.000108692
_676_, 59.57, 59.84, 0.000108692
_688_, 59.57, 59.84, 0.000108692
_892_, 86.25, 59.84, 7.2317e-05
hold13, 86.25, 59.84, 7.2317e-05
_938_, 5.52, 54.4, 8.29789e-05
PHY_EDGE_ROW_15_Left_52, 5.52, 54.4, 8.29789e-05
PHY_EDGE_ROW_16_Left_53, 5.52, 54.4, 8.29789e-05
input4, 5.52, 54.4, 8.29789e-05
input26, 5.52, 54.4, 8.29789e-05
FILLER_0_17_6, 5.52, 54.4, 8.29789e-05
_453_, 107.64, 54.4, 5.07282e-05
PHY_EDGE_ROW_15_Right_15, 107.64, 54.4, 5.07282e-05
PHY_EDGE_ROW_16_Right_16, 107.64, 54.4, 5.07282e-05
output92, 107.64, 54.4, 5.07282e-05
FILLER_0_16_22, 17.94, 54.4, 6.77548e-05
FILLER_0_16_29, 17.94, 54.4, 6.77548e-05
FILLER_0_17_27, 17.94, 54.4, 6.77548e-05
_458_, 27.14, 54.4, 8.19548e-05
_745_, 27.14, 54.4, 8.19548e-05
_763_, 27.14, 54.4, 8.19548e-05
_764_, 27.14, 54.4, 8.19548e-05
FILLER_0_15_53, 27.14, 54.4, 8.19548e-05
FILLER_0_15_57, 27.14, 54.4, 8.19548e-05
FILLER_0_16_53, 27.14, 54.4, 8.19548e-05
_678_, 69.46, 54.4, 5.62178e-05
_913_, 69.46, 54.4, 5.62178e-05
FILLER_0_16_128, 69.46, 54.4, 5.62178e-05
FILLER_0_17_141, 69.46, 54.4, 5.62178e-05
_465_, 86.02, 54.4, 5.84038e-05
_891_, 86.02, 54.4, 5.84038e-05
_881_, 86.94, 54.4, 5.76278e-05
_882_, 86.94, 54.4, 5.76278e-05
FILLER_0_16_183, 86.94, 54.4, 5.76278e-05
_744_, 37.127, 54.4, 8.85619e-05
_749_, 37.127, 54.4, 8.85619e-05
_750_, 37.127, 54.4, 8.85619e-05
_751_, 37.127, 54.4, 8.85619e-05
_752_, 37.127, 54.4, 8.85619e-05
_921_, 37.127, 54.4, 8.85619e-05
FILLER_0_16_76, 37.127, 54.4, 8.85619e-05
_677_, 58.287, 54.4, 6.9077e-05
_679_, 58.287, 54.4, 6.9077e-05
_681_, 58.287, 54.4, 6.9077e-05
_686_, 58.287, 54.4, 6.9077e-05
hold20, 58.287, 54.4, 6.9077e-05
PHY_EDGE_ROW_13_Left_50, 5.52, 48.96, 0.000101126
PHY_EDGE_ROW_14_Left_51, 5.52, 48.96, 0.000101126
output102, 5.52, 48.96, 0.000101126
output110, 5.52, 48.96, 0.000101126
PHY_EDGE_ROW_13_Right_13, 107.64, 48.96, 5.0941e-05
PHY_EDGE_ROW_14_Right_14, 107.64, 48.96, 5.0941e-05
_474_, 39.56, 48.96, 7.49541e-05
_743_, 39.56, 48.96, 7.49541e-05
FILLER_0_13_80, 39.56, 48.96, 7.49541e-05
FILLER_0_14_73, 39.56, 48.96, 7.49541e-05
FILLER_0_14_81, 39.56, 48.96, 7.49541e-05
_682_, 53.36, 48.96, 6.51538e-05
_719_, 60.26, 48.96, 6.99905e-05
_918_, 60.26, 48.96, 6.99905e-05
FILLER_0_14_115, 60.26, 48.96, 6.99905e-05
_807_, 26.22, 48.96, 6.56151e-05
FILLER_0_14_51, 26.22, 48.96, 6.56151e-05
_683_, 50.14, 48.96, 6.25888e-05
FILLER_0_15_107, 55.66, 48.96, 6.6766e-05
_454_, 73.14, 48.96, 5.74085e-05
_460_, 73.14, 48.96, 5.74085e-05
FILLER_0_13_147, 73.14, 48.96, 5.74085e-05
FILLER_0_13_155, 73.14, 48.96, 5.74085e-05
FILLER_0_15_154, 73.14, 48.96, 5.74085e-05
_816_, 13.552, 48.96, 8.47313e-05
_817_, 13.552, 48.96, 8.47313e-05
_818_, 13.552, 48.96, 8.47313e-05
FILLER_0_14_9, 13.552, 48.96, 8.47313e-05
FILLER_0_14_23, 13.552, 48.96, 8.47313e-05
_890_, 85.657, 48.96, 6.82186e-05
_958_, 85.657, 48.96, 6.82186e-05
FILLER_0_15_165, 85.657, 48.96, 6.82186e-05
_809_, 5.52, 43.52, 0.000133698
_935_, 5.52, 43.52, 0.000133698
PHY_EDGE_ROW_11_Left_48, 5.52, 43.52, 0.000133698
PHY_EDGE_ROW_12_Left_49, 5.52, 43.52, 0.000133698
FILLER_0_13_3, 5.52, 43.52, 0.000133698
PHY_EDGE_ROW_11_Right_11, 107.64, 43.52, 7.14219e-05
PHY_EDGE_ROW_12_Right_12, 107.64, 43.52, 7.14219e-05
input40, 107.64, 43.52, 7.14219e-05
output75, 107.64, 43.52, 7.14219e-05
_451_, 27.6, 43.52, 0.000130582
_461_, 27.6, 43.52, 0.000130582
_540_, 27.6, 43.52, 0.000130582
FILLER_0_12_46, 27.6, 43.52, 0.000130582
FILLER_0_12_55, 27.6, 43.52, 0.000130582
_878_, 98.44, 43.52, 6.2939e-05
_880_, 98.44, 43.52, 6.2939e-05
input30, 98.44, 43.52, 6.2939e-05
hold4, 98.44, 43.52, 6.2939e-05
hold14, 98.44, 43.52, 6.2939e-05
FILLER_0_11_208, 98.44, 43.52, 6.2939e-05
FILLER_0_12_208, 98.44, 43.52, 6.2939e-05
_711_, 56.12, 43.52, 0.000100775
_723_, 56.12, 43.52, 0.000100775
FILLER_0_11_104, 56.12, 43.52, 0.000100775
FILLER_0_12_116, 56.12, 43.52, 0.000100775
_804_, 13.552, 43.52, 0.000123442
_808_, 13.552, 43.52, 0.000123442
hold11, 13.552, 43.52, 0.000123442
_450_, 37.357, 43.52, 0.000116825
_703_, 37.357, 43.52, 0.000116825
_704_, 37.357, 43.52, 0.000116825
hold25, 37.357, 43.52, 0.000116825
FILLER_0_11_75, 37.357, 43.52, 0.000116825
_715_, 64.382, 43.52, 0.00011433
_716_, 64.382, 43.52, 0.00011433
_717_, 64.382, 43.52, 0.00011433
_718_, 64.382, 43.52, 0.00011433
_720_, 64.382, 43.52, 0.00011433
clkbuf_3_3__f_clk, 64.382, 43.52, 0.00011433
FILLER_0_12_126, 64.382, 43.52, 0.00011433
_444_, 85.41, 43.52, 8.89247e-05
_446_, 85.41, 43.52, 8.89247e-05
_456_, 85.41, 43.52, 8.89247e-05
_873_, 85.41, 43.52, 8.89247e-05
_957_, 85.41, 43.52, 8.89247e-05
FILLER_0_13_173, 85.41, 43.52, 8.89247e-05
_934_, 5.52, 38.08, 0.000136627
PHY_EDGE_ROW_9_Left_46, 5.52, 38.08, 0.000136627
PHY_EDGE_ROW_10_Left_47, 5.52, 38.08, 0.000136627
output69, 5.52, 38.08, 0.000136627
PHY_EDGE_ROW_9_Right_9, 107.64, 38.08, 6.57691e-05
PHY_EDGE_ROW_10_Right_10, 107.64, 38.08, 6.57691e-05
output71, 107.64, 38.08, 6.57691e-05
_915_, 34.5, 38.08, 9.88272e-05
_916_, 34.5, 38.08, 9.88272e-05
FILLER_0_10_53, 34.5, 38.08, 9.88272e-05
FILLER_0_10_61, 34.5, 38.08, 9.88272e-05
_696_, 43.7, 38.08, 8.07662e-05
_699_, 43.7, 38.08, 8.07662e-05
_701_, 43.7, 38.08, 8.07662e-05
_874_, 86.02, 38.08, 8.28256e-05
_875_, 86.02, 38.08, 8.28256e-05
_879_, 86.02, 38.08, 8.28256e-05
_956_, 86.02, 38.08, 8.28256e-05
_447_, 84.18, 38.08, 8.21435e-05
_766_, 84.18, 38.08, 8.21435e-05
FILLER_0_11_169, 84.18, 38.08, 8.21435e-05
_805_, 13.552, 38.08, 0.000119303
output103, 13.552, 38.08, 0.000119303
hold31, 13.552, 38.08, 0.000119303
FILLER_0_10_25, 13.552, 38.08, 0.000119303
_708_, 59.88, 38.08, 7.86114e-05
_712_, 59.88, 38.08, 7.86114e-05
_713_, 59.88, 38.08, 7.86114e-05
_714_, 59.88, 38.08, 7.86114e-05
_724_, 59.88, 38.08, 7.86114e-05
_725_, 59.88, 38.08, 7.86114e-05
_726_, 59.88, 38.08, 7.86114e-05
PHY_EDGE_ROW_7_Left_44, 5.52, 32.64, 0.000128392
PHY_EDGE_ROW_8_Left_45, 5.52, 32.64, 0.000128392
output118, 5.52, 32.64, 0.000128392
output129, 5.52, 32.64, 0.000128392
_823_, 107.64, 32.64, 8.25924e-05
PHY_EDGE_ROW_7_Right_7, 107.64, 32.64, 8.25924e-05
PHY_EDGE_ROW_8_Right_8, 107.64, 32.64, 8.25924e-05
output95, 107.64, 32.64, 8.25924e-05
_697_, 47.84, 32.64, 6.81241e-05
FILLER_0_9_97, 47.84, 32.64, 6.81241e-05
_698_, 53.36, 32.64, 8.96884e-05
_705_, 53.36, 32.64, 8.96884e-05
_710_, 53.36, 32.64, 8.96884e-05
_707_, 60.26, 32.64, 0.000112206
_721_, 60.26, 32.64, 0.000112206
FILLER_0_8_117, 60.26, 32.64, 0.000112206
_876_, 89.24, 32.64, 0.000104591
_702_, 37.26, 32.64, 7.98928e-05
FILLER_0_7_71, 37.26, 32.64, 7.98928e-05
FILLER_0_8_75, 37.26, 32.64, 7.98928e-05
_448_, 66.24, 32.64, 0.000129366
_706_, 66.24, 32.64, 0.000129366
_773_, 66.24, 32.64, 0.000129366
_800_, 66.24, 32.64, 0.000129366
_917_, 66.24, 32.64, 0.000129366
FILLER_0_7_133, 66.24, 32.64, 0.000129366
_835_, 92, 32.64, 9.81697e-05
_942_, 92, 32.64, 9.81697e-05
hold7, 92, 32.64, 9.81697e-05
_798_, 13.552, 32.64, 0.000111901
_806_, 13.552, 32.64, 0.000111901
_820_, 13.552, 32.64, 0.000111901
_932_, 13.552, 32.64, 0.000111901
hold27, 13.552, 32.64, 0.000111901
FILLER_0_8_9, 13.552, 32.64, 0.000111901
FILLER_0_8_17, 13.552, 32.64, 0.000111901
FILLER_0_9_14, 13.552, 32.64, 0.000111901
_782_, 29.422, 32.64, 8.77197e-05
_794_, 29.422, 32.64, 8.77197e-05
_795_, 29.422, 32.64, 8.77197e-05
_931_, 29.422, 32.64, 8.77197e-05
FILLER_0_7_52, 29.422, 32.64, 8.77197e-05
FILLER_0_7_57, 29.422, 32.64, 8.77197e-05
_767_, 80.942, 32.64, 0.000119181
_769_, 80.942, 32.64, 0.000119181
_870_, 80.942, 32.64, 0.000119181
_871_, 80.942, 32.64, 0.000119181
_872_, 80.942, 32.64, 0.000119181
_955_, 80.942, 32.64, 0.000119181
FILLER_0_9_165, 80.942, 32.64, 0.000119181
_939_, 5.52, 27.2, 0.000130832
PHY_EDGE_ROW_5_Left_42, 5.52, 27.2, 0.000130832
PHY_EDGE_ROW_6_Left_43, 5.52, 27.2, 0.000130832
output76, 5.52, 27.2, 0.000130832
_825_, 107.64, 27.2, 4.21988e-05
PHY_EDGE_ROW_5_Right_5, 107.64, 27.2, 4.21988e-05
PHY_EDGE_ROW_6_Right_6, 107.64, 27.2, 4.21988e-05
_819_, 12.42, 27.2, 0.000116221
_821_, 12.42, 27.2, 0.000116221
FILLER_0_6_20, 12.42, 27.2, 0.000116221
_785_, 17.94, 27.2, 0.000101329
_928_, 17.94, 27.2, 0.000101329
FILLER_0_7_29, 17.94, 27.2, 0.000101329
_777_, 34.35, 27.2, 8.35861e-05
_779_, 34.35, 27.2, 8.35861e-05
_789_, 34.35, 27.2, 8.35861e-05
_855_, 34.35, 27.2, 8.35861e-05
_857_, 34.35, 27.2, 8.35861e-05
FILLER_0_6_67, 34.35, 27.2, 8.35861e-05
_768_, 59.88, 27.2, 7.20219e-05
_861_, 59.88, 27.2, 7.20219e-05
_865_, 59.88, 27.2, 7.20219e-05
FILLER_0_5_120, 59.88, 27.2, 7.20219e-05
FILLER_0_6_118, 59.88, 27.2, 7.20219e-05
_832_, 85.41, 27.2, 6.87189e-05
_867_, 85.41, 27.2, 6.87189e-05
_868_, 85.41, 27.2, 6.87189e-05
_954_, 85.41, 27.2, 6.87189e-05
FILLER_0_6_170, 85.41, 27.2, 6.87189e-05
PHY_EDGE_ROW_3_Left_40, 5.52, 21.76, 0.000104392
PHY_EDGE_ROW_4_Left_41, 5.52, 21.76, 0.000104392
output68, 5.52, 21.76, 0.000104392
output124, 5.52, 21.76, 0.000104392
PHY_EDGE_ROW_3_Right_3, 107.64, 21.76, 7.94829e-05
PHY_EDGE_ROW_4_Right_4, 107.64, 21.76, 7.94829e-05
input33, 107.64, 21.76, 7.94829e-05
output77, 107.64, 21.76, 7.94829e-05
FILLER_0_4_21, 13.8, 21.76, 8.74818e-05
FILLER_0_4_29, 19.32, 21.76, 7.61185e-05
_781_, 24.84, 21.76, 8.31254e-05
_927_, 24.84, 21.76, 8.31254e-05
_834_, 87.4, 21.76, 8.90714e-05
_943_, 92.92, 21.76, 8.20072e-05
FILLER_0_4_189, 92.92, 21.76, 8.20072e-05
_940_, 98.44, 21.76, 7.09017e-05
output116, 98.44, 21.76, 7.09017e-05
FILLER_0_3_208, 98.44, 21.76, 7.09017e-05
FILLER_0_4_205, 98.44, 21.76, 7.09017e-05
input39, 12.42, 21.76, 9.03226e-05
_851_, 51.06, 21.76, 9.20809e-05
_866_, 51.06, 21.76, 9.20809e-05
_953_, 51.06, 21.76, 9.20809e-05
FILLER_0_3_97, 51.06, 21.76, 9.20809e-05
FILLER_0_4_108, 51.06, 21.76, 9.20809e-05
_836_, 80.04, 21.76, 9.38094e-05
_846_, 80.04, 21.76, 9.38094e-05
_869_, 80.04, 21.76, 9.38094e-05
_845_, 85.56, 21.76, 9.06083e-05
_778_, 35.977, 21.76, 0.000100373
_856_, 35.977, 21.76, 0.000100373
_926_, 35.977, 21.76, 0.000100373
_950_, 35.977, 21.76, 0.000100373
hold21, 35.977, 21.76, 0.000100373
_772_, 61.852, 21.76, 0.000113182
_774_, 61.852, 21.76, 0.000113182
_775_, 61.852, 21.76, 0.000113182
_776_, 61.852, 21.76, 0.000113182
_833_, 61.852, 21.76, 0.000113182
_925_, 61.852, 21.76, 0.000113182
FILLER_0_3_122, 61.852, 21.76, 0.000113182
FILLER_0_4_120, 61.852, 21.76, 0.000113182
PHY_EDGE_ROW_1_Left_38, 5.52, 16.32, 0.000106143
PHY_EDGE_ROW_2_Left_39, 5.52, 16.32, 0.000106143
output84, 5.52, 16.32, 0.000106143
output96, 5.52, 16.32, 0.000106143
PHY_EDGE_ROW_1_Right_1, 107.64, 16.32, 6.7229e-05
PHY_EDGE_ROW_2_Right_2, 107.64, 16.32, 6.7229e-05
output78, 107.64, 16.32, 6.7229e-05
output83, 107.64, 16.32, 6.7229e-05
clkbuf_3_0__f_clk, 26.22, 16.32, 8.67775e-05
FILLER_0_1_51, 26.22, 16.32, 8.67775e-05
FILLER_0_2_41, 26.22, 16.32, 8.67775e-05
FILLER_0_3_48, 26.22, 16.32, 8.67775e-05
input45, 13.34, 16.32, 8.98646e-05
FILLER_0_1_17, 13.34, 16.32, 8.98646e-05
FILLER_0_2_23, 13.34, 16.32, 8.98646e-05
FILLER_0_1_188, 91.54, 16.32, 5.68931e-05
FILLER_0_2_193, 91.54, 16.32, 5.68931e-05
_839_, 36.667, 16.32, 8.1081e-05
_852_, 36.667, 16.32, 8.1081e-05
_853_, 36.667, 16.32, 8.1081e-05
_854_, 36.667, 16.32, 8.1081e-05
_862_, 59.88, 16.32, 7.63744e-05
_863_, 59.88, 16.32, 7.63744e-05
_952_, 59.88, 16.32, 7.63744e-05
hold30, 59.88, 16.32, 7.63744e-05
_844_, 80.942, 16.32, 6.98475e-05
_847_, 80.942, 16.32, 6.98475e-05
_946_, 80.942, 16.32, 6.98475e-05
PHY_EDGE_ROW_0_Left_37, 5.52, 10.88, 0.000170065
input58, 5.52, 10.88, 0.000170065
output73, 5.52, 10.88, 0.000170065
output111, 5.52, 10.88, 0.000170065
PHY_EDGE_ROW_0_Right_0, 107.64, 10.88, 8.52781e-05
FILLER_0_0_215, 107.64, 10.88, 8.52781e-05
input55, 13.552, 10.88, 0.000153351
output80, 13.552, 10.88, 0.000153351
output88, 13.552, 10.88, 0.000153351
output104, 13.552, 10.88, 0.000153351
_949_, 34.35, 10.88, 0.000125967
input24, 34.35, 10.88, 0.000125967
input52, 34.35, 10.88, 0.000125967
output66, 34.35, 10.88, 0.000125967
output120, 34.35, 10.88, 0.000125967
FILLER_0_1_57, 34.35, 10.88, 0.000125967
_945_, 59.88, 10.88, 0.000121505
input1, 59.88, 10.88, 0.000121505
input57, 59.88, 10.88, 0.000121505
output79, 59.88, 10.88, 0.000121505
output114, 59.88, 10.88, 0.000121505
output121, 59.88, 10.88, 0.000121505
FILLER_0_1_113, 59.88, 10.88, 0.000121505
FILLER_0_1_121, 59.88, 10.88, 0.000121505
_843_, 85.41, 10.88, 0.000101429
input16, 85.41, 10.88, 0.000101429
input47, 85.41, 10.88, 0.000101429
output87, 85.41, 10.88, 0.000101429
output128, 85.41, 10.88, 0.000101429
FILLER_0_0_163, 85.41, 10.88, 0.000101429

