
===========================================================================
 report_power
============================================================================
======================= Fastest Corner ===================================

Group                  Internal  Switching    Leakage      Total
                          Power      Power      Power      Power (Watts)
----------------------------------------------------------------
Sequential             2.75e-04   1.51e-04   1.11e-09   4.25e-04  24.6%
Combinational          6.03e-04   7.02e-04   5.86e-09   1.30e-03  75.4%
Macro                  0.00e+00   0.00e+00   0.00e+00   0.00e+00   0.0%
Pad                    0.00e+00   0.00e+00   0.00e+00   0.00e+00   0.0%
----------------------------------------------------------------
Total                  8.77e-04   8.53e-04   6.97e-09   1.73e-03 100.0%
                          50.7%      49.3%       0.0%

======================= Slowest Corner ===================================

Group                  Internal  Switching    Leakage      Total
                          Power      Power      Power      Power (Watts)
----------------------------------------------------------------
Sequential             1.89e-04   9.99e-05   1.08e-06   2.90e-04  24.1%
Combinational          4.47e-04   4.63e-04   2.96e-06   9.13e-04  75.9%
Macro                  0.00e+00   0.00e+00   0.00e+00   0.00e+00   0.0%
Pad                    0.00e+00   0.00e+00   0.00e+00   0.00e+00   0.0%
----------------------------------------------------------------
Total                  6.36e-04   5.63e-04   4.04e-06   1.20e-03 100.0%
                          52.8%      46.8%       0.3%

======================= Typical Corner ===================================

Group                  Internal  Switching    Leakage      Total
                          Power      Power      Power      Power (Watts)
----------------------------------------------------------------
Sequential             2.39e-04   1.27e-04   6.16e-10   3.66e-04  24.4%
Combinational          5.45e-04   5.92e-04   3.21e-09   1.14e-03  75.6%
Macro                  0.00e+00   0.00e+00   0.00e+00   0.00e+00   0.0%
Pad                    0.00e+00   0.00e+00   0.00e+00   0.00e+00   0.0%
----------------------------------------------------------------
Total                  7.85e-04   7.19e-04   3.82e-09   1.50e-03 100.0%
                          52.2%      47.8%       0.0%

