
===========================================================================
report_checks -unconstrained
===========================================================================
======================= Typical Corner ===================================

Startpoint: mcand[3] (input port clocked by clk)
Endpoint: product[30] (output port clocked by clk)
Path Group: clk
Path Type: max

Fanout     Cap    Slew   Delay    Time   Description
-----------------------------------------------------------------------------
                  0.00    0.00    0.00   clock clk (rise edge)
                          0.00    0.00   clock network delay (ideal)
                         20.00   20.00 ^ input external delay
                  0.02    0.01   20.01 ^ mcand[3] (in)
     1    0.00                           mcand[3] (net)
                  0.02    0.00   20.01 ^ input10/A (sky130_fd_sc_hd__dlymetal6s2s_1)
                  0.18    0.18   20.19 ^ input10/X (sky130_fd_sc_hd__dlymetal6s2s_1)
     5    0.02                           net10 (net)
                  0.18    0.00   20.19 ^ _1394_/A (sky130_fd_sc_hd__clkbuf_2)
                  0.13    0.22   20.41 ^ _1394_/X (sky130_fd_sc_hd__clkbuf_2)
    10    0.02                           _1290_ (net)
                  0.13    0.00   20.41 ^ _1601_/A (sky130_fd_sc_hd__buf_2)
                  0.15    0.23   20.64 ^ _1601_/X (sky130_fd_sc_hd__buf_2)
    10    0.03                           _0643_ (net)
                  0.15    0.00   20.64 ^ _1602_/B2 (sky130_fd_sc_hd__a22o_1)
                  0.04    0.15   20.79 ^ _1602_/X (sky130_fd_sc_hd__a22o_1)
     1    0.00                           _0644_ (net)
                  0.04    0.00   20.79 ^ _1603_/B1_N (sky130_fd_sc_hd__a21bo_1)
                  0.05    0.21   21.00 v _1603_/X (sky130_fd_sc_hd__a21bo_1)
     2    0.01                           _0645_ (net)
                  0.05    0.00   21.00 v _1654_/B1 (sky130_fd_sc_hd__o2bb2a_1)
                  0.08    0.34   21.34 v _1654_/X (sky130_fd_sc_hd__o2bb2a_1)
     2    0.01                           _0695_ (net)
                  0.08    0.00   21.34 v _1660_/A (sky130_fd_sc_hd__xor2_1)
                  0.20    0.23   21.57 ^ _1660_/X (sky130_fd_sc_hd__xor2_1)
     2    0.01                           _0701_ (net)
                  0.20    0.00   21.57 ^ _1661_/B (sky130_fd_sc_hd__xor2_1)
                  0.21    0.25   21.82 ^ _1661_/X (sky130_fd_sc_hd__xor2_1)
     3    0.01                           _0702_ (net)
                  0.21    0.00   21.82 ^ _1715_/A (sky130_fd_sc_hd__nand3_1)
                  0.10    0.13   21.94 v _1715_/Y (sky130_fd_sc_hd__nand3_1)
     2    0.01                           _0755_ (net)
                  0.10    0.00   21.94 v _1755_/A2 (sky130_fd_sc_hd__a211o_1)
                  0.08    0.36   22.30 v _1755_/X (sky130_fd_sc_hd__a211o_1)
     3    0.01                           _0795_ (net)
                  0.08    0.00   22.30 v _1757_/B (sky130_fd_sc_hd__and3_1)
                  0.08    0.23   22.53 v _1757_/X (sky130_fd_sc_hd__and3_1)
     5    0.01                           _0797_ (net)
                  0.08    0.00   22.53 v _1760_/A1 (sky130_fd_sc_hd__o211a_1)
                  0.05    0.26   22.79 v _1760_/X (sky130_fd_sc_hd__o211a_1)
     2    0.01                           _0800_ (net)
                  0.05    0.00   22.79 v _1761_/C (sky130_fd_sc_hd__or3_2)
                  0.12    0.50   23.29 v _1761_/X (sky130_fd_sc_hd__or3_2)
     5    0.02                           _0801_ (net)
                  0.12    0.00   23.29 v _1835_/A2 (sky130_fd_sc_hd__a211o_2)
                  0.10    0.45   23.74 v _1835_/X (sky130_fd_sc_hd__a211o_2)
     4    0.03                           _0874_ (net)
                  0.10    0.00   23.74 v _1837_/B (sky130_fd_sc_hd__and3_1)
                  0.05    0.21   23.95 v _1837_/X (sky130_fd_sc_hd__and3_1)
     2    0.01                           _0876_ (net)
                  0.05    0.00   23.95 v _1839_/A (sky130_fd_sc_hd__nor2_1)
                  0.22    0.21   24.16 ^ _1839_/Y (sky130_fd_sc_hd__nor2_1)
     2    0.01                           _0878_ (net)
                  0.22    0.00   24.16 ^ _1980_/B1 (sky130_fd_sc_hd__o211a_1)
                  0.11    0.25   24.41 ^ _1980_/X (sky130_fd_sc_hd__o211a_1)
     2    0.01                           _1019_ (net)
                  0.11    0.00   24.41 ^ _2131_/A2 (sky130_fd_sc_hd__a311o_2)
                  0.13    0.27   24.68 ^ _2131_/X (sky130_fd_sc_hd__a311o_2)
     4    0.02                           _1182_ (net)
                  0.13    0.00   24.68 ^ _2403_/A1 (sky130_fd_sc_hd__a31oi_4)
                  0.11    0.14   24.82 v _2403_/Y (sky130_fd_sc_hd__a31oi_4)
     4    0.02                           _0109_ (net)
                  0.11    0.00   24.82 v _2605_/A1 (sky130_fd_sc_hd__o21a_2)
                  0.08    0.30   25.13 v _2605_/X (sky130_fd_sc_hd__o21a_2)
     4    0.02                           _0327_ (net)
                  0.08    0.00   25.13 v _2732_/A1 (sky130_fd_sc_hd__o31a_1)
                  0.09    0.37   25.50 v _2732_/X (sky130_fd_sc_hd__o31a_1)
     3    0.01                           _0462_ (net)
                  0.09    0.00   25.50 v _2758_/A2 (sky130_fd_sc_hd__o31ai_2)
                  0.25    0.30   25.80 ^ _2758_/Y (sky130_fd_sc_hd__o31ai_2)
     2    0.01                           _0488_ (net)
                  0.25    0.00   25.80 ^ _2759_/B (sky130_fd_sc_hd__xor2_1)
                  0.15    0.21   26.01 ^ _2759_/X (sky130_fd_sc_hd__xor2_1)
     1    0.00                           net56 (net)
                  0.15    0.00   26.01 ^ output56/A (sky130_fd_sc_hd__buf_2)
                  0.17    0.25   26.26 ^ output56/X (sky130_fd_sc_hd__buf_2)
     1    0.03                           product[30] (net)
                  0.17    0.00   26.26 ^ product[30] (out)
                                 26.26   data arrival time

                  0.00  100.00  100.00   clock clk (rise edge)
                          0.00  100.00   clock network delay (ideal)
                         -0.25   99.75   clock uncertainty
                          0.00   99.75   clock reconvergence pessimism
                        -20.00   79.75   output external delay
                                 79.75   data required time
-----------------------------------------------------------------------------
                                 79.75   data required time
                                -26.26   data arrival time
-----------------------------------------------------------------------------
                                 53.49   slack (MET)




===========================================================================
report_checks --slack_max -0.01
============================================================================
======================= Typical Corner ===================================

No paths found.


===========================================================================
 report_check_types -max_slew -max_cap -max_fanout -violators
============================================================================
======================= Typical Corner ===================================



===========================================================================
report_parasitic_annotation -report_unannotated
============================================================================
Found 1498 unannotated drivers.
 mcand[0]
 mcand[10]
 mcand[11]
 mcand[12]
 mcand[13]
 mcand[14]
 mcand[15]
 mcand[1]
 mcand[2]
 mcand[3]
 mcand[4]
 mcand[5]
 mcand[6]
 mcand[7]
 mcand[8]
 mcand[9]
 mplier[0]
 mplier[10]
 mplier[11]
 mplier[12]
 mplier[13]
 mplier[14]
 mplier[15]
 mplier[1]
 mplier[2]
 mplier[3]
 mplier[4]
 mplier[5]
 mplier[6]
 mplier[7]
 mplier[8]
 mplier[9]
 _1367_/X
 _1368_/X
 _1369_/X
 _1370_/X
 _1371_/X
 _1372_/X
 _1373_/X
 _1374_/X
 _1375_/X
 _1376_/X
 _1377_/X
 _1378_/X
 _1379_/X
 _1380_/X
 _1381_/Y
 _1382_/X
 _1383_/X
 _1384_/X
 _1385_/X
 _1386_/Y
 _1387_/Y
 _1388_/X
 _1389_/X
 _1390_/Y
 _1391_/X
 _1392_/X
 _1393_/X
 _1394_/X
 _1395_/X
 _1396_/X
 _1397_/X
 _1398_/X
 _1399_/X
 _1400_/X
 _1401_/X
 _1402_/Y
 _1403_/Y
 _1404_/Y
 _1405_/Y
 _1406_/Y
 _1407_/X
 _1408_/Y
 _1409_/Y
 _1410_/X
 _1411_/Y
 _1412_/X
 _1413_/X
 _1414_/Y
 _1415_/X
 _1416_/Y
 _1417_/X
 _1418_/Y
 _1419_/X
 _1420_/Y
 _1421_/X
 _1422_/X
 _1423_/X
 _1424_/X
 _1425_/Y
 _1426_/Y
 _1427_/Y
 _1428_/Y
 _1429_/Y
 _1430_/X
 _1431_/X
 _1432_/X
 _1433_/Y
 _1434_/X
 _1435_/Y
 _1436_/Y
 _1437_/Y
 _1438_/X
 _1439_/X
 _1440_/Y
 _1441_/X
 _1442_/Y
 _1443_/X
 _1444_/X
 _1445_/Y
 _1446_/X
 _1447_/Y
 _1448_/X
 _1449_/X
 _1450_/X
 _1451_/X
 _1452_/X
 _1453_/Y
 _1454_/X
 _1455_/Y
 _1456_/Y
 _1457_/X
 _1458_/X
 _1459_/X
 _1460_/X
 _1461_/X
 _1462_/Y
 _1463_/X
 _1464_/X
 _1465_/X
 _1466_/X
 _1467_/Y
 _1468_/Y
 _1469_/X
 _1470_/X
 _1471_/Y
 _1472_/X
 _1473_/Y
 _1474_/X
 _1475_/X
 _1476_/Y
 _1477_/X
 _1478_/Y
 _1479_/X
 _1480_/X
 _1481_/X
 _1482_/Y
 _1483_/X
 _1484_/Y
 _1485_/X
 _1486_/Y
 _1487_/X
 _1488_/X
 _1489_/X
 _1490_/Y
 _1491_/X
 _1492_/Y
 _1493_/X
 _1494_/X
 _1495_/Y
 _1496_/Y
 _1497_/X
 _1498_/X
 _1499_/Y
 _1500_/X
 _1501_/X
 _1502_/Y
 _1503_/X
 _1504_/Y
 _1505_/X
 _1506_/X
 _1507_/X
 _1508_/Y
 _1509_/Y
 _1510_/X
 _1511_/X
 _1512_/Y
 _1513_/X
 _1514_/X
 _1515_/X
 _1516_/X
 _1517_/Y
 _1518_/X
 _1519_/Y
 _1520_/X
 _1521_/X
 _1522_/X
 _1523_/Y
 _1524_/X
 _1525_/X
 _1526_/X
 _1527_/Y
 _1528_/Y
 _1529_/X
 _1530_/X
 _1531_/Y
 _1532_/X
 _1533_/X
 _1534_/X
 _1535_/Y
 _1536_/Y
 _1537_/Y
 _1538_/Y
 _1539_/Y
 _1540_/X
 _1541_/Y
 _1542_/Y
 _1543_/X
 _1544_/X
 _1545_/Y
 _1546_/X
 _1547_/Y
 _1548_/X
 _1549_/X
 _1550_/Y
 _1551_/X
 _1552_/Y
 _1553_/X
 _1554_/X
 _1555_/X
 _1556_/Y
 _1557_/Y
 _1558_/X
 _1559_/Y
 _1560_/X
 _1561_/X
 _1562_/Y
 _1563_/X
 _1564_/X
 _1565_/X
 _1566_/X
 _1567_/Y
 _1568_/Y
 _1569_/X
 _1570_/X
 _1571_/X
 _1572_/X
 _1573_/Y
 _1574_/Y
 _1575_/Y
 _1576_/X
 _1577_/Y
 _1578_/Y
 _1579_/Y
 _1580_/X
 _1581_/X
 _1582_/X
 _1583_/Y
 _1584_/Y
 _1585_/X
 _1586_/X
 _1587_/X
 _1588_/Y
 _1589_/X
 _1590_/X
 _1591_/X
 _1592_/Y
 _1593_/Y
 _1594_/X
 _1595_/X
 _1596_/X
 _1597_/Y
 _1598_/X
 _1599_/X
 _1600_/X
 _1601_/X
 _1602_/X
 _1603_/X
 _1604_/X
 _1605_/X
 _1606_/X
 _1607_/X
 _1608_/X
 _1609_/X
 _1610_/Y
 _1611_/X
 _1612_/Y
 _1613_/X
 _1614_/X
 _1615_/Y
 _1616_/X
 _1617_/Y
 _1618_/X
 _1619_/X
 _1620_/Y
 _1621_/X
 _1622_/Y
 _1623_/X
 _1624_/Y
 _1625_/X
 _1626_/Y
 _1627_/X
 _1628_/X
 _1629_/Y
 _1630_/Y
 _1631_/X
 _1632_/Y
 _1633_/Y
 _1634_/X
 _1635_/Y
 _1636_/Y
 _1637_/X
 _1638_/Y
 _1639_/X
 _1640_/X
 _1641_/X
 _1642_/X
 _1643_/X
 _1644_/X
 _1645_/Y
 _1646_/X
 _1647_/Y
 _1648_/Y
 _1649_/X
 _1650_/X
 _1651_/X
 _1652_/X
 _1653_/X
 _1654_/X
 _1655_/X
 _1656_/Y
 _1657_/X
 _1658_/X
 _1659_/X
 _1660_/X
 _1661_/X
 _1662_/X
 _1663_/X
 _1664_/X
 _1665_/Y
 _1666_/X
 _1667_/X
 _1668_/X
 _1669_/Y
 _1670_/X
 _1671_/X
 _1672_/Y
 _1673_/X
 _1674_/Y
 _1675_/X
 _1676_/X
 _1677_/Y
 _1678_/X
 _1679_/Y
 _1680_/X
 _1681_/X
 _1682_/Y
 _1683_/X
 _1684_/X
 _1685_/Y
 _1686_/X
 _1687_/Y
 _1688_/X
 _1689_/Y
 _1690_/Y
 _1691_/Y
 _1692_/X
 _1693_/Y
 _1694_/X
 _1695_/X
 _1696_/Y
 _1697_/Y
 _1698_/Y
 _1699_/X
 _1700_/Y
 _1701_/Y
 _1702_/Y
 _1703_/X
 _1704_/X
 _1705_/X
 _1706_/X
 _1707_/X
 _1708_/Y
 _1709_/Y
 _1710_/Y
 _1711_/X
 _1712_/Y
 _1713_/X
 _1714_/Y
 _1715_/Y
 _1716_/X
 _1717_/X
 _1718_/X
 _1719_/X
 _1720_/X
 _1721_/X
 _1722_/X
 _1723_/X
 _1724_/Y
 _1725_/Y
 _1726_/X
 _1727_/X
 _1728_/Y
 _1729_/Y
 _1730_/X
 _1731_/Y
 _1732_/X
 _1733_/X
 _1734_/X
 _1735_/Y
 _1736_/Y
 _1737_/Y
 _1738_/X
 _1739_/X
 _1740_/X
 _1741_/Y
 _1742_/X
 _1743_/Y
 _1744_/X
 _1745_/X
 _1746_/Y
 _1747_/X
 _1748_/Y
 _1749_/X
 _1750_/X
 _1751_/Y
 _1752_/X
 _1753_/X
 _1754_/Y
 _1755_/X
 _1756_/Y
 _1757_/X
 _1758_/Y
 _1759_/Y
 _1760_/X
 _1761_/X
 _1762_/Y
 _1763_/Y
 _1764_/X
 _1765_/Y
 _1766_/X
 _1767_/Y
 _1768_/X
 _1769_/X
 _1770_/X
 _1771_/Y
 _1772_/X
 _1773_/X
 _1774_/Y
 _1775_/X
 _1776_/X
 _1777_/X
 _1778_/Y
 _1779_/Y
 _1780_/Y
 _1781_/X
 _1782_/X
 _1783_/X
 _1784_/Y
 _1785_/Y
 _1786_/X
 _1787_/X
 _1788_/X
 _1789_/Y
 _1790_/X
 _1791_/X
 _1792_/Y
 _1793_/Y
 _1794_/Y
 _1795_/Y
 _1796_/X
 _1797_/X
 _1798_/Y
 _1799_/X
 _1800_/X
 _1801_/X
 _1802_/X
 _1803_/Y
 _1804_/Y
 _1805_/X
 _1806_/Y
 _1807_/X
 _1808_/X
 _1809_/X
 _1810_/Y
 _1811_/X
 _1812_/X
 _1813_/Y
 _1814_/X
 _1815_/Y
 _1816_/X
 _1817_/X
 _1818_/Y
 _1819_/X
 _1820_/Y
 _1821_/X
 _1822_/X
 _1823_/Y
 _1824_/X
 _1825_/X
 _1826_/Y
 _1827_/Y
 _1828_/X
 _1829_/X
 _1830_/Y
 _1831_/X
 _1832_/Y
 _1833_/Y
 _1834_/X
 _1835_/X
 _1836_/Y
 _1837_/X
 _1838_/Y
 _1839_/Y
 _1840_/Y
 _1841_/Y
 _1842_/X
 _1843_/X
 _1844_/X
 _1845_/Y
 _1846_/X
 _1847_/X
 _1848_/X
 _1849_/X
 _1850_/X
 _1851_/Y
 _1852_/X
 _1853_/Y
 _1854_/Y
 _1855_/X
 _1856_/X
 _1857_/X
 _1858_/X
 _1859_/X
 _1860_/X
 _1861_/Y
 _1862_/Y
 _1863_/X
 _1864_/Y
 _1865_/X
 _1866_/Y
 _1867_/X
 _1868_/X
 _1869_/X
 _1870_/Y
 _1871_/Y
 _1872_/X
 _1873_/X
 _1874_/X
 _1875_/X
 _1876_/X
 _1877_/Y
 _1878_/X
 _1879_/X
 _1880_/X
 _1881_/X
 _1882_/Y
 _1883_/X
 _1884_/X
 _1885_/X
 _1886_/Y
 _1887_/Y
 _1888_/X
 _1889_/X
 _1890_/Y
 _1891_/X
 _1892_/Y
 _1893_/X
 _1894_/X
 _1895_/Y
 _1896_/X
 _1897_/X
 _1898_/Y
 _1899_/Y
 _1900_/X
 _1901_/Y
 _1902_/X
 _1903_/X
 _1904_/Y
 _1905_/Y
 _1906_/X
 _1907_/Y
 _1908_/X
 _1909_/Y
 _1910_/X
 _1911_/X
 _1912_/Y
 _1913_/Y
 _1914_/X
 _1915_/X
 _1916_/Y
 _1917_/Y
 _1918_/X
 _1919_/Y
 _1920_/X
 _1921_/Y
 _1922_/Y
 _1923_/Y
 _1924_/X
 _1925_/X
 _1926_/Y
 _1927_/Y
 _1928_/X
 _1929_/X
 _1930_/Y
 _1931_/X
 _1932_/Y
 _1933_/X
 _1934_/X
 _1935_/Y
 _1936_/Y
 _1937_/X
 _1938_/Y
 _1939_/Y
 _1940_/X
 _1941_/Y
 _1942_/Y
 _1943_/X
 _1944_/X
 _1945_/X
 _1946_/X
 _1947_/Y
 _1948_/Y
 _1949_/X
 _1950_/X
 _1951_/X
 _1952_/Y
 _1953_/X
 _1954_/X
 _1955_/X
 _1956_/Y
 _1957_/Y
 _1958_/X
 _1959_/X
 _1960_/Y
 _1961_/X
 _1962_/Y
 _1963_/X
 _1964_/X
 _1965_/Y
 _1966_/X
 _1967_/X
 _1968_/Y
 _1969_/Y
 _1970_/X
 _1971_/X
 _1972_/Y
 _1973_/Y
 _1974_/X
 _1975_/Y
 _1976_/X
 _1977_/Y
 _1978_/X
 _1979_/X
 _1980_/X
 _1981_/Y
 _1982_/Y
 _1983_/X
 _1984_/X
 _1985_/Y
 _1986_/Y
 _1987_/X
 _1988_/Y
 _1989_/X
 _1990_/X
 _1991_/X
 _1992_/X
 _1993_/Y
 _1994_/Y
 _1995_/X
 _1996_/Y
 _1997_/X
 _1998_/Y
 _1999_/Y
 _2000_/Y
 _2001_/X
 _2002_/X
 _2003_/Y
 _2004_/Y
 _2005_/X
 _2006_/X
 _2007_/Y
 _2008_/X
 _2009_/Y
 _2010_/X
 _2011_/X
 _2012_/Y
 _2013_/Y
 _2014_/Y
 _2015_/X
 _2016_/Y
 _2017_/Y
 _2018_/X
 _2019_/Y
 _2020_/Y
 _2021_/X
 _2022_/X
 _2023_/X
 _2024_/X
 _2025_/Y
 _2026_/X
 _2027_/Y
 _2028_/X
 _2029_/X
 _2030_/X
 _2031_/Y
 _2032_/X
 _2033_/X
 _2034_/Y
 _2035_/Y
 _2036_/X
 _2037_/X
 _2038_/Y
 _2039_/X
 _2040_/Y
 _2041_/X
 _2042_/X
 _2043_/Y
 _2044_/X
 _2045_/X
 _2046_/Y
 _2047_/X
 _2048_/Y
 _2049_/Y
 _2050_/X
 _2051_/Y
 _2052_/X
 _2053_/X
 _2054_/Y
 _2055_/Y
 _2056_/X
 _2057_/X
 _2058_/Y
 _2059_/X
 _2060_/X
 _2061_/X
 _2062_/Y
 _2063_/X
 _2064_/X
 _2065_/X
 _2066_/X
 _2067_/Y
 _2068_/X
 _2069_/Y
 _2070_/Y
 _2071_/Y
 _2072_/X
 _2073_/X
 _2074_/Y
 _2075_/X
 _2076_/Y
 _2077_/Y
 _2078_/Y
 _2079_/X
 _2080_/X
 _2081_/Y
 _2082_/Y
 _2083_/X
 _2084_/X
 _2085_/Y
 _2086_/X
 _2087_/Y
 _2088_/X
 _2089_/X
 _2090_/Y
 _2091_/Y
 _2092_/Y
 _2093_/X
 _2094_/Y
 _2095_/X
 _2096_/Y
 _2097_/Y
 _2098_/X
 _2099_/X
 _2100_/X
 _2101_/X
 _2102_/Y
 _2103_/X
 _2104_/X
 _2105_/X
 _2106_/Y
 _2107_/Y
 _2108_/Y
 _2109_/Y
 _2110_/X
 _2111_/X
 _2112_/X
 _2113_/Y
 _2114_/Y
 _2115_/X
 _2116_/X
 _2117_/Y
 _2118_/Y
 _2119_/X
 _2120_/Y
 _2121_/X
 _2122_/Y
 _2123_/X
 _2124_/Y
 _2125_/Y
 _2126_/Y
 _2127_/X
 _2128_/Y
 _2129_/X
 _2130_/X
 _2131_/X
 _2132_/Y
 _2133_/X
 _2134_/X
 _2135_/X
 _2136_/X
 _2137_/Y
 _2138_/X
 _2139_/Y
 _2140_/Y
 _2141_/Y
 _2142_/X
 _2143_/X
 _2144_/Y
 _2145_/X
 _2146_/Y
 _2147_/Y
 _2148_/Y
 _2149_/X
 _2150_/Y
 _2151_/Y
 _2152_/X
 _2153_/X
 _2154_/Y
 _2155_/X
 _2156_/Y
 _2157_/X
 _2158_/X
 _2159_/Y
 _2160_/Y
 _2161_/X
 _2162_/Y
 _2163_/Y
 _2164_/X
 _2165_/X
 _2166_/Y
 _2167_/X
 _2168_/X
 _2169_/Y
 _2170_/X
 _2171_/X
 _2172_/X
 _2173_/Y
 _2174_/X
 _2175_/X
 _2176_/Y
 _2177_/Y
 _2178_/X
 _2179_/Y
 _2180_/X
 _2181_/X
 _2182_/Y
 _2183_/X
 _2184_/X
 _2185_/Y
 _2186_/Y
 _2187_/Y
 _2188_/X
 _2189_/X
 _2190_/Y
 _2191_/X
 _2192_/Y
 _2193_/Y
 _2194_/Y
 _2195_/Y
 _2196_/X
 _2197_/X
 _2198_/Y
 _2199_/X
 _2200_/X
 _2201_/X
 _2202_/X
 _2203_/Y
 _2204_/X
 _2205_/X
 _2206_/Y
 _2207_/X
 _2208_/Y
 _2209_/Y
 _2210_/Y
 _2211_/X
 _2212_/X
 _2213_/Y
 _2214_/X
 _2215_/Y
 _2216_/Y
 _2217_/Y
 _2218_/X
 _2219_/Y
 _2220_/Y
 _2221_/X
 _2222_/X
 _2223_/Y
 _2224_/Y
 _2225_/X
 _2226_/X
 _2227_/Y
 _2228_/Y
 _2229_/X
 _2230_/Y
 _2231_/Y
 _2232_/X
 _2233_/X
 _2234_/X
 _2235_/Y
 _2236_/X
 _2237_/Y
 _2238_/Y
 _2239_/X
 _2240_/Y
 _2241_/X
 _2242_/X
 _2243_/X
 _2244_/X
 _2245_/Y
 _2246_/Y
 _2247_/Y
 _2248_/X
 _2249_/X
 _2250_/X
 _2251_/X
 _2252_/Y
 _2253_/Y
 _2254_/X
 _2255_/X
 _2256_/X
 _2257_/X
 _2258_/Y
 _2259_/Y
 _2260_/Y
 _2261_/X
 _2262_/X
 _2263_/Y
 _2264_/Y
 _2265_/X
 _2266_/Y
 _2267_/X
 _2268_/X
 _2269_/X
 _2270_/X
 _2271_/Y
 _2272_/Y
 _2273_/X
 _2274_/Y
 _2275_/X
 _2276_/X
 _2277_/Y
 _2278_/X
 _2279_/Y
 _2280_/Y
 _2281_/X
 _2282_/Y
 _2283_/X
 _2284_/X
 _2285_/X
 _2286_/X
 _2287_/Y
 _2288_/X
 _2289_/Y
 _2290_/X
 _2291_/Y
 _2292_/X
 _2293_/Y
 _2294_/Y
 _2295_/X
 _2296_/Y
 _2297_/X
 _2298_/Y
 _2299_/X
 _2300_/X
 _2301_/Y
 _2302_/X
 _2303_/X
 _2304_/Y
 _2305_/X
 _2306_/Y
 _2307_/Y
 _2308_/X
 _2309_/X
 _2310_/Y
 _2311_/X
 _2312_/Y
 _2313_/Y
 _2314_/X
 _2315_/Y
 _2316_/X
 _2317_/X
 _2318_/Y
 _2319_/X
 _2320_/X
 _2321_/Y
 _2322_/X
 _2323_/X
 _2324_/Y
 _2325_/X
 _2326_/Y
 _2327_/Y
 _2328_/Y
 _2329_/X
 _2330_/X
 _2331_/Y
 _2332_/X
 _2333_/Y
 _2334_/Y
 _2335_/X
 _2336_/Y
 _2337_/Y
 _2338_/X
 _2339_/Y
 _2340_/X
 _2341_/X
 _2342_/Y
 _2343_/X
 _2344_/Y
 _2345_/Y
 _2346_/X
 _2347_/Y
 _2348_/X
 _2349_/Y
 _2350_/Y
 _2351_/X
 _2352_/X
 _2353_/X
 _2354_/Y
 _2355_/X
 _2356_/Y
 _2357_/X
 _2358_/Y
 _2359_/X
 _2360_/Y
 _2361_/X
 _2362_/Y
 _2363_/X
 _2364_/X
 _2365_/X
 _2366_/X
 _2367_/Y
 _2368_/X
 _2369_/Y
 _2370_/X
 _2371_/X
 _2372_/Y
 _2373_/X
 _2374_/Y
 _2375_/Y
 _2376_/X
 _2377_/Y
 _2378_/X
 _2379_/Y
 _2380_/X
 _2381_/X
 _2382_/Y
 _2383_/Y
 _2384_/X
 _2385_/X
 _2386_/Y
 _2387_/Y
 _2388_/X
 _2389_/X
 _2390_/X
 _2391_/X
 _2392_/Y
 _2393_/Y
 _2394_/X
 _2395_/Y
 _2396_/Y
 _2397_/X
 _2398_/X
 _2399_/X
 _2400_/X
 _2401_/X
 _2402_/X
 _2403_/Y
 _2404_/X
 _2405_/X
 _2406_/X
 _2407_/Y
 _2408_/X
 _2409_/X
 _2410_/Y
 _2411_/Y
 _2412_/Y
 _2413_/X
 _2414_/Y
 _2415_/X
 _2416_/X
 _2417_/X
 _2418_/X
 _2419_/X
 _2420_/X
 _2421_/Y
 _2422_/X
 _2423_/Y
 _2424_/X
 _2425_/Y
 _2426_/X
 _2427_/X
 _2428_/Y
 _2429_/X
 _2430_/X
 _2431_/X
 _2432_/X
 _2433_/Y
 _2434_/X
 _2435_/X
 _2436_/X
 _2437_/Y
 _2438_/Y
 _2439_/X
 _2440_/X
 _2441_/Y
 _2442_/Y
 _2443_/X
 _2444_/Y
 _2445_/X
 _2446_/Y
 _2447_/X
 _2448_/X
 _2449_/Y
 _2450_/Y
 _2451_/X
 _2452_/Y
 _2453_/X
 _2454_/Y
 _2455_/Y
 _2456_/X
 _2457_/Y
 _2458_/X
 _2459_/X
 _2460_/X
 _2461_/Y
 _2462_/Y
 _2463_/Y
 _2464_/X
 _2465_/Y
 _2466_/Y
 _2467_/X
 _2468_/X
 _2469_/X
 _2470_/Y
 _2471_/X
 _2472_/X
 _2473_/Y
 _2474_/X
 _2475_/Y
 _2476_/Y
 _2477_/X
 _2478_/Y
 _2479_/Y
 _2480_/Y
 _2481_/X
 _2482_/X
 _2483_/X
 _2484_/X
 _2485_/Y
 _2486_/X
 _2487_/Y
 _2488_/Y
 _2489_/X
 _2490_/Y
 _2491_/X
 _2492_/Y
 _2493_/X
 _2494_/X
 _2495_/Y
 _2496_/Y
 _2497_/X
 _2498_/X
 _2499_/Y
 _2500_/X
 _2501_/Y
 _2502_/X
 _2503_/Y
 _2504_/Y
 _2505_/Y
 _2506_/X
 _2507_/Y
 _2508_/X
 _2509_/Y
 _2510_/X
 _2511_/Y
 _2512_/X
 _2513_/Y
 _2514_/X
 _2515_/Y
 _2516_/X
 _2517_/X
 _2518_/Y
 _2519_/Y
 _2520_/Y
 _2521_/Y
 _2522_/X
 _2523_/Y
 _2524_/Y
 _2525_/Y
 _2526_/Y
 _2527_/X
 _2528_/X
 _2529_/X
 _2530_/X
 _2531_/Y
 _2532_/Y
 _2533_/X
 _2534_/Y
 _2535_/X
 _2536_/X
 _2537_/Y
 _2538_/X
 _2539_/Y
 _2540_/X
 _2541_/Y
 _2542_/X
 _2543_/X
 _2544_/X
 _2545_/Y
 _2546_/Y
 _2547_/Y
 _2548_/X
 _2549_/Y
 _2550_/X
 _2551_/X
 _2552_/Y
 _2553_/X
 _2554_/X
 _2555_/Y
 _2556_/X
 _2557_/Y
 _2558_/Y
 _2559_/X
 _2560_/Y
 _2561_/Y
 _2562_/Y
 _2563_/X
 _2564_/X
 _2565_/Y
 _2566_/Y
 _2567_/X
 _2568_/Y
 _2569_/Y
 _2570_/X
 _2571_/X
 _2572_/Y
 _2573_/Y
 _2574_/Y
 _2575_/Y
 _2576_/Y
 _2577_/X
 _2578_/X
 _2579_/Y
 _2580_/X
 _2581_/Y
 _2582_/X
 _2583_/Y
 _2584_/X
 _2585_/X
 _2586_/Y
 _2587_/X
 _2588_/Y
 _2589_/Y
 _2590_/Y
 _2591_/Y
 _2592_/Y
 _2593_/Y
 _2594_/X
 _2595_/Y
 _2596_/Y
 _2597_/Y
 _2598_/X
 _2599_/X
 _2600_/Y
 _2601_/X
 _2602_/X
 _2603_/Y
 _2604_/Y
 _2605_/X
 _2606_/Y
 _2607_/X
 _2608_/X
 _2609_/Y
 _2610_/Y
 _2611_/X
 _2612_/Y
 _2613_/X
 _2614_/Y
 _2615_/Y
 _2616_/X
 _2617_/X
 _2618_/X
 _2619_/Y
 _2620_/Y
 _2621_/Y
 _2622_/X
 _2623_/X
 _2624_/X
 _2625_/Y
 _2626_/Y
 _2627_/Y
 _2628_/X
 _2629_/Y
 _2630_/X
 _2631_/Y
 _2632_/Y
 _2633_/Y
 _2634_/Y
 _2635_/Y
 _2636_/X
 _2637_/X
 _2638_/Y
 _2639_/X
 _2640_/Y
 _2641_/X
 _2642_/X
 _2643_/X
 _2644_/X
 _2645_/Y
 _2646_/Y
 _2647_/X
 _2648_/X
 _2649_/Y
 _2650_/Y
 _2651_/Y
 _2652_/X
 _2653_/X
 _2654_/Y
 _2655_/X
 _2656_/X
 _2657_/X
 _2658_/Y
 _2659_/Y
 _2660_/Y
 _2661_/X
 _2662_/Y
 _2663_/X
 _2664_/X
 _2665_/Y
 _2666_/X
 _2667_/X
 _2668_/Y
 _2669_/Y
 _2670_/X
 _2671_/Y
 _2672_/Y
 _2673_/X
 _2674_/X
 _2675_/Y
 _2676_/X
 _2677_/X
 _2678_/Y
 _2679_/X
 _2680_/Y
 _2681_/Y
 _2682_/X
 _2683_/X
 _2684_/Y
 _2685_/X
 _2686_/Y
 _2687_/X
 _2688_/Y
 _2689_/X
 _2690_/Y
 _2691_/X
 _2692_/Y
 _2693_/Y
 _2694_/Y
 _2695_/Y
 _2696_/X
 _2697_/Y
 _2698_/Y
 _2699_/X
 _2700_/X
 _2701_/Y
 _2702_/Y
 _2703_/X
 _2704_/X
 _2705_/X
 _2706_/Y
 _2707_/X
 _2708_/Y
 _2709_/X
 _2710_/Y
 _2711_/Y
 _2712_/Y
 _2713_/X
 _2714_/Y
 _2715_/Y
 _2716_/Y
 _2717_/X
 _2718_/X
 _2719_/Y
 _2720_/X
 _2721_/Y
 _2722_/X
 _2723_/X
 _2724_/X
 _2725_/Y
 _2726_/X
 _2727_/X
 _2728_/X
 _2729_/X
 _2730_/X
 _2731_/X
 _2732_/X
 _2733_/X
 _2734_/X
 _2735_/X
 _2736_/X
 _2737_/X
 _2738_/Y
 _2739_/X
 _2740_/X
 _2741_/X
 _2742_/X
 _2743_/Y
 _2744_/X
 _2745_/X
 _2746_/Y
 _2747_/Y
 _2748_/Y
 _2749_/Y
 _2750_/Y
 _2751_/X
 _2752_/Y
 _2753_/Y
 _2754_/Y
 _2755_/X
 _2756_/Y
 _2757_/X
 _2758_/Y
 _2759_/X
 _2760_/X
 _2761_/Y
 _2762_/X
 _2763_/X
 _2764_/Y
 _2765_/Y
 input1/X
 input10/X
 input11/X
 input12/X
 input13/X
 input14/X
 input15/X
 input16/X
 input17/X
 input18/X
 input19/X
 input2/X
 input20/X
 input21/X
 input22/X
 input23/X
 input24/X
 input25/X
 input26/X
 input27/X
 input28/X
 input29/X
 input3/X
 input30/X
 input31/X
 input32/X
 input4/X
 input5/X
 input6/X
 input7/X
 input8/X
 input9/X
 max_cap65/X
 max_cap67/X
 output33/X
 output34/X
 output35/X
 output36/X
 output37/X
 output38/X
 output39/X
 output40/X
 output41/X
 output42/X
 output43/X
 output44/X
 output45/X
 output46/X
 output47/X
 output48/X
 output49/X
 output50/X
 output51/X
 output52/X
 output53/X
 output54/X
 output55/X
 output56/X
 output57/X
 output58/X
 output59/X
 output60/X
 output61/X
 output62/X
 output63/X
 output64/X
 wire66/X
Found 0 partially unannotated drivers.

===========================================================================
max slew violation count 0
max fanout violation count 0
max cap violation count 0
============================================================================

===========================================================================
check_setup -verbose -unconstrained_endpoints -multiple_clock -no_clock -no_input_delay -loops -generated_clocks
===========================================================================
