
===========================================================================
report_checks -unconstrained
===========================================================================
======================= Typical Corner ===================================

Startpoint: mcand[1] (input port clocked by clk)
Endpoint: product[63] (output port clocked by clk)
Path Group: clk
Path Type: max

Fanout     Cap    Slew   Delay    Time   Description
-----------------------------------------------------------------------------
                  0.00    0.00    0.00   clock clk (rise edge)
                          0.00    0.00   clock network delay (ideal)
                         20.00   20.00 ^ input external delay
                  0.02    0.01   20.01 ^ mcand[1] (in)
     1    0.00                           mcand[1] (net)
                  0.02    0.00   20.01 ^ input12/A (sky130_fd_sc_hd__buf_2)
                  0.14    0.17   20.18 ^ input12/X (sky130_fd_sc_hd__buf_2)
     3    0.03                           net12 (net)
                  0.14    0.00   20.18 ^ _05722_/A (sky130_fd_sc_hd__buf_4)
                  0.16    0.24   20.42 ^ _05722_/X (sky130_fd_sc_hd__buf_4)
    10    0.06                           _00537_ (net)
                  0.16    0.00   20.43 ^ _05750_/A (sky130_fd_sc_hd__clkbuf_8)
                  0.07    0.19   20.62 ^ _05750_/X (sky130_fd_sc_hd__clkbuf_8)
    10    0.03                           _00843_ (net)
                  0.07    0.00   20.62 ^ _07775_/B (sky130_fd_sc_hd__nand4_1)
                  0.13    0.14   20.76 v _07775_/Y (sky130_fd_sc_hd__nand4_1)
     3    0.01                           _01285_ (net)
                  0.13    0.00   20.76 v _07778_/A1 (sky130_fd_sc_hd__a21o_1)
                  0.05    0.21   20.97 v _07778_/X (sky130_fd_sc_hd__a21o_1)
     2    0.01                           _01288_ (net)
                  0.05    0.00   20.97 v _07781_/A2 (sky130_fd_sc_hd__a21o_1)
                  0.07    0.22   21.19 v _07781_/X (sky130_fd_sc_hd__a21o_1)
     3    0.01                           _01292_ (net)
                  0.07    0.00   21.19 v _07935_/A2 (sky130_fd_sc_hd__a21bo_1)
                  0.07    0.25   21.43 v _07935_/X (sky130_fd_sc_hd__a21bo_1)
     2    0.01                           _01460_ (net)
                  0.07    0.00   21.43 v _07937_/B1 (sky130_fd_sc_hd__a21o_1)
                  0.07    0.21   21.64 v _07937_/X (sky130_fd_sc_hd__a21o_1)
     3    0.01                           _01462_ (net)
                  0.07    0.00   21.64 v _07938_/C (sky130_fd_sc_hd__and3_1)
                  0.08    0.24   21.89 v _07938_/X (sky130_fd_sc_hd__and3_1)
     2    0.01                           _01463_ (net)
                  0.08    0.00   21.89 v _07941_/A1 (sky130_fd_sc_hd__o211a_1)
                  0.09    0.30   22.19 v _07941_/X (sky130_fd_sc_hd__o211a_1)
     3    0.01                           _01466_ (net)
                  0.09    0.00   22.19 v _07942_/D (sky130_fd_sc_hd__or4_2)
                  0.14    0.64   22.83 v _07942_/X (sky130_fd_sc_hd__or4_2)
     2    0.01                           _01467_ (net)
                  0.14    0.00   22.83 v _07944_/B1 (sky130_fd_sc_hd__o211ai_4)
                  0.26    0.17   23.00 ^ _07944_/Y (sky130_fd_sc_hd__o211ai_4)
     5    0.03                           _01469_ (net)
                  0.26    0.00   23.00 ^ _08003_/C_N (sky130_fd_sc_hd__or4bb_2)
                  0.13    0.73   23.73 v _08003_/X (sky130_fd_sc_hd__or4bb_2)
     2    0.01                           _01533_ (net)
                  0.13    0.00   23.73 v _08112_/C1 (sky130_fd_sc_hd__o211a_1)
                  0.07    0.19   23.92 v _08112_/X (sky130_fd_sc_hd__o211a_1)
     3    0.01                           _01653_ (net)
                  0.07    0.00   23.92 v _08113_/D (sky130_fd_sc_hd__or4_1)
                  0.12    0.47   24.39 v _08113_/X (sky130_fd_sc_hd__or4_1)
     2    0.01                           _01654_ (net)
                  0.12    0.00   24.39 v _08115_/B1 (sky130_fd_sc_hd__o211a_1)
                  0.07    0.19   24.59 v _08115_/X (sky130_fd_sc_hd__o211a_1)
     3    0.01                           _01656_ (net)
                  0.07    0.00   24.59 v _08117_/B (sky130_fd_sc_hd__or3_2)
                  0.11    0.53   25.11 v _08117_/X (sky130_fd_sc_hd__or3_2)
     2    0.01                           _01658_ (net)
                  0.11    0.00   25.11 v _08120_/A1 (sky130_fd_sc_hd__a211o_1)
                  0.08    0.32   25.44 v _08120_/X (sky130_fd_sc_hd__a211o_1)
     2    0.01                           _01661_ (net)
                  0.08    0.00   25.44 v _08121_/C (sky130_fd_sc_hd__nand3_2)
                  0.11    0.13   25.57 ^ _08121_/Y (sky130_fd_sc_hd__nand3_2)
     3    0.02                           _01663_ (net)
                  0.11    0.00   25.57 ^ _08123_/A (sky130_fd_sc_hd__nand2_2)
                  0.10    0.12   25.69 v _08123_/Y (sky130_fd_sc_hd__nand2_2)
     4    0.02                           _01665_ (net)
                  0.10    0.00   25.69 v _08789_/B1 (sky130_fd_sc_hd__a2111oi_2)
                  0.40    0.47   26.16 ^ _08789_/Y (sky130_fd_sc_hd__a2111oi_2)
     1    0.01                           _02392_ (net)
                  0.40    0.00   26.17 ^ wire130/A (sky130_fd_sc_hd__buf_1)
                  0.11    0.19   26.35 ^ wire130/X (sky130_fd_sc_hd__buf_1)
     3    0.01                           net130 (net)
                  0.11    0.00   26.35 ^ _08791_/C (sky130_fd_sc_hd__and3_1)
                  0.08    0.19   26.55 ^ _08791_/X (sky130_fd_sc_hd__and3_1)
     1    0.01                           _02395_ (net)
                  0.08    0.00   26.55 ^ _08796_/B1 (sky130_fd_sc_hd__a211o_4)
                  0.10    0.16   26.71 ^ _08796_/X (sky130_fd_sc_hd__a211o_4)
     6    0.03                           _02400_ (net)
                  0.10    0.00   26.71 ^ _10762_/D_N (sky130_fd_sc_hd__or4b_2)
                  0.15    0.70   27.41 v _10762_/X (sky130_fd_sc_hd__or4b_2)
     3    0.02                           _04544_ (net)
                  0.15    0.00   27.41 v _11278_/A1 (sky130_fd_sc_hd__a2111o_1)
                  0.09    0.46   27.87 v _11278_/X (sky130_fd_sc_hd__a2111o_1)
     3    0.01                           _05103_ (net)
                  0.09    0.00   27.87 v _11392_/A1 (sky130_fd_sc_hd__a211o_1)
                  0.07    0.31   28.18 v _11392_/X (sky130_fd_sc_hd__a211o_1)
     2    0.01                           _05225_ (net)
                  0.07    0.00   28.18 v _11418_/A1 (sky130_fd_sc_hd__a21oi_2)
                  0.17    0.20   28.38 ^ _11418_/Y (sky130_fd_sc_hd__a21oi_2)
     4    0.01                           _05253_ (net)
                  0.17    0.00   28.38 ^ _11448_/A2 (sky130_fd_sc_hd__o311ai_1)
                  0.08    0.13   28.52 v _11448_/Y (sky130_fd_sc_hd__o311ai_1)
     1    0.00                           _05283_ (net)
                  0.08    0.00   28.52 v _11449_/S (sky130_fd_sc_hd__mux2_2)
                  0.09    0.36   28.88 v _11449_/X (sky130_fd_sc_hd__mux2_2)
     1    0.02                           _05284_ (net)
                  0.09    0.00   28.88 v _11450_/A (sky130_fd_sc_hd__clkbuf_1)
                  0.02    0.11   28.99 v _11450_/X (sky130_fd_sc_hd__clkbuf_1)
     1    0.00                           net124 (net)
                  0.02    0.00   28.99 v output124/A (sky130_fd_sc_hd__buf_2)
                  0.09    0.18   29.17 v output124/X (sky130_fd_sc_hd__buf_2)
     1    0.03                           product[63] (net)
                  0.09    0.00   29.17 v product[63] (out)
                                 29.17   data arrival time

                  0.00  100.00  100.00   clock clk (rise edge)
                          0.00  100.00   clock network delay (ideal)
                         -0.25   99.75   clock uncertainty
                          0.00   99.75   clock reconvergence pessimism
                        -20.00   79.75   output external delay
                                 79.75   data required time
-----------------------------------------------------------------------------
                                 79.75   data required time
                                -29.17   data arrival time
-----------------------------------------------------------------------------
                                 50.58   slack (MET)




===========================================================================
report_checks --slack_max -0.01
============================================================================
======================= Typical Corner ===================================

No paths found.


===========================================================================
 report_check_types -max_slew -max_cap -max_fanout -violators
============================================================================
======================= Typical Corner ===================================



===========================================================================
report_parasitic_annotation -report_unannotated
============================================================================
Found 6001 unannotated drivers.
 mcand[0]
 mcand[10]
 mcand[11]
 mcand[12]
 mcand[13]
 mcand[14]
 mcand[15]
 mcand[16]
 mcand[17]
 mcand[18]
 mcand[19]
 mcand[1]
 mcand[20]
 mcand[21]
 mcand[22]
 mcand[23]
 mcand[24]
 mcand[25]
 mcand[26]
 mcand[27]
 mcand[28]
 mcand[29]
 mcand[2]
 mcand[30]
 mcand[31]
 mcand[3]
 mcand[4]
 mcand[5]
 mcand[6]
 mcand[7]
 mcand[8]
 mcand[9]
 mplier[0]
 mplier[10]
 mplier[11]
 mplier[12]
 mplier[13]
 mplier[14]
 mplier[15]
 mplier[16]
 mplier[17]
 mplier[18]
 mplier[19]
 mplier[1]
 mplier[20]
 mplier[21]
 mplier[22]
 mplier[23]
 mplier[24]
 mplier[25]
 mplier[26]
 mplier[27]
 mplier[28]
 mplier[29]
 mplier[2]
 mplier[30]
 mplier[31]
 mplier[3]
 mplier[4]
 mplier[5]
 mplier[6]
 mplier[7]
 mplier[8]
 mplier[9]
 _05700_/X
 _05701_/X
 _05702_/X
 _05703_/X
 _05704_/X
 _05705_/X
 _05706_/X
 _05707_/X
 _05708_/X
 _05709_/X
 _05710_/X
 _05711_/X
 _05712_/X
 _05713_/X
 _05714_/X
 _05715_/X
 _05716_/X
 _05717_/Y
 _05718_/X
 _05719_/X
 _05720_/X
 _05721_/X
 _05722_/X
 _05723_/X
 _05724_/X
 _05725_/X
 _05726_/X
 _05727_/X
 _05728_/X
 _05729_/X
 _05730_/X
 _05731_/X
 _05732_/X
 _05733_/X
 _05734_/X
 _05735_/X
 _05736_/X
 _05737_/X
 _05738_/X
 _05739_/X
 _05740_/X
 _05741_/Y
 _05742_/Y
 _05743_/Y
 _05744_/X
 _05745_/Y
 _05746_/X
 _05747_/X
 _05748_/Y
 _05749_/X
 _05750_/X
 _05751_/X
 _05752_/X
 _05753_/X
 _05754_/Y
 _05755_/X
 _05756_/X
 _05757_/X
 _05758_/X
 _05759_/X
 _05760_/X
 _05761_/X
 _05762_/X
 _05763_/X
 _05764_/Y
 _05765_/X
 _05766_/X
 _05767_/Y
 _05768_/X
 _05769_/X
 _05770_/Y
 _05771_/Y
 _05772_/Y
 _05773_/X
 _05774_/Y
 _05775_/X
 _05776_/Y
 _05777_/X
 _05778_/X
 _05779_/Y
 _05780_/X
 _05781_/X
 _05782_/X
 _05783_/Y
 _05784_/Y
 _05785_/Y
 _05786_/X
 _05787_/X
 _05788_/X
 _05789_/Y
 _05790_/X
 _05791_/X
 _05792_/X
 _05793_/X
 _05794_/X
 _05795_/X
 _05796_/Y
 _05797_/X
 _05798_/Y
 _05799_/Y
 _05800_/X
 _05801_/X
 _05802_/X
 _05803_/X
 _05804_/X
 _05805_/Y
 _05806_/Y
 _05807_/Y
 _05808_/Y
 _05809_/X
 _05810_/X
 _05811_/X
 _05812_/Y
 _05813_/X
 _05814_/Y
 _05815_/X
 _05816_/X
 _05817_/X
 _05818_/Y
 _05819_/X
 _05820_/X
 _05821_/X
 _05822_/X
 _05823_/X
 _05824_/X
 _05825_/X
 _05826_/Y
 _05827_/X
 _05828_/Y
 _05829_/X
 _05830_/X
 _05831_/X
 _05832_/Y
 _05833_/X
 _05834_/X
 _05835_/X
 _05836_/X
 _05837_/X
 _05838_/Y
 _05839_/X
 _05840_/Y
 _05841_/Y
 _05842_/Y
 _05843_/Y
 _05844_/X
 _05845_/X
 _05846_/X
 _05847_/Y
 _05848_/X
 _05849_/Y
 _05850_/X
 _05851_/X
 _05852_/X
 _05853_/X
 _05854_/X
 _05855_/X
 _05856_/X
 _05857_/Y
 _05858_/X
 _05859_/X
 _05860_/Y
 _05861_/X
 _05862_/X
 _05863_/Y
 _05864_/X
 _05865_/Y
 _05866_/Y
 _05867_/Y
 _05868_/Y
 _05869_/X
 _05870_/X
 _05871_/X
 _05872_/Y
 _05873_/X
 _05874_/X
 _05875_/X
 _05876_/X
 _05877_/X
 _05878_/Y
 _05879_/X
 _05880_/X
 _05881_/X
 _05882_/Y
 _05883_/X
 _05884_/Y
 _05885_/X
 _05886_/Y
 _05887_/X
 _05888_/X
 _05889_/X
 _05890_/Y
 _05891_/Y
 _05892_/X
 _05893_/X
 _05894_/X
 _05895_/Y
 _05896_/X
 _05897_/X
 _05898_/X
 _05899_/Y
 _05900_/X
 _05901_/Y
 _05902_/X
 _05903_/X
 _05904_/X
 _05905_/Y
 _05906_/X
 _05907_/Y
 _05908_/X
 _05909_/X
 _05910_/X
 _05911_/Y
 _05912_/Y
 _05913_/X
 _05914_/X
 _05915_/X
 _05916_/Y
 _05917_/X
 _05918_/X
 _05919_/X
 _05920_/X
 _05921_/X
 _05922_/X
 _05923_/X
 _05924_/Y
 _05925_/X
 _05926_/X
 _05927_/Y
 _05928_/Y
 _05929_/X
 _05930_/Y
 _05931_/X
 _05932_/Y
 _05933_/X
 _05934_/Y
 _05935_/X
 _05936_/Y
 _05937_/X
 _05938_/Y
 _05939_/X
 _05940_/Y
 _05941_/X
 _05942_/X
 _05943_/X
 _05944_/X
 _05945_/Y
 _05946_/X
 _05947_/X
 _05948_/X
 _05949_/X
 _05950_/X
 _05951_/Y
 _05952_/Y
 _05953_/Y
 _05954_/Y
 _05955_/X
 _05956_/X
 _05957_/Y
 _05958_/X
 _05959_/X
 _05960_/X
 _05961_/X
 _05962_/Y
 _05963_/Y
 _05964_/X
 _05965_/X
 _05966_/X
 _05967_/X
 _05968_/X
 _05969_/X
 _05970_/X
 _05971_/X
 _05972_/Y
 _05973_/Y
 _05974_/X
 _05975_/X
 _05976_/X
 _05977_/X
 _05978_/X
 _05979_/X
 _05980_/Y
 _05981_/X
 _05982_/X
 _05983_/X
 _05984_/Y
 _05985_/X
 _05986_/X
 _05987_/Y
 _05988_/X
 _05989_/Y
 _05990_/X
 _05991_/X
 _05992_/X
 _05993_/Y
 _05994_/Y
 _05995_/X
 _05996_/Y
 _05997_/Y
 _05998_/X
 _05999_/Y
 _06000_/X
 _06001_/X
 _06002_/X
 _06003_/X
 _06004_/X
 _06005_/X
 _06006_/Y
 _06007_/X
 _06008_/X
 _06009_/Y
 _06010_/X
 _06011_/X
 _06012_/X
 _06013_/X
 _06014_/Y
 _06015_/X
 _06016_/X
 _06017_/X
 _06018_/X
 _06019_/X
 _06020_/X
 _06021_/Y
 _06022_/X
 _06023_/X
 _06024_/X
 _06025_/Y
 _06026_/X
 _06027_/X
 _06028_/Y
 _06029_/X
 _06030_/X
 _06031_/Y
 _06032_/X
 _06033_/Y
 _06034_/X
 _06035_/X
 _06036_/X
 _06037_/Y
 _06038_/X
 _06039_/Y
 _06040_/X
 _06041_/Y
 _06042_/X
 _06043_/X
 _06044_/Y
 _06045_/X
 _06046_/X
 _06047_/X
 _06048_/Y
 _06049_/X
 _06050_/Y
 _06051_/Y
 _06052_/X
 _06053_/Y
 _06054_/Y
 _06055_/X
 _06056_/X
 _06057_/Y
 _06058_/X
 _06059_/Y
 _06060_/Y
 _06061_/X
 _06062_/X
 _06063_/X
 _06064_/X
 _06065_/Y
 _06066_/X
 _06067_/X
 _06068_/X
 _06069_/Y
 _06070_/Y
 _06071_/X
 _06072_/X
 _06073_/X
 _06074_/X
 _06075_/Y
 _06076_/X
 _06077_/Y
 _06078_/X
 _06079_/Y
 _06080_/X
 _06081_/Y
 _06082_/Y
 _06083_/Y
 _06084_/Y
 _06085_/X
 _06086_/Y
 _06087_/X
 _06088_/X
 _06089_/X
 _06090_/X
 _06091_/X
 _06092_/Y
 _06093_/X
 _06094_/X
 _06095_/X
 _06096_/X
 _06097_/Y
 _06098_/Y
 _06099_/Y
 _06100_/X
 _06101_/Y
 _06102_/Y
 _06103_/Y
 _06104_/X
 _06105_/X
 _06106_/X
 _06107_/X
 _06108_/X
 _06109_/X
 _06110_/X
 _06111_/X
 _06112_/Y
 _06113_/X
 _06114_/X
 _06115_/X
 _06116_/X
 _06117_/X
 _06118_/Y
 _06119_/Y
 _06120_/X
 _06121_/X
 _06122_/X
 _06123_/Y
 _06124_/X
 _06125_/X
 _06126_/X
 _06127_/X
 _06128_/Y
 _06129_/X
 _06130_/X
 _06131_/X
 _06132_/X
 _06133_/Y
 _06134_/X
 _06135_/X
 _06136_/Y
 _06137_/X
 _06138_/X
 _06139_/Y
 _06140_/X
 _06141_/Y
 _06142_/X
 _06143_/X
 _06144_/Y
 _06145_/X
 _06146_/Y
 _06147_/X
 _06148_/Y
 _06149_/X
 _06150_/Y
 _06151_/X
 _06152_/X
 _06153_/Y
 _06154_/Y
 _06155_/X
 _06156_/X
 _06157_/Y
 _06158_/X
 _06159_/Y
 _06160_/Y
 _06161_/X
 _06162_/X
 _06163_/Y
 _06164_/X
 _06165_/X
 _06166_/X
 _06167_/X
 _06168_/Y
 _06169_/X
 _06170_/Y
 _06171_/X
 _06172_/X
 _06173_/X
 _06174_/X
 _06175_/X
 _06176_/X
 _06177_/X
 _06178_/X
 _06179_/X
 _06180_/Y
 _06181_/Y
 _06182_/X
 _06183_/X
 _06184_/Y
 _06185_/X
 _06186_/X
 _06187_/X
 _06188_/Y
 _06189_/Y
 _06190_/Y
 _06191_/Y
 _06192_/X
 _06193_/Y
 _06194_/X
 _06195_/Y
 _06196_/X
 _06197_/X
 _06198_/X
 _06199_/X
 _06200_/X
 _06201_/Y
 _06202_/Y
 _06203_/X
 _06204_/X
 _06205_/X
 _06206_/Y
 _06207_/X
 _06208_/X
 _06209_/X
 _06210_/X
 _06211_/Y
 _06212_/X
 _06213_/X
 _06214_/Y
 _06215_/X
 _06216_/X
 _06217_/Y
 _06218_/X
 _06219_/Y
 _06220_/X
 _06221_/X
 _06222_/Y
 _06223_/X
 _06224_/Y
 _06225_/Y
 _06226_/Y
 _06227_/Y
 _06228_/X
 _06229_/X
 _06230_/Y
 _06231_/Y
 _06232_/Y
 _06233_/Y
 _06234_/X
 _06235_/X
 _06236_/Y
 _06237_/Y
 _06238_/X
 _06239_/Y
 _06240_/Y
 _06241_/X
 _06242_/Y
 _06243_/Y
 _06244_/X
 _06245_/Y
 _06246_/X
 _06247_/X
 _06248_/X
 _06249_/Y
 _06250_/Y
 _06251_/X
 _06252_/Y
 _06253_/X
 _06254_/X
 _06255_/X
 _06256_/X
 _06257_/X
 _06258_/Y
 _06259_/X
 _06260_/Y
 _06261_/X
 _06262_/Y
 _06263_/Y
 _06264_/X
 _06265_/X
 _06266_/Y
 _06267_/Y
 _06268_/X
 _06269_/Y
 _06270_/X
 _06271_/Y
 _06272_/X
 _06273_/X
 _06274_/X
 _06275_/X
 _06276_/Y
 _06277_/Y
 _06278_/X
 _06279_/X
 _06280_/X
 _06281_/Y
 _06282_/Y
 _06283_/X
 _06284_/X
 _06285_/X
 _06286_/X
 _06287_/X
 _06288_/Y
 _06289_/Y
 _06290_/X
 _06291_/X
 _06292_/Y
 _06293_/X
 _06294_/X
 _06295_/Y
 _06296_/X
 _06297_/X
 _06298_/Y
 _06299_/X
 _06300_/Y
 _06301_/X
 _06302_/X
 _06303_/X
 _06304_/Y
 _06305_/Y
 _06306_/X
 _06307_/Y
 _06308_/X
 _06309_/Y
 _06310_/X
 _06311_/X
 _06312_/Y
 _06313_/X
 _06314_/Y
 _06315_/Y
 _06316_/Y
 _06317_/X
 _06318_/Y
 _06319_/Y
 _06320_/X
 _06321_/Y
 _06322_/Y
 _06323_/X
 _06324_/X
 _06325_/Y
 _06326_/X
 _06327_/X
 _06328_/X
 _06329_/X
 _06330_/X
 _06331_/Y
 _06332_/X
 _06333_/X
 _06334_/X
 _06335_/Y
 _06336_/X
 _06337_/X
 _06338_/Y
 _06339_/X
 _06340_/X
 _06341_/Y
 _06342_/Y
 _06343_/X
 _06344_/X
 _06345_/X
 _06346_/Y
 _06347_/Y
 _06348_/X
 _06349_/X
 _06350_/Y
 _06351_/Y
 _06352_/X
 _06353_/X
 _06354_/X
 _06355_/X
 _06356_/X
 _06357_/Y
 _06358_/Y
 _06359_/X
 _06360_/X
 _06361_/Y
 _06362_/Y
 _06363_/X
 _06364_/X
 _06365_/X
 _06366_/X
 _06367_/Y
 _06368_/X
 _06369_/X
 _06370_/X
 _06371_/X
 _06372_/Y
 _06373_/Y
 _06374_/X
 _06375_/X
 _06376_/Y
 _06377_/X
 _06378_/Y
 _06379_/X
 _06380_/X
 _06381_/X
 _06382_/Y
 _06383_/X
 _06384_/Y
 _06385_/Y
 _06386_/X
 _06387_/X
 _06388_/X
 _06389_/Y
 _06390_/X
 _06391_/X
 _06392_/Y
 _06393_/Y
 _06394_/Y
 _06395_/X
 _06396_/Y
 _06397_/X
 _06398_/X
 _06399_/X
 _06400_/Y
 _06401_/Y
 _06402_/Y
 _06403_/X
 _06404_/X
 _06405_/X
 _06406_/Y
 _06407_/X
 _06408_/X
 _06409_/X
 _06410_/X
 _06411_/X
 _06412_/X
 _06413_/X
 _06414_/Y
 _06415_/Y
 _06416_/Y
 _06417_/X
 _06418_/X
 _06419_/X
 _06420_/X
 _06421_/X
 _06422_/X
 _06423_/X
 _06424_/Y
 _06425_/X
 _06426_/X
 _06427_/X
 _06428_/X
 _06429_/X
 _06430_/X
 _06431_/X
 _06432_/Y
 _06433_/X
 _06434_/Y
 _06435_/Y
 _06436_/X
 _06437_/Y
 _06438_/X
 _06439_/X
 _06440_/Y
 _06441_/X
 _06442_/Y
 _06443_/Y
 _06444_/X
 _06445_/X
 _06446_/X
 _06447_/X
 _06448_/Y
 _06449_/X
 _06450_/Y
 _06451_/X
 _06452_/X
 _06453_/X
 _06454_/Y
 _06455_/X
 _06456_/X
 _06457_/X
 _06458_/X
 _06459_/X
 _06460_/Y
 _06461_/X
 _06462_/X
 _06463_/X
 _06464_/X
 _06465_/Y
 _06466_/Y
 _06467_/X
 _06468_/X
 _06469_/Y
 _06470_/X
 _06471_/Y
 _06472_/X
 _06473_/X
 _06474_/X
 _06475_/Y
 _06476_/X
 _06477_/Y
 _06478_/Y
 _06479_/X
 _06480_/X
 _06481_/Y
 _06482_/Y
 _06483_/X
 _06484_/Y
 _06485_/Y
 _06486_/X
 _06487_/X
 _06488_/X
 _06489_/Y
 _06490_/X
 _06491_/Y
 _06492_/Y
 _06493_/Y
 _06494_/Y
 _06495_/Y
 _06496_/Y
 _06497_/Y
 _06498_/X
 _06499_/Y
 _06500_/X
 _06501_/X
 _06502_/X
 _06503_/X
 _06504_/Y
 _06505_/Y
 _06506_/X
 _06507_/X
 _06508_/X
 _06509_/X
 _06510_/Y
 _06511_/X
 _06512_/Y
 _06513_/Y
 _06514_/Y
 _06515_/X
 _06516_/Y
 _06517_/Y
 _06518_/X
 _06519_/X
 _06520_/Y
 _06521_/X
 _06522_/X
 _06523_/X
 _06524_/Y
 _06525_/X
 _06526_/X
 _06527_/X
 _06528_/Y
 _06529_/Y
 _06530_/X
 _06531_/X
 _06532_/Y
 _06533_/X
 _06534_/Y
 _06535_/X
 _06536_/X
 _06537_/Y
 _06538_/Y
 _06539_/X
 _06540_/X
 _06541_/Y
 _06542_/Y
 _06543_/X
 _06544_/Y
 _06545_/Y
 _06546_/X
 _06547_/X
 _06548_/X
 _06549_/Y
 _06550_/X
 _06551_/Y
 _06552_/X
 _06553_/X
 _06554_/X
 _06555_/Y
 _06556_/X
 _06557_/X
 _06558_/Y
 _06559_/Y
 _06560_/X
 _06561_/Y
 _06562_/Y
 _06563_/X
 _06564_/X
 _06565_/Y
 _06566_/X
 _06567_/X
 _06568_/X
 _06569_/Y
 _06570_/X
 _06571_/X
 _06572_/Y
 _06573_/X
 _06574_/Y
 _06575_/X
 _06576_/X
 _06577_/X
 _06578_/Y
 _06579_/X
 _06580_/Y
 _06581_/Y
 _06582_/X
 _06583_/X
 _06584_/X
 _06585_/X
 _06586_/Y
 _06587_/X
 _06588_/Y
 _06589_/X
 _06590_/Y
 _06591_/Y
 _06592_/X
 _06593_/X
 _06594_/Y
 _06595_/Y
 _06596_/X
 _06597_/Y
 _06598_/Y
 _06599_/X
 _06600_/X
 _06601_/X
 _06602_/Y
 _06603_/Y
 _06604_/X
 _06605_/X
 _06606_/X
 _06607_/X
 _06608_/X
 _06609_/Y
 _06610_/X
 _06611_/X
 _06612_/X
 _06613_/X
 _06614_/X
 _06615_/Y
 _06616_/Y
 _06617_/Y
 _06618_/Y
 _06619_/Y
 _06620_/Y
 _06621_/X
 _06622_/Y
 _06623_/Y
 _06624_/Y
 _06625_/X
 _06626_/X
 _06627_/Y
 _06628_/X
 _06629_/X
 _06630_/X
 _06631_/Y
 _06632_/Y
 _06633_/X
 _06634_/Y
 _06635_/X
 _06636_/X
 _06637_/Y
 _06638_/X
 _06639_/Y
 _06640_/X
 _06641_/X
 _06642_/Y
 _06643_/Y
 _06644_/X
 _06645_/Y
 _06646_/Y
 _06647_/X
 _06648_/X
 _06649_/Y
 _06650_/X
 _06651_/X
 _06652_/X
 _06653_/Y
 _06654_/Y
 _06655_/X
 _06656_/X
 _06657_/Y
 _06658_/X
 _06659_/X
 _06660_/Y
 _06661_/X
 _06662_/X
 _06663_/Y
 _06664_/Y
 _06665_/X
 _06666_/X
 _06667_/Y
 _06668_/X
 _06669_/Y
 _06670_/X
 _06671_/X
 _06672_/Y
 _06673_/X
 _06674_/Y
 _06675_/X
 _06676_/X
 _06677_/Y
 _06678_/X
 _06679_/Y
 _06680_/X
 _06681_/X
 _06682_/Y
 _06683_/Y
 _06684_/X
 _06685_/X
 _06686_/Y
 _06687_/Y
 _06688_/X
 _06689_/X
 _06690_/Y
 _06691_/X
 _06692_/Y
 _06693_/X
 _06694_/X
 _06695_/X
 _06696_/Y
 _06697_/X
 _06698_/Y
 _06699_/X
 _06700_/Y
 _06701_/X
 _06702_/X
 _06703_/Y
 _06704_/X
 _06705_/Y
 _06706_/Y
 _06707_/X
 _06708_/Y
 _06709_/X
 _06710_/X
 _06711_/X
 _06712_/X
 _06713_/Y
 _06714_/X
 _06715_/X
 _06716_/X
 _06717_/X
 _06718_/X
 _06719_/Y
 _06720_/Y
 _06721_/Y
 _06722_/X
 _06723_/X
 _06724_/X
 _06725_/X
 _06726_/Y
 _06727_/Y
 _06728_/Y
 _06729_/Y
 _06730_/Y
 _06731_/Y
 _06732_/X
 _06733_/Y
 _06734_/Y
 _06735_/X
 _06736_/Y
 _06737_/X
 _06738_/X
 _06739_/Y
 _06740_/X
 _06741_/X
 _06742_/X
 _06743_/Y
 _06744_/X
 _06745_/Y
 _06746_/Y
 _06747_/X
 _06748_/Y
 _06749_/X
 _06750_/Y
 _06751_/X
 _06752_/X
 _06753_/Y
 _06754_/X
 _06755_/X
 _06756_/X
 _06757_/Y
 _06758_/Y
 _06759_/X
 _06760_/X
 _06761_/Y
 _06762_/X
 _06763_/Y
 _06764_/X
 _06765_/Y
 _06766_/Y
 _06767_/X
 _06768_/X
 _06769_/Y
 _06770_/X
 _06771_/X
 _06772_/Y
 _06773_/X
 _06774_/X
 _06775_/Y
 _06776_/X
 _06777_/Y
 _06778_/X
 _06779_/X
 _06780_/Y
 _06781_/X
 _06782_/X
 _06783_/Y
 _06784_/Y
 _06785_/X
 _06786_/X
 _06787_/Y
 _06788_/Y
 _06789_/X
 _06790_/Y
 _06791_/X
 _06792_/Y
 _06793_/X
 _06794_/Y
 _06795_/X
 _06796_/X
 _06797_/X
 _06798_/X
 _06799_/Y
 _06800_/Y
 _06801_/X
 _06802_/Y
 _06803_/Y
 _06804_/X
 _06805_/X
 _06806_/Y
 _06807_/X
 _06808_/Y
 _06809_/X
 _06810_/X
 _06811_/X
 _06812_/X
 _06813_/X
 _06814_/Y
 _06815_/X
 _06816_/Y
 _06817_/Y
 _06818_/X
 _06819_/Y
 _06820_/X
 _06821_/X
 _06822_/X
 _06823_/Y
 _06824_/X
 _06825_/Y
 _06826_/X
 _06827_/Y
 _06828_/Y
 _06829_/X
 _06830_/Y
 _06831_/X
 _06832_/Y
 _06833_/Y
 _06834_/X
 _06835_/X
 _06836_/X
 _06837_/Y
 _06838_/Y
 _06839_/X
 _06840_/Y
 _06841_/X
 _06842_/X
 _06843_/X
 _06844_/Y
 _06845_/X
 _06846_/X
 _06847_/X
 _06848_/Y
 _06849_/X
 _06850_/X
 _06851_/Y
 _06852_/X
 _06853_/Y
 _06854_/X
 _06855_/Y
 _06856_/Y
 _06857_/X
 _06858_/X
 _06859_/X
 _06860_/Y
 _06861_/X
 _06862_/X
 _06863_/X
 _06864_/Y
 _06865_/Y
 _06866_/X
 _06867_/Y
 _06868_/X
 _06869_/X
 _06870_/X
 _06871_/X
 _06872_/X
 _06873_/X
 _06874_/X
 _06875_/Y
 _06876_/X
 _06877_/Y
 _06878_/X
 _06879_/X
 _06880_/Y
 _06881_/X
 _06882_/Y
 _06883_/X
 _06884_/X
 _06885_/Y
 _06886_/X
 _06887_/X
 _06888_/Y
 _06889_/Y
 _06890_/X
 _06891_/X
 _06892_/Y
 _06893_/X
 _06894_/Y
 _06895_/Y
 _06896_/X
 _06897_/X
 _06898_/Y
 _06899_/X
 _06900_/Y
 _06901_/Y
 _06902_/X
 _06903_/Y
 _06904_/Y
 _06905_/Y
 _06906_/X
 _06907_/Y
 _06908_/Y
 _06909_/Y
 _06910_/X
 _06911_/Y
 _06912_/Y
 _06913_/X
 _06914_/X
 _06915_/X
 _06916_/X
 _06917_/Y
 _06918_/X
 _06919_/X
 _06920_/X
 _06921_/X
 _06922_/Y
 _06923_/X
 _06924_/X
 _06925_/X
 _06926_/Y
 _06927_/Y
 _06928_/Y
 _06929_/Y
 _06930_/X
 _06931_/X
 _06932_/Y
 _06933_/X
 _06934_/X
 _06935_/X
 _06936_/Y
 _06937_/X
 _06938_/Y
 _06939_/Y
 _06940_/X
 _06941_/Y
 _06942_/X
 _06943_/Y
 _06944_/X
 _06945_/Y
 _06946_/X
 _06947_/Y
 _06948_/X
 _06949_/X
 _06950_/X
 _06951_/Y
 _06952_/Y
 _06953_/X
 _06954_/X
 _06955_/Y
 _06956_/X
 _06957_/X
 _06958_/X
 _06959_/Y
 _06960_/Y
 _06961_/X
 _06962_/Y
 _06963_/X
 _06964_/X
 _06965_/X
 _06966_/Y
 _06967_/X
 _06968_/Y
 _06969_/X
 _06970_/Y
 _06971_/Y
 _06972_/X
 _06973_/X
 _06974_/X
 _06975_/X
 _06976_/X
 _06977_/X
 _06978_/Y
 _06979_/X
 _06980_/X
 _06981_/X
 _06982_/Y
 _06983_/X
 _06984_/X
 _06985_/Y
 _06986_/X
 _06987_/X
 _06988_/X
 _06989_/X
 _06990_/Y
 _06991_/X
 _06992_/X
 _06993_/Y
 _06994_/X
 _06995_/Y
 _06996_/X
 _06997_/X
 _06998_/Y
 _06999_/X
 _07000_/Y
 _07001_/X
 _07002_/X
 _07003_/Y
 _07004_/X
 _07005_/X
 _07006_/Y
 _07007_/Y
 _07008_/X
 _07009_/X
 _07010_/Y
 _07011_/Y
 _07012_/X
 _07013_/X
 _07014_/X
 _07015_/X
 _07016_/Y
 _07017_/X
 _07018_/Y
 _07019_/X
 _07020_/Y
 _07021_/X
 _07022_/X
 _07023_/X
 _07024_/Y
 _07025_/X
 _07026_/X
 _07027_/X
 _07028_/Y
 _07029_/X
 _07030_/Y
 _07031_/Y
 _07032_/Y
 _07033_/X
 _07034_/Y
 _07035_/Y
 _07036_/X
 _07037_/Y
 _07038_/X
 _07039_/Y
 _07040_/Y
 _07041_/X
 _07042_/Y
 _07043_/X
 _07044_/X
 _07045_/X
 _07046_/X
 _07047_/Y
 _07048_/X
 _07049_/Y
 _07050_/Y
 _07051_/X
 _07052_/X
 _07053_/X
 _07054_/Y
 _07055_/Y
 _07056_/Y
 _07057_/X
 _07058_/X
 _07059_/Y
 _07060_/X
 _07061_/X
 _07062_/X
 _07063_/Y
 _07064_/X
 _07065_/Y
 _07066_/X
 _07067_/Y
 _07068_/X
 _07069_/Y
 _07070_/Y
 _07071_/X
 _07072_/Y
 _07073_/X
 _07074_/Y
 _07075_/X
 _07076_/X
 _07077_/X
 _07078_/X
 _07079_/Y
 _07080_/X
 _07081_/Y
 _07082_/X
 _07083_/Y
 _07084_/X
 _07085_/X
 _07086_/X
 _07087_/X
 _07088_/Y
 _07089_/Y
 _07090_/Y
 _07091_/X
 _07092_/X
 _07093_/Y
 _07094_/X
 _07095_/X
 _07096_/Y
 _07097_/Y
 _07098_/Y
 _07099_/X
 _07100_/X
 _07101_/X
 _07102_/Y
 _07103_/X
 _07104_/X
 _07105_/X
 _07106_/Y
 _07107_/Y
 _07108_/X
 _07109_/Y
 _07110_/X
 _07111_/X
 _07112_/X
 _07113_/X
 _07114_/X
 _07115_/X
 _07116_/X
 _07117_/Y
 _07118_/X
 _07119_/Y
 _07120_/X
 _07121_/X
 _07122_/Y
 _07123_/X
 _07124_/Y
 _07125_/X
 _07126_/X
 _07127_/Y
 _07128_/X
 _07129_/X
 _07130_/Y
 _07131_/Y
 _07132_/X
 _07133_/X
 _07134_/Y
 _07135_/X
 _07136_/Y
 _07137_/Y
 _07138_/X
 _07139_/Y
 _07140_/Y
 _07141_/X
 _07142_/Y
 _07143_/X
 _07144_/Y
 _07145_/X
 _07146_/Y
 _07147_/Y
 _07148_/Y
 _07149_/X
 _07150_/Y
 _07151_/X
 _07152_/X
 _07153_/Y
 _07154_/X
 _07155_/Y
 _07156_/X
 _07157_/X
 _07158_/X
 _07159_/X
 _07160_/X
 _07161_/X
 _07162_/X
 _07163_/Y
 _07164_/X
 _07165_/Y
 _07166_/X
 _07167_/Y
 _07168_/X
 _07169_/X
 _07170_/X
 _07171_/Y
 _07172_/X
 _07173_/X
 _07174_/X
 _07175_/X
 _07176_/Y
 _07177_/X
 _07178_/X
 _07179_/Y
 _07180_/X
 _07181_/X
 _07182_/X
 _07183_/Y
 _07184_/X
 _07185_/Y
 _07186_/Y
 _07187_/X
 _07188_/X
 _07189_/Y
 _07190_/X
 _07191_/Y
 _07192_/Y
 _07193_/X
 _07194_/Y
 _07195_/X
 _07196_/X
 _07197_/X
 _07198_/X
 _07199_/X
 _07200_/X
 _07201_/X
 _07202_/Y
 _07203_/Y
 _07204_/Y
 _07205_/X
 _07206_/X
 _07207_/Y
 _07208_/Y
 _07209_/X
 _07210_/Y
 _07211_/X
 _07212_/X
 _07213_/Y
 _07214_/Y
 _07215_/X
 _07216_/Y
 _07217_/X
 _07218_/X
 _07219_/Y
 _07220_/X
 _07221_/Y
 _07222_/X
 _07223_/X
 _07224_/X
 _07225_/X
 _07226_/X
 _07227_/X
 _07228_/Y
 _07229_/X
 _07230_/X
 _07231_/X
 _07232_/X
 _07233_/X
 _07234_/X
 _07235_/X
 _07236_/Y
 _07237_/X
 _07238_/Y
 _07239_/X
 _07240_/X
 _07241_/Y
 _07242_/X
 _07243_/Y
 _07244_/X
 _07245_/X
 _07246_/Y
 _07247_/X
 _07248_/X
 _07249_/Y
 _07250_/Y
 _07251_/X
 _07252_/X
 _07253_/Y
 _07254_/Y
 _07255_/X
 _07256_/X
 _07257_/X
 _07258_/X
 _07259_/Y
 _07260_/Y
 _07261_/X
 _07262_/X
 _07263_/Y
 _07264_/Y
 _07265_/Y
 _07266_/Y
 _07267_/X
 _07268_/Y
 _07269_/X
 _07270_/Y
 _07271_/X
 _07272_/X
 _07273_/X
 _07274_/X
 _07275_/X
 _07276_/Y
 _07277_/Y
 _07278_/Y
 _07279_/X
 _07280_/X
 _07281_/Y
 _07282_/X
 _07283_/X
 _07284_/X
 _07285_/X
 _07286_/X
 _07287_/X
 _07288_/X
 _07289_/X
 _07290_/X
 _07291_/Y
 _07292_/X
 _07293_/X
 _07294_/X
 _07295_/X
 _07296_/X
 _07297_/X
 _07298_/Y
 _07299_/Y
 _07300_/X
 _07301_/X
 _07302_/X
 _07303_/X
 _07304_/Y
 _07305_/X
 _07306_/X
 _07307_/Y
 _07308_/X
 _07309_/Y
 _07310_/X
 _07311_/X
 _07312_/X
 _07313_/X
 _07314_/Y
 _07315_/X
 _07316_/Y
 _07317_/Y
 _07318_/X
 _07319_/Y
 _07320_/X
 _07321_/Y
 _07322_/X
 _07323_/Y
 _07324_/Y
 _07325_/X
 _07326_/X
 _07327_/X
 _07328_/X
 _07329_/X
 _07330_/X
 _07331_/Y
 _07332_/X
 _07333_/X
 _07334_/X
 _07335_/Y
 _07336_/X
 _07337_/Y
 _07338_/X
 _07339_/Y
 _07340_/X
 _07341_/Y
 _07342_/X
 _07343_/X
 _07344_/Y
 _07345_/Y
 _07346_/X
 _07347_/Y
 _07348_/Y
 _07349_/X
 _07350_/Y
 _07351_/X
 _07352_/Y
 _07353_/X
 _07354_/X
 _07355_/X
 _07356_/X
 _07357_/X
 _07358_/Y
 _07359_/X
 _07360_/X
 _07361_/X
 _07362_/X
 _07363_/X
 _07364_/X
 _07365_/X
 _07366_/Y
 _07367_/X
 _07368_/Y
 _07369_/X
 _07370_/X
 _07371_/Y
 _07372_/X
 _07373_/Y
 _07374_/X
 _07375_/X
 _07376_/Y
 _07377_/X
 _07378_/X
 _07379_/Y
 _07380_/X
 _07381_/Y
 _07382_/X
 _07383_/X
 _07384_/Y
 _07385_/X
 _07386_/X
 _07387_/Y
 _07388_/X
 _07389_/Y
 _07390_/Y
 _07391_/X
 _07392_/Y
 _07393_/X
 _07394_/X
 _07395_/X
 _07396_/X
 _07397_/Y
 _07398_/Y
 _07399_/X
 _07400_/Y
 _07401_/X
 _07402_/X
 _07403_/X
 _07404_/X
 _07405_/Y
 _07406_/X
 _07407_/X
 _07408_/X
 _07409_/X
 _07410_/X
 _07411_/Y
 _07412_/Y
 _07413_/Y
 _07414_/Y
 _07415_/X
 _07416_/X
 _07417_/X
 _07418_/X
 _07419_/X
 _07420_/X
 _07421_/X
 _07422_/Y
 _07423_/X
 _07424_/Y
 _07425_/X
 _07426_/Y
 _07427_/Y
 _07428_/Y
 _07429_/X
 _07430_/Y
 _07431_/X
 _07432_/Y
 _07433_/X
 _07434_/X
 _07435_/Y
 _07436_/X
 _07437_/X
 _07438_/X
 _07439_/Y
 _07440_/X
 _07441_/X
 _07442_/Y
 _07443_/X
 _07444_/X
 _07445_/Y
 _07446_/X
 _07447_/Y
 _07448_/X
 _07449_/Y
 _07450_/X
 _07451_/Y
 _07452_/X
 _07453_/Y
 _07454_/X
 _07455_/Y
 _07456_/X
 _07457_/Y
 _07458_/X
 _07459_/X
 _07460_/Y
 _07461_/X
 _07462_/Y
 _07463_/X
 _07464_/Y
 _07465_/X
 _07466_/X
 _07467_/Y
 _07468_/X
 _07469_/X
 _07470_/X
 _07471_/X
 _07472_/Y
 _07473_/Y
 _07474_/Y
 _07475_/X
 _07476_/X
 _07477_/X
 _07478_/Y
 _07479_/X
 _07480_/Y
 _07481_/Y
 _07482_/X
 _07483_/X
 _07484_/Y
 _07485_/Y
 _07486_/X
 _07487_/Y
 _07488_/Y
 _07489_/X
 _07490_/Y
 _07491_/X
 _07492_/Y
 _07493_/X
 _07494_/X
 _07495_/X
 _07496_/X
 _07497_/Y
 _07498_/X
 _07499_/X
 _07500_/Y
 _07501_/Y
 _07502_/X
 _07503_/Y
 _07504_/Y
 _07505_/X
 _07506_/X
 _07507_/Y
 _07508_/X
 _07509_/Y
 _07510_/X
 _07511_/X
 _07512_/Y
 _07513_/X
 _07514_/Y
 _07515_/X
 _07516_/X
 _07517_/X
 _07518_/Y
 _07519_/Y
 _07520_/X
 _07521_/X
 _07522_/Y
 _07523_/X
 _07524_/Y
 _07525_/Y
 _07526_/X
 _07527_/X
 _07528_/Y
 _07529_/Y
 _07530_/X
 _07531_/X
 _07532_/Y
 _07533_/Y
 _07534_/X
 _07535_/Y
 _07536_/X
 _07537_/X
 _07538_/Y
 _07539_/X
 _07540_/X
 _07541_/X
 _07542_/Y
 _07543_/Y
 _07544_/Y
 _07545_/Y
 _07546_/Y
 _07547_/Y
 _07548_/Y
 _07549_/Y
 _07550_/X
 _07551_/X
 _07552_/X
 _07553_/X
 _07554_/Y
 _07555_/X
 _07556_/Y
 _07557_/Y
 _07558_/X
 _07559_/Y
 _07560_/Y
 _07561_/Y
 _07562_/Y
 _07563_/X
 _07564_/Y
 _07565_/Y
 _07566_/Y
 _07567_/X
 _07568_/Y
 _07569_/X
 _07570_/X
 _07571_/Y
 _07572_/X
 _07573_/Y
 _07574_/Y
 _07575_/Y
 _07576_/X
 _07577_/Y
 _07578_/X
 _07579_/X
 _07580_/X
 _07581_/X
 _07582_/Y
 _07583_/Y
 _07584_/X
 _07585_/Y
 _07586_/X
 _07587_/Y
 _07588_/X
 _07589_/Y
 _07590_/X
 _07591_/Y
 _07592_/X
 _07593_/X
 _07594_/X
 _07595_/Y
 _07596_/X
 _07597_/Y
 _07598_/X
 _07599_/Y
 _07600_/Y
 _07601_/X
 _07602_/X
 _07603_/Y
 _07604_/X
 _07605_/Y
 _07606_/X
 _07607_/X
 _07608_/X
 _07609_/Y
 _07610_/Y
 _07611_/X
 _07612_/Y
 _07613_/X
 _07614_/X
 _07615_/Y
 _07616_/Y
 _07617_/Y
 _07618_/X
 _07619_/X
 _07620_/Y
 _07621_/X
 _07622_/Y
 _07623_/X
 _07624_/X
 _07625_/Y
 _07626_/X
 _07627_/Y
 _07628_/X
 _07629_/X
 _07630_/Y
 _07631_/X
 _07632_/Y
 _07633_/X
 _07634_/X
 _07635_/Y
 _07636_/Y
 _07637_/X
 _07638_/Y
 _07639_/X
 _07640_/X
 _07641_/X
 _07642_/X
 _07643_/Y
 _07644_/X
 _07645_/Y
 _07646_/X
 _07647_/X
 _07648_/Y
 _07649_/X
 _07650_/Y
 _07651_/X
 _07652_/Y
 _07653_/X
 _07654_/Y
 _07655_/X
 _07656_/X
 _07657_/Y
 _07658_/X
 _07659_/X
 _07660_/Y
 _07661_/X
 _07662_/X
 _07663_/X
 _07664_/Y
 _07665_/Y
 _07666_/X
 _07667_/X
 _07668_/Y
 _07669_/X
 _07670_/Y
 _07671_/X
 _07672_/Y
 _07673_/X
 _07674_/Y
 _07675_/Y
 _07676_/Y
 _07677_/X
 _07678_/Y
 _07679_/Y
 _07680_/Y
 _07681_/Y
 _07682_/Y
 _07683_/X
 _07684_/X
 _07685_/Y
 _07686_/X
 _07687_/X
 _07688_/X
 _07689_/Y
 _07690_/Y
 _07691_/X
 _07692_/Y
 _07693_/Y
 _07694_/X
 _07695_/X
 _07696_/Y
 _07697_/X
 _07698_/X
 _07699_/Y
 _07700_/X
 _07701_/Y
 _07702_/Y
 _07703_/Y
 _07704_/X
 _07705_/X
 _07706_/X
 _07707_/X
 _07708_/Y
 _07709_/X
 _07710_/X
 _07711_/X
 _07712_/X
 _07713_/Y
 _07714_/X
 _07715_/Y
 _07716_/Y
 _07717_/X
 _07718_/Y
 _07719_/Y
 _07720_/X
 _07721_/Y
 _07722_/X
 _07723_/Y
 _07724_/X
 _07725_/Y
 _07726_/X
 _07727_/X
 _07728_/X
 _07729_/Y
 _07730_/Y
 _07731_/X
 _07732_/Y
 _07733_/X
 _07734_/Y
 _07735_/X
 _07736_/Y
 _07737_/X
 _07738_/Y
 _07739_/X
 _07740_/X
 _07741_/X
 _07742_/X
 _07743_/Y
 _07744_/Y
 _07745_/Y
 _07746_/Y
 _07747_/X
 _07748_/X
 _07749_/X
 _07750_/Y
 _07751_/X
 _07752_/Y
 _07753_/Y
 _07754_/X
 _07755_/Y
 _07756_/X
 _07757_/Y
 _07758_/X
 _07759_/X
 _07760_/Y
 _07761_/X
 _07762_/X
 _07763_/X
 _07764_/Y
 _07765_/Y
 _07766_/X
 _07767_/Y
 _07768_/X
 _07769_/X
 _07770_/Y
 _07771_/Y
 _07772_/Y
 _07773_/X
 _07774_/X
 _07775_/Y
 _07776_/X
 _07777_/Y
 _07778_/X
 _07779_/X
 _07780_/Y
 _07781_/X
 _07782_/Y
 _07783_/X
 _07784_/X
 _07785_/Y
 _07786_/X
 _07787_/X
 _07788_/Y
 _07789_/Y
 _07790_/X
 _07791_/X
 _07792_/Y
 _07793_/Y
 _07794_/X
 _07795_/X
 _07796_/Y
 _07797_/Y
 _07798_/X
 _07799_/X
 _07800_/Y
 _07801_/X
 _07802_/Y
 _07803_/Y
 _07804_/Y
 _07805_/X
 _07806_/Y
 _07807_/X
 _07808_/X
 _07809_/Y
 _07810_/X
 _07811_/Y
 _07812_/Y
 _07813_/Y
 _07814_/X
 _07815_/X
 _07816_/X
 _07817_/Y
 _07818_/Y
 _07819_/Y
 _07820_/Y
 _07821_/Y
 _07822_/X
 _07823_/Y
 _07824_/Y
 _07825_/X
 _07826_/Y
 _07827_/X
 _07828_/X
 _07829_/X
 _07830_/X
 _07831_/X
 _07832_/Y
 _07833_/Y
 _07834_/X
 _07835_/X
 _07836_/Y
 _07837_/Y
 _07838_/X
 _07839_/X
 _07840_/X
 _07841_/X
 _07842_/Y
 _07843_/Y
 _07844_/Y
 _07845_/Y
 _07846_/X
 _07847_/X
 _07848_/Y
 _07849_/X
 _07850_/Y
 _07851_/X
 _07852_/Y
 _07853_/Y
 _07854_/X
 _07855_/X
 _07856_/Y
 _07857_/X
 _07858_/X
 _07859_/X
 _07860_/Y
 _07861_/X
 _07862_/X
 _07863_/Y
 _07864_/Y
 _07865_/X
 _07866_/Y
 _07867_/X
 _07868_/Y
 _07869_/X
 _07870_/Y
 _07871_/X
 _07872_/X
 _07873_/X
 _07874_/Y
 _07875_/X
 _07876_/Y
 _07877_/Y
 _07878_/X
 _07879_/Y
 _07880_/X
 _07881_/Y
 _07882_/X
 _07883_/Y
 _07884_/X
 _07885_/Y
 _07886_/X
 _07887_/X
 _07888_/X
 _07889_/Y
 _07890_/X
 _07891_/Y
 _07892_/Y
 _07893_/X
 _07894_/X
 _07895_/X
 _07896_/Y
 _07897_/X
 _07898_/X
 _07899_/X
 _07900_/Y
 _07901_/X
 _07902_/X
 _07903_/Y
 _07904_/X
 _07905_/Y
 _07906_/X
 _07907_/Y
 _07908_/Y
 _07909_/X
 _07910_/X
 _07911_/Y
 _07912_/X
 _07913_/X
 _07914_/X
 _07915_/X
 _07916_/Y
 _07917_/X
 _07918_/X
 _07919_/Y
 _07920_/X
 _07921_/X
 _07922_/X
 _07923_/Y
 _07924_/X
 _07925_/X
 _07926_/Y
 _07927_/X
 _07928_/Y
 _07929_/X
 _07930_/X
 _07931_/Y
 _07932_/X
 _07933_/Y
 _07934_/X
 _07935_/X
 _07936_/Y
 _07937_/X
 _07938_/X
 _07939_/Y
 _07940_/Y
 _07941_/X
 _07942_/X
 _07943_/Y
 _07944_/Y
 _07945_/X
 _07946_/X
 _07947_/Y
 _07948_/Y
 _07949_/X
 _07950_/X
 _07951_/Y
 _07952_/X
 _07953_/Y
 _07954_/X
 _07955_/Y
 _07956_/X
 _07957_/Y
 _07958_/Y
 _07959_/Y
 _07960_/Y
 _07961_/X
 _07962_/Y
 _07963_/X
 _07964_/X
 _07965_/X
 _07966_/Y
 _07967_/X
 _07968_/Y
 _07969_/Y
 _07970_/X
 _07971_/Y
 _07972_/X
 _07973_/X
 _07974_/X
 _07975_/Y
 _07976_/X
 _07977_/X
 _07978_/X
 _07979_/X
 _07980_/X
 _07981_/X
 _07982_/Y
 _07983_/Y
 _07984_/X
 _07985_/X
 _07986_/X
 _07987_/X
 _07988_/Y
 _07989_/X
 _07990_/Y
 _07991_/X
 _07992_/Y
 _07993_/Y
 _07994_/X
 _07995_/Y
 _07996_/X
 _07997_/X
 _07998_/Y
 _07999_/X
 _08000_/Y
 _08001_/Y
 _08002_/X
 _08003_/X
 _08004_/Y
 _08005_/X
 _08006_/Y
 _08007_/X
 _08008_/Y
 _08009_/Y
 _08010_/X
 _08011_/X
 _08012_/Y
 _08013_/X
 _08014_/X
 _08015_/X
 _08016_/X
 _08017_/X
 _08018_/X
 _08019_/X
 _08020_/Y
 _08021_/X
 _08022_/Y
 _08023_/Y
 _08024_/X
 _08025_/X
 _08026_/Y
 _08027_/Y
 _08028_/X
 _08029_/X
 _08030_/Y
 _08031_/X
 _08032_/Y
 _08033_/Y
 _08034_/X
 _08035_/Y
 _08036_/X
 _08037_/Y
 _08038_/X
 _08039_/Y
 _08040_/X
 _08041_/Y
 _08042_/X
 _08043_/X
 _08044_/X
 _08045_/Y
 _08046_/X
 _08047_/Y
 _08048_/X
 _08049_/X
 _08050_/X
 _08051_/X
 _08052_/X
 _08053_/X
 _08054_/Y
 _08055_/X
 _08056_/X
 _08057_/X
 _08058_/X
 _08059_/X
 _08060_/X
 _08061_/Y
 _08062_/X
 _08063_/Y
 _08064_/X
 _08065_/Y
 _08066_/Y
 _08067_/X
 _08068_/X
 _08069_/X
 _08070_/X
 _08071_/X
 _08072_/X
 _08073_/X
 _08074_/X
 _08075_/Y
 _08076_/Y
 _08077_/X
 _08078_/X
 _08079_/X
 _08080_/X
 _08081_/Y
 _08082_/X
 _08083_/Y
 _08084_/X
 _08085_/X
 _08086_/X
 _08087_/Y
 _08088_/X
 _08089_/Y
 _08090_/X
 _08091_/Y
 _08092_/X
 _08093_/X
 _08094_/Y
 _08095_/X
 _08096_/Y
 _08097_/X
 _08098_/X
 _08099_/Y
 _08100_/X
 _08101_/X
 _08102_/Y
 _08103_/Y
 _08104_/X
 _08105_/X
 _08106_/Y
 _08107_/Y
 _08108_/X
 _08109_/X
 _08110_/Y
 _08111_/Y
 _08112_/X
 _08113_/X
 _08114_/Y
 _08115_/X
 _08116_/Y
 _08117_/X
 _08118_/Y
 _08119_/Y
 _08120_/X
 _08121_/Y
 _08122_/X
 _08123_/Y
 _08124_/X
 _08125_/Y
 _08126_/Y
 _08127_/Y
 _08128_/X
 _08129_/Y
 _08130_/X
 _08131_/X
 _08132_/X
 _08133_/X
 _08134_/X
 _08135_/X
 _08136_/Y
 _08137_/Y
 _08138_/X
 _08139_/X
 _08140_/X
 _08141_/Y
 _08142_/X
 _08143_/X
 _08144_/Y
 _08145_/X
 _08146_/X
 _08147_/X
 _08148_/Y
 _08149_/X
 _08150_/Y
 _08151_/Y
 _08152_/X
 _08153_/X
 _08154_/Y
 _08155_/X
 _08156_/Y
 _08157_/X
 _08158_/Y
 _08159_/Y
 _08160_/X
 _08161_/Y
 _08162_/X
 _08163_/X
 _08164_/Y
 _08165_/X
 _08166_/Y
 _08167_/Y
 _08168_/X
 _08169_/X
 _08170_/Y
 _08171_/X
 _08172_/X
 _08173_/X
 _08174_/Y
 _08175_/X
 _08176_/X
 _08177_/X
 _08178_/Y
 _08179_/Y
 _08180_/X
 _08181_/X
 _08182_/X
 _08183_/X
 _08184_/X
 _08185_/X
 _08186_/Y
 _08187_/X
 _08188_/X
 _08189_/X
 _08190_/Y
 _08191_/X
 _08192_/Y
 _08193_/Y
 _08194_/X
 _08195_/X
 _08196_/Y
 _08197_/X
 _08198_/X
 _08199_/Y
 _08200_/X
 _08201_/Y
 _08202_/X
 _08203_/Y
 _08204_/Y
 _08205_/X
 _08206_/Y
 _08207_/X
 _08208_/X
 _08209_/X
 _08210_/X
 _08211_/Y
 _08212_/X
 _08213_/X
 _08214_/X
 _08215_/X
 _08216_/X
 _08217_/X
 _08218_/X
 _08219_/Y
 _08220_/Y
 _08221_/X
 _08222_/X
 _08223_/Y
 _08224_/X
 _08225_/Y
 _08226_/X
 _08227_/Y
 _08228_/X
 _08229_/Y
 _08230_/X
 _08231_/Y
 _08232_/Y
 _08233_/Y
 _08234_/X
 _08235_/X
 _08236_/Y
 _08237_/Y
 _08238_/X
 _08239_/X
 _08240_/X
 _08241_/X
 _08242_/Y
 _08243_/Y
 _08244_/X
 _08245_/X
 _08246_/X
 _08247_/X
 _08248_/X
 _08249_/Y
 _08250_/X
 _08251_/X
 _08252_/X
 _08253_/Y
 _08254_/Y
 _08255_/X
 _08256_/X
 _08257_/Y
 _08258_/X
 _08259_/Y
 _08260_/X
 _08261_/X
 _08262_/Y
 _08263_/X
 _08264_/X
 _08265_/Y
 _08266_/Y
 _08267_/X
 _08268_/X
 _08269_/Y
 _08270_/Y
 _08271_/X
 _08272_/X
 _08273_/Y
 _08274_/Y
 _08275_/X
 _08276_/X
 _08277_/Y
 _08278_/X
 _08279_/Y
 _08280_/X
 _08281_/Y
 _08282_/Y
 _08283_/Y
 _08284_/X
 _08285_/Y
 _08286_/Y
 _08287_/Y
 _08288_/Y
 _08289_/Y
 _08290_/Y
 _08291_/X
 _08292_/X
 _08293_/X
 _08294_/X
 _08295_/X
 _08296_/X
 _08297_/X
 _08298_/X
 _08299_/X
 _08300_/Y
 _08301_/Y
 _08302_/X
 _08303_/Y
 _08304_/X
 _08305_/Y
 _08306_/X
 _08307_/Y
 _08308_/X
 _08309_/Y
 _08310_/X
 _08311_/Y
 _08312_/X
 _08313_/X
 _08314_/X
 _08315_/Y
 _08316_/X
 _08317_/Y
 _08318_/Y
 _08319_/X
 _08320_/Y
 _08321_/X
 _08322_/X
 _08323_/Y
 _08324_/Y
 _08325_/Y
 _08326_/Y
 _08327_/X
 _08328_/Y
 _08329_/Y
 _08330_/X
 _08331_/Y
 _08332_/X
 _08333_/Y
 _08334_/X
 _08335_/X
 _08336_/Y
 _08337_/X
 _08338_/X
 _08339_/X
 _08340_/X
 _08341_/X
 _08342_/Y
 _08343_/X
 _08344_/X
 _08345_/X
 _08346_/Y
 _08347_/Y
 _08348_/X
 _08349_/X
 _08350_/X
 _08351_/X
 _08352_/X
 _08353_/X
 _08354_/Y
 _08355_/X
 _08356_/X
 _08357_/Y
 _08358_/X
 _08359_/Y
 _08360_/Y
 _08361_/X
 _08362_/Y
 _08363_/X
 _08364_/X
 _08365_/Y
 _08366_/X
 _08367_/X
 _08368_/Y
 _08369_/X
 _08370_/Y
 _08371_/Y
 _08372_/X
 _08373_/Y
 _08374_/Y
 _08375_/Y
 _08376_/X
 _08377_/Y
 _08378_/X
 _08379_/X
 _08380_/X
 _08381_/X
 _08382_/X
 _08383_/X
 _08384_/X
 _08385_/X
 _08386_/Y
 _08387_/Y
 _08388_/X
 _08389_/X
 _08390_/Y
 _08391_/X
 _08392_/Y
 _08393_/X
 _08394_/Y
 _08395_/X
 _08396_/Y
 _08397_/X
 _08398_/Y
 _08399_/Y
 _08400_/Y
 _08401_/X
 _08402_/Y
 _08403_/Y
 _08404_/X
 _08405_/X
 _08406_/X
 _08407_/X
 _08408_/Y
 _08409_/X
 _08410_/X
 _08411_/Y
 _08412_/X
 _08413_/X
 _08414_/X
 _08415_/X
 _08416_/X
 _08417_/X
 _08418_/X
 _08419_/X
 _08420_/Y
 _08421_/Y
 _08422_/X
 _08423_/X
 _08424_/Y
 _08425_/X
 _08426_/Y
 _08427_/X
 _08428_/X
 _08429_/Y
 _08430_/X
 _08431_/X
 _08432_/Y
 _08433_/Y
 _08434_/X
 _08435_/X
 _08436_/Y
 _08437_/X
 _08438_/Y
 _08439_/X
 _08440_/Y
 _08441_/X
 _08442_/Y
 _08443_/X
 _08444_/Y
 _08445_/X
 _08446_/Y
 _08447_/X
 _08448_/Y
 _08449_/X
 _08450_/Y
 _08451_/Y
 _08452_/X
 _08453_/X
 _08454_/X
 _08455_/X
 _08456_/X
 _08457_/Y
 _08458_/Y
 _08459_/X
 _08460_/Y
 _08461_/Y
 _08462_/X
 _08463_/X
 _08464_/X
 _08465_/X
 _08466_/X
 _08467_/Y
 _08468_/Y
 _08469_/X
 _08470_/X
 _08471_/Y
 _08472_/X
 _08473_/Y
 _08474_/X
 _08475_/X
 _08476_/Y
 _08477_/Y
 _08478_/X
 _08479_/X
 _08480_/Y
 _08481_/X
 _08482_/Y
 _08483_/Y
 _08484_/X
 _08485_/X
 _08486_/X
 _08487_/X
 _08488_/Y
 _08489_/X
 _08490_/X
 _08491_/Y
 _08492_/Y
 _08493_/X
 _08494_/Y
 _08495_/X
 _08496_/X
 _08497_/Y
 _08498_/Y
 _08499_/Y
 _08500_/Y
 _08501_/X
 _08502_/Y
 _08503_/Y
 _08504_/X
 _08505_/Y
 _08506_/X
 _08507_/Y
 _08508_/X
 _08509_/Y
 _08510_/X
 _08511_/X
 _08512_/X
 _08513_/X
 _08514_/Y
 _08515_/X
 _08516_/X
 _08517_/Y
 _08518_/Y
 _08519_/X
 _08520_/X
 _08521_/X
 _08522_/X
 _08523_/X
 _08524_/Y
 _08525_/Y
 _08526_/X
 _08527_/X
 _08528_/X
 _08529_/X
 _08530_/X
 _08531_/X
 _08532_/Y
 _08533_/X
 _08534_/X
 _08535_/Y
 _08536_/Y
 _08537_/X
 _08538_/Y
 _08539_/X
 _08540_/X
 _08541_/Y
 _08542_/X
 _08543_/X
 _08544_/Y
 _08545_/X
 _08546_/Y
 _08547_/X
 _08548_/Y
 _08549_/Y
 _08550_/X
 _08551_/Y
 _08552_/X
 _08553_/X
 _08554_/Y
 _08555_/X
 _08556_/X
 _08557_/X
 _08558_/X
 _08559_/X
 _08560_/X
 _08561_/X
 _08562_/Y
 _08563_/Y
 _08564_/X
 _08565_/X
 _08566_/Y
 _08567_/X
 _08568_/Y
 _08569_/X
 _08570_/Y
 _08571_/X
 _08572_/Y
 _08573_/X
 _08574_/X
 _08575_/X
 _08576_/Y
 _08577_/X
 _08578_/X
 _08579_/X
 _08580_/X
 _08581_/X
 _08582_/Y
 _08583_/X
 _08584_/Y
 _08585_/X
 _08586_/X
 _08587_/X
 _08588_/X
 _08589_/X
 _08590_/X
 _08591_/Y
 _08592_/X
 _08593_/X
 _08594_/X
 _08595_/X
 _08596_/X
 _08597_/X
 _08598_/X
 _08599_/X
 _08600_/X
 _08601_/Y
 _08602_/Y
 _08603_/X
 _08604_/X
 _08605_/Y
 _08606_/X
 _08607_/Y
 _08608_/X
 _08609_/X
 _08610_/Y
 _08611_/X
 _08612_/Y
 _08613_/X
 _08614_/Y
 _08615_/X
 _08616_/X
 _08617_/Y
 _08618_/X
 _08619_/Y
 _08620_/Y
 _08621_/X
 _08622_/Y
 _08623_/X
 _08624_/X
 _08625_/X
 _08626_/Y
 _08627_/X
 _08628_/Y
 _08629_/X
 _08630_/X
 _08631_/Y
 _08632_/X
 _08633_/Y
 _08634_/Y
 _08635_/X
 _08636_/Y
 _08637_/X
 _08638_/Y
 _08639_/X
 _08640_/X
 _08641_/X
 _08642_/X
 _08643_/X
 _08644_/X
 _08645_/X
 _08646_/X
 _08647_/X
 _08648_/Y
 _08649_/X
 _08650_/X
 _08651_/X
 _08652_/Y
 _08653_/Y
 _08654_/X
 _08655_/Y
 _08656_/Y
 _08657_/X
 _08658_/X
 _08659_/Y
 _08660_/Y
 _08661_/Y
 _08662_/X
 _08663_/Y
 _08664_/Y
 _08665_/X
 _08666_/X
 _08667_/Y
 _08668_/X
 _08669_/Y
 _08670_/Y
 _08671_/X
 _08672_/Y
 _08673_/X
 _08674_/X
 _08675_/Y
 _08676_/Y
 _08677_/Y
 _08678_/X
 _08679_/Y
 _08680_/Y
 _08681_/Y
 _08682_/Y
 _08683_/Y
 _08684_/X
 _08685_/X
 _08686_/X
 _08687_/X
 _08688_/X
 _08689_/Y
 _08690_/X
 _08691_/X
 _08692_/X
 _08693_/X
 _08694_/Y
 _08695_/X
 _08696_/X
 _08697_/Y
 _08698_/X
 _08699_/X
 _08700_/X
 _08701_/Y
 _08702_/Y
 _08703_/X
 _08704_/X
 _08705_/Y
 _08706_/X
 _08707_/X
 _08708_/Y
 _08709_/Y
 _08710_/X
 _08711_/Y
 _08712_/X
 _08713_/X
 _08714_/Y
 _08715_/X
 _08716_/X
 _08717_/Y
 _08718_/Y
 _08719_/X
 _08720_/Y
 _08721_/X
 _08722_/X
 _08723_/X
 _08724_/X
 _08725_/X
 _08726_/X
 _08727_/X
 _08728_/X
 _08729_/Y
 _08730_/X
 _08731_/X
 _08732_/Y
 _08733_/X
 _08734_/Y
 _08735_/X
 _08736_/X
 _08737_/Y
 _08738_/Y
 _08739_/X
 _08740_/X
 _08741_/Y
 _08742_/Y
 _08743_/X
 _08744_/Y
 _08745_/Y
 _08746_/X
 _08747_/X
 _08748_/X
 _08749_/Y
 _08750_/X
 _08751_/X
 _08752_/Y
 _08753_/X
 _08754_/X
 _08755_/X
 _08756_/Y
 _08757_/Y
 _08758_/X
 _08759_/X
 _08760_/X
 _08761_/Y
 _08762_/Y
 _08763_/X
 _08764_/X
 _08765_/X
 _08766_/Y
 _08767_/Y
 _08768_/X
 _08769_/X
 _08770_/Y
 _08771_/X
 _08772_/Y
 _08773_/X
 _08774_/Y
 _08775_/Y
 _08776_/Y
 _08777_/Y
 _08778_/Y
 _08779_/Y
 _08780_/Y
 _08781_/X
 _08782_/X
 _08783_/Y
 _08784_/Y
 _08785_/X
 _08786_/X
 _08787_/Y
 _08788_/X
 _08789_/Y
 _08790_/X
 _08791_/X
 _08792_/Y
 _08793_/Y
 _08794_/Y
 _08795_/X
 _08796_/X
 _08797_/X
 _08798_/Y
 _08799_/Y
 _08800_/X
 _08801_/X
 _08802_/X
 _08803_/Y
 _08804_/X
 _08805_/X
 _08806_/X
 _08807_/Y
 _08808_/X
 _08809_/X
 _08810_/X
 _08811_/Y
 _08812_/Y
 _08813_/X
 _08814_/Y
 _08815_/Y
 _08816_/X
 _08817_/X
 _08818_/Y
 _08819_/Y
 _08820_/Y
 _08821_/X
 _08822_/Y
 _08823_/Y
 _08824_/X
 _08825_/X
 _08826_/Y
 _08827_/X
 _08828_/Y
 _08829_/Y
 _08830_/X
 _08831_/Y
 _08832_/X
 _08833_/X
 _08834_/Y
 _08835_/Y
 _08836_/Y
 _08837_/X
 _08838_/Y
 _08839_/Y
 _08840_/Y
 _08841_/Y
 _08842_/Y
 _08843_/X
 _08844_/X
 _08845_/X
 _08846_/X
 _08847_/Y
 _08848_/X
 _08849_/X
 _08850_/X
 _08851_/X
 _08852_/Y
 _08853_/Y
 _08854_/X
 _08855_/X
 _08856_/X
 _08857_/X
 _08858_/X
 _08859_/X
 _08860_/Y
 _08861_/X
 _08862_/X
 _08863_/Y
 _08864_/X
 _08865_/Y
 _08866_/Y
 _08867_/X
 _08868_/Y
 _08869_/X
 _08870_/X
 _08871_/Y
 _08872_/X
 _08873_/Y
 _08874_/X
 _08875_/Y
 _08876_/X
 _08877_/X
 _08878_/Y
 _08879_/Y
 _08880_/X
 _08881_/X
 _08882_/Y
 _08883_/X
 _08884_/X
 _08885_/X
 _08886_/X
 _08887_/X
 _08888_/X
 _08889_/Y
 _08890_/Y
 _08891_/X
 _08892_/X
 _08893_/Y
 _08894_/X
 _08895_/Y
 _08896_/X
 _08897_/X
 _08898_/Y
 _08899_/X
 _08900_/Y
 _08901_/X
 _08902_/Y
 _08903_/X
 _08904_/X
 _08905_/Y
 _08906_/Y
 _08907_/X
 _08908_/Y
 _08909_/X
 _08910_/X
 _08911_/Y
 _08912_/X
 _08913_/X
 _08914_/X
 _08915_/X
 _08916_/Y
 _08917_/Y
 _08918_/X
 _08919_/Y
 _08920_/X
 _08921_/X
 _08922_/Y
 _08923_/X
 _08924_/X
 _08925_/Y
 _08926_/Y
 _08927_/X
 _08928_/X
 _08929_/X
 _08930_/Y
 _08931_/Y
 _08932_/X
 _08933_/Y
 _08934_/X
 _08935_/Y
 _08936_/X
 _08937_/Y
 _08938_/X
 _08939_/X
 _08940_/X
 _08941_/X
 _08942_/Y
 _08943_/Y
 _08944_/Y
 _08945_/Y
 _08946_/X
 _08947_/Y
 _08948_/Y
 _08949_/X
 _08950_/Y
 _08951_/X
 _08952_/X
 _08953_/X
 _08954_/X
 _08955_/X
 _08956_/X
 _08957_/Y
 _08958_/X
 _08959_/X
 _08960_/X
 _08961_/Y
 _08962_/X
 _08963_/X
 _08964_/X
 _08965_/Y
 _08966_/Y
 _08967_/X
 _08968_/Y
 _08969_/Y
 _08970_/X
 _08971_/X
 _08972_/Y
 _08973_/Y
 _08974_/Y
 _08975_/X
 _08976_/Y
 _08977_/Y
 _08978_/X
 _08979_/X
 _08980_/Y
 _08981_/X
 _08982_/Y
 _08983_/Y
 _08984_/X
 _08985_/Y
 _08986_/X
 _08987_/X
 _08988_/Y
 _08989_/Y
 _08990_/Y
 _08991_/X
 _08992_/Y
 _08993_/Y
 _08994_/Y
 _08995_/Y
 _08996_/Y
 _08997_/Y
 _08998_/Y
 _08999_/X
 _09000_/X
 _09001_/X
 _09002_/Y
 _09003_/X
 _09004_/X
 _09005_/X
 _09006_/Y
 _09007_/Y
 _09008_/X
 _09009_/X
 _09010_/X
 _09011_/X
 _09012_/X
 _09013_/X
 _09014_/Y
 _09015_/X
 _09016_/X
 _09017_/X
 _09018_/X
 _09019_/Y
 _09020_/X
 _09021_/X
 _09022_/X
 _09023_/Y
 _09024_/Y
 _09025_/X
 _09026_/Y
 _09027_/X
 _09028_/X
 _09029_/Y
 _09030_/X
 _09031_/X
 _09032_/Y
 _09033_/X
 _09034_/Y
 _09035_/X
 _09036_/Y
 _09037_/Y
 _09038_/Y
 _09039_/X
 _09040_/Y
 _09041_/X
 _09042_/X
 _09043_/X
 _09044_/X
 _09045_/X
 _09046_/X
 _09047_/X
 _09048_/Y
 _09049_/Y
 _09050_/X
 _09051_/X
 _09052_/Y
 _09053_/X
 _09054_/Y
 _09055_/X
 _09056_/Y
 _09057_/X
 _09058_/Y
 _09059_/X
 _09060_/X
 _09061_/Y
 _09062_/X
 _09063_/X
 _09064_/X
 _09065_/Y
 _09066_/Y
 _09067_/X
 _09068_/X
 _09069_/Y
 _09070_/X
 _09071_/Y
 _09072_/X
 _09073_/X
 _09074_/X
 _09075_/X
 _09076_/X
 _09077_/Y
 _09078_/Y
 _09079_/Y
 _09080_/X
 _09081_/X
 _09082_/X
 _09083_/X
 _09084_/X
 _09085_/Y
 _09086_/Y
 _09087_/X
 _09088_/Y
 _09089_/X
 _09090_/Y
 _09091_/Y
 _09092_/Y
 _09093_/X
 _09094_/X
 _09095_/Y
 _09096_/Y
 _09097_/Y
 _09098_/Y
 _09099_/X
 _09100_/Y
 _09101_/X
 _09102_/Y
 _09103_/Y
 _09104_/Y
 _09105_/Y
 _09106_/Y
 _09107_/X
 _09108_/X
 _09109_/Y
 _09110_/X
 _09111_/Y
 _09112_/Y
 _09113_/X
 _09114_/X
 _09115_/X
 _09116_/X
 _09117_/Y
 _09118_/X
 _09119_/X
 _09120_/X
 _09121_/Y
 _09122_/X
 _09123_/X
 _09124_/X
 _09125_/Y
 _09126_/Y
 _09127_/X
 _09128_/Y
 _09129_/Y
 _09130_/X
 _09131_/X
 _09132_/Y
 _09133_/Y
 _09134_/Y
 _09135_/X
 _09136_/Y
 _09137_/Y
 _09138_/X
 _09139_/X
 _09140_/Y
 _09141_/X
 _09142_/Y
 _09143_/Y
 _09144_/X
 _09145_/Y
 _09146_/X
 _09147_/X
 _09148_/Y
 _09149_/Y
 _09150_/Y
 _09151_/X
 _09152_/Y
 _09153_/Y
 _09154_/Y
 _09155_/Y
 _09156_/Y
 _09157_/X
 _09158_/X
 _09159_/X
 _09160_/X
 _09161_/Y
 _09162_/X
 _09163_/X
 _09164_/X
 _09165_/X
 _09166_/Y
 _09167_/Y
 _09168_/X
 _09169_/X
 _09170_/X
 _09171_/X
 _09172_/X
 _09173_/Y
 _09174_/X
 _09175_/X
 _09176_/X
 _09177_/X
 _09178_/Y
 _09179_/X
 _09180_/Y
 _09181_/Y
 _09182_/X
 _09183_/Y
 _09184_/X
 _09185_/X
 _09186_/Y
 _09187_/X
 _09188_/X
 _09189_/Y
 _09190_/X
 _09191_/Y
 _09192_/X
 _09193_/Y
 _09194_/Y
 _09195_/Y
 _09196_/X
 _09197_/X
 _09198_/X
 _09199_/Y
 _09200_/X
 _09201_/X
 _09202_/X
 _09203_/X
 _09204_/X
 _09205_/X
 _09206_/X
 _09207_/Y
 _09208_/Y
 _09209_/X
 _09210_/X
 _09211_/X
 _09212_/Y
 _09213_/X
 _09214_/Y
 _09215_/X
 _09216_/Y
 _09217_/X
 _09218_/Y
 _09219_/X
 _09220_/X
 _09221_/X
 _09222_/X
 _09223_/X
 _09224_/Y
 _09225_/X
 _09226_/X
 _09227_/Y
 _09228_/Y
 _09229_/X
 _09230_/X
 _09231_/Y
 _09232_/X
 _09233_/Y
 _09234_/Y
 _09235_/X
 _09236_/Y
 _09237_/X
 _09238_/X
 _09239_/Y
 _09240_/X
 _09241_/X
 _09242_/Y
 _09243_/Y
 _09244_/X
 _09245_/Y
 _09246_/X
 _09247_/Y
 _09248_/X
 _09249_/Y
 _09250_/Y
 _09251_/Y
 _09252_/X
 _09253_/X
 _09254_/Y
 _09255_/Y
 _09256_/Y
 _09257_/Y
 _09258_/X
 _09259_/Y
 _09260_/X
 _09261_/Y
 _09262_/Y
 _09263_/Y
 _09264_/X
 _09265_/X
 _09266_/X
 _09267_/X
 _09268_/X
 _09269_/X
 _09270_/Y
 _09271_/X
 _09272_/X
 _09273_/X
 _09274_/Y
 _09275_/X
 _09276_/X
 _09277_/X
 _09278_/Y
 _09279_/Y
 _09280_/X
 _09281_/Y
 _09282_/Y
 _09283_/X
 _09284_/X
 _09285_/Y
 _09286_/Y
 _09287_/Y
 _09288_/X
 _09289_/X
 _09290_/Y
 _09291_/X
 _09292_/X
 _09293_/X
 _09294_/X
 _09295_/X
 _09296_/Y
 _09297_/X
 _09298_/X
 _09299_/Y
 _09300_/Y
 _09301_/X
 _09302_/Y
 _09303_/X
 _09304_/X
 _09305_/Y
 _09306_/X
 _09307_/Y
 _09308_/X
 _09309_/Y
 _09310_/Y
 _09311_/Y
 _09312_/X
 _09313_/Y
 _09314_/X
 _09315_/X
 _09316_/X
 _09317_/X
 _09318_/Y
 _09319_/X
 _09320_/X
 _09321_/X
 _09322_/X
 _09323_/Y
 _09324_/X
 _09325_/X
 _09326_/Y
 _09327_/X
 _09328_/X
 _09329_/X
 _09330_/Y
 _09331_/Y
 _09332_/X
 _09333_/X
 _09334_/X
 _09335_/Y
 _09336_/X
 _09337_/Y
 _09338_/Y
 _09339_/X
 _09340_/Y
 _09341_/X
 _09342_/X
 _09343_/Y
 _09344_/X
 _09345_/X
 _09346_/Y
 _09347_/X
 _09348_/Y
 _09349_/Y
 _09350_/X
 _09351_/X
 _09352_/X
 _09353_/X
 _09354_/X
 _09355_/X
 _09356_/Y
 _09357_/X
 _09358_/X
 _09359_/X
 _09360_/Y
 _09361_/Y
 _09362_/X
 _09363_/X
 _09364_/Y
 _09365_/Y
 _09366_/X
 _09367_/X
 _09368_/Y
 _09369_/Y
 _09370_/X
 _09371_/X
 _09372_/Y
 _09373_/X
 _09374_/X
 _09375_/Y
 _09376_/Y
 _09377_/X
 _09378_/X
 _09379_/X
 _09380_/Y
 _09381_/X
 _09382_/Y
 _09383_/X
 _09384_/Y
 _09385_/X
 _09386_/X
 _09387_/Y
 _09388_/Y
 _09389_/X
 _09390_/X
 _09391_/Y
 _09392_/Y
 _09393_/X
 _09394_/Y
 _09395_/Y
 _09396_/Y
 _09397_/X
 _09398_/X
 _09399_/Y
 _09400_/Y
 _09401_/Y
 _09402_/Y
 _09403_/X
 _09404_/Y
 _09405_/X
 _09406_/Y
 _09407_/Y
 _09408_/Y
 _09409_/Y
 _09410_/X
 _09411_/Y
 _09412_/Y
 _09413_/Y
 _09414_/X
 _09415_/X
 _09416_/X
 _09417_/X
 _09418_/Y
 _09419_/Y
 _09420_/X
 _09421_/X
 _09422_/X
 _09423_/Y
 _09424_/Y
 _09425_/X
 _09426_/X
 _09427_/X
 _09428_/X
 _09429_/Y
 _09430_/Y
 _09431_/X
 _09432_/Y
 _09433_/Y
 _09434_/X
 _09435_/X
 _09436_/X
 _09437_/Y
 _09438_/Y
 _09439_/X
 _09440_/Y
 _09441_/X
 _09442_/Y
 _09443_/X
 _09444_/X
 _09445_/Y
 _09446_/X
 _09447_/Y
 _09448_/Y
 _09449_/X
 _09450_/Y
 _09451_/X
 _09452_/X
 _09453_/Y
 _09454_/X
 _09455_/Y
 _09456_/X
 _09457_/Y
 _09458_/Y
 _09459_/X
 _09460_/Y
 _09461_/X
 _09462_/Y
 _09463_/Y
 _09464_/X
 _09465_/X
 _09466_/X
 _09467_/X
 _09468_/X
 _09469_/Y
 _09470_/X
 _09471_/X
 _09472_/X
 _09473_/X
 _09474_/Y
 _09475_/X
 _09476_/Y
 _09477_/X
 _09478_/X
 _09479_/X
 _09480_/Y
 _09481_/Y
 _09482_/X
 _09483_/X
 _09484_/Y
 _09485_/X
 _09486_/Y
 _09487_/Y
 _09488_/X
 _09489_/Y
 _09490_/X
 _09491_/X
 _09492_/Y
 _09493_/X
 _09494_/Y
 _09495_/X
 _09496_/Y
 _09497_/X
 _09498_/Y
 _09499_/X
 _09500_/Y
 _09501_/X
 _09502_/X
 _09503_/X
 _09504_/X
 _09505_/X
 _09506_/X
 _09507_/X
 _09508_/Y
 _09509_/X
 _09510_/X
 _09511_/Y
 _09512_/X
 _09513_/Y
 _09514_/X
 _09515_/X
 _09516_/X
 _09517_/X
 _09518_/X
 _09519_/X
 _09520_/Y
 _09521_/X
 _09522_/Y
 _09523_/X
 _09524_/Y
 _09525_/X
 _09526_/Y
 _09527_/Y
 _09528_/X
 _09529_/Y
 _09530_/X
 _09531_/X
 _09532_/Y
 _09533_/X
 _09534_/Y
 _09535_/X
 _09536_/Y
 _09537_/X
 _09538_/Y
 _09539_/X
 _09540_/Y
 _09541_/X
 _09542_/Y
 _09543_/Y
 _09544_/Y
 _09545_/Y
 _09546_/Y
 _09547_/Y
 _09548_/Y
 _09549_/X
 _09550_/Y
 _09551_/X
 _09552_/Y
 _09553_/Y
 _09554_/X
 _09555_/X
 _09556_/X
 _09557_/X
 _09558_/X
 _09559_/Y
 _09560_/Y
 _09561_/Y
 _09562_/Y
 _09563_/X
 _09564_/X
 _09565_/X
 _09566_/Y
 _09567_/X
 _09568_/X
 _09569_/X
 _09570_/X
 _09571_/X
 _09572_/Y
 _09573_/X
 _09574_/Y
 _09575_/X
 _09576_/X
 _09577_/X
 _09578_/Y
 _09579_/Y
 _09580_/X
 _09581_/Y
 _09582_/X
 _09583_/Y
 _09584_/X
 _09585_/X
 _09586_/Y
 _09587_/X
 _09588_/Y
 _09589_/Y
 _09590_/X
 _09591_/Y
 _09592_/X
 _09593_/X
 _09594_/Y
 _09595_/X
 _09596_/Y
 _09597_/X
 _09598_/Y
 _09599_/Y
 _09600_/X
 _09601_/Y
 _09602_/X
 _09603_/Y
 _09604_/X
 _09605_/Y
 _09606_/X
 _09607_/Y
 _09608_/X
 _09609_/X
 _09610_/Y
 _09611_/X
 _09612_/Y
 _09613_/X
 _09614_/X
 _09615_/X
 _09616_/X
 _09617_/Y
 _09618_/X
 _09619_/X
 _09620_/X
 _09621_/Y
 _09622_/Y
 _09623_/X
 _09624_/X
 _09625_/Y
 _09626_/Y
 _09627_/X
 _09628_/Y
 _09629_/X
 _09630_/X
 _09631_/Y
 _09632_/Y
 _09633_/X
 _09634_/X
 _09635_/Y
 _09636_/Y
 _09637_/X
 _09638_/Y
 _09639_/X
 _09640_/Y
 _09641_/X
 _09642_/X
 _09643_/X
 _09644_/X
 _09645_/X
 _09646_/Y
 _09647_/X
 _09648_/X
 _09649_/X
 _09650_/X
 _09651_/Y
 _09652_/X
 _09653_/Y
 _09654_/X
 _09655_/X
 _09656_/X
 _09657_/Y
 _09658_/Y
 _09659_/X
 _09660_/X
 _09661_/X
 _09662_/Y
 _09663_/X
 _09664_/Y
 _09665_/Y
 _09666_/X
 _09667_/Y
 _09668_/X
 _09669_/X
 _09670_/Y
 _09671_/X
 _09672_/X
 _09673_/Y
 _09674_/X
 _09675_/Y
 _09676_/Y
 _09677_/X
 _09678_/X
 _09679_/Y
 _09680_/X
 _09681_/Y
 _09682_/X
 _09683_/Y
 _09684_/X
 _09685_/Y
 _09686_/Y
 _09687_/X
 _09688_/Y
 _09689_/X
 _09690_/Y
 _09691_/X
 _09692_/Y
 _09693_/Y
 _09694_/Y
 _09695_/Y
 _09696_/X
 _09697_/X
 _09698_/X
 _09699_/X
 _09700_/X
 _09701_/X
 _09702_/Y
 _09703_/X
 _09704_/Y
 _09705_/Y
 _09706_/Y
 _09707_/X
 _09708_/X
 _09709_/X
 _09710_/X
 _09711_/Y
 _09712_/X
 _09713_/Y
 _09714_/X
 _09715_/Y
 _09716_/X
 _09717_/Y
 _09718_/X
 _09719_/X
 _09720_/Y
 _09721_/Y
 _09722_/X
 _09723_/Y
 _09724_/X
 _09725_/X
 _09726_/Y
 _09727_/X
 _09728_/Y
 _09729_/X
 _09730_/Y
 _09731_/X
 _09732_/X
 _09733_/X
 _09734_/X
 _09735_/X
 _09736_/Y
 _09737_/X
 _09738_/X
 _09739_/X
 _09740_/X
 _09741_/Y
 _09742_/X
 _09743_/X
 _09744_/Y
 _09745_/X
 _09746_/X
 _09747_/X
 _09748_/Y
 _09749_/Y
 _09750_/X
 _09751_/X
 _09752_/X
 _09753_/Y
 _09754_/X
 _09755_/Y
 _09756_/Y
 _09757_/X
 _09758_/Y
 _09759_/X
 _09760_/X
 _09761_/Y
 _09762_/X
 _09763_/Y
 _09764_/X
 _09765_/Y
 _09766_/X
 _09767_/Y
 _09768_/X
 _09769_/X
 _09770_/Y
 _09771_/Y
 _09772_/X
 _09773_/Y
 _09774_/X
 _09775_/Y
 _09776_/X
 _09777_/X
 _09778_/X
 _09779_/X
 _09780_/X
 _09781_/Y
 _09782_/Y
 _09783_/X
 _09784_/X
 _09785_/X
 _09786_/X
 _09787_/Y
 _09788_/Y
 _09789_/X
 _09790_/Y
 _09791_/X
 _09792_/Y
 _09793_/X
 _09794_/X
 _09795_/X
 _09796_/X
 _09797_/X
 _09798_/Y
 _09799_/X
 _09800_/Y
 _09801_/Y
 _09802_/X
 _09803_/Y
 _09804_/X
 _09805_/X
 _09806_/Y
 _09807_/X
 _09808_/Y
 _09809_/X
 _09810_/Y
 _09811_/Y
 _09812_/X
 _09813_/Y
 _09814_/X
 _09815_/Y
 _09816_/X
 _09817_/Y
 _09818_/X
 _09819_/Y
 _09820_/X
 _09821_/Y
 _09822_/X
 _09823_/Y
 _09824_/Y
 _09825_/X
 _09826_/X
 _09827_/X
 _09828_/Y
 _09829_/Y
 _09830_/Y
 _09831_/Y
 _09832_/Y
 _09833_/X
 _09834_/X
 _09835_/X
 _09836_/X
 _09837_/Y
 _09838_/X
 _09839_/X
 _09840_/Y
 _09841_/X
 _09842_/Y
 _09843_/X
 _09844_/X
 _09845_/Y
 _09846_/X
 _09847_/X
 _09848_/Y
 _09849_/X
 _09850_/Y
 _09851_/X
 _09852_/Y
 _09853_/X
 _09854_/X
 _09855_/Y
 _09856_/X
 _09857_/X
 _09858_/Y
 _09859_/Y
 _09860_/X
 _09861_/X
 _09862_/X
 _09863_/Y
 _09864_/X
 _09865_/Y
 _09866_/X
 _09867_/X
 _09868_/X
 _09869_/X
 _09870_/Y
 _09871_/X
 _09872_/X
 _09873_/Y
 _09874_/X
 _09875_/X
 _09876_/X
 _09877_/Y
 _09878_/Y
 _09879_/X
 _09880_/X
 _09881_/Y
 _09882_/X
 _09883_/Y
 _09884_/Y
 _09885_/X
 _09886_/Y
 _09887_/X
 _09888_/X
 _09889_/Y
 _09890_/X
 _09891_/Y
 _09892_/X
 _09893_/Y
 _09894_/X
 _09895_/X
 _09896_/Y
 _09897_/Y
 _09898_/X
 _09899_/Y
 _09900_/X
 _09901_/X
 _09902_/Y
 _09903_/X
 _09904_/X
 _09905_/X
 _09906_/X
 _09907_/X
 _09908_/Y
 _09909_/Y
 _09910_/Y
 _09911_/X
 _09912_/X
 _09913_/X
 _09914_/Y
 _09915_/X
 _09916_/Y
 _09917_/X
 _09918_/Y
 _09919_/X
 _09920_/X
 _09921_/Y
 _09922_/X
 _09923_/Y
 _09924_/Y
 _09925_/X
 _09926_/Y
 _09927_/X
 _09928_/X
 _09929_/Y
 _09930_/X
 _09931_/Y
 _09932_/X
 _09933_/Y
 _09934_/Y
 _09935_/X
 _09936_/X
 _09937_/Y
 _09938_/X
 _09939_/Y
 _09940_/Y
 _09941_/X
 _09942_/X
 _09943_/Y
 _09944_/Y
 _09945_/X
 _09946_/Y
 _09947_/X
 _09948_/Y
 _09949_/X
 _09950_/X
 _09951_/X
 _09952_/Y
 _09953_/X
 _09954_/X
 _09955_/Y
 _09956_/X
 _09957_/X
 _09958_/X
 _09959_/Y
 _09960_/Y
 _09961_/Y
 _09962_/X
 _09963_/X
 _09964_/Y
 _09965_/X
 _09966_/Y
 _09967_/Y
 _09968_/Y
 _09969_/X
 _09970_/Y
 _09971_/Y
 _09972_/X
 _09973_/Y
 _09974_/X
 _09975_/Y
 _09976_/Y
 _09977_/X
 _09978_/X
 _09979_/X
 _09980_/Y
 _09981_/Y
 _09982_/X
 _09983_/X
 _09984_/X
 _09985_/Y
 _09986_/X
 _09987_/X
 _09988_/Y
 _09989_/X
 _09990_/X
 _09991_/X
 _09992_/X
 _09993_/Y
 _09994_/X
 _09995_/X
 _09996_/X
 _09997_/X
 _09998_/Y
 _09999_/X
 _10000_/Y
 _10001_/X
 _10002_/X
 _10003_/X
 _10004_/Y
 _10005_/Y
 _10006_/X
 _10007_/Y
 _10008_/Y
 _10009_/X
 _10010_/X
 _10011_/Y
 _10012_/Y
 _10013_/X
 _10014_/X
 _10015_/Y
 _10016_/X
 _10017_/X
 _10018_/Y
 _10019_/Y
 _10020_/X
 _10021_/Y
 _10022_/X
 _10023_/X
 _10024_/Y
 _10025_/X
 _10026_/Y
 _10027_/X
 _10028_/Y
 _10029_/X
 _10030_/X
 _10031_/X
 _10032_/X
 _10033_/X
 _10034_/Y
 _10035_/Y
 _10036_/Y
 _10037_/X
 _10038_/X
 _10039_/X
 _10040_/Y
 _10041_/X
 _10042_/Y
 _10043_/X
 _10044_/Y
 _10045_/X
 _10046_/Y
 _10047_/Y
 _10048_/X
 _10049_/X
 _10050_/Y
 _10051_/Y
 _10052_/X
 _10053_/X
 _10054_/Y
 _10055_/Y
 _10056_/X
 _10057_/Y
 _10058_/X
 _10059_/X
 _10060_/Y
 _10061_/Y
 _10062_/X
 _10063_/X
 _10064_/Y
 _10065_/Y
 _10066_/X
 _10067_/Y
 _10068_/X
 _10069_/Y
 _10070_/X
 _10071_/Y
 _10072_/X
 _10073_/Y
 _10074_/X
 _10075_/Y
 _10076_/Y
 _10077_/X
 _10078_/Y
 _10079_/X
 _10080_/X
 _10081_/X
 _10082_/Y
 _10083_/Y
 _10084_/X
 _10085_/Y
 _10086_/X
 _10087_/Y
 _10088_/X
 _10089_/Y
 _10090_/X
 _10091_/Y
 _10092_/X
 _10093_/Y
 _10094_/X
 _10095_/Y
 _10096_/X
 _10097_/Y
 _10098_/X
 _10099_/X
 _10100_/X
 _10101_/X
 _10102_/Y
 _10103_/X
 _10104_/X
 _10105_/Y
 _10106_/X
 _10107_/X
 _10108_/X
 _10109_/Y
 _10110_/Y
 _10111_/X
 _10112_/X
 _10113_/X
 _10114_/Y
 _10115_/X
 _10116_/Y
 _10117_/Y
 _10118_/X
 _10119_/Y
 _10120_/X
 _10121_/X
 _10122_/Y
 _10123_/X
 _10124_/Y
 _10125_/X
 _10126_/Y
 _10127_/X
 _10128_/Y
 _10129_/X
 _10130_/X
 _10131_/Y
 _10132_/Y
 _10133_/X
 _10134_/X
 _10135_/Y
 _10136_/X
 _10137_/X
 _10138_/X
 _10139_/X
 _10140_/X
 _10141_/Y
 _10142_/Y
 _10143_/Y
 _10144_/X
 _10145_/X
 _10146_/X
 _10147_/Y
 _10148_/X
 _10149_/X
 _10150_/X
 _10151_/X
 _10152_/X
 _10153_/Y
 _10154_/X
 _10155_/Y
 _10156_/Y
 _10157_/X
 _10158_/Y
 _10159_/X
 _10160_/X
 _10161_/Y
 _10162_/X
 _10163_/Y
 _10164_/X
 _10165_/Y
 _10166_/X
 _10167_/Y
 _10168_/Y
 _10169_/X
 _10170_/Y
 _10171_/X
 _10172_/Y
 _10173_/X
 _10174_/Y
 _10175_/X
 _10176_/Y
 _10177_/X
 _10178_/Y
 _10179_/X
 _10180_/X
 _10181_/X
 _10182_/Y
 _10183_/X
 _10184_/Y
 _10185_/Y
 _10186_/Y
 _10187_/Y
 _10188_/X
 _10189_/Y
 _10190_/X
 _10191_/Y
 _10192_/Y
 _10193_/Y
 _10194_/Y
 _10195_/Y
 _10196_/X
 _10197_/X
 _10198_/Y
 _10199_/X
 _10200_/Y
 _10201_/Y
 _10202_/X
 _10203_/X
 _10204_/X
 _10205_/Y
 _10206_/Y
 _10207_/Y
 _10208_/X
 _10209_/Y
 _10210_/Y
 _10211_/X
 _10212_/X
 _10213_/Y
 _10214_/Y
 _10215_/X
 _10216_/X
 _10217_/X
 _10218_/Y
 _10219_/X
 _10220_/X
 _10221_/X
 _10222_/Y
 _10223_/X
 _10224_/X
 _10225_/X
 _10226_/X
 _10227_/Y
 _10228_/X
 _10229_/Y
 _10230_/X
 _10231_/X
 _10232_/X
 _10233_/Y
 _10234_/Y
 _10235_/X
 _10236_/Y
 _10237_/X
 _10238_/Y
 _10239_/X
 _10240_/X
 _10241_/Y
 _10242_/Y
 _10243_/X
 _10244_/Y
 _10245_/Y
 _10246_/X
 _10247_/X
 _10248_/X
 _10249_/X
 _10250_/X
 _10251_/Y
 _10252_/Y
 _10253_/Y
 _10254_/X
 _10255_/X
 _10256_/X
 _10257_/Y
 _10258_/X
 _10259_/Y
 _10260_/X
 _10261_/Y
 _10262_/X
 _10263_/Y
 _10264_/Y
 _10265_/X
 _10266_/X
 _10267_/Y
 _10268_/Y
 _10269_/X
 _10270_/X
 _10271_/Y
 _10272_/Y
 _10273_/X
 _10274_/Y
 _10275_/X
 _10276_/Y
 _10277_/X
 _10278_/X
 _10279_/Y
 _10280_/X
 _10281_/Y
 _10282_/X
 _10283_/Y
 _10284_/X
 _10285_/Y
 _10286_/Y
 _10287_/X
 _10288_/Y
 _10289_/X
 _10290_/Y
 _10291_/X
 _10292_/X
 _10293_/Y
 _10294_/Y
 _10295_/X
 _10296_/X
 _10297_/X
 _10298_/Y
 _10299_/Y
 _10300_/X
 _10301_/X
 _10302_/Y
 _10303_/X
 _10304_/Y
 _10305_/X
 _10306_/X
 _10307_/Y
 _10308_/Y
 _10309_/X
 _10310_/X
 _10311_/Y
 _10312_/Y
 _10313_/X
 _10314_/X
 _10315_/X
 _10316_/Y
 _10317_/X
 _10318_/Y
 _10319_/X
 _10320_/Y
 _10321_/X
 _10322_/X
 _10323_/X
 _10324_/X
 _10325_/Y
 _10326_/X
 _10327_/Y
 _10328_/X
 _10329_/X
 _10330_/X
 _10331_/Y
 _10332_/Y
 _10333_/X
 _10334_/X
 _10335_/Y
 _10336_/X
 _10337_/Y
 _10338_/Y
 _10339_/X
 _10340_/X
 _10341_/Y
 _10342_/X
 _10343_/Y
 _10344_/X
 _10345_/X
 _10346_/X
 _10347_/X
 _10348_/X
 _10349_/Y
 _10350_/Y
 _10351_/Y
 _10352_/X
 _10353_/X
 _10354_/X
 _10355_/Y
 _10356_/X
 _10357_/X
 _10358_/X
 _10359_/X
 _10360_/X
 _10361_/Y
 _10362_/X
 _10363_/Y
 _10364_/Y
 _10365_/X
 _10366_/Y
 _10367_/X
 _10368_/X
 _10369_/Y
 _10370_/X
 _10371_/Y
 _10372_/X
 _10373_/Y
 _10374_/X
 _10375_/Y
 _10376_/Y
 _10377_/X
 _10378_/Y
 _10379_/X
 _10380_/X
 _10381_/Y
 _10382_/X
 _10383_/Y
 _10384_/Y
 _10385_/X
 _10386_/X
 _10387_/Y
 _10388_/Y
 _10389_/X
 _10390_/X
 _10391_/Y
 _10392_/X
 _10393_/Y
 _10394_/X
 _10395_/Y
 _10396_/Y
 _10397_/X
 _10398_/Y
 _10399_/X
 _10400_/Y
 _10401_/Y
 _10402_/Y
 _10403_/Y
 _10404_/X
 _10405_/Y
 _10406_/X
 _10407_/X
 _10408_/Y
 _10409_/X
 _10410_/X
 _10411_/X
 _10412_/X
 _10413_/Y
 _10414_/Y
 _10415_/X
 _10416_/X
 _10417_/X
 _10418_/X
 _10419_/Y
 _10420_/Y
 _10421_/X
 _10422_/X
 _10423_/X
 _10424_/Y
 _10425_/X
 _10426_/Y
 _10427_/X
 _10428_/Y
 _10429_/X
 _10430_/Y
 _10431_/X
 _10432_/Y
 _10433_/Y
 _10434_/Y
 _10435_/Y
 _10436_/Y
 _10437_/Y
 _10438_/Y
 _10439_/X
 _10440_/X
 _10441_/X
 _10442_/X
 _10443_/X
 _10444_/Y
 _10445_/Y
 _10446_/Y
 _10447_/X
 _10448_/X
 _10449_/X
 _10450_/Y
 _10451_/X
 _10452_/Y
 _10453_/X
 _10454_/Y
 _10455_/X
 _10456_/Y
 _10457_/Y
 _10458_/X
 _10459_/X
 _10460_/Y
 _10461_/Y
 _10462_/X
 _10463_/X
 _10464_/Y
 _10465_/Y
 _10466_/X
 _10467_/Y
 _10468_/X
 _10469_/X
 _10470_/Y
 _10471_/Y
 _10472_/X
 _10473_/X
 _10474_/Y
 _10475_/X
 _10476_/Y
 _10477_/X
 _10478_/Y
 _10479_/Y
 _10480_/X
 _10481_/Y
 _10482_/X
 _10483_/Y
 _10484_/X
 _10485_/Y
 _10486_/Y
 _10487_/Y
 _10488_/X
 _10489_/X
 _10490_/Y
 _10491_/X
 _10492_/X
 _10493_/X
 _10494_/X
 _10495_/Y
 _10496_/X
 _10497_/X
 _10498_/Y
 _10499_/X
 _10500_/X
 _10501_/X
 _10502_/Y
 _10503_/X
 _10504_/X
 _10505_/Y
 _10506_/X
 _10507_/Y
 _10508_/X
 _10509_/X
 _10510_/X
 _10511_/Y
 _10512_/X
 _10513_/Y
 _10514_/X
 _10515_/X
 _10516_/X
 _10517_/X
 _10518_/X
 _10519_/Y
 _10520_/X
 _10521_/Y
 _10522_/X
 _10523_/X
 _10524_/X
 _10525_/Y
 _10526_/Y
 _10527_/Y
 _10528_/X
 _10529_/Y
 _10530_/Y
 _10531_/X
 _10532_/X
 _10533_/X
 _10534_/Y
 _10535_/X
 _10536_/X
 _10537_/X
 _10538_/X
 _10539_/X
 _10540_/Y
 _10541_/Y
 _10542_/Y
 _10543_/X
 _10544_/X
 _10545_/X
 _10546_/Y
 _10547_/X
 _10548_/Y
 _10549_/X
 _10550_/X
 _10551_/X
 _10552_/Y
 _10553_/X
 _10554_/Y
 _10555_/Y
 _10556_/X
 _10557_/Y
 _10558_/X
 _10559_/X
 _10560_/Y
 _10561_/X
 _10562_/Y
 _10563_/X
 _10564_/Y
 _10565_/Y
 _10566_/X
 _10567_/X
 _10568_/Y
 _10569_/Y
 _10570_/X
 _10571_/X
 _10572_/Y
 _10573_/X
 _10574_/Y
 _10575_/Y
 _10576_/X
 _10577_/Y
 _10578_/X
 _10579_/Y
 _10580_/X
 _10581_/Y
 _10582_/X
 _10583_/Y
 _10584_/Y
 _10585_/X
 _10586_/X
 _10587_/X
 _10588_/X
 _10589_/Y
 _10590_/X
 _10591_/X
 _10592_/Y
 _10593_/X
 _10594_/Y
 _10595_/Y
 _10596_/Y
 _10597_/X
 _10598_/X
 _10599_/Y
 _10600_/X
 _10601_/X
 _10602_/Y
 _10603_/X
 _10604_/X
 _10605_/Y
 _10606_/X
 _10607_/X
 _10608_/X
 _10609_/X
 _10610_/Y
 _10611_/X
 _10612_/X
 _10613_/X
 _10614_/X
 _10615_/Y
 _10616_/X
 _10617_/Y
 _10618_/X
 _10619_/X
 _10620_/X
 _10621_/Y
 _10622_/Y
 _10623_/X
 _10624_/Y
 _10625_/X
 _10626_/Y
 _10627_/Y
 _10628_/Y
 _10629_/X
 _10630_/X
 _10631_/X
 _10632_/X
 _10633_/X
 _10634_/Y
 _10635_/Y
 _10636_/Y
 _10637_/X
 _10638_/X
 _10639_/X
 _10640_/Y
 _10641_/X
 _10642_/Y
 _10643_/X
 _10644_/Y
 _10645_/X
 _10646_/Y
 _10647_/Y
 _10648_/X
 _10649_/X
 _10650_/Y
 _10651_/Y
 _10652_/X
 _10653_/X
 _10654_/Y
 _10655_/Y
 _10656_/X
 _10657_/Y
 _10658_/X
 _10659_/Y
 _10660_/X
 _10661_/X
 _10662_/Y
 _10663_/Y
 _10664_/X
 _10665_/X
 _10666_/Y
 _10667_/X
 _10668_/Y
 _10669_/Y
 _10670_/X
 _10671_/Y
 _10672_/X
 _10673_/X
 _10674_/Y
 _10675_/Y
 _10676_/X
 _10677_/X
 _10678_/Y
 _10679_/X
 _10680_/Y
 _10681_/X
 _10682_/Y
 _10683_/X
 _10684_/Y
 _10685_/X
 _10686_/Y
 _10687_/X
 _10688_/X
 _10689_/X
 _10690_/Y
 _10691_/X
 _10692_/X
 _10693_/X
 _10694_/X
 _10695_/Y
 _10696_/X
 _10697_/X
 _10698_/Y
 _10699_/X
 _10700_/X
 _10701_/X
 _10702_/Y
 _10703_/X
 _10704_/Y
 _10705_/Y
 _10706_/X
 _10707_/Y
 _10708_/X
 _10709_/X
 _10710_/X
 _10711_/X
 _10712_/X
 _10713_/Y
 _10714_/Y
 _10715_/Y
 _10716_/X
 _10717_/X
 _10718_/X
 _10719_/Y
 _10720_/X
 _10721_/X
 _10722_/X
 _10723_/X
 _10724_/X
 _10725_/Y
 _10726_/X
 _10727_/X
 _10728_/Y
 _10729_/Y
 _10730_/X
 _10731_/Y
 _10732_/X
 _10733_/X
 _10734_/Y
 _10735_/X
 _10736_/Y
 _10737_/X
 _10738_/Y
 _10739_/X
 _10740_/Y
 _10741_/Y
 _10742_/X
 _10743_/Y
 _10744_/X
 _10745_/Y
 _10746_/X
 _10747_/X
 _10748_/Y
 _10749_/Y
 _10750_/X
 _10751_/X
 _10752_/Y
 _10753_/Y
 _10754_/X
 _10755_/X
 _10756_/Y
 _10757_/Y
 _10758_/X
 _10759_/Y
 _10760_/X
 _10761_/Y
 _10762_/X
 _10763_/Y
 _10764_/Y
 _10765_/Y
 _10766_/Y
 _10767_/Y
 _10768_/X
 _10769_/Y
 _10770_/X
 _10771_/Y
 _10772_/Y
 _10773_/Y
 _10774_/X
 _10775_/X
 _10776_/X
 _10777_/X
 _10778_/Y
 _10779_/X
 _10780_/Y
 _10781_/X
 _10782_/Y
 _10783_/Y
 _10784_/X
 _10785_/X
 _10786_/X
 _10787_/X
 _10788_/X
 _10789_/Y
 _10790_/X
 _10791_/Y
 _10792_/X
 _10793_/Y
 _10794_/X
 _10795_/X
 _10796_/X
 _10797_/X
 _10798_/X
 _10799_/X
 _10800_/Y
 _10801_/Y
 _10802_/X
 _10803_/Y
 _10804_/Y
 _10805_/Y
 _10806_/X
 _10807_/X
 _10808_/X
 _10809_/Y
 _10810_/X
 _10811_/Y
 _10812_/X
 _10813_/Y
 _10814_/X
 _10815_/X
 _10816_/Y
 _10817_/X
 _10818_/Y
 _10819_/Y
 _10820_/X
 _10821_/Y
 _10822_/X
 _10823_/X
 _10824_/Y
 _10825_/X
 _10826_/Y
 _10827_/X
 _10828_/Y
 _10829_/Y
 _10830_/X
 _10831_/X
 _10832_/Y
 _10833_/X
 _10834_/Y
 _10835_/X
 _10836_/Y
 _10837_/X
 _10838_/Y
 _10839_/X
 _10840_/Y
 _10841_/X
 _10842_/Y
 _10843_/Y
 _10844_/X
 _10845_/X
 _10846_/Y
 _10847_/X
 _10848_/Y
 _10849_/Y
 _10850_/Y
 _10851_/Y
 _10852_/Y
 _10853_/X
 _10854_/Y
 _10855_/Y
 _10856_/X
 _10857_/Y
 _10858_/X
 _10859_/Y
 _10860_/X
 _10861_/Y
 _10862_/X
 _10863_/Y
 _10864_/X
 _10865_/Y
 _10866_/Y
 _10867_/Y
 _10868_/X
 _10869_/Y
 _10870_/X
 _10871_/X
 _10872_/X
 _10873_/Y
 _10874_/Y
 _10875_/X
 _10876_/Y
 _10877_/Y
 _10878_/Y
 _10879_/X
 _10880_/X
 _10881_/X
 _10882_/Y
 _10883_/X
 _10884_/Y
 _10885_/X
 _10886_/Y
 _10887_/X
 _10888_/X
 _10889_/Y
 _10890_/X
 _10891_/Y
 _10892_/Y
 _10893_/X
 _10894_/Y
 _10895_/X
 _10896_/X
 _10897_/Y
 _10898_/X
 _10899_/Y
 _10900_/X
 _10901_/Y
 _10902_/X
 _10903_/Y
 _10904_/Y
 _10905_/X
 _10906_/X
 _10907_/Y
 _10908_/Y
 _10909_/X
 _10910_/X
 _10911_/Y
 _10912_/X
 _10913_/Y
 _10914_/Y
 _10915_/X
 _10916_/Y
 _10917_/X
 _10918_/X
 _10919_/X
 _10920_/Y
 _10921_/Y
 _10922_/X
 _10923_/Y
 _10924_/Y
 _10925_/Y
 _10926_/Y
 _10927_/X
 _10928_/X
 _10929_/X
 _10930_/X
 _10931_/Y
 _10932_/X
 _10933_/X
 _10934_/X
 _10935_/X
 _10936_/X
 _10937_/Y
 _10938_/Y
 _10939_/Y
 _10940_/X
 _10941_/X
 _10942_/Y
 _10943_/X
 _10944_/X
 _10945_/X
 _10946_/Y
 _10947_/Y
 _10948_/X
 _10949_/Y
 _10950_/Y
 _10951_/X
 _10952_/X
 _10953_/X
 _10954_/Y
 _10955_/Y
 _10956_/X
 _10957_/Y
 _10958_/X
 _10959_/Y
 _10960_/X
 _10961_/Y
 _10962_/Y
 _10963_/X
 _10964_/X
 _10965_/Y
 _10966_/Y
 _10967_/X
 _10968_/X
 _10969_/Y
 _10970_/X
 _10971_/Y
 _10972_/X
 _10973_/Y
 _10974_/Y
 _10975_/X
 _10976_/X
 _10977_/Y
 _10978_/Y
 _10979_/X
 _10980_/X
 _10981_/Y
 _10982_/X
 _10983_/Y
 _10984_/Y
 _10985_/X
 _10986_/Y
 _10987_/X
 _10988_/Y
 _10989_/X
 _10990_/X
 _10991_/X
 _10992_/Y
 _10993_/X
 _10994_/Y
 _10995_/Y
 _10996_/Y
 _10997_/X
 _10998_/Y
 _10999_/X
 _11000_/X
 _11001_/Y
 _11002_/X
 _11003_/X
 _11004_/X
 _11005_/X
 _11006_/Y
 _11007_/X
 _11008_/X
 _11009_/X
 _11010_/X
 _11011_/Y
 _11012_/X
 _11013_/Y
 _11014_/Y
 _11015_/X
 _11016_/Y
 _11017_/X
 _11018_/X
 _11019_/X
 _11020_/Y
 _11021_/Y
 _11022_/X
 _11023_/Y
 _11024_/X
 _11025_/Y
 _11026_/X
 _11027_/X
 _11028_/X
 _11029_/Y
 _11030_/Y
 _11031_/X
 _11032_/X
 _11033_/Y
 _11034_/Y
 _11035_/X
 _11036_/Y
 _11037_/Y
 _11038_/Y
 _11039_/X
 _11040_/Y
 _11041_/Y
 _11042_/Y
 _11043_/X
 _11044_/Y
 _11045_/X
 _11046_/Y
 _11047_/Y
 _11048_/X
 _11049_/Y
 _11050_/X
 _11051_/X
 _11052_/Y
 _11053_/X
 _11054_/X
 _11055_/Y
 _11056_/X
 _11057_/X
 _11058_/Y
 _11059_/Y
 _11060_/Y
 _11061_/Y
 _11062_/Y
 _11063_/X
 _11064_/X
 _11065_/X
 _11066_/X
 _11067_/X
 _11068_/X
 _11069_/Y
 _11070_/X
 _11071_/Y
 _11072_/Y
 _11073_/X
 _11074_/Y
 _11075_/X
 _11076_/Y
 _11077_/Y
 _11078_/Y
 _11079_/Y
 _11080_/X
 _11081_/Y
 _11082_/Y
 _11083_/X
 _11084_/X
 _11085_/Y
 _11086_/X
 _11087_/X
 _11088_/X
 _11089_/Y
 _11090_/X
 _11091_/X
 _11092_/Y
 _11093_/Y
 _11094_/X
 _11095_/X
 _11096_/X
 _11097_/Y
 _11098_/X
 _11099_/Y
 _11100_/X
 _11101_/X
 _11102_/X
 _11103_/Y
 _11104_/Y
 _11105_/Y
 _11106_/X
 _11107_/X
 _11108_/Y
 _11109_/X
 _11110_/Y
 _11111_/X
 _11112_/Y
 _11113_/X
 _11114_/Y
 _11115_/X
 _11116_/X
 _11117_/Y
 _11118_/Y
 _11119_/Y
 _11120_/X
 _11121_/Y
 _11122_/X
 _11123_/X
 _11124_/X
 _11125_/X
 _11126_/Y
 _11127_/Y
 _11128_/X
 _11129_/X
 _11130_/Y
 _11131_/X
 _11132_/X
 _11133_/Y
 _11134_/Y
 _11135_/X
 _11136_/Y
 _11137_/X
 _11138_/X
 _11139_/X
 _11140_/X
 _11141_/Y
 _11142_/X
 _11143_/Y
 _11144_/X
 _11145_/X
 _11146_/Y
 _11147_/X
 _11148_/X
 _11149_/X
 _11150_/Y
 _11151_/Y
 _11152_/X
 _11153_/Y
 _11154_/X
 _11155_/X
 _11156_/Y
 _11157_/X
 _11158_/X
 _11159_/Y
 _11160_/Y
 _11161_/Y
 _11162_/X
 _11163_/Y
 _11164_/X
 _11165_/Y
 _11166_/Y
 _11167_/X
 _11168_/Y
 _11169_/Y
 _11170_/Y
 _11171_/X
 _11172_/X
 _11173_/Y
 _11174_/X
 _11175_/Y
 _11176_/Y
 _11177_/X
 _11178_/Y
 _11179_/X
 _11180_/Y
 _11181_/X
 _11182_/Y
 _11183_/X
 _11184_/Y
 _11185_/Y
 _11186_/X
 _11187_/X
 _11188_/X
 _11189_/Y
 _11190_/X
 _11191_/X
 _11192_/X
 _11193_/Y
 _11194_/X
 _11195_/X
 _11196_/Y
 _11197_/Y
 _11198_/X
 _11199_/Y
 _11200_/X
 _11201_/X
 _11202_/X
 _11203_/X
 _11204_/X
 _11205_/X
 _11206_/X
 _11207_/X
 _11208_/Y
 _11209_/Y
 _11210_/X
 _11211_/X
 _11212_/Y
 _11213_/X
 _11214_/Y
 _11215_/Y
 _11216_/X
 _11217_/Y
 _11218_/Y
 _11219_/Y
 _11220_/X
 _11221_/X
 _11222_/Y
 _11223_/Y
 _11224_/X
 _11225_/Y
 _11226_/X
 _11227_/X
 _11228_/Y
 _11229_/Y
 _11230_/X
 _11231_/Y
 _11232_/X
 _11233_/X
 _11234_/Y
 _11235_/X
 _11236_/Y
 _11237_/Y
 _11238_/X
 _11239_/X
 _11240_/Y
 _11241_/X
 _11242_/X
 _11243_/Y
 _11244_/X
 _11245_/X
 _11246_/X
 _11247_/X
 _11248_/Y
 _11249_/X
 _11250_/Y
 _11251_/Y
 _11252_/Y
 _11253_/Y
 _11254_/Y
 _11255_/Y
 _11256_/X
 _11257_/Y
 _11258_/Y
 _11259_/X
 _11260_/Y
 _11261_/Y
 _11262_/X
 _11263_/Y
 _11264_/X
 _11265_/Y
 _11266_/X
 _11267_/X
 _11268_/Y
 _11269_/Y
 _11270_/X
 _11271_/Y
 _11272_/X
 _11273_/Y
 _11274_/Y
 _11275_/X
 _11276_/Y
 _11277_/Y
 _11278_/X
 _11279_/X
 _11280_/X
 _11281_/X
 _11282_/X
 _11283_/Y
 _11284_/X
 _11285_/X
 _11286_/X
 _11287_/Y
 _11288_/Y
 _11289_/X
 _11290_/Y
 _11291_/Y
 _11292_/X
 _11293_/Y
 _11294_/X
 _11295_/Y
 _11296_/Y
 _11297_/Y
 _11298_/Y
 _11299_/Y
 _11300_/X
 _11301_/Y
 _11302_/Y
 _11303_/X
 _11304_/X
 _11305_/X
 _11306_/Y
 _11307_/Y
 _11308_/Y
 _11309_/X
 _11310_/Y
 _11311_/X
 _11312_/X
 _11313_/Y
 _11314_/Y
 _11315_/X
 _11316_/Y
 _11317_/Y
 _11318_/Y
 _11319_/X
 _11320_/X
 _11321_/X
 _11322_/Y
 _11323_/Y
 _11324_/Y
 _11325_/X
 _11326_/Y
 _11327_/X
 _11328_/X
 _11329_/X
 _11330_/X
 _11331_/X
 _11332_/Y
 _11333_/X
 _11334_/X
 _11335_/Y
 _11336_/X
 _11337_/Y
 _11338_/Y
 _11339_/X
 _11340_/Y
 _11341_/Y
 _11342_/Y
 _11343_/X
 _11344_/Y
 _11345_/X
 _11346_/Y
 _11347_/X
 _11348_/X
 _11349_/X
 _11350_/X
 _11351_/Y
 _11352_/X
 _11353_/Y
 _11354_/Y
 _11355_/Y
 _11356_/X
 _11357_/X
 _11358_/Y
 _11359_/Y
 _11360_/X
 _11361_/X
 _11362_/Y
 _11363_/X
 _11364_/X
 _11365_/Y
 _11366_/X
 _11367_/X
 _11368_/Y
 _11369_/X
 _11370_/X
 _11371_/Y
 _11372_/Y
 _11373_/Y
 _11374_/X
 _11375_/Y
 _11376_/Y
 _11377_/Y
 _11378_/Y
 _11379_/Y
 _11380_/Y
 _11381_/Y
 _11382_/X
 _11383_/X
 _11384_/Y
 _11385_/Y
 _11386_/Y
 _11387_/X
 _11388_/Y
 _11389_/X
 _11390_/X
 _11391_/X
 _11392_/X
 _11393_/Y
 _11394_/X
 _11395_/Y
 _11396_/X
 _11397_/Y
 _11398_/X
 _11399_/Y
 _11400_/X
 _11401_/X
 _11402_/Y
 _11403_/Y
 _11404_/Y
 _11405_/X
 _11406_/Y
 _11407_/Y
 _11408_/X
 _11409_/Y
 _11410_/Y
 _11411_/X
 _11412_/X
 _11413_/X
 _11414_/Y
 _11415_/Y
 _11416_/X
 _11417_/Y
 _11418_/Y
 _11419_/X
 _11420_/Y
 _11421_/X
 _11422_/Y
 _11423_/Y
 _11424_/X
 _11425_/Y
 _11426_/Y
 _11427_/X
 _11428_/X
 _11429_/X
 _11430_/X
 _11431_/X
 _11432_/Y
 _11433_/Y
 _11434_/Y
 _11435_/X
 _11436_/X
 _11437_/Y
 _11438_/Y
 _11439_/Y
 _11440_/X
 _11441_/Y
 _11442_/Y
 _11443_/X
 _11444_/X
 _11445_/Y
 _11446_/X
 _11447_/Y
 _11448_/Y
 _11449_/X
 _11450_/X
 _11451_/X
 _11452_/X
 _11453_/X
 _11454_/X
 _11455_/X
 _11456_/Y
 _11457_/Y
 _11458_/Y
 _11459_/Y
 _11460_/Y
 _11461_/X
 _11462_/X
 _11463_/X
 input1/X
 input10/X
 input11/X
 input12/X
 input13/X
 input14/X
 input15/X
 input16/X
 input17/X
 input18/X
 input19/X
 input2/X
 input20/X
 input21/X
 input22/X
 input23/X
 input24/X
 input25/X
 input26/X
 input27/X
 input28/X
 input29/X
 input3/X
 input30/X
 input31/X
 input32/X
 input33/X
 input34/X
 input35/X
 input36/X
 input37/X
 input38/X
 input39/X
 input4/X
 input40/X
 input41/X
 input42/X
 input43/X
 input44/X
 input45/X
 input46/X
 input47/X
 input48/X
 input49/X
 input5/X
 input50/X
 input51/X
 input52/X
 input53/X
 input54/X
 input55/X
 input56/X
 input57/X
 input58/X
 input59/X
 input6/X
 input60/X
 input61/X
 input62/X
 input63/X
 input64/X
 input7/X
 input8/X
 input9/X
 load_slew6/X
 max_cap1/X
 max_cap131/X
 max_cap132/X
 max_cap133/X
 max_cap134/X
 max_cap136/X
 max_cap137/X
 max_cap138/X
 max_cap139/X
 max_cap140/X
 max_cap141/X
 max_cap142/X
 max_cap143/X
 max_cap144/X
 max_cap145/X
 max_cap146/X
 max_cap147/X
 max_cap148/X
 max_cap149/X
 max_cap150/X
 max_cap151/X
 max_cap152/X
 max_cap153/X
 max_cap155/X
 max_cap156/X
 max_cap157/X
 max_cap159/X
 max_cap160/X
 max_cap161/X
 max_cap162/X
 max_cap163/X
 max_cap164/X
 max_cap165/X
 max_cap166/X
 max_cap167/X
 max_cap2/X
 max_cap3/X
 max_cap4/X
 max_cap5/X
 output100/X
 output101/X
 output102/X
 output103/X
 output104/X
 output105/X
 output106/X
 output107/X
 output108/X
 output109/X
 output110/X
 output111/X
 output112/X
 output113/X
 output114/X
 output115/X
 output116/X
 output117/X
 output118/X
 output119/X
 output120/X
 output121/X
 output122/X
 output123/X
 output124/X
 output125/X
 output126/X
 output127/X
 output128/X
 output65/X
 output66/X
 output67/X
 output68/X
 output69/X
 output70/X
 output71/X
 output72/X
 output73/X
 output74/X
 output75/X
 output76/X
 output77/X
 output78/X
 output79/X
 output80/X
 output81/X
 output82/X
 output83/X
 output84/X
 output85/X
 output86/X
 output87/X
 output88/X
 output89/X
 output90/X
 output91/X
 output92/X
 output93/X
 output94/X
 output95/X
 output96/X
 output97/X
 output98/X
 output99/X
 wire129/X
 wire130/X
 wire135/X
 wire154/X
 wire158/X
Found 0 partially unannotated drivers.

===========================================================================
max slew violation count 0
max fanout violation count 0
max cap violation count 0
============================================================================

===========================================================================
check_setup -verbose -unconstrained_endpoints -multiple_clock -no_clock -no_input_delay -loops -generated_clocks
===========================================================================
