
61. Printing statistics.

=== mult_comb_32x32 ===

   Number of wires:               5703
   Number of wire bits:           5828
   Number of public wires:           3
   Number of public wire bits:     128
   Number of memories:               0
   Number of memory bits:            0
   Number of processes:              0
   Number of cells:               5764
     sky130_fd_sc_hd__a2111o_2       1
     sky130_fd_sc_hd__a2111oi_2      1
     sky130_fd_sc_hd__a211o_2      167
     sky130_fd_sc_hd__a211oi_2     170
     sky130_fd_sc_hd__a21bo_2      167
     sky130_fd_sc_hd__a21boi_2      18
     sky130_fd_sc_hd__a21o_2       358
     sky130_fd_sc_hd__a21oi_2      187
     sky130_fd_sc_hd__a221oi_2       1
     sky130_fd_sc_hd__a22o_2       357
     sky130_fd_sc_hd__a22oi_2       96
     sky130_fd_sc_hd__a2bb2o_2      11
     sky130_fd_sc_hd__a2bb2oi_2      6
     sky130_fd_sc_hd__a31o_2        54
     sky130_fd_sc_hd__a31oi_2        9
     sky130_fd_sc_hd__a32o_2        65
     sky130_fd_sc_hd__a32oi_2        1
     sky130_fd_sc_hd__a41o_2        11
     sky130_fd_sc_hd__and2_2       165
     sky130_fd_sc_hd__and2b_2      109
     sky130_fd_sc_hd__and3_2       243
     sky130_fd_sc_hd__and3b_2       15
     sky130_fd_sc_hd__and4_2       165
     sky130_fd_sc_hd__and4b_2       13
     sky130_fd_sc_hd__and4bb_2      45
     sky130_fd_sc_hd__buf_1        433
     sky130_fd_sc_hd__inv_2         70
     sky130_fd_sc_hd__mux2_2         1
     sky130_fd_sc_hd__nand2_2      366
     sky130_fd_sc_hd__nand3_2      334
     sky130_fd_sc_hd__nand3b_2       3
     sky130_fd_sc_hd__nand4_2      259
     sky130_fd_sc_hd__nand4b_2       1
     sky130_fd_sc_hd__nor2_2       194
     sky130_fd_sc_hd__nor3_2        71
     sky130_fd_sc_hd__nor3b_2        4
     sky130_fd_sc_hd__nor4_2        22
     sky130_fd_sc_hd__o2111ai_2      1
     sky130_fd_sc_hd__o211a_2      179
     sky130_fd_sc_hd__o211ai_2     154
     sky130_fd_sc_hd__o21a_2        63
     sky130_fd_sc_hd__o21ai_2       76
     sky130_fd_sc_hd__o21ba_2       29
     sky130_fd_sc_hd__o21bai_2      16
     sky130_fd_sc_hd__o22a_2        11
     sky130_fd_sc_hd__o22ai_2       18
     sky130_fd_sc_hd__o2bb2a_2      42
     sky130_fd_sc_hd__o311a_2        1
     sky130_fd_sc_hd__o311ai_2       3
     sky130_fd_sc_hd__o31a_2         5
     sky130_fd_sc_hd__o32a_2         2
     sky130_fd_sc_hd__o32ai_2        2
     sky130_fd_sc_hd__or2_2        168
     sky130_fd_sc_hd__or2b_2        97
     sky130_fd_sc_hd__or3_2         69
     sky130_fd_sc_hd__or3b_2        11
     sky130_fd_sc_hd__or4_2         23
     sky130_fd_sc_hd__or4b_2         2
     sky130_fd_sc_hd__or4bb_2       15
     sky130_fd_sc_hd__xnor2_2      352
     sky130_fd_sc_hd__xor2_2       232

   Chip area for module '\mult_comb_32x32': 55353.088000

