
===========================================================================
 report_power
============================================================================
======================= Fastest Corner ===================================

Group                  Internal  Switching    Leakage      Total
                          Power      Power      Power      Power (Watts)
----------------------------------------------------------------
Sequential             1.49e-04   7.37e-05   6.05e-10   2.23e-04  24.3%
Combinational          3.17e-04   3.77e-04   3.39e-09   6.94e-04  75.7%
Macro                  0.00e+00   0.00e+00   0.00e+00   0.00e+00   0.0%
Pad                    0.00e+00   0.00e+00   0.00e+00   0.00e+00   0.0%
----------------------------------------------------------------
Total                  4.67e-04   4.50e-04   4.00e-09   9.17e-04 100.0%
                          50.9%      49.1%       0.0%

======================= Slowest Corner ===================================

Group                  Internal  Switching    Leakage      Total
                          Power      Power      Power      Power (Watts)
----------------------------------------------------------------
Sequential             1.03e-04   4.89e-05   5.92e-07   1.52e-04  23.8%
Combinational          2.37e-04   2.50e-04   1.45e-06   4.87e-04  76.2%
Macro                  0.00e+00   0.00e+00   0.00e+00   0.00e+00   0.0%
Pad                    0.00e+00   0.00e+00   0.00e+00   0.00e+00   0.0%
----------------------------------------------------------------
Total                  3.39e-04   2.98e-04   2.04e-06   6.40e-04 100.0%
                          53.0%      46.7%       0.3%

======================= Typical Corner ===================================

Group                  Internal  Switching    Leakage      Total
                          Power      Power      Power      Power (Watts)
----------------------------------------------------------------
Sequential             1.30e-04   6.22e-05   3.38e-10   1.92e-04  24.1%
Combinational          2.88e-04   3.18e-04   1.67e-09   6.07e-04  75.9%
Macro                  0.00e+00   0.00e+00   0.00e+00   0.00e+00   0.0%
Pad                    0.00e+00   0.00e+00   0.00e+00   0.00e+00   0.0%
----------------------------------------------------------------
Total                  4.18e-04   3.80e-04   2.01e-09   7.99e-04 100.0%
                          52.4%      47.6%       0.0%

