
===========================================================================
report_checks -unconstrained
===========================================================================
======================= Fastest Corner ===================================

Startpoint: mcand[1] (input port clocked by clk)
Endpoint: _436_ (rising edge-triggered flip-flop clocked by clk)
Path Group: clk
Path Type: max
Corner: Fastest

Fanout     Cap    Slew   Delay    Time   Description
-----------------------------------------------------------------------------
                          0.00    0.00   clock clk (rise edge)
                          0.00    0.00   clock network delay (propagated)
                          4.00    4.00 ^ input external delay
                  0.01    0.01    4.01 ^ mcand[1] (in)
     1    0.00                           mcand[1] (net)
                  0.01    0.00    4.01 ^ input8/A (sky130_fd_sc_hd__dlymetal6s2s_1)
                  0.16    0.15    4.16 ^ input8/X (sky130_fd_sc_hd__dlymetal6s2s_1)
     2    0.02                           net8 (net)
                  0.16    0.00    4.16 ^ _236_/B (sky130_fd_sc_hd__xor2_2)
                  0.17    0.17    4.33 ^ _236_/X (sky130_fd_sc_hd__xor2_2)
     3    0.02                           _063_ (net)
                  0.17    0.00    4.33 ^ _242_/A3 (sky130_fd_sc_hd__a31oi_4)
                  0.08    0.07    4.40 v _242_/Y (sky130_fd_sc_hd__a31oi_4)
     3    0.01                           _068_ (net)
                  0.08    0.00    4.40 v _262_/A1 (sky130_fd_sc_hd__o31ai_4)
                  0.21    0.25    4.65 ^ _262_/Y (sky130_fd_sc_hd__o31ai_4)
     3    0.02                           _086_ (net)
                  0.21    0.00    4.65 ^ _295_/A1 (sky130_fd_sc_hd__a21oi_2)
                  0.08    0.07    4.73 v _295_/Y (sky130_fd_sc_hd__a21oi_2)
     4    0.02                           _115_ (net)
                  0.08    0.00    4.73 v _311_/A1 (sky130_fd_sc_hd__o211ai_2)
                  0.13    0.16    4.89 ^ _311_/Y (sky130_fd_sc_hd__o211ai_2)
     3    0.01                           _129_ (net)
                  0.13    0.00    4.89 ^ _331_/A3 (sky130_fd_sc_hd__a41o_1)
                  0.12    0.18    5.07 ^ _331_/X (sky130_fd_sc_hd__a41o_1)
     4    0.02                           _147_ (net)
                  0.12    0.00    5.07 ^ _349_/A2 (sky130_fd_sc_hd__a41o_1)
                  0.08    0.15    5.22 ^ _349_/X (sky130_fd_sc_hd__a41o_1)
     3    0.01                           _163_ (net)
                  0.08    0.00    5.22 ^ _350_/B (sky130_fd_sc_hd__nand2_1)
                  0.06    0.07    5.30 v _350_/Y (sky130_fd_sc_hd__nand2_1)
     3    0.01                           _164_ (net)
                  0.06    0.00    5.30 v _358_/A2 (sky130_fd_sc_hd__a41o_1)
                  0.03    0.15    5.45 v _358_/X (sky130_fd_sc_hd__a41o_1)
     1    0.00                           _171_ (net)
                  0.03    0.00    5.45 v _359_/B2 (sky130_fd_sc_hd__o221a_1)
                  0.03    0.13    5.57 v _359_/X (sky130_fd_sc_hd__o221a_1)
     1    0.00                           _172_ (net)
                  0.03    0.00    5.57 v _360_/A2 (sky130_fd_sc_hd__o21a_1)
                  0.02    0.11    5.68 v _360_/X (sky130_fd_sc_hd__o21a_1)
     1    0.00                           _017_ (net)
                  0.02    0.00    5.68 v _436_/D (sky130_fd_sc_hd__dfxtp_1)
                                  5.68   data arrival time

                         20.00   20.00   clock clk (rise edge)
                          0.00   20.00   clock source latency
                  0.07    0.04   20.04 ^ clk (in)
     1    0.02                           clk (net)
                  0.07    0.00   20.04 ^ clkbuf_0_clk/A (sky130_fd_sc_hd__clkbuf_16)
                  0.05    0.10   20.15 ^ clkbuf_0_clk/X (sky130_fd_sc_hd__clkbuf_16)
     4    0.04                           clknet_0_clk (net)
                  0.05    0.00   20.15 ^ clkbuf_2_1__f_clk/A (sky130_fd_sc_hd__clkbuf_16)
                  0.04    0.09   20.24 ^ clkbuf_2_1__f_clk/X (sky130_fd_sc_hd__clkbuf_16)
    10    0.04                           clknet_2_1__leaf_clk (net)
                  0.04    0.00   20.25 ^ _436_/CLK (sky130_fd_sc_hd__dfxtp_1)
                         -0.25   20.00   clock uncertainty
                          0.00   20.00   clock reconvergence pessimism
                         -0.07   19.93   library setup time
                                 19.93   data required time
-----------------------------------------------------------------------------
                                 19.93   data required time
                                 -5.68   data arrival time
-----------------------------------------------------------------------------
                                 14.25   slack (MET)



======================= Slowest Corner ===================================

Startpoint: mcand[1] (input port clocked by clk)
Endpoint: _436_ (rising edge-triggered flip-flop clocked by clk)
Path Group: clk
Path Type: max
Corner: Slowest

Fanout     Cap    Slew   Delay    Time   Description
-----------------------------------------------------------------------------
                          0.00    0.00   clock clk (rise edge)
                          0.00    0.00   clock network delay (propagated)
                          4.00    4.00 ^ input external delay
                  0.03    0.01    4.01 ^ mcand[1] (in)
     1    0.00                           mcand[1] (net)
                  0.03    0.00    4.01 ^ input8/A (sky130_fd_sc_hd__dlymetal6s2s_1)
                  0.32    0.34    4.35 ^ input8/X (sky130_fd_sc_hd__dlymetal6s2s_1)
     2    0.02                           net8 (net)
                  0.32    0.00    4.36 ^ _236_/B (sky130_fd_sc_hd__xor2_2)
                  0.36    0.48    4.84 ^ _236_/X (sky130_fd_sc_hd__xor2_2)
     3    0.02                           _063_ (net)
                  0.36    0.00    4.84 ^ _242_/A3 (sky130_fd_sc_hd__a31oi_4)
                  0.19    0.32    5.16 v _242_/Y (sky130_fd_sc_hd__a31oi_4)
     3    0.01                           _068_ (net)
                  0.19    0.00    5.16 v _262_/A1 (sky130_fd_sc_hd__o31ai_4)
                  0.43    0.60    5.76 ^ _262_/Y (sky130_fd_sc_hd__o31ai_4)
     3    0.02                           _086_ (net)
                  0.43    0.00    5.76 ^ _295_/A1 (sky130_fd_sc_hd__a21oi_2)
                  0.20    0.33    6.09 v _295_/Y (sky130_fd_sc_hd__a21oi_2)
     4    0.02                           _115_ (net)
                  0.20    0.00    6.09 v _311_/A1 (sky130_fd_sc_hd__o211ai_2)
                  0.28    0.40    6.49 ^ _311_/Y (sky130_fd_sc_hd__o211ai_2)
     3    0.01                           _129_ (net)
                  0.28    0.00    6.49 ^ _331_/A3 (sky130_fd_sc_hd__a41o_1)
                  0.26    0.61    7.11 ^ _331_/X (sky130_fd_sc_hd__a41o_1)
     4    0.02                           _147_ (net)
                  0.26    0.00    7.11 ^ _349_/A2 (sky130_fd_sc_hd__a41o_1)
                  0.19    0.53    7.63 ^ _349_/X (sky130_fd_sc_hd__a41o_1)
     3    0.01                           _163_ (net)
                  0.19    0.00    7.63 ^ _350_/B (sky130_fd_sc_hd__nand2_1)
                  0.21    0.27    7.91 v _350_/Y (sky130_fd_sc_hd__nand2_1)
     3    0.01                           _164_ (net)
                  0.21    0.00    7.91 v _358_/A2 (sky130_fd_sc_hd__a41o_1)
                  0.07    0.46    8.37 v _358_/X (sky130_fd_sc_hd__a41o_1)
     1    0.00                           _171_ (net)
                  0.07    0.00    8.37 v _359_/B2 (sky130_fd_sc_hd__o221a_1)
                  0.10    0.42    8.79 v _359_/X (sky130_fd_sc_hd__o221a_1)
     1    0.00                           _172_ (net)
                  0.10    0.00    8.79 v _360_/A2 (sky130_fd_sc_hd__o21a_1)
                  0.06    0.32    9.11 v _360_/X (sky130_fd_sc_hd__o21a_1)
     1    0.00                           _017_ (net)
                  0.06    0.00    9.11 v _436_/D (sky130_fd_sc_hd__dfxtp_1)
                                  9.11   data arrival time

                         20.00   20.00   clock clk (rise edge)
                          0.00   20.00   clock source latency
                  0.14    0.09   20.09 ^ clk (in)
     1    0.02                           clk (net)
                  0.14    0.00   20.09 ^ clkbuf_0_clk/A (sky130_fd_sc_hd__clkbuf_16)
                  0.10    0.27   20.36 ^ clkbuf_0_clk/X (sky130_fd_sc_hd__clkbuf_16)
     4    0.04                           clknet_0_clk (net)
                  0.10    0.00   20.36 ^ clkbuf_2_1__f_clk/A (sky130_fd_sc_hd__clkbuf_16)
                  0.09    0.24   20.61 ^ clkbuf_2_1__f_clk/X (sky130_fd_sc_hd__clkbuf_16)
    10    0.04                           clknet_2_1__leaf_clk (net)
                  0.09    0.00   20.61 ^ _436_/CLK (sky130_fd_sc_hd__dfxtp_1)
                         -0.25   20.36   clock uncertainty
                          0.00   20.36   clock reconvergence pessimism
                         -0.26   20.10   library setup time
                                 20.10   data required time
-----------------------------------------------------------------------------
                                 20.10   data required time
                                 -9.11   data arrival time
-----------------------------------------------------------------------------
                                 10.99   slack (MET)



======================= Typical Corner ===================================

Startpoint: mcand[1] (input port clocked by clk)
Endpoint: _436_ (rising edge-triggered flip-flop clocked by clk)
Path Group: clk
Path Type: max
Corner: Typical

Fanout     Cap    Slew   Delay    Time   Description
-----------------------------------------------------------------------------
                          0.00    0.00   clock clk (rise edge)
                          0.00    0.00   clock network delay (propagated)
                          4.00    4.00 ^ input external delay
                  0.02    0.01    4.01 ^ mcand[1] (in)
     1    0.00                           mcand[1] (net)
                  0.02    0.00    4.01 ^ input8/A (sky130_fd_sc_hd__dlymetal6s2s_1)
                  0.21    0.21    4.22 ^ input8/X (sky130_fd_sc_hd__dlymetal6s2s_1)
     2    0.02                           net8 (net)
                  0.21    0.00    4.22 ^ _236_/B (sky130_fd_sc_hd__xor2_2)
                  0.23    0.26    4.48 ^ _236_/X (sky130_fd_sc_hd__xor2_2)
     3    0.02                           _063_ (net)
                  0.23    0.00    4.48 ^ _242_/A3 (sky130_fd_sc_hd__a31oi_4)
                  0.11    0.14    4.62 v _242_/Y (sky130_fd_sc_hd__a31oi_4)
     3    0.01                           _068_ (net)
                  0.11    0.00    4.62 v _262_/A1 (sky130_fd_sc_hd__o31ai_4)
                  0.27    0.36    4.98 ^ _262_/Y (sky130_fd_sc_hd__o31ai_4)
     3    0.02                           _086_ (net)
                  0.27    0.00    4.98 ^ _295_/A1 (sky130_fd_sc_hd__a21oi_2)
                  0.11    0.15    5.14 v _295_/Y (sky130_fd_sc_hd__a21oi_2)
     4    0.02                           _115_ (net)
                  0.11    0.00    5.14 v _311_/A1 (sky130_fd_sc_hd__o211ai_2)
                  0.18    0.23    5.37 ^ _311_/Y (sky130_fd_sc_hd__o211ai_2)
     3    0.01                           _129_ (net)
                  0.18    0.00    5.37 ^ _331_/A3 (sky130_fd_sc_hd__a41o_1)
                  0.16    0.29    5.66 ^ _331_/X (sky130_fd_sc_hd__a41o_1)
     4    0.02                           _147_ (net)
                  0.16    0.00    5.67 ^ _349_/A2 (sky130_fd_sc_hd__a41o_1)
                  0.11    0.25    5.91 ^ _349_/X (sky130_fd_sc_hd__a41o_1)
     3    0.01                           _163_ (net)
                  0.11    0.00    5.91 ^ _350_/B (sky130_fd_sc_hd__nand2_1)
                  0.09    0.12    6.04 v _350_/Y (sky130_fd_sc_hd__nand2_1)
     3    0.01                           _164_ (net)
                  0.09    0.00    6.04 v _358_/A2 (sky130_fd_sc_hd__a41o_1)
                  0.04    0.24    6.27 v _358_/X (sky130_fd_sc_hd__a41o_1)
     1    0.00                           _171_ (net)
                  0.04    0.00    6.27 v _359_/B2 (sky130_fd_sc_hd__o221a_1)
                  0.05    0.21    6.48 v _359_/X (sky130_fd_sc_hd__o221a_1)
     1    0.00                           _172_ (net)
                  0.05    0.00    6.48 v _360_/A2 (sky130_fd_sc_hd__o21a_1)
                  0.03    0.17    6.65 v _360_/X (sky130_fd_sc_hd__o21a_1)
     1    0.00                           _017_ (net)
                  0.03    0.00    6.65 v _436_/D (sky130_fd_sc_hd__dfxtp_1)
                                  6.65   data arrival time

                         20.00   20.00   clock clk (rise edge)
                          0.00   20.00   clock source latency
                  0.09    0.06   20.06 ^ clk (in)
     1    0.02                           clk (net)
                  0.09    0.00   20.06 ^ clkbuf_0_clk/A (sky130_fd_sc_hd__clkbuf_16)
                  0.06    0.15   20.21 ^ clkbuf_0_clk/X (sky130_fd_sc_hd__clkbuf_16)
     4    0.04                           clknet_0_clk (net)
                  0.06    0.00   20.21 ^ clkbuf_2_1__f_clk/A (sky130_fd_sc_hd__clkbuf_16)
                  0.06    0.14   20.35 ^ clkbuf_2_1__f_clk/X (sky130_fd_sc_hd__clkbuf_16)
    10    0.04                           clknet_2_1__leaf_clk (net)
                  0.06    0.00   20.35 ^ _436_/CLK (sky130_fd_sc_hd__dfxtp_1)
                         -0.25   20.10   clock uncertainty
                          0.00   20.10   clock reconvergence pessimism
                         -0.10   20.00   library setup time
                                 20.00   data required time
-----------------------------------------------------------------------------
                                 20.00   data required time
                                 -6.65   data arrival time
-----------------------------------------------------------------------------
                                 13.35   slack (MET)




===========================================================================
report_checks --slack_max -0.01
============================================================================
======================= Fastest Corner ===================================

No paths found.

======================= Slowest Corner ===================================

No paths found.

======================= Typical Corner ===================================

No paths found.


===========================================================================
 report_check_types -max_slew -max_cap -max_fanout -violators
============================================================================
======================= Fastest Corner ===================================


======================= Slowest Corner ===================================


======================= Typical Corner ===================================



===========================================================================
report_parasitic_annotation -report_unannotated
============================================================================
Found 0 unannotated drivers.
Found 0 partially unannotated drivers.

===========================================================================
max slew violation count 0
max fanout violation count 0
max cap violation count 0
============================================================================

===========================================================================
check_setup -verbose -unconstrained_endpoints -multiple_clock -no_clock -no_input_delay -loops -generated_clocks
===========================================================================
