
===========================================================================
 report_power
============================================================================
======================= Fastest Corner ===================================

Group                  Internal  Switching    Leakage      Total
                          Power      Power      Power      Power (Watts)
----------------------------------------------------------------
Sequential             1.50e-04   7.05e-05   6.05e-10   2.20e-04  24.4%
Combinational          3.17e-04   3.66e-04   3.39e-09   6.83e-04  75.6%
Macro                  0.00e+00   0.00e+00   0.00e+00   0.00e+00   0.0%
Pad                    0.00e+00   0.00e+00   0.00e+00   0.00e+00   0.0%
----------------------------------------------------------------
Total                  4.66e-04   4.37e-04   4.00e-09   9.03e-04 100.0%
                          51.6%      48.4%       0.0%

======================= Slowest Corner ===================================

Group                  Internal  Switching    Leakage      Total
                          Power      Power      Power      Power (Watts)
----------------------------------------------------------------
Sequential             1.03e-04   4.67e-05   5.92e-07   1.50e-04  23.8%
Combinational          2.36e-04   2.42e-04   1.45e-06   4.80e-04  76.2%
Macro                  0.00e+00   0.00e+00   0.00e+00   0.00e+00   0.0%
Pad                    0.00e+00   0.00e+00   0.00e+00   0.00e+00   0.0%
----------------------------------------------------------------
Total                  3.39e-04   2.89e-04   2.04e-06   6.30e-04 100.0%
                          53.8%      45.9%       0.3%

======================= Typical Corner ===================================

Group                  Internal  Switching    Leakage      Total
                          Power      Power      Power      Power (Watts)
----------------------------------------------------------------
Sequential             1.30e-04   5.95e-05   3.38e-10   1.90e-04  24.1%
Combinational          2.88e-04   3.09e-04   1.67e-09   5.98e-04  75.9%
Macro                  0.00e+00   0.00e+00   0.00e+00   0.00e+00   0.0%
Pad                    0.00e+00   0.00e+00   0.00e+00   0.00e+00   0.0%
----------------------------------------------------------------
Total                  4.18e-04   3.69e-04   2.01e-09   7.87e-04 100.0%
                          53.2%      46.8%       0.0%

