
===========================================================================
report_checks -unconstrained
===========================================================================
======================= Fastest Corner ===================================

Startpoint: mcand[1] (input port clocked by clk)
Endpoint: _918_ (rising edge-triggered flip-flop clocked by clk)
Path Group: clk
Path Type: max
Corner: Fastest

Fanout     Cap    Slew   Delay    Time   Description
-----------------------------------------------------------------------------
                          0.00    0.00   clock clk (rise edge)
                          0.00    0.00   clock network delay (propagated)
                          4.00    4.00 ^ input external delay
                  0.01    0.01    4.01 ^ mcand[1] (in)
     1    0.00                           mcand[1] (net)
                  0.01    0.00    4.01 ^ input12/A (sky130_fd_sc_hd__buf_1)
                  0.11    0.11    4.11 ^ input12/X (sky130_fd_sc_hd__buf_1)
     2    0.01                           net12 (net)
                  0.11    0.00    4.12 ^ _471_/B (sky130_fd_sc_hd__xor2_2)
                  0.16    0.16    4.27 ^ _471_/X (sky130_fd_sc_hd__xor2_2)
     3    0.01                           _096_ (net)
                  0.16    0.00    4.27 ^ _479_/A3 (sky130_fd_sc_hd__a31oi_2)
                  0.06    0.08    4.35 v _479_/Y (sky130_fd_sc_hd__a31oi_2)
     3    0.01                           _103_ (net)
                  0.06    0.00    4.35 v _501_/A1 (sky130_fd_sc_hd__o311a_1)
                  0.07    0.27    4.62 v _501_/X (sky130_fd_sc_hd__o311a_1)
     3    0.01                           _123_ (net)
                  0.07    0.00    4.62 v _536_/A1 (sky130_fd_sc_hd__o21ba_1)
                  0.08    0.18    4.80 v _536_/X (sky130_fd_sc_hd__o21ba_1)
     4    0.02                           _154_ (net)
                  0.08    0.00    4.80 v _613_/A1 (sky130_fd_sc_hd__o31a_2)
                  0.06    0.27    5.07 v _613_/X (sky130_fd_sc_hd__o31a_2)
     3    0.02                           _223_ (net)
                  0.06    0.00    5.08 v _656_/A1 (sky130_fd_sc_hd__o211ai_4)
                  0.16    0.18    5.26 ^ _656_/Y (sky130_fd_sc_hd__o211ai_4)
     4    0.02                           _262_ (net)
                  0.16    0.00    5.26 ^ _689_/A1 (sky130_fd_sc_hd__a21oi_1)
                  0.09    0.10    5.35 v _689_/Y (sky130_fd_sc_hd__a21oi_1)
     3    0.01                           _291_ (net)
                  0.09    0.00    5.36 v _693_/A (sky130_fd_sc_hd__or2_2)
                  0.06    0.23    5.59 v _693_/X (sky130_fd_sc_hd__or2_2)
     5    0.02                           _295_ (net)
                  0.06    0.00    5.59 v _709_/A2 (sky130_fd_sc_hd__a311o_1)
                  0.07    0.24    5.83 v _709_/X (sky130_fd_sc_hd__a311o_1)
     3    0.01                           _309_ (net)
                  0.07    0.00    5.84 v _717_/A2 (sky130_fd_sc_hd__a22o_1)
                  0.03    0.14    5.97 v _717_/X (sky130_fd_sc_hd__a22o_1)
     1    0.00                           _316_ (net)
                  0.03    0.00    5.97 v _718_/A2 (sky130_fd_sc_hd__a21oi_1)
                  0.09    0.11    6.08 ^ _718_/Y (sky130_fd_sc_hd__a21oi_1)
     1    0.00                           _317_ (net)
                  0.09    0.00    6.08 ^ _719_/C1 (sky130_fd_sc_hd__a211o_1)
                  0.04    0.07    6.15 ^ _719_/X (sky130_fd_sc_hd__a211o_1)
     1    0.00                           _318_ (net)
                  0.04    0.00    6.15 ^ _720_/C1 (sky130_fd_sc_hd__o211a_1)
                  0.03    0.06    6.22 ^ _720_/X (sky130_fd_sc_hd__o211a_1)
     1    0.00                           _029_ (net)
                  0.03    0.00    6.22 ^ _918_/D (sky130_fd_sc_hd__dfxtp_1)
                                  6.22   data arrival time

                         20.00   20.00   clock clk (rise edge)
                          0.00   20.00   clock source latency
                  0.07    0.05   20.05 ^ clk (in)
     1    0.02                           clk (net)
                  0.07    0.00   20.05 ^ clkbuf_0_clk/A (sky130_fd_sc_hd__clkbuf_16)
                  0.08    0.13   20.17 ^ clkbuf_0_clk/X (sky130_fd_sc_hd__clkbuf_16)
     8    0.09                           clknet_0_clk (net)
                  0.08    0.00   20.18 ^ clkbuf_3_3__f_clk/A (sky130_fd_sc_hd__clkbuf_16)
                  0.05    0.11   20.29 ^ clkbuf_3_3__f_clk/X (sky130_fd_sc_hd__clkbuf_16)
    13    0.05                           clknet_3_3__leaf_clk (net)
                  0.05    0.00   20.29 ^ _918_/CLK (sky130_fd_sc_hd__dfxtp_1)
                         -0.25   20.04   clock uncertainty
                          0.00   20.04   clock reconvergence pessimism
                         -0.03   20.01   library setup time
                                 20.01   data required time
-----------------------------------------------------------------------------
                                 20.01   data required time
                                 -6.22   data arrival time
-----------------------------------------------------------------------------
                                 13.80   slack (MET)



======================= Slowest Corner ===================================

Startpoint: mcand[14] (input port clocked by clk)
Endpoint: _918_ (rising edge-triggered flip-flop clocked by clk)
Path Group: clk
Path Type: max
Corner: Slowest

Fanout     Cap    Slew   Delay    Time   Description
-----------------------------------------------------------------------------
                          0.00    0.00   clock clk (rise edge)
                          0.00    0.00   clock network delay (propagated)
                          4.00    4.00 v input external delay
                  0.02    0.01    4.01 v mcand[14] (in)
     1    0.00                           mcand[14] (net)
                  0.02    0.00    4.01 v input6/A (sky130_fd_sc_hd__buf_1)
                  0.32    0.36    4.37 v input6/X (sky130_fd_sc_hd__buf_1)
     2    0.03                           net6 (net)
                  0.32    0.00    4.37 v _590_/B (sky130_fd_sc_hd__and2_1)
                  0.13    0.53    4.90 v _590_/X (sky130_fd_sc_hd__and2_1)
     4    0.01                           _202_ (net)
                  0.13    0.00    4.90 v _607_/A (sky130_fd_sc_hd__or3_1)
                  0.17    0.96    5.86 v _607_/X (sky130_fd_sc_hd__or3_1)
     2    0.01                           _217_ (net)
                  0.17    0.00    5.86 v _608_/D (sky130_fd_sc_hd__or4_1)
                  0.22    1.10    6.96 v _608_/X (sky130_fd_sc_hd__or4_1)
     2    0.01                           _218_ (net)
                  0.22    0.00    6.96 v _612_/A2 (sky130_fd_sc_hd__o221a_1)
                  0.09    0.53    7.48 v _612_/X (sky130_fd_sc_hd__o221a_1)
     1    0.00                           _222_ (net)
                  0.09    0.00    7.49 v _613_/B1 (sky130_fd_sc_hd__o31a_2)
                  0.16    0.30    7.79 v _613_/X (sky130_fd_sc_hd__o31a_2)
     3    0.02                           _223_ (net)
                  0.16    0.00    7.79 v _656_/A1 (sky130_fd_sc_hd__o211ai_4)
                  0.33    0.43    8.22 ^ _656_/Y (sky130_fd_sc_hd__o211ai_4)
     4    0.02                           _262_ (net)
                  0.33    0.00    8.22 ^ _689_/A1 (sky130_fd_sc_hd__a21oi_1)
                  0.26    0.37    8.59 v _689_/Y (sky130_fd_sc_hd__a21oi_1)
     3    0.01                           _291_ (net)
                  0.26    0.00    8.59 v _693_/A (sky130_fd_sc_hd__or2_2)
                  0.18    0.89    9.47 v _693_/X (sky130_fd_sc_hd__or2_2)
     5    0.02                           _295_ (net)
                  0.18    0.00    9.47 v _709_/A2 (sky130_fd_sc_hd__a311o_1)
                  0.17    0.75   10.23 v _709_/X (sky130_fd_sc_hd__a311o_1)
     3    0.01                           _309_ (net)
                  0.17    0.00   10.23 v _717_/A2 (sky130_fd_sc_hd__a22o_1)
                  0.07    0.48   10.70 v _717_/X (sky130_fd_sc_hd__a22o_1)
     1    0.00                           _316_ (net)
                  0.07    0.00   10.70 v _718_/A2 (sky130_fd_sc_hd__a21oi_1)
                  0.20    0.27   10.97 ^ _718_/Y (sky130_fd_sc_hd__a21oi_1)
     1    0.00                           _317_ (net)
                  0.20    0.00   10.97 ^ _719_/C1 (sky130_fd_sc_hd__a211o_1)
                  0.08    0.24   11.21 ^ _719_/X (sky130_fd_sc_hd__a211o_1)
     1    0.00                           _318_ (net)
                  0.08    0.00   11.21 ^ _720_/C1 (sky130_fd_sc_hd__o211a_1)
                  0.07    0.28   11.49 ^ _720_/X (sky130_fd_sc_hd__o211a_1)
     1    0.00                           _029_ (net)
                  0.07    0.00   11.49 ^ _918_/D (sky130_fd_sc_hd__dfxtp_1)
                                 11.49   data arrival time

                         20.00   20.00   clock clk (rise edge)
                          0.00   20.00   clock source latency
                  0.15    0.10   20.10 ^ clk (in)
     1    0.02                           clk (net)
                  0.15    0.00   20.10 ^ clkbuf_0_clk/A (sky130_fd_sc_hd__clkbuf_16)
                  0.17    0.32   20.42 ^ clkbuf_0_clk/X (sky130_fd_sc_hd__clkbuf_16)
     8    0.09                           clknet_0_clk (net)
                  0.17    0.00   20.42 ^ clkbuf_3_3__f_clk/A (sky130_fd_sc_hd__clkbuf_16)
                  0.10    0.28   20.71 ^ clkbuf_3_3__f_clk/X (sky130_fd_sc_hd__clkbuf_16)
    13    0.04                           clknet_3_3__leaf_clk (net)
                  0.10    0.00   20.71 ^ _918_/CLK (sky130_fd_sc_hd__dfxtp_1)
                         -0.25   20.46   clock uncertainty
                          0.00   20.46   clock reconvergence pessimism
                         -0.12   20.33   library setup time
                                 20.33   data required time
-----------------------------------------------------------------------------
                                 20.33   data required time
                                -11.49   data arrival time
-----------------------------------------------------------------------------
                                  8.84   slack (MET)



======================= Typical Corner ===================================

Startpoint: mcand[14] (input port clocked by clk)
Endpoint: _918_ (rising edge-triggered flip-flop clocked by clk)
Path Group: clk
Path Type: max
Corner: Typical

Fanout     Cap    Slew   Delay    Time   Description
-----------------------------------------------------------------------------
                          0.00    0.00   clock clk (rise edge)
                          0.00    0.00   clock network delay (propagated)
                          4.00    4.00 v input external delay
                  0.01    0.01    4.01 v mcand[14] (in)
     1    0.00                           mcand[14] (net)
                  0.01    0.00    4.01 v input6/A (sky130_fd_sc_hd__buf_1)
                  0.16    0.19    4.19 v input6/X (sky130_fd_sc_hd__buf_1)
     2    0.03                           net6 (net)
                  0.16    0.00    4.20 v _590_/B (sky130_fd_sc_hd__and2_1)
                  0.07    0.25    4.45 v _590_/X (sky130_fd_sc_hd__and2_1)
     4    0.01                           _202_ (net)
                  0.07    0.00    4.45 v _607_/A (sky130_fd_sc_hd__or3_1)
                  0.08    0.41    4.86 v _607_/X (sky130_fd_sc_hd__or3_1)
     2    0.01                           _217_ (net)
                  0.08    0.00    4.86 v _608_/D (sky130_fd_sc_hd__or4_1)
                  0.10    0.45    5.32 v _608_/X (sky130_fd_sc_hd__or4_1)
     2    0.01                           _218_ (net)
                  0.10    0.00    5.32 v _612_/A2 (sky130_fd_sc_hd__o221a_1)
                  0.05    0.27    5.58 v _612_/X (sky130_fd_sc_hd__o221a_1)
     1    0.00                           _222_ (net)
                  0.05    0.00    5.58 v _613_/B1 (sky130_fd_sc_hd__o31a_2)
                  0.09    0.15    5.74 v _613_/X (sky130_fd_sc_hd__o31a_2)
     3    0.02                           _223_ (net)
                  0.09    0.00    5.74 v _656_/A1 (sky130_fd_sc_hd__o211ai_4)
                  0.21    0.26    6.00 ^ _656_/Y (sky130_fd_sc_hd__o211ai_4)
     4    0.02                           _262_ (net)
                  0.21    0.00    6.00 ^ _689_/A1 (sky130_fd_sc_hd__a21oi_1)
                  0.13    0.17    6.17 v _689_/Y (sky130_fd_sc_hd__a21oi_1)
     3    0.01                           _291_ (net)
                  0.13    0.00    6.17 v _693_/A (sky130_fd_sc_hd__or2_2)
                  0.09    0.39    6.56 v _693_/X (sky130_fd_sc_hd__or2_2)
     5    0.02                           _295_ (net)
                  0.09    0.00    6.56 v _709_/A2 (sky130_fd_sc_hd__a311o_1)
                  0.09    0.39    6.95 v _709_/X (sky130_fd_sc_hd__a311o_1)
     3    0.01                           _309_ (net)
                  0.09    0.00    6.95 v _717_/A2 (sky130_fd_sc_hd__a22o_1)
                  0.04    0.25    7.20 v _717_/X (sky130_fd_sc_hd__a22o_1)
     1    0.00                           _316_ (net)
                  0.04    0.00    7.20 v _718_/A2 (sky130_fd_sc_hd__a21oi_1)
                  0.13    0.16    7.36 ^ _718_/Y (sky130_fd_sc_hd__a21oi_1)
     1    0.00                           _317_ (net)
                  0.13    0.00    7.36 ^ _719_/C1 (sky130_fd_sc_hd__a211o_1)
                  0.05    0.12    7.49 ^ _719_/X (sky130_fd_sc_hd__a211o_1)
     1    0.00                           _318_ (net)
                  0.05    0.00    7.49 ^ _720_/C1 (sky130_fd_sc_hd__o211a_1)
                  0.04    0.13    7.62 ^ _720_/X (sky130_fd_sc_hd__o211a_1)
     1    0.00                           _029_ (net)
                  0.04    0.00    7.62 ^ _918_/D (sky130_fd_sc_hd__dfxtp_1)
                                  7.62   data arrival time

                         20.00   20.00   clock clk (rise edge)
                          0.00   20.00   clock source latency
                  0.09    0.06   20.06 ^ clk (in)
     1    0.02                           clk (net)
                  0.09    0.00   20.06 ^ clkbuf_0_clk/A (sky130_fd_sc_hd__clkbuf_16)
                  0.11    0.19   20.25 ^ clkbuf_0_clk/X (sky130_fd_sc_hd__clkbuf_16)
     8    0.09                           clknet_0_clk (net)
                  0.11    0.00   20.25 ^ clkbuf_3_3__f_clk/A (sky130_fd_sc_hd__clkbuf_16)
                  0.06    0.16   20.41 ^ clkbuf_3_3__f_clk/X (sky130_fd_sc_hd__clkbuf_16)
    13    0.05                           clknet_3_3__leaf_clk (net)
                  0.06    0.00   20.41 ^ _918_/CLK (sky130_fd_sc_hd__dfxtp_1)
                         -0.25   20.16   clock uncertainty
                          0.00   20.16   clock reconvergence pessimism
                         -0.05   20.11   library setup time
                                 20.11   data required time
-----------------------------------------------------------------------------
                                 20.11   data required time
                                 -7.62   data arrival time
-----------------------------------------------------------------------------
                                 12.50   slack (MET)




===========================================================================
report_checks --slack_max -0.01
============================================================================
======================= Fastest Corner ===================================

No paths found.

======================= Slowest Corner ===================================

No paths found.

======================= Typical Corner ===================================

No paths found.


===========================================================================
 report_check_types -max_slew -max_cap -max_fanout -violators
============================================================================
======================= Fastest Corner ===================================

max fanout

Pin                                   Limit Fanout  Slack
---------------------------------------------------------
clkbuf_3_3__f_clk/X                      10     13     -3 (VIOLATED)
clkbuf_3_1__f_clk/X                      10     12     -2 (VIOLATED)


======================= Slowest Corner ===================================

max fanout

Pin                                   Limit Fanout  Slack
---------------------------------------------------------
clkbuf_3_3__f_clk/X                      10     13     -3 (VIOLATED)
clkbuf_3_1__f_clk/X                      10     12     -2 (VIOLATED)


======================= Typical Corner ===================================

max fanout

Pin                                   Limit Fanout  Slack
---------------------------------------------------------
clkbuf_3_3__f_clk/X                      10     13     -3 (VIOLATED)
clkbuf_3_1__f_clk/X                      10     12     -2 (VIOLATED)



===========================================================================
report_parasitic_annotation -report_unannotated
============================================================================
Found 0 unannotated drivers.
Found 0 partially unannotated drivers.

===========================================================================
max slew violation count 0
max fanout violation count 2
max cap violation count 0
============================================================================

===========================================================================
check_setup -verbose -unconstrained_endpoints -multiple_clock -no_clock -no_input_delay -loops -generated_clocks
===========================================================================
