
===========================================================================
 report_power
============================================================================
======================= Fastest Corner ===================================

Group                  Internal  Switching    Leakage      Total
                          Power      Power      Power      Power (Watts)
----------------------------------------------------------------
Sequential             2.74e-04   1.59e-04   1.11e-09   4.34e-04  24.6%
Combinational          6.03e-04   7.23e-04   5.86e-09   1.33e-03  75.4%
Macro                  0.00e+00   0.00e+00   0.00e+00   0.00e+00   0.0%
Pad                    0.00e+00   0.00e+00   0.00e+00   0.00e+00   0.0%
----------------------------------------------------------------
Total                  8.78e-04   8.82e-04   6.97e-09   1.76e-03 100.0%
                          49.9%      50.1%       0.0%

======================= Slowest Corner ===================================

Group                  Internal  Switching    Leakage      Total
                          Power      Power      Power      Power (Watts)
----------------------------------------------------------------
Sequential             1.89e-04   1.06e-04   1.08e-06   2.95e-04  24.1%
Combinational          4.47e-04   4.78e-04   2.96e-06   9.28e-04  75.9%
Macro                  0.00e+00   0.00e+00   0.00e+00   0.00e+00   0.0%
Pad                    0.00e+00   0.00e+00   0.00e+00   0.00e+00   0.0%
----------------------------------------------------------------
Total                  6.36e-04   5.83e-04   4.04e-06   1.22e-03 100.0%
                          52.0%      47.7%       0.3%

======================= Typical Corner ===================================

Group                  Internal  Switching    Leakage      Total
                          Power      Power      Power      Power (Watts)
----------------------------------------------------------------
Sequential             2.39e-04   1.34e-04   6.16e-10   3.73e-04  24.4%
Combinational          5.46e-04   6.10e-04   3.21e-09   1.16e-03  75.6%
Macro                  0.00e+00   0.00e+00   0.00e+00   0.00e+00   0.0%
Pad                    0.00e+00   0.00e+00   0.00e+00   0.00e+00   0.0%
----------------------------------------------------------------
Total                  7.85e-04   7.45e-04   3.82e-09   1.53e-03 100.0%
                          51.3%      48.7%       0.0%

