
===========================================================================
report_checks -unconstrained
===========================================================================
======================= Fastest Corner ===================================

Startpoint: mcand[1] (input port clocked by clk)
Endpoint: _918_ (rising edge-triggered flip-flop clocked by clk)
Path Group: clk
Path Type: max
Corner: Fastest

Fanout     Cap    Slew   Delay    Time   Description
-----------------------------------------------------------------------------
                          0.00    0.00   clock clk (rise edge)
                          0.00    0.00   clock network delay (propagated)
                          4.00    4.00 ^ input external delay
                  0.01    0.01    4.01 ^ mcand[1] (in)
     1    0.00                           mcand[1] (net)
                  0.01    0.00    4.01 ^ input12/A (sky130_fd_sc_hd__buf_1)
                  0.11    0.10    4.11 ^ input12/X (sky130_fd_sc_hd__buf_1)
     2    0.01                           net12 (net)
                  0.11    0.00    4.11 ^ _471_/B (sky130_fd_sc_hd__xor2_2)
                  0.16    0.15    4.27 ^ _471_/X (sky130_fd_sc_hd__xor2_2)
     3    0.01                           _096_ (net)
                  0.16    0.00    4.27 ^ _479_/A3 (sky130_fd_sc_hd__a31oi_2)
                  0.06    0.07    4.34 v _479_/Y (sky130_fd_sc_hd__a31oi_2)
     3    0.01                           _103_ (net)
                  0.06    0.00    4.34 v _501_/A1 (sky130_fd_sc_hd__o311a_1)
                  0.06    0.27    4.61 v _501_/X (sky130_fd_sc_hd__o311a_1)
     3    0.01                           _123_ (net)
                  0.06    0.00    4.61 v _536_/A1 (sky130_fd_sc_hd__o21ba_1)
                  0.07    0.18    4.78 v _536_/X (sky130_fd_sc_hd__o21ba_1)
     4    0.02                           _154_ (net)
                  0.07    0.00    4.78 v _613_/A1 (sky130_fd_sc_hd__o31a_2)
                  0.06    0.27    5.05 v _613_/X (sky130_fd_sc_hd__o31a_2)
     3    0.02                           _223_ (net)
                  0.06    0.00    5.05 v _656_/A1 (sky130_fd_sc_hd__o211ai_4)
                  0.15    0.17    5.22 ^ _656_/Y (sky130_fd_sc_hd__o211ai_4)
     4    0.02                           _262_ (net)
                  0.15    0.00    5.22 ^ _689_/A1 (sky130_fd_sc_hd__a21oi_1)
                  0.08    0.09    5.31 v _689_/Y (sky130_fd_sc_hd__a21oi_1)
     3    0.01                           _291_ (net)
                  0.08    0.00    5.31 v _693_/A (sky130_fd_sc_hd__or2_2)
                  0.06    0.23    5.54 v _693_/X (sky130_fd_sc_hd__or2_2)
     5    0.02                           _295_ (net)
                  0.06    0.00    5.54 v _709_/A2 (sky130_fd_sc_hd__a311o_1)
                  0.06    0.24    5.79 v _709_/X (sky130_fd_sc_hd__a311o_1)
     3    0.01                           _309_ (net)
                  0.06    0.00    5.79 v _717_/A2 (sky130_fd_sc_hd__a22o_1)
                  0.03    0.13    5.92 v _717_/X (sky130_fd_sc_hd__a22o_1)
     1    0.00                           _316_ (net)
                  0.03    0.00    5.92 v _718_/A2 (sky130_fd_sc_hd__a21oi_1)
                  0.09    0.11    6.03 ^ _718_/Y (sky130_fd_sc_hd__a21oi_1)
     1    0.00                           _317_ (net)
                  0.09    0.00    6.03 ^ _719_/C1 (sky130_fd_sc_hd__a211o_1)
                  0.03    0.07    6.09 ^ _719_/X (sky130_fd_sc_hd__a211o_1)
     1    0.00                           _318_ (net)
                  0.03    0.00    6.09 ^ _720_/C1 (sky130_fd_sc_hd__o211a_1)
                  0.03    0.06    6.16 ^ _720_/X (sky130_fd_sc_hd__o211a_1)
     1    0.00                           _029_ (net)
                  0.03    0.00    6.16 ^ _918_/D (sky130_fd_sc_hd__dfxtp_1)
                                  6.16   data arrival time

                         20.00   20.00   clock clk (rise edge)
                          0.00   20.00   clock source latency
                  0.06    0.04   20.04 ^ clk (in)
     1    0.02                           clk (net)
                  0.06    0.00   20.04 ^ clkbuf_0_clk/A (sky130_fd_sc_hd__clkbuf_16)
                  0.08    0.13   20.17 ^ clkbuf_0_clk/X (sky130_fd_sc_hd__clkbuf_16)
     8    0.09                           clknet_0_clk (net)
                  0.08    0.00   20.17 ^ clkbuf_3_3__f_clk/A (sky130_fd_sc_hd__clkbuf_16)
                  0.05    0.11   20.27 ^ clkbuf_3_3__f_clk/X (sky130_fd_sc_hd__clkbuf_16)
    13    0.04                           clknet_3_3__leaf_clk (net)
                  0.05    0.00   20.27 ^ _918_/CLK (sky130_fd_sc_hd__dfxtp_1)
                         -0.25   20.02   clock uncertainty
                          0.00   20.02   clock reconvergence pessimism
                         -0.03   19.99   library setup time
                                 19.99   data required time
-----------------------------------------------------------------------------
                                 19.99   data required time
                                 -6.16   data arrival time
-----------------------------------------------------------------------------
                                 13.84   slack (MET)



======================= Slowest Corner ===================================

Startpoint: mcand[14] (input port clocked by clk)
Endpoint: _918_ (rising edge-triggered flip-flop clocked by clk)
Path Group: clk
Path Type: max
Corner: Slowest

Fanout     Cap    Slew   Delay    Time   Description
-----------------------------------------------------------------------------
                          0.00    0.00   clock clk (rise edge)
                          0.00    0.00   clock network delay (propagated)
                          4.00    4.00 v input external delay
                  0.02    0.01    4.01 v mcand[14] (in)
     1    0.00                           mcand[14] (net)
                  0.02    0.00    4.01 v input6/A (sky130_fd_sc_hd__buf_1)
                  0.26    0.32    4.33 v input6/X (sky130_fd_sc_hd__buf_1)
     2    0.02                           net6 (net)
                  0.26    0.00    4.33 v _590_/B (sky130_fd_sc_hd__and2_1)
                  0.13    0.49    4.83 v _590_/X (sky130_fd_sc_hd__and2_1)
     4    0.01                           _202_ (net)
                  0.13    0.00    4.83 v _607_/A (sky130_fd_sc_hd__or3_1)
                  0.16    0.95    5.77 v _607_/X (sky130_fd_sc_hd__or3_1)
     2    0.01                           _217_ (net)
                  0.16    0.00    5.77 v _608_/D (sky130_fd_sc_hd__or4_1)
                  0.22    1.10    6.87 v _608_/X (sky130_fd_sc_hd__or4_1)
     2    0.01                           _218_ (net)
                  0.22    0.00    6.87 v _612_/A2 (sky130_fd_sc_hd__o221a_1)
                  0.09    0.53    7.40 v _612_/X (sky130_fd_sc_hd__o221a_1)
     1    0.00                           _222_ (net)
                  0.09    0.00    7.40 v _613_/B1 (sky130_fd_sc_hd__o31a_2)
                  0.16    0.30    7.69 v _613_/X (sky130_fd_sc_hd__o31a_2)
     3    0.02                           _223_ (net)
                  0.16    0.00    7.69 v _656_/A1 (sky130_fd_sc_hd__o211ai_4)
                  0.31    0.42    8.11 ^ _656_/Y (sky130_fd_sc_hd__o211ai_4)
     4    0.02                           _262_ (net)
                  0.31    0.00    8.11 ^ _689_/A1 (sky130_fd_sc_hd__a21oi_1)
                  0.24    0.35    8.46 v _689_/Y (sky130_fd_sc_hd__a21oi_1)
     3    0.01                           _291_ (net)
                  0.24    0.00    8.46 v _693_/A (sky130_fd_sc_hd__or2_2)
                  0.18    0.87    9.33 v _693_/X (sky130_fd_sc_hd__or2_2)
     5    0.02                           _295_ (net)
                  0.18    0.00    9.33 v _709_/A2 (sky130_fd_sc_hd__a311o_1)
                  0.16    0.74   10.07 v _709_/X (sky130_fd_sc_hd__a311o_1)
     3    0.01                           _309_ (net)
                  0.16    0.00   10.07 v _717_/A2 (sky130_fd_sc_hd__a22o_1)
                  0.07    0.47   10.54 v _717_/X (sky130_fd_sc_hd__a22o_1)
     1    0.00                           _316_ (net)
                  0.07    0.00   10.54 v _718_/A2 (sky130_fd_sc_hd__a21oi_1)
                  0.20    0.26   10.80 ^ _718_/Y (sky130_fd_sc_hd__a21oi_1)
     1    0.00                           _317_ (net)
                  0.20    0.00   10.80 ^ _719_/C1 (sky130_fd_sc_hd__a211o_1)
                  0.08    0.23   11.03 ^ _719_/X (sky130_fd_sc_hd__a211o_1)
     1    0.00                           _318_ (net)
                  0.08    0.00   11.03 ^ _720_/C1 (sky130_fd_sc_hd__o211a_1)
                  0.07    0.28   11.31 ^ _720_/X (sky130_fd_sc_hd__o211a_1)
     1    0.00                           _029_ (net)
                  0.07    0.00   11.31 ^ _918_/D (sky130_fd_sc_hd__dfxtp_1)
                                 11.31   data arrival time

                         20.00   20.00   clock clk (rise edge)
                          0.00   20.00   clock source latency
                  0.13    0.08   20.08 ^ clk (in)
     1    0.02                           clk (net)
                  0.13    0.00   20.08 ^ clkbuf_0_clk/A (sky130_fd_sc_hd__clkbuf_16)
                  0.16    0.31   20.40 ^ clkbuf_0_clk/X (sky130_fd_sc_hd__clkbuf_16)
     8    0.09                           clknet_0_clk (net)
                  0.16    0.00   20.40 ^ clkbuf_3_3__f_clk/A (sky130_fd_sc_hd__clkbuf_16)
                  0.09    0.27   20.67 ^ clkbuf_3_3__f_clk/X (sky130_fd_sc_hd__clkbuf_16)
    13    0.04                           clknet_3_3__leaf_clk (net)
                  0.09    0.00   20.67 ^ _918_/CLK (sky130_fd_sc_hd__dfxtp_1)
                         -0.25   20.42   clock uncertainty
                          0.00   20.42   clock reconvergence pessimism
                         -0.12   20.30   library setup time
                                 20.30   data required time
-----------------------------------------------------------------------------
                                 20.30   data required time
                                -11.31   data arrival time
-----------------------------------------------------------------------------
                                  8.99   slack (MET)



======================= Typical Corner ===================================

Startpoint: mcand[14] (input port clocked by clk)
Endpoint: _918_ (rising edge-triggered flip-flop clocked by clk)
Path Group: clk
Path Type: max
Corner: Typical

Fanout     Cap    Slew   Delay    Time   Description
-----------------------------------------------------------------------------
                          0.00    0.00   clock clk (rise edge)
                          0.00    0.00   clock network delay (propagated)
                          4.00    4.00 v input external delay
                  0.01    0.01    4.01 v mcand[14] (in)
     1    0.00                           mcand[14] (net)
                  0.01    0.00    4.01 v input6/A (sky130_fd_sc_hd__buf_1)
                  0.14    0.17    4.17 v input6/X (sky130_fd_sc_hd__buf_1)
     2    0.02                           net6 (net)
                  0.14    0.00    4.18 v _590_/B (sky130_fd_sc_hd__and2_1)
                  0.06    0.24    4.41 v _590_/X (sky130_fd_sc_hd__and2_1)
     4    0.01                           _202_ (net)
                  0.06    0.00    4.41 v _607_/A (sky130_fd_sc_hd__or3_1)
                  0.08    0.41    4.82 v _607_/X (sky130_fd_sc_hd__or3_1)
     2    0.01                           _217_ (net)
                  0.08    0.00    4.82 v _608_/D (sky130_fd_sc_hd__or4_1)
                  0.10    0.45    5.27 v _608_/X (sky130_fd_sc_hd__or4_1)
     2    0.01                           _218_ (net)
                  0.10    0.00    5.27 v _612_/A2 (sky130_fd_sc_hd__o221a_1)
                  0.04    0.27    5.54 v _612_/X (sky130_fd_sc_hd__o221a_1)
     1    0.00                           _222_ (net)
                  0.04    0.00    5.54 v _613_/B1 (sky130_fd_sc_hd__o31a_2)
                  0.09    0.15    5.69 v _613_/X (sky130_fd_sc_hd__o31a_2)
     3    0.02                           _223_ (net)
                  0.09    0.00    5.69 v _656_/A1 (sky130_fd_sc_hd__o211ai_4)
                  0.20    0.25    5.94 ^ _656_/Y (sky130_fd_sc_hd__o211ai_4)
     4    0.02                           _262_ (net)
                  0.20    0.00    5.94 ^ _689_/A1 (sky130_fd_sc_hd__a21oi_1)
                  0.12    0.16    6.10 v _689_/Y (sky130_fd_sc_hd__a21oi_1)
     3    0.01                           _291_ (net)
                  0.12    0.00    6.10 v _693_/A (sky130_fd_sc_hd__or2_2)
                  0.09    0.38    6.48 v _693_/X (sky130_fd_sc_hd__or2_2)
     5    0.01                           _295_ (net)
                  0.09    0.00    6.48 v _709_/A2 (sky130_fd_sc_hd__a311o_1)
                  0.09    0.38    6.86 v _709_/X (sky130_fd_sc_hd__a311o_1)
     3    0.01                           _309_ (net)
                  0.09    0.00    6.86 v _717_/A2 (sky130_fd_sc_hd__a22o_1)
                  0.04    0.25    7.12 v _717_/X (sky130_fd_sc_hd__a22o_1)
     1    0.00                           _316_ (net)
                  0.04    0.00    7.12 v _718_/A2 (sky130_fd_sc_hd__a21oi_1)
                  0.12    0.15    7.27 ^ _718_/Y (sky130_fd_sc_hd__a21oi_1)
     1    0.00                           _317_ (net)
                  0.12    0.00    7.27 ^ _719_/C1 (sky130_fd_sc_hd__a211o_1)
                  0.05    0.12    7.39 ^ _719_/X (sky130_fd_sc_hd__a211o_1)
     1    0.00                           _318_ (net)
                  0.05    0.00    7.39 ^ _720_/C1 (sky130_fd_sc_hd__o211a_1)
                  0.04    0.13    7.52 ^ _720_/X (sky130_fd_sc_hd__o211a_1)
     1    0.00                           _029_ (net)
                  0.04    0.00    7.52 ^ _918_/D (sky130_fd_sc_hd__dfxtp_1)
                                  7.52   data arrival time

                         20.00   20.00   clock clk (rise edge)
                          0.00   20.00   clock source latency
                  0.08    0.05   20.05 ^ clk (in)
     1    0.02                           clk (net)
                  0.08    0.00   20.05 ^ clkbuf_0_clk/A (sky130_fd_sc_hd__clkbuf_16)
                  0.10    0.18   20.24 ^ clkbuf_0_clk/X (sky130_fd_sc_hd__clkbuf_16)
     8    0.09                           clknet_0_clk (net)
                  0.10    0.00   20.24 ^ clkbuf_3_3__f_clk/A (sky130_fd_sc_hd__clkbuf_16)
                  0.06    0.16   20.39 ^ clkbuf_3_3__f_clk/X (sky130_fd_sc_hd__clkbuf_16)
    13    0.04                           clknet_3_3__leaf_clk (net)
                  0.06    0.00   20.39 ^ _918_/CLK (sky130_fd_sc_hd__dfxtp_1)
                         -0.25   20.14   clock uncertainty
                          0.00   20.14   clock reconvergence pessimism
                         -0.05   20.09   library setup time
                                 20.09   data required time
-----------------------------------------------------------------------------
                                 20.09   data required time
                                 -7.52   data arrival time
-----------------------------------------------------------------------------
                                 12.57   slack (MET)




===========================================================================
report_checks --slack_max -0.01
============================================================================
======================= Fastest Corner ===================================

No paths found.

======================= Slowest Corner ===================================

No paths found.

======================= Typical Corner ===================================

No paths found.


===========================================================================
 report_check_types -max_slew -max_cap -max_fanout -violators
============================================================================
======================= Fastest Corner ===================================

max fanout

Pin                                   Limit Fanout  Slack
---------------------------------------------------------
clkbuf_3_3__f_clk/X                      10     13     -3 (VIOLATED)
clkbuf_3_1__f_clk/X                      10     12     -2 (VIOLATED)


======================= Slowest Corner ===================================

max fanout

Pin                                   Limit Fanout  Slack
---------------------------------------------------------
clkbuf_3_3__f_clk/X                      10     13     -3 (VIOLATED)
clkbuf_3_1__f_clk/X                      10     12     -2 (VIOLATED)


======================= Typical Corner ===================================

max fanout

Pin                                   Limit Fanout  Slack
---------------------------------------------------------
clkbuf_3_3__f_clk/X                      10     13     -3 (VIOLATED)
clkbuf_3_1__f_clk/X                      10     12     -2 (VIOLATED)



===========================================================================
report_parasitic_annotation -report_unannotated
============================================================================
Found 0 unannotated drivers.
Found 0 partially unannotated drivers.

===========================================================================
max slew violation count 0
max fanout violation count 2
max cap violation count 0
============================================================================

===========================================================================
check_setup -verbose -unconstrained_endpoints -multiple_clock -no_clock -no_input_delay -loops -generated_clocks
===========================================================================
