
===========================================================================
 report_power
============================================================================
======================= Fastest Corner ===================================

Group                  Internal  Switching    Leakage      Total
                          Power      Power      Power      Power (Watts)
----------------------------------------------------------------
Sequential             2.75e-04   1.42e-04   1.11e-09   4.17e-04  24.5%
Combinational          6.02e-04   6.81e-04   5.86e-09   1.28e-03  75.5%
Macro                  0.00e+00   0.00e+00   0.00e+00   0.00e+00   0.0%
Pad                    0.00e+00   0.00e+00   0.00e+00   0.00e+00   0.0%
----------------------------------------------------------------
Total                  8.77e-04   8.23e-04   6.97e-09   1.70e-03 100.0%
                          51.6%      48.4%       0.0%

======================= Slowest Corner ===================================

Group                  Internal  Switching    Leakage      Total
                          Power      Power      Power      Power (Watts)
----------------------------------------------------------------
Sequential             1.89e-04   9.42e-05   1.08e-06   2.84e-04  24.0%
Combinational          4.47e-04   4.49e-04   2.96e-06   8.99e-04  76.0%
Macro                  0.00e+00   0.00e+00   0.00e+00   0.00e+00   0.0%
Pad                    0.00e+00   0.00e+00   0.00e+00   0.00e+00   0.0%
----------------------------------------------------------------
Total                  6.36e-04   5.43e-04   4.04e-06   1.18e-03 100.0%
                          53.7%      45.9%       0.3%

======================= Typical Corner ===================================

Group                  Internal  Switching    Leakage      Total
                          Power      Power      Power      Power (Watts)
----------------------------------------------------------------
Sequential             2.39e-04   1.20e-04   6.16e-10   3.59e-04  24.3%
Combinational          5.45e-04   5.74e-04   3.21e-09   1.12e-03  75.7%
Macro                  0.00e+00   0.00e+00   0.00e+00   0.00e+00   0.0%
Pad                    0.00e+00   0.00e+00   0.00e+00   0.00e+00   0.0%
----------------------------------------------------------------
Total                  7.84e-04   6.94e-04   3.82e-09   1.48e-03 100.0%
                          53.1%      46.9%       0.0%

