
===========================================================================
report_checks -unconstrained
===========================================================================
======================= Typical Corner ===================================

Startpoint: mcand[1] (input port clocked by clk)
Endpoint: _436_ (rising edge-triggered flip-flop clocked by clk)
Path Group: clk
Path Type: max

Fanout     Cap    Slew   Delay    Time   Description
-----------------------------------------------------------------------------
                          0.00    0.00   clock clk (rise edge)
                          0.00    0.00   clock network delay (propagated)
                          4.00    4.00 ^ input external delay
                  0.02    0.01    4.01 ^ mcand[1] (in)
     1    0.00                           mcand[1] (net)
                  0.02    0.00    4.01 ^ input8/A (sky130_fd_sc_hd__dlymetal6s2s_1)
                  0.21    0.20    4.21 ^ input8/X (sky130_fd_sc_hd__dlymetal6s2s_1)
     2    0.02                           net8 (net)
                  0.21    0.00    4.21 ^ _236_/B (sky130_fd_sc_hd__xor2_2)
                  0.23    0.26    4.47 ^ _236_/X (sky130_fd_sc_hd__xor2_2)
     3    0.02                           _063_ (net)
                  0.23    0.00    4.47 ^ _242_/A3 (sky130_fd_sc_hd__a31oi_4)
                  0.10    0.14    4.61 v _242_/Y (sky130_fd_sc_hd__a31oi_4)
     3    0.01                           _068_ (net)
                  0.10    0.00    4.61 v _262_/A1 (sky130_fd_sc_hd__o31ai_4)
                  0.27    0.35    4.97 ^ _262_/Y (sky130_fd_sc_hd__o31ai_4)
     3    0.02                           _086_ (net)
                  0.27    0.00    4.97 ^ _295_/A1 (sky130_fd_sc_hd__a21oi_2)
                  0.11    0.15    5.12 v _295_/Y (sky130_fd_sc_hd__a21oi_2)
     4    0.02                           _115_ (net)
                  0.11    0.00    5.12 v _311_/A1 (sky130_fd_sc_hd__o211ai_2)
                  0.17    0.23    5.35 ^ _311_/Y (sky130_fd_sc_hd__o211ai_2)
     3    0.01                           _129_ (net)
                  0.17    0.00    5.35 ^ _331_/A3 (sky130_fd_sc_hd__a41o_1)
                  0.16    0.29    5.64 ^ _331_/X (sky130_fd_sc_hd__a41o_1)
     4    0.02                           _147_ (net)
                  0.16    0.00    5.64 ^ _349_/A2 (sky130_fd_sc_hd__a41o_1)
                  0.11    0.25    5.88 ^ _349_/X (sky130_fd_sc_hd__a41o_1)
     3    0.01                           _163_ (net)
                  0.11    0.00    5.88 ^ _350_/B (sky130_fd_sc_hd__nand2_1)
                  0.09    0.12    6.00 v _350_/Y (sky130_fd_sc_hd__nand2_1)
     3    0.01                           _164_ (net)
                  0.09    0.00    6.00 v _358_/A2 (sky130_fd_sc_hd__a41o_1)
                  0.04    0.23    6.24 v _358_/X (sky130_fd_sc_hd__a41o_1)
     1    0.00                           _171_ (net)
                  0.04    0.00    6.24 v _359_/B2 (sky130_fd_sc_hd__o221a_1)
                  0.05    0.21    6.45 v _359_/X (sky130_fd_sc_hd__o221a_1)
     1    0.00                           _172_ (net)
                  0.05    0.00    6.45 v _360_/A2 (sky130_fd_sc_hd__o21a_1)
                  0.03    0.17    6.61 v _360_/X (sky130_fd_sc_hd__o21a_1)
     1    0.00                           _017_ (net)
                  0.03    0.00    6.61 v _436_/D (sky130_fd_sc_hd__dfxtp_1)
                                  6.61   data arrival time

                         20.00   20.00   clock clk (rise edge)
                          0.00   20.00   clock source latency
                  0.09    0.06   20.06 ^ clk (in)
     1    0.02                           clk (net)
                  0.09    0.00   20.06 ^ clkbuf_0_clk/A (sky130_fd_sc_hd__clkbuf_16)
                  0.06    0.15   20.21 ^ clkbuf_0_clk/X (sky130_fd_sc_hd__clkbuf_16)
     4    0.04                           clknet_0_clk (net)
                  0.06    0.00   20.21 ^ clkbuf_2_1__f_clk/A (sky130_fd_sc_hd__clkbuf_16)
                  0.06    0.14   20.34 ^ clkbuf_2_1__f_clk/X (sky130_fd_sc_hd__clkbuf_16)
    10    0.04                           clknet_2_1__leaf_clk (net)
                  0.06    0.00   20.34 ^ _436_/CLK (sky130_fd_sc_hd__dfxtp_1)
                         -0.25   20.09   clock uncertainty
                          0.00   20.09   clock reconvergence pessimism
                         -0.10   19.99   library setup time
                                 19.99   data required time
-----------------------------------------------------------------------------
                                 19.99   data required time
                                 -6.61   data arrival time
-----------------------------------------------------------------------------
                                 13.38   slack (MET)




===========================================================================
report_checks --slack_max -0.01
============================================================================
======================= Typical Corner ===================================

No paths found.


===========================================================================
 report_check_types -max_slew -max_cap -max_fanout -violators
============================================================================
======================= Typical Corner ===================================



===========================================================================
report_parasitic_annotation -report_unannotated
============================================================================
Found 0 unannotated drivers.
Found 0 partially unannotated drivers.

===========================================================================
max slew violation count 0
max fanout violation count 0
max cap violation count 0
============================================================================

===========================================================================
check_setup -verbose -unconstrained_endpoints -multiple_clock -no_clock -no_input_delay -loops -generated_clocks
===========================================================================
