Instance name,  X location,  Y location,  Voltage 
output48, 69.115, 78.88, 1.79996
output61, 69.115, 78.88, 1.79996
input4, 69.115, 73.44, 1.79995
output51, 69.115, 73.44, 1.79995
FILLER_0_23_140, 69.115, 73.44, 1.79995
FILLER_0_24_141, 69.115, 73.44, 1.79995
_431_, 69.115, 68, 1.79997
FILLER_0_22_134, 69.115, 68, 1.79997
FILLER_0_22_141, 69.115, 68, 1.79997
FILLER_0_20_137, 69.115, 62.56, 1.79999
_312_, 69.115, 51.68, 1.79996
_314_, 69.115, 51.68, 1.79996
_315_, 69.115, 51.68, 1.79996
_320_, 69.115, 51.68, 1.79996
FILLER_0_15_134, 69.115, 51.68, 1.79996
FILLER_0_15_148, 69.115, 51.68, 1.79996
FILLER_0_16_137, 69.115, 51.68, 1.79996
_329_, 69.115, 46.24, 1.79996
_331_, 69.115, 46.24, 1.79996
FILLER_0_13_142, 69.115, 46.24, 1.79996
_319_, 69.115, 40.8, 1.79994
_321_, 69.115, 40.8, 1.79994
_328_, 69.115, 40.8, 1.79994
FILLER_0_12_141, 69.115, 40.8, 1.79994
FILLER_0_12_147, 69.115, 40.8, 1.79994
FILLER_0_10_137, 69.115, 35.36, 1.79996
_327_, 69.115, 29.92, 1.79998
_332_, 69.115, 29.92, 1.79998
FILLER_0_7_135, 69.115, 29.92, 1.79998
FILLER_0_7_148, 69.115, 29.92, 1.79998
_348_, 69.115, 24.48, 1.79997
_349_, 69.115, 24.48, 1.79997
_336_, 69.115, 19.04, 1.79998
_337_, 69.115, 19.04, 1.79998
_338_, 69.115, 19.04, 1.79998
FILLER_0_3_137, 69.115, 19.04, 1.79998
FILLER_0_3_146, 69.115, 19.04, 1.79998
input5, 69.115, 13.6, 1.79994
input8, 69.115, 13.6, 1.79994
input25, 69.115, 13.6, 1.79994
input26, 69.115, 13.6, 1.79994
input29, 69.115, 13.6, 1.79994
FILLER_0_0_132, 69.115, 13.6, 1.79994
FILLER_0_2_137, 69.115, 13.6, 1.79994
FILLER_0_2_141, 69.115, 13.6, 1.79994
input27, 50.945, 78.88, 1.79996
hold11, 50.945, 78.88, 1.79996
FILLER_0_24_98, 50.945, 78.88, 1.79996
FILLER_0_25_97, 50.945, 78.88, 1.79996
_381_, 50.945, 73.44, 1.79995
_411_, 50.945, 73.44, 1.79995
_412_, 50.945, 73.44, 1.79995
_442_, 50.945, 73.44, 1.79995
hold14, 50.945, 73.44, 1.79995
FILLER_0_23_107, 50.945, 73.44, 1.79995
_379_, 50.945, 68, 1.79997
_382_, 50.945, 68, 1.79997
hold12, 50.945, 68, 1.79997
FILLER_0_21_108, 50.945, 68, 1.79997
FILLER_0_22_104, 50.945, 68, 1.79997
_405_, 50.945, 62.56, 1.79998
_410_, 50.945, 62.56, 1.79998
_454_, 50.945, 62.56, 1.79998
_296_, 50.945, 57.12, 1.79997
_297_, 50.945, 57.12, 1.79997
_211_, 50.945, 51.68, 1.79995
_300_, 50.945, 51.68, 1.79995
_306_, 50.945, 51.68, 1.79995
_209_, 50.945, 46.24, 1.79995
_216_, 50.945, 46.24, 1.79995
_217_, 50.945, 46.24, 1.79995
_213_, 50.945, 40.8, 1.79992
_222_, 50.945, 40.8, 1.79992
_231_, 50.945, 35.36, 1.79994
_232_, 50.945, 35.36, 1.79994
_233_, 50.945, 35.36, 1.79994
_344_, 50.945, 29.92, 1.79998
_345_, 50.945, 29.92, 1.79998
_355_, 50.945, 29.92, 1.79998
_362_, 50.945, 29.92, 1.79998
FILLER_0_7_99, 50.945, 29.92, 1.79998
FILLER_0_7_113, 50.945, 29.92, 1.79998
FILLER_0_5_100, 50.945, 24.48, 1.79995
_354_, 50.945, 19.04, 1.79998
_360_, 50.945, 19.04, 1.79998
FILLER_0_3_101, 50.945, 19.04, 1.79998
_385_, 50.945, 13.6, 1.79991
_436_, 50.945, 13.6, 1.79991
_440_, 50.945, 13.6, 1.79991
output35, 50.945, 13.6, 1.79991
output59, 50.945, 13.6, 1.79991
hold15, 50.945, 13.6, 1.79991
_443_, 32.775, 78.88, 1.79995
input28, 32.775, 78.88, 1.79995
output45, 32.775, 78.88, 1.79995
FILLER_0_25_68, 32.775, 78.88, 1.79995
_384_, 32.775, 73.44, 1.79995
_456_, 32.775, 73.44, 1.79995
hold16, 32.775, 73.44, 1.79995
FILLER_0_22_54, 32.775, 73.44, 1.79995
_416_, 32.775, 68, 1.79997
_426_, 32.775, 68, 1.79997
_457_, 32.775, 68, 1.79997
hold24, 32.775, 68, 1.79997
_256_, 32.775, 62.56, 1.79998
_273_, 32.775, 62.56, 1.79998
FILLER_0_19_51, 32.775, 62.56, 1.79998
FILLER_0_19_60, 32.775, 62.56, 1.79998
_272_, 32.775, 57.12, 1.79996
_288_, 32.775, 57.12, 1.79996
_289_, 32.775, 51.68, 1.79995
_428_, 32.775, 51.68, 1.79995
FILLER_0_15_57, 32.775, 51.68, 1.79995
_266_, 32.775, 46.24, 1.79994
_425_, 32.775, 46.24, 1.79994
_223_, 32.775, 40.8, 1.79993
_367_, 32.775, 40.8, 1.79993
_239_, 32.775, 35.36, 1.79994
_240_, 32.775, 35.36, 1.79994
_253_, 32.775, 35.36, 1.79994
hold26, 32.775, 35.36, 1.79994
FILLER_0_8_54, 32.775, 35.36, 1.79994
FILLER_0_9_52, 32.775, 35.36, 1.79994
_236_, 32.775, 29.92, 1.79997
_237_, 32.775, 29.92, 1.79997
_238_, 32.775, 29.92, 1.79997
_242_, 32.775, 29.92, 1.79997
FILLER_0_6_51, 32.775, 29.92, 1.79997
FILLER_0_7_51, 32.775, 29.92, 1.79997
FILLER_0_7_57, 32.775, 29.92, 1.79997
_245_, 32.775, 24.48, 1.79996
_368_, 32.775, 19.04, 1.79995
_437_, 32.775, 19.04, 1.79995
FILLER_0_3_57, 32.775, 19.04, 1.79995
_369_, 32.775, 13.6, 1.79991
_370_, 32.775, 13.6, 1.79991
_438_, 32.775, 13.6, 1.79991
output50, 32.775, 13.6, 1.79991
FILLER_0_0_66, 32.775, 13.6, 1.79991
output44, 14.605, 78.88, 1.79994
output63, 14.605, 78.88, 1.79994
_447_, 14.605, 73.44, 1.79995
_446_, 14.605, 68, 1.79997
FILLER_0_21_18, 14.605, 68, 1.79997
_267_, 14.605, 62.56, 1.79998
_268_, 14.605, 62.56, 1.79998
_390_, 14.605, 62.56, 1.79998
FILLER_0_19_15, 14.605, 62.56, 1.79998
FILLER_0_20_18, 14.605, 62.56, 1.79998
_290_, 14.605, 51.68, 1.79996
_294_, 14.605, 51.68, 1.79996
_257_, 14.605, 46.24, 1.79996
_283_, 14.605, 46.24, 1.79996
hold13, 14.605, 46.24, 1.79996
FILLER_0_13_24, 14.605, 46.24, 1.79996
_214_, 14.605, 40.8, 1.79993
_374_, 14.605, 40.8, 1.79993
_450_, 14.605, 40.8, 1.79993
FILLER_0_11_15, 14.605, 40.8, 1.79993
FILLER_0_12_19, 14.605, 40.8, 1.79993
_397_, 14.605, 35.36, 1.79993
_400_, 14.605, 35.36, 1.79993
hold17, 14.605, 35.36, 1.79993
hold27, 14.605, 35.36, 1.79993
FILLER_0_10_16, 14.605, 35.36, 1.79993
_261_, 14.605, 29.92, 1.79997
FILLER_0_7_27, 14.605, 29.92, 1.79997
FILLER_0_8_21, 14.605, 29.92, 1.79997
FILLER_0_8_29, 14.605, 29.92, 1.79997
_250_, 14.605, 24.48, 1.79994
clkbuf_2_0__f_clk, 14.605, 24.48, 1.79994
hold3, 14.605, 24.48, 1.79994
FILLER_0_5_13, 14.605, 24.48, 1.79994
_260_, 14.605, 19.04, 1.79994
_391_, 14.605, 19.04, 1.79994
_448_, 14.605, 19.04, 1.79994
input13, 14.605, 19.04, 1.79994
hold18, 14.605, 19.04, 1.79994
FILLER_0_4_16, 14.605, 19.04, 1.79994
_375_, 14.605, 13.6, 1.79989
_376_, 14.605, 13.6, 1.79989
_393_, 14.605, 13.6, 1.79989
_394_, 14.605, 13.6, 1.79989
output46, 14.605, 13.6, 1.79989
output55, 14.605, 13.6, 1.79989
hold4, 14.605, 13.6, 1.79989
hold5, 14.605, 13.6, 1.79989
FILLER_0_0_25, 14.605, 13.6, 1.79989
PHY_EDGE_ROW_24_Left_50, 5.52, 78.88, 1.79992
PHY_EDGE_ROW_25_Left_51, 5.52, 78.88, 1.79992
output39, 5.52, 78.88, 1.79992
output62, 5.52, 78.88, 1.79992
PHY_EDGE_ROW_24_Right_24, 78.2, 78.88, 1.79996
PHY_EDGE_ROW_25_Right_25, 78.2, 78.88, 1.79996
input2, 78.2, 78.88, 1.79996
output38, 66.24, 78.88, 1.79995
FILLER_0_25_135, 66.24, 78.88, 1.79995
_444_, 23.69, 78.88, 1.79993
output53, 23.69, 78.88, 1.79993
hold8, 23.69, 78.88, 1.79993
hold9, 23.69, 78.88, 1.79993
input11, 41.86, 78.88, 1.79995
input30, 41.86, 78.88, 1.79995
hold19, 41.86, 78.88, 1.79995
FILLER_0_25_76, 41.86, 78.88, 1.79995
input19, 58.592, 78.88, 1.79995
output42, 58.592, 78.88, 1.79995
hold10, 58.592, 78.88, 1.79995
FILLER_0_23_113, 58.592, 78.88, 1.79995
FILLER_0_25_122, 58.592, 78.88, 1.79995
PHY_EDGE_ROW_22_Left_48, 5.52, 73.44, 1.79994
PHY_EDGE_ROW_23_Left_49, 5.52, 73.44, 1.79994
input31, 5.52, 73.44, 1.79994
output66, 5.52, 73.44, 1.79994
PHY_EDGE_ROW_22_Right_22, 78.2, 73.44, 1.79993
PHY_EDGE_ROW_23_Right_23, 78.2, 73.44, 1.79993
output49, 78.2, 73.44, 1.79993
output60, 78.2, 73.44, 1.79993
input15, 9.66, 73.44, 1.79995
_389_, 15.18, 73.44, 1.79995
_392_, 15.18, 73.44, 1.79995
FILLER_0_24_29, 15.18, 73.44, 1.79995
_441_, 64.4, 73.44, 1.79995
hold20, 64.4, 73.44, 1.79995
FILLER_0_24_12, 11.04, 73.44, 1.79995
_371_, 23.977, 73.44, 1.79995
_383_, 23.977, 73.44, 1.79995
_386_, 23.977, 73.44, 1.79995
FILLER_0_22_45, 23.977, 73.44, 1.79995
FILLER_0_23_35, 23.977, 73.44, 1.79995
_413_, 41.86, 73.44, 1.79995
_414_, 41.86, 73.44, 1.79995
_415_, 41.86, 73.44, 1.79995
_455_, 41.86, 73.44, 1.79995
hold1, 41.86, 73.44, 1.79995
FILLER_0_22_85, 41.86, 73.44, 1.79995
FILLER_0_23_81, 41.86, 73.44, 1.79995
PHY_EDGE_ROW_20_Left_46, 5.52, 68, 1.79997
PHY_EDGE_ROW_21_Left_47, 5.52, 68, 1.79997
input23, 5.52, 68, 1.79997
PHY_EDGE_ROW_20_Right_20, 78.2, 68, 1.79997
PHY_EDGE_ROW_21_Right_21, 78.2, 68, 1.79997
input7, 78.2, 68, 1.79997
input17, 78.2, 68, 1.79997
FILLER_0_21_149, 78.2, 68, 1.79997
_220_, 40.02, 68, 1.79997
hold2, 40.02, 68, 1.79997
FILLER_0_21_68, 40.02, 68, 1.79997
_380_, 62.1, 68, 1.79996
_429_, 62.1, 68, 1.79996
FILLER_0_20_129, 62.1, 68, 1.79996
FILLER_0_21_113, 62.1, 68, 1.79996
_427_, 23.69, 68, 1.79996
hold22, 23.69, 68, 1.79996
FILLER_0_22_37, 23.69, 68, 1.79996
PHY_EDGE_ROW_18_Left_44, 5.52, 62.56, 1.79998
PHY_EDGE_ROW_19_Left_45, 5.52, 62.56, 1.79998
input12, 5.52, 62.56, 1.79998
PHY_EDGE_ROW_18_Right_18, 78.2, 62.56, 1.79999
PHY_EDGE_ROW_19_Right_19, 78.2, 62.56, 1.79999
FILLER_0_18_151, 78.2, 62.56, 1.79999
_458_, 35.88, 62.56, 1.79998
_409_, 53.82, 62.56, 1.79998
FILLER_0_19_107, 53.82, 62.56, 1.79998
_285_, 9.66, 62.56, 1.79998
FILLER_0_18_14, 9.66, 62.56, 1.79998
_318_, 60.26, 62.56, 1.79998
FILLER_0_18_121, 60.26, 62.56, 1.79998
_313_, 70.38, 62.56, 1.79999
hold25, 70.38, 62.56, 1.79999
FILLER_0_18_141, 70.38, 62.56, 1.79999
FILLER_0_19_147, 70.38, 62.56, 1.79999
FILLER_0_20_149, 70.38, 62.56, 1.79999
_280_, 23.69, 62.56, 1.79998
_281_, 23.69, 62.56, 1.79998
FILLER_0_18_41, 23.69, 62.56, 1.79998
FILLER_0_19_33, 23.69, 62.56, 1.79998
FILLER_0_20_44, 23.69, 62.56, 1.79998
_406_, 43.412, 62.56, 1.79998
_407_, 43.412, 62.56, 1.79998
_417_, 43.412, 62.56, 1.79998
FILLER_0_18_85, 43.412, 62.56, 1.79998
FILLER_0_19_87, 43.412, 62.56, 1.79998
FILLER_0_20_81, 43.412, 62.56, 1.79998
FILLER_0_20_85, 43.412, 62.56, 1.79998
_276_, 5.52, 57.12, 1.79994
_286_, 5.52, 57.12, 1.79994
PHY_EDGE_ROW_16_Left_42, 5.52, 57.12, 1.79994
PHY_EDGE_ROW_17_Left_43, 5.52, 57.12, 1.79994
output41, 5.52, 57.12, 1.79994
PHY_EDGE_ROW_16_Right_16, 78.2, 57.12, 1.79996
PHY_EDGE_ROW_17_Right_17, 78.2, 57.12, 1.79996
output34, 78.2, 57.12, 1.79996
FILLER_0_16_150, 78.2, 57.12, 1.79996
_284_, 14.26, 57.12, 1.79995
_308_, 65.78, 57.12, 1.79996
_309_, 65.78, 57.12, 1.79996
_310_, 65.78, 57.12, 1.79996
_430_, 65.78, 57.12, 1.79996
FILLER_0_18_134, 65.78, 57.12, 1.79996
_269_, 15.64, 57.12, 1.79995
_271_, 15.64, 57.12, 1.79995
_275_, 15.64, 57.12, 1.79995
_277_, 15.64, 57.12, 1.79995
_278_, 15.64, 57.12, 1.79995
FILLER_0_16_25, 15.64, 57.12, 1.79995
_274_, 26.68, 57.12, 1.79994
clkbuf_2_2__f_clk, 26.68, 57.12, 1.79994
FILLER_0_17_52, 26.68, 57.12, 1.79994
_408_, 47.84, 57.12, 1.79996
_224_, 40.307, 57.12, 1.79996
_287_, 40.307, 57.12, 1.79996
_418_, 40.307, 57.12, 1.79996
FILLER_0_17_76, 40.307, 57.12, 1.79996
FILLER_0_18_75, 40.307, 57.12, 1.79996
_298_, 58.362, 57.12, 1.79996
_299_, 58.362, 57.12, 1.79996
_301_, 58.362, 57.12, 1.79996
_302_, 58.362, 57.12, 1.79996
FILLER_0_17_113, 58.362, 57.12, 1.79996
_282_, 5.52, 51.68, 1.79996
_293_, 5.52, 51.68, 1.79996
PHY_EDGE_ROW_14_Left_40, 5.52, 51.68, 1.79996
PHY_EDGE_ROW_15_Left_41, 5.52, 51.68, 1.79996
input6, 5.52, 51.68, 1.79996
FILLER_0_16_6, 5.52, 51.68, 1.79996
_330_, 78.2, 51.68, 1.79996
PHY_EDGE_ROW_14_Right_14, 78.2, 51.68, 1.79996
PHY_EDGE_ROW_15_Right_15, 78.2, 51.68, 1.79996
input1, 78.2, 51.68, 1.79996
_259_, 15.18, 51.68, 1.79996
_292_, 15.18, 51.68, 1.79996
_420_, 41.86, 51.68, 1.79992
clkbuf_2_3__f_clk, 41.86, 51.68, 1.79992
_263_, 23.977, 51.68, 1.79994
_270_, 23.977, 51.68, 1.79994
_279_, 23.977, 51.68, 1.79994
_291_, 23.977, 51.68, 1.79994
_295_, 23.977, 51.68, 1.79994
FILLER_0_15_47, 23.977, 51.68, 1.79994
FILLER_0_16_35, 23.977, 51.68, 1.79994
_305_, 60.03, 51.68, 1.79995
_307_, 60.03, 51.68, 1.79995
_311_, 60.03, 51.68, 1.79995
_316_, 60.03, 51.68, 1.79995
_317_, 60.03, 51.68, 1.79995
_404_, 5.52, 46.24, 1.79996
PHY_EDGE_ROW_12_Left_38, 5.52, 46.24, 1.79996
PHY_EDGE_ROW_13_Left_39, 5.52, 46.24, 1.79996
input14, 5.52, 46.24, 1.79996
FILLER_0_13_3, 5.52, 46.24, 1.79996
FILLER_0_14_6, 5.52, 46.24, 1.79996
PHY_EDGE_ROW_12_Right_12, 78.2, 46.24, 1.79996
PHY_EDGE_ROW_13_Right_13, 78.2, 46.24, 1.79996
_258_, 25.3, 46.24, 1.79995
_264_, 25.3, 46.24, 1.79995
FILLER_0_12_49, 25.3, 46.24, 1.79995
FILLER_0_13_49, 25.3, 46.24, 1.79995
FILLER_0_14_45, 25.3, 46.24, 1.79995
_265_, 34.5, 46.24, 1.79993
clkbuf_0_clk, 34.5, 46.24, 1.79993
_322_, 68.08, 46.24, 1.79995
input33, 68.08, 46.24, 1.79995
FILLER_0_14_130, 68.08, 46.24, 1.79995
_212_, 42.722, 46.24, 1.79993
_221_, 42.722, 46.24, 1.79993
_419_, 42.722, 46.24, 1.79993
FILLER_0_12_85, 42.722, 46.24, 1.79993
FILLER_0_14_85, 42.722, 46.24, 1.79993
_210_, 59.512, 46.24, 1.79993
_218_, 59.512, 46.24, 1.79993
_227_, 59.512, 46.24, 1.79993
_228_, 59.512, 46.24, 1.79993
_303_, 59.512, 46.24, 1.79993
_304_, 59.512, 46.24, 1.79993
_403_, 5.52, 40.8, 1.79991
_453_, 5.52, 40.8, 1.79991
PHY_EDGE_ROW_10_Left_36, 5.52, 40.8, 1.79991
PHY_EDGE_ROW_11_Left_37, 5.52, 40.8, 1.79991
FILLER_0_11_3, 5.52, 40.8, 1.79991
PHY_EDGE_ROW_10_Right_10, 78.2, 40.8, 1.79993
PHY_EDGE_ROW_11_Right_11, 78.2, 40.8, 1.79993
output54, 78.2, 40.8, 1.79993
_225_, 54.28, 40.8, 1.79991
_234_, 54.28, 40.8, 1.79991
_366_, 54.28, 40.8, 1.79991
_395_, 23.69, 40.8, 1.79992
_398_, 23.69, 40.8, 1.79992
hold21, 23.69, 40.8, 1.79992
FILLER_0_11_49, 23.69, 40.8, 1.79992
FILLER_0_12_35, 23.69, 40.8, 1.79992
_229_, 41.86, 40.8, 1.79991
_235_, 41.86, 40.8, 1.79991
_387_, 41.86, 40.8, 1.79991
FILLER_0_11_79, 41.86, 40.8, 1.79991
_219_, 61.697, 40.8, 1.79991
_324_, 61.697, 40.8, 1.79991
_432_, 61.697, 40.8, 1.79991
FILLER_0_11_120, 61.697, 40.8, 1.79991
FILLER_0_12_126, 61.697, 40.8, 1.79991
_451_, 5.52, 35.36, 1.79991
PHY_EDGE_ROW_8_Left_34, 5.52, 35.36, 1.79991
PHY_EDGE_ROW_9_Left_35, 5.52, 35.36, 1.79991
input21, 5.52, 35.36, 1.79991
output43, 5.52, 35.36, 1.79991
FILLER_0_9_6, 5.52, 35.36, 1.79991
_326_, 78.2, 35.36, 1.79996
PHY_EDGE_ROW_8_Right_8, 78.2, 35.36, 1.79996
PHY_EDGE_ROW_9_Right_9, 78.2, 35.36, 1.79996
_226_, 51.98, 35.36, 1.79994
_421_, 51.98, 35.36, 1.79994
FILLER_0_8_107, 51.98, 35.36, 1.79994
FILLER_0_9_107, 51.98, 35.36, 1.79994
_335_, 60.26, 35.36, 1.79994
_433_, 60.26, 35.36, 1.79994
FILLER_0_10_117, 60.26, 35.36, 1.79994
_323_, 65.78, 35.36, 1.79995
_325_, 71.3, 35.36, 1.79996
_333_, 71.3, 35.36, 1.79996
input16, 71.3, 35.36, 1.79996
FILLER_0_9_149, 71.3, 35.36, 1.79996
FILLER_0_10_141, 71.3, 35.36, 1.79996
_252_, 23.69, 35.36, 1.79992
_255_, 23.69, 35.36, 1.79992
_373_, 23.69, 35.36, 1.79992
_424_, 23.69, 35.36, 1.79992
FILLER_0_9_39, 23.69, 35.36, 1.79992
_372_, 41.86, 35.36, 1.79993
_422_, 41.86, 35.36, 1.79993
hold23, 41.86, 35.36, 1.79993
FILLER_0_10_85, 41.86, 35.36, 1.79993
_399_, 5.52, 29.92, 1.79996
PHY_EDGE_ROW_6_Left_32, 5.52, 29.92, 1.79996
PHY_EDGE_ROW_7_Left_33, 5.52, 29.92, 1.79996
output65, 5.52, 29.92, 1.79996
PHY_EDGE_ROW_6_Right_6, 78.2, 29.92, 1.79997
PHY_EDGE_ROW_7_Right_7, 78.2, 29.92, 1.79997
output36, 78.2, 29.92, 1.79997
FILLER_0_6_149, 78.2, 29.92, 1.79997
_334_, 64.4, 29.92, 1.79998
_401_, 12.42, 29.92, 1.79997
_254_, 23.69, 29.92, 1.79997
_262_, 23.69, 29.92, 1.79997
_230_, 41.86, 29.92, 1.79998
_356_, 41.86, 29.92, 1.79998
_358_, 41.86, 29.92, 1.79998
FILLER_0_6_76, 41.86, 29.92, 1.79998
FILLER_0_7_77, 41.86, 29.92, 1.79998
FILLER_0_8_73, 41.86, 29.92, 1.79998
FILLER_0_8_81, 41.86, 29.92, 1.79998
FILLER_0_8_85, 41.86, 29.92, 1.79998
_402_, 5.52, 24.48, 1.79992
_452_, 5.52, 24.48, 1.79992
PHY_EDGE_ROW_4_Left_30, 5.52, 24.48, 1.79992
PHY_EDGE_ROW_5_Left_31, 5.52, 24.48, 1.79992
FILLER_0_5_3, 5.52, 24.48, 1.79992
_347_, 78.2, 24.48, 1.79996
PHY_EDGE_ROW_4_Right_4, 78.2, 24.48, 1.79996
PHY_EDGE_ROW_5_Right_5, 78.2, 24.48, 1.79996
input20, 78.2, 24.48, 1.79996
FILLER_0_5_149, 78.2, 24.48, 1.79996
_357_, 47.38, 24.48, 1.79994
_359_, 47.38, 24.48, 1.79994
clkbuf_2_1__f_clk, 47.38, 24.48, 1.79994
_346_, 52.9, 24.48, 1.79995
_351_, 52.9, 24.48, 1.79995
_352_, 52.9, 24.48, 1.79995
_353_, 52.9, 24.48, 1.79995
_241_, 34.5, 24.48, 1.79996
FILLER_0_5_69, 34.5, 24.48, 1.79996
_339_, 68.54, 24.48, 1.79996
_244_, 23.69, 24.48, 1.79994
_246_, 23.69, 24.48, 1.79994
_247_, 23.69, 24.48, 1.79994
_248_, 23.69, 24.48, 1.79994
_251_, 23.69, 24.48, 1.79994
_341_, 60.72, 24.48, 1.79995
_342_, 60.72, 24.48, 1.79995
_343_, 60.72, 24.48, 1.79995
_350_, 60.72, 24.48, 1.79995
_361_, 60.72, 24.48, 1.79995
FILLER_0_5_113, 60.72, 24.48, 1.79995
PHY_EDGE_ROW_2_Left_28, 5.52, 19.04, 1.79993
PHY_EDGE_ROW_3_Left_29, 5.52, 19.04, 1.79993
input10, 5.52, 19.04, 1.79993
output40, 5.52, 19.04, 1.79993
PHY_EDGE_ROW_2_Right_2, 78.2, 19.04, 1.79998
PHY_EDGE_ROW_3_Right_3, 78.2, 19.04, 1.79998
input3, 78.2, 19.04, 1.79998
input32, 78.2, 19.04, 1.79998
FILLER_0_2_152, 78.2, 19.04, 1.79998
_363_, 40.48, 19.04, 1.79996
_364_, 40.48, 19.04, 1.79996
_365_, 40.48, 19.04, 1.79996
FILLER_0_3_83, 40.48, 19.04, 1.79996
FILLER_0_4_78, 40.48, 19.04, 1.79996
_243_, 26.68, 19.04, 1.79993
_249_, 26.68, 19.04, 1.79993
_423_, 26.68, 19.04, 1.79993
output37, 26.68, 19.04, 1.79993
output56, 26.68, 19.04, 1.79993
FILLER_0_3_52, 26.68, 19.04, 1.79993
FILLER_0_3_109, 60.26, 19.04, 1.79998
_340_, 65.78, 19.04, 1.79998
FILLER_0_2_129, 65.78, 19.04, 1.79998
FILLER_0_4_128, 65.78, 19.04, 1.79998
_439_, 5.52, 13.6, 1.79986
PHY_EDGE_ROW_0_Left_26, 5.52, 13.6, 1.79986
PHY_EDGE_ROW_1_Left_27, 5.52, 13.6, 1.79986
input22, 5.52, 13.6, 1.79986
input24, 5.52, 13.6, 1.79986
output47, 5.52, 13.6, 1.79986
output58, 5.52, 13.6, 1.79986
PHY_EDGE_ROW_0_Right_0, 78.2, 13.6, 1.79993
PHY_EDGE_ROW_1_Right_1, 78.2, 13.6, 1.79993
output52, 78.2, 13.6, 1.79993
_215_, 23.69, 13.6, 1.79988
_396_, 23.69, 13.6, 1.79988
_449_, 23.69, 13.6, 1.79988
input18, 23.69, 13.6, 1.79988
hold6, 23.69, 13.6, 1.79988
_388_, 41.86, 13.6, 1.7999
_445_, 41.86, 13.6, 1.7999
output57, 41.86, 13.6, 1.7999
hold7, 41.86, 13.6, 1.7999
FILLER_0_2_85, 41.86, 13.6, 1.7999
_377_, 60.03, 13.6, 1.7999
_378_, 60.03, 13.6, 1.7999
_434_, 60.03, 13.6, 1.7999
_435_, 60.03, 13.6, 1.7999
input9, 60.03, 13.6, 1.7999
output64, 60.03, 13.6, 1.7999
FILLER_0_1_121, 60.03, 13.6, 1.7999

