Instance name,  X location,  Y location,  Voltage 
output48, 72.415, 76.16, 4.82787e-05
output51, 72.415, 76.16, 4.82787e-05
output61, 72.415, 76.16, 4.82787e-05
FILLER_0_24_141, 72.415, 76.16, 4.82787e-05
input4, 72.415, 70.72, 3.93779e-05
output49, 72.415, 70.72, 3.93779e-05
output60, 72.415, 70.72, 3.93779e-05
FILLER_0_22_141, 72.415, 70.72, 3.93779e-05
FILLER_0_23_140, 72.415, 70.72, 3.93779e-05
FILLER_0_20_149, 72.415, 65.28, 1.80204e-05
FILLER_0_21_149, 72.415, 65.28, 1.80204e-05
_313_, 72.415, 59.84, 1.69605e-05
FILLER_0_18_141, 72.415, 59.84, 1.69605e-05
FILLER_0_18_151, 72.415, 59.84, 1.69605e-05
FILLER_0_19_147, 72.415, 59.84, 1.69605e-05
_312_, 72.415, 54.4, 3.13532e-05
_320_, 72.415, 54.4, 3.13532e-05
output34, 72.415, 54.4, 3.13532e-05
FILLER_0_16_150, 72.415, 54.4, 3.13532e-05
_330_, 72.415, 48.96, 3.52167e-05
_331_, 72.415, 48.96, 3.52167e-05
input1, 72.415, 48.96, 3.52167e-05
FILLER_0_15_148, 72.415, 48.96, 3.52167e-05
_328_, 72.415, 43.52, 4.29801e-05
_329_, 72.415, 43.52, 4.29801e-05
FILLER_0_12_141, 72.415, 43.52, 4.29801e-05
FILLER_0_12_147, 72.415, 43.52, 4.29801e-05
FILLER_0_13_142, 72.415, 43.52, 4.29801e-05
_319_, 72.415, 38.08, 4.07085e-05
input16, 72.415, 38.08, 4.07085e-05
output54, 72.415, 38.08, 4.07085e-05
_325_, 72.415, 32.64, 2.59532e-05
_327_, 72.415, 32.64, 2.59532e-05
_333_, 72.415, 32.64, 2.59532e-05
FILLER_0_9_149, 72.415, 32.64, 2.59532e-05
output36, 72.415, 27.2, 2.59858e-05
FILLER_0_6_149, 72.415, 27.2, 2.59858e-05
FILLER_0_7_148, 72.415, 27.2, 2.59858e-05
_337_, 72.415, 21.76, 2.07901e-05
_338_, 72.415, 21.76, 2.07901e-05
_347_, 72.415, 21.76, 2.07901e-05
_348_, 72.415, 21.76, 2.07901e-05
FILLER_0_5_149, 72.415, 21.76, 2.07901e-05
_336_, 72.415, 16.32, 3.15585e-05
input3, 72.415, 16.32, 3.15585e-05
input8, 72.415, 16.32, 3.15585e-05
FILLER_0_2_137, 72.415, 16.32, 3.15585e-05
FILLER_0_2_141, 72.415, 16.32, 3.15585e-05
FILLER_0_3_146, 72.415, 16.32, 3.15585e-05
input5, 72.415, 10.88, 3.08678e-05
input25, 72.415, 10.88, 3.08678e-05
input26, 72.415, 10.88, 3.08678e-05
output52, 72.415, 10.88, 3.08678e-05
_442_, 54.245, 76.16, 4.98122e-05
output42, 54.245, 76.16, 4.98122e-05
hold10, 54.245, 76.16, 4.98122e-05
hold11, 54.245, 76.16, 4.98122e-05
FILLER_0_24_98, 54.245, 76.16, 4.98122e-05
FILLER_0_25_97, 54.245, 76.16, 4.98122e-05
_379_, 54.245, 70.72, 4.44225e-05
_380_, 54.245, 70.72, 4.44225e-05
_441_, 54.245, 70.72, 4.44225e-05
hold14, 54.245, 70.72, 4.44225e-05
FILLER_0_22_104, 54.245, 70.72, 4.44225e-05
FILLER_0_23_107, 54.245, 70.72, 4.44225e-05
FILLER_0_23_113, 54.245, 70.72, 4.44225e-05
_382_, 54.245, 65.28, 2.93225e-05
_454_, 54.245, 65.28, 2.93225e-05
FILLER_0_21_108, 54.245, 65.28, 2.93225e-05
_302_, 54.245, 59.84, 2.55977e-05
FILLER_0_19_107, 54.245, 59.84, 2.55977e-05
_298_, 54.245, 54.4, 4.11896e-05
_299_, 54.245, 54.4, 4.11896e-05
_300_, 54.245, 54.4, 4.11896e-05
_307_, 54.245, 54.4, 4.11896e-05
FILLER_0_17_113, 54.245, 54.4, 4.11896e-05
_209_, 54.245, 48.96, 5.53052e-05
_217_, 54.245, 48.96, 5.53052e-05
_218_, 54.245, 48.96, 5.53052e-05
_306_, 54.245, 48.96, 5.53052e-05
_311_, 54.245, 48.96, 5.53052e-05
_216_, 54.245, 43.52, 7.01065e-05
_366_, 54.245, 43.52, 7.01065e-05
_421_, 54.245, 38.08, 5.50527e-05
_335_, 54.245, 32.64, 3.21518e-05
FILLER_0_8_107, 54.245, 32.64, 3.21518e-05
FILLER_0_9_107, 54.245, 32.64, 3.21518e-05
_344_, 54.245, 27.2, 3.55504e-05
_346_, 54.245, 27.2, 3.55504e-05
_351_, 54.245, 27.2, 3.55504e-05
_361_, 54.245, 27.2, 3.55504e-05
FILLER_0_7_113, 54.245, 27.2, 3.55504e-05
_353_, 54.245, 21.76, 2.89383e-05
_435_, 54.245, 16.32, 6.11498e-05
output35, 54.245, 16.32, 6.11498e-05
FILLER_0_3_109, 54.245, 16.32, 6.11498e-05
_377_, 54.245, 10.88, 4.222e-05
_378_, 54.245, 10.88, 4.222e-05
hold15, 54.245, 10.88, 4.222e-05
_456_, 36.075, 76.16, 5.57588e-05
input11, 36.075, 76.16, 5.57588e-05
input28, 36.075, 76.16, 5.57588e-05
output45, 36.075, 76.16, 5.57588e-05
FILLER_0_25_68, 36.075, 76.16, 5.57588e-05
FILLER_0_25_76, 36.075, 76.16, 5.57588e-05
_384_, 36.075, 70.72, 4.40869e-05
_414_, 36.075, 70.72, 4.40869e-05
_457_, 36.075, 70.72, 4.40869e-05
hold16, 36.075, 70.72, 4.40869e-05
_416_, 36.075, 65.28, 2.90235e-05
hold24, 36.075, 65.28, 2.90235e-05
FILLER_0_21_68, 36.075, 65.28, 2.90235e-05
_418_, 36.075, 59.84, 2.64878e-05
FILLER_0_18_75, 36.075, 59.84, 2.64878e-05
_428_, 36.075, 54.4, 5.87454e-05
_265_, 36.075, 48.96, 4.46275e-05
_289_, 36.075, 48.96, 4.46275e-05
_387_, 36.075, 43.52, 7.91232e-05
_425_, 36.075, 43.52, 7.91232e-05
clkbuf_0_clk, 36.075, 43.52, 7.91232e-05
_223_, 36.075, 38.08, 7.23127e-05
_235_, 36.075, 38.08, 7.23127e-05
_367_, 36.075, 38.08, 7.23127e-05
_372_, 36.075, 38.08, 7.23127e-05
hold23, 36.075, 38.08, 7.23127e-05
hold26, 36.075, 38.08, 7.23127e-05
_237_, 36.075, 32.64, 4.42517e-05
_238_, 36.075, 32.64, 4.42517e-05
_239_, 36.075, 32.64, 4.42517e-05
_240_, 36.075, 32.64, 4.42517e-05
_422_, 36.075, 32.64, 4.42517e-05
FILLER_0_8_73, 36.075, 32.64, 4.42517e-05
_241_, 36.075, 27.2, 4.00456e-05
FILLER_0_6_76, 36.075, 27.2, 4.00456e-05
_363_, 36.075, 21.76, 3.71821e-05
_364_, 36.075, 21.76, 3.71821e-05
_365_, 36.075, 21.76, 3.71821e-05
FILLER_0_4_78, 36.075, 21.76, 3.71821e-05
FILLER_0_5_69, 36.075, 21.76, 3.71821e-05
_437_, 36.075, 16.32, 7.81635e-05
output50, 36.075, 16.32, 7.81635e-05
FILLER_0_3_57, 36.075, 16.32, 7.81635e-05
_369_, 36.075, 10.88, 6.13414e-05
_388_, 36.075, 10.88, 6.13414e-05
_438_, 36.075, 10.88, 6.13414e-05
output57, 36.075, 10.88, 6.13414e-05
FILLER_0_0_66, 36.075, 10.88, 6.13414e-05
_392_, 17.905, 76.16, 8.01941e-05
_444_, 17.905, 76.16, 8.01941e-05
output63, 17.905, 76.16, 8.01941e-05
hold8, 17.905, 76.16, 8.01941e-05
FILLER_0_24_29, 17.905, 76.16, 8.01941e-05
_389_, 17.905, 70.72, 4.41822e-05
FILLER_0_23_35, 17.905, 70.72, 4.41822e-05
_390_, 17.905, 65.28, 2.83746e-05
hold22, 17.905, 65.28, 2.83746e-05
_268_, 17.905, 59.84, 2.47803e-05
_275_, 17.905, 59.84, 2.47803e-05
_280_, 17.905, 59.84, 2.47803e-05
FILLER_0_19_33, 17.905, 59.84, 2.47803e-05
_269_, 17.905, 54.4, 5.79736e-05
_271_, 17.905, 54.4, 5.79736e-05
_277_, 17.905, 54.4, 5.79736e-05
_292_, 17.905, 54.4, 5.79736e-05
FILLER_0_16_25, 17.905, 54.4, 5.79736e-05
FILLER_0_16_35, 17.905, 54.4, 5.79736e-05
_259_, 17.905, 48.96, 3.72068e-05
_270_, 17.905, 48.96, 3.72068e-05
_291_, 17.905, 48.96, 3.72068e-05
FILLER_0_13_24, 17.905, 48.96, 3.72068e-05
_257_, 17.905, 43.52, 7.06629e-05
_258_, 17.905, 43.52, 7.06629e-05
_374_, 17.905, 43.52, 7.06629e-05
_450_, 17.905, 43.52, 7.06629e-05
FILLER_0_12_19, 17.905, 43.52, 7.06629e-05
FILLER_0_12_35, 17.905, 43.52, 7.06629e-05
_214_, 17.905, 38.08, 6.78467e-05
_397_, 17.905, 38.08, 6.78467e-05
hold17, 17.905, 38.08, 6.78467e-05
hold27, 17.905, 38.08, 6.78467e-05
FILLER_0_10_16, 17.905, 38.08, 6.78467e-05
_252_, 17.905, 32.64, 5.44509e-05
_261_, 17.905, 32.64, 5.44509e-05
_373_, 17.905, 32.64, 5.44509e-05
FILLER_0_8_21, 17.905, 32.64, 5.44509e-05
FILLER_0_8_29, 17.905, 32.64, 5.44509e-05
_250_, 17.905, 27.2, 4.37163e-05
_262_, 17.905, 27.2, 4.37163e-05
hold3, 17.905, 27.2, 4.37163e-05
FILLER_0_7_27, 17.905, 27.2, 4.37163e-05
_260_, 17.905, 21.76, 6.23266e-05
_391_, 17.905, 21.76, 6.23266e-05
clkbuf_2_0__f_clk, 17.905, 21.76, 6.23266e-05
FILLER_0_4_16, 17.905, 21.76, 6.23266e-05
_393_, 17.905, 16.32, 9.23613e-05
_394_, 17.905, 16.32, 9.23613e-05
hold4, 17.905, 16.32, 9.23613e-05
hold18, 17.905, 16.32, 9.23613e-05
_375_, 17.905, 10.88, 7.80998e-05
_376_, 17.905, 10.88, 7.80998e-05
_449_, 17.905, 10.88, 7.80998e-05
output46, 17.905, 10.88, 7.80998e-05
FILLER_0_0_25, 17.905, 10.88, 7.80998e-05
PHY_EDGE_ROW_25_Left_51, 5.52, 81.6, 9.22595e-06
PHY_EDGE_ROW_25_Right_25, 78.2, 81.6, 7.26155e-06
hold19, 45.16, 81.6, 1.08556e-05
input19, 63.33, 81.6, 8.03697e-06
FILLER_0_25_122, 63.33, 81.6, 8.03697e-06
PHY_EDGE_ROW_23_Left_49, 5.52, 76.16, 0.000120339
PHY_EDGE_ROW_24_Left_50, 5.52, 76.16, 0.000120339
output62, 5.52, 76.16, 0.000120339
output66, 5.52, 76.16, 0.000120339
PHY_EDGE_ROW_23_Right_23, 78.2, 76.16, 4.85231e-05
PHY_EDGE_ROW_24_Right_24, 78.2, 76.16, 4.85231e-05
input2, 78.2, 76.16, 4.85231e-05
input15, 11.04, 76.16, 0.000108934
output39, 11.04, 76.16, 0.000108934
output44, 11.04, 76.16, 0.000108934
FILLER_0_24_12, 11.04, 76.16, 0.000108934
output38, 66.24, 76.16, 5.46237e-05
hold20, 66.24, 76.16, 5.46237e-05
FILLER_0_25_135, 66.24, 76.16, 5.46237e-05
_443_, 26.99, 76.16, 7.99431e-05
output53, 26.99, 76.16, 7.99431e-05
hold9, 26.99, 76.16, 7.99431e-05
_381_, 45.16, 76.16, 5.58571e-05
_413_, 45.16, 76.16, 5.58571e-05
input27, 45.16, 76.16, 5.58571e-05
input30, 45.16, 76.16, 5.58571e-05
PHY_EDGE_ROW_21_Left_47, 5.52, 70.72, 5.05524e-05
PHY_EDGE_ROW_22_Left_48, 5.52, 70.72, 5.05524e-05
input31, 5.52, 70.72, 5.05524e-05
PHY_EDGE_ROW_21_Right_21, 78.2, 70.72, 3.96664e-05
PHY_EDGE_ROW_22_Right_22, 78.2, 70.72, 3.96664e-05
input7, 78.2, 70.72, 3.96664e-05
_446_, 15.18, 70.72, 5.03616e-05
_447_, 15.18, 70.72, 5.03616e-05
FILLER_0_21_18, 15.18, 70.72, 5.03616e-05
_431_, 64.4, 70.72, 4.86728e-05
FILLER_0_22_134, 64.4, 70.72, 4.86728e-05
_371_, 26.99, 70.72, 5.22249e-05
_383_, 26.99, 70.72, 5.22249e-05
_386_, 26.99, 70.72, 5.22249e-05
FILLER_0_22_37, 26.99, 70.72, 5.22249e-05
FILLER_0_22_45, 26.99, 70.72, 5.22249e-05
FILLER_0_22_54, 26.99, 70.72, 5.22249e-05
_411_, 45.16, 70.72, 5.32956e-05
_412_, 45.16, 70.72, 5.32956e-05
_415_, 45.16, 70.72, 5.32956e-05
_455_, 45.16, 70.72, 5.32956e-05
hold1, 45.16, 70.72, 5.32956e-05
FILLER_0_22_85, 45.16, 70.72, 5.32956e-05
FILLER_0_23_81, 45.16, 70.72, 5.32956e-05
PHY_EDGE_ROW_19_Left_45, 5.52, 65.28, 2.89461e-05
PHY_EDGE_ROW_20_Left_46, 5.52, 65.28, 2.89461e-05
input12, 5.52, 65.28, 2.89461e-05
input23, 5.52, 65.28, 2.89461e-05
PHY_EDGE_ROW_19_Right_19, 78.2, 65.28, 1.83339e-05
PHY_EDGE_ROW_20_Right_20, 78.2, 65.28, 1.83339e-05
input17, 78.2, 65.28, 1.83339e-05
_429_, 60.26, 65.28, 3.11227e-05
FILLER_0_21_113, 60.26, 65.28, 3.11227e-05
hold25, 70.38, 65.28, 2.08869e-05
FILLER_0_20_137, 70.38, 65.28, 2.08869e-05
FILLER_0_19_15, 11.04, 65.28, 2.86914e-05
FILLER_0_20_18, 11.04, 65.28, 2.86914e-05
_220_, 40.02, 65.28, 3.17397e-05
_417_, 40.02, 65.28, 3.17397e-05
hold2, 40.02, 65.28, 3.17397e-05
FILLER_0_20_81, 40.02, 65.28, 3.17397e-05
FILLER_0_20_129, 62.1, 65.28, 2.92617e-05
_426_, 26.99, 65.28, 4.18376e-05
_427_, 26.99, 65.28, 4.18376e-05
FILLER_0_19_51, 26.99, 65.28, 4.18376e-05
FILLER_0_20_44, 26.99, 65.28, 4.18376e-05
_406_, 47.132, 65.28, 3.39499e-05
_407_, 47.132, 65.28, 3.39499e-05
_410_, 47.132, 65.28, 3.39499e-05
hold12, 47.132, 65.28, 3.39499e-05
FILLER_0_19_87, 47.132, 65.28, 3.39499e-05
FILLER_0_20_85, 47.132, 65.28, 3.39499e-05
_276_, 5.52, 59.84, 3.12293e-05
_285_, 5.52, 59.84, 3.12293e-05
PHY_EDGE_ROW_17_Left_43, 5.52, 59.84, 3.12293e-05
PHY_EDGE_ROW_18_Left_44, 5.52, 59.84, 3.12293e-05
PHY_EDGE_ROW_17_Right_17, 78.2, 59.84, 1.69605e-05
PHY_EDGE_ROW_18_Right_18, 78.2, 59.84, 1.69605e-05
_267_, 15.64, 59.84, 2.67565e-05
_278_, 15.64, 59.84, 2.67565e-05
FILLER_0_18_14, 15.64, 59.84, 2.67565e-05
_274_, 26.68, 59.84, 3.15257e-05
_281_, 26.68, 59.84, 3.15257e-05
FILLER_0_18_41, 26.68, 59.84, 3.15257e-05
_405_, 47.84, 59.84, 2.92154e-05
_408_, 47.84, 59.84, 2.92154e-05
FILLER_0_18_85, 47.84, 59.84, 2.92154e-05
_256_, 35.88, 59.84, 2.69251e-05
_272_, 35.88, 59.84, 2.69251e-05
_273_, 35.88, 59.84, 2.69251e-05
_288_, 35.88, 59.84, 2.69251e-05
_458_, 35.88, 59.84, 2.69251e-05
FILLER_0_19_60, 35.88, 59.84, 2.69251e-05
_296_, 53.82, 59.84, 2.60728e-05
_297_, 53.82, 59.84, 2.60728e-05
_409_, 53.82, 59.84, 2.60728e-05
_301_, 63.33, 59.84, 3.04609e-05
_309_, 63.33, 59.84, 3.04609e-05
_310_, 63.33, 59.84, 3.04609e-05
_318_, 63.33, 59.84, 3.04609e-05
FILLER_0_18_121, 63.33, 59.84, 3.04609e-05
FILLER_0_18_134, 63.33, 59.84, 3.04609e-05
_286_, 5.52, 54.4, 7.96231e-05
PHY_EDGE_ROW_15_Left_41, 5.52, 54.4, 7.96231e-05
PHY_EDGE_ROW_16_Left_42, 5.52, 54.4, 7.96231e-05
input6, 5.52, 54.4, 7.96231e-05
output41, 5.52, 54.4, 7.96231e-05
FILLER_0_16_6, 5.52, 54.4, 7.96231e-05
PHY_EDGE_ROW_15_Right_15, 78.2, 54.4, 3.13532e-05
PHY_EDGE_ROW_16_Right_16, 78.2, 54.4, 3.13532e-05
_224_, 41.86, 54.4, 6.88699e-05
_287_, 41.86, 54.4, 6.88699e-05
clkbuf_2_3__f_clk, 41.86, 54.4, 6.88699e-05
FILLER_0_17_76, 41.86, 54.4, 6.88699e-05
_284_, 14.26, 54.4, 6.61939e-05
_290_, 14.26, 54.4, 6.61939e-05
_294_, 14.26, 54.4, 6.61939e-05
_308_, 65.78, 54.4, 4.18331e-05
_314_, 65.78, 54.4, 4.18331e-05
_430_, 65.78, 54.4, 4.18331e-05
FILLER_0_16_137, 65.78, 54.4, 4.18331e-05
_279_, 26.99, 54.4, 7.60561e-05
clkbuf_2_2__f_clk, 26.99, 54.4, 7.60561e-05
FILLER_0_15_47, 26.99, 54.4, 7.60561e-05
FILLER_0_17_52, 26.99, 54.4, 7.60561e-05
_282_, 5.52, 48.96, 4.29889e-05
_283_, 5.52, 48.96, 4.29889e-05
_293_, 5.52, 48.96, 4.29889e-05
PHY_EDGE_ROW_13_Left_39, 5.52, 48.96, 4.29889e-05
PHY_EDGE_ROW_14_Left_40, 5.52, 48.96, 4.29889e-05
input14, 5.52, 48.96, 4.29889e-05
FILLER_0_14_6, 5.52, 48.96, 4.29889e-05
PHY_EDGE_ROW_13_Right_13, 78.2, 48.96, 3.52167e-05
PHY_EDGE_ROW_14_Right_14, 78.2, 48.96, 3.52167e-05
_263_, 25.3, 48.96, 4.70835e-05
_264_, 25.3, 48.96, 4.70835e-05
_295_, 25.3, 48.96, 4.70835e-05
FILLER_0_14_45, 25.3, 48.96, 4.70835e-05
_266_, 34.5, 48.96, 4.54647e-05
FILLER_0_15_57, 34.5, 48.96, 4.54647e-05
_315_, 68.08, 48.96, 4.32628e-05
input33, 68.08, 48.96, 4.32628e-05
FILLER_0_14_130, 68.08, 48.96, 4.32628e-05
FILLER_0_15_134, 68.08, 48.96, 4.32628e-05
hold13, 15.18, 48.96, 3.9291e-05
_211_, 47.362, 48.96, 6.84474e-05
_212_, 47.362, 48.96, 6.84474e-05
_419_, 47.362, 48.96, 6.84474e-05
_420_, 47.362, 48.96, 6.84474e-05
FILLER_0_14_85, 47.362, 48.96, 6.84474e-05
_210_, 61.162, 48.96, 5.349e-05
_303_, 61.162, 48.96, 5.349e-05
_305_, 61.162, 48.96, 5.349e-05
_316_, 61.162, 48.96, 5.349e-05
_317_, 61.162, 48.96, 5.349e-05
_404_, 5.52, 43.52, 8.94698e-05
_453_, 5.52, 43.52, 8.94698e-05
PHY_EDGE_ROW_11_Left_37, 5.52, 43.52, 8.94698e-05
PHY_EDGE_ROW_12_Left_38, 5.52, 43.52, 8.94698e-05
FILLER_0_13_3, 5.52, 43.52, 8.94698e-05
PHY_EDGE_ROW_11_Right_11, 78.2, 43.52, 4.29801e-05
PHY_EDGE_ROW_12_Right_12, 78.2, 43.52, 4.29801e-05
_225_, 54.28, 43.52, 7.02178e-05
_227_, 54.28, 43.52, 7.02178e-05
_228_, 54.28, 43.52, 7.02178e-05
_395_, 26.99, 43.52, 7.7616e-05
FILLER_0_12_49, 26.99, 43.52, 7.7616e-05
FILLER_0_13_49, 26.99, 43.52, 7.7616e-05
_213_, 45.16, 43.52, 8.81024e-05
_221_, 45.16, 43.52, 8.81024e-05
_229_, 45.16, 43.52, 8.81024e-05
FILLER_0_12_85, 45.16, 43.52, 8.81024e-05
_219_, 63.347, 43.52, 7.33328e-05
_304_, 63.347, 43.52, 7.33328e-05
_322_, 63.347, 43.52, 7.33328e-05
_432_, 63.347, 43.52, 7.33328e-05
FILLER_0_12_126, 63.347, 43.52, 7.33328e-05
_400_, 5.52, 38.08, 9.16418e-05
_403_, 5.52, 38.08, 9.16418e-05
PHY_EDGE_ROW_9_Left_35, 5.52, 38.08, 9.16418e-05
PHY_EDGE_ROW_10_Left_36, 5.52, 38.08, 9.16418e-05
output43, 5.52, 38.08, 9.16418e-05
FILLER_0_11_3, 5.52, 38.08, 9.16418e-05
PHY_EDGE_ROW_9_Right_9, 78.2, 38.08, 4.07085e-05
PHY_EDGE_ROW_10_Right_10, 78.2, 38.08, 4.07085e-05
_234_, 60.26, 38.08, 6.23204e-05
_324_, 60.26, 38.08, 6.23204e-05
FILLER_0_10_117, 60.26, 38.08, 6.23204e-05
FILLER_0_11_120, 60.26, 38.08, 6.23204e-05
_323_, 65.78, 38.08, 5.39222e-05
FILLER_0_10_137, 65.78, 38.08, 5.39222e-05
_321_, 71.3, 38.08, 4.32521e-05
FILLER_0_10_141, 71.3, 38.08, 4.32521e-05
_398_, 26.99, 38.08, 8.16479e-05
_424_, 26.99, 38.08, 8.16479e-05
hold21, 26.99, 38.08, 8.16479e-05
FILLER_0_11_49, 26.99, 38.08, 8.16479e-05
_222_, 45.16, 38.08, 7.06468e-05
_231_, 45.16, 38.08, 7.06468e-05
_233_, 45.16, 38.08, 7.06468e-05
FILLER_0_10_85, 45.16, 38.08, 7.06468e-05
FILLER_0_11_79, 45.16, 38.08, 7.06468e-05
_399_, 5.52, 32.64, 6.97488e-05
PHY_EDGE_ROW_7_Left_33, 5.52, 32.64, 6.97488e-05
PHY_EDGE_ROW_8_Left_34, 5.52, 32.64, 6.97488e-05
input21, 5.52, 32.64, 6.97488e-05
FILLER_0_9_6, 5.52, 32.64, 6.97488e-05
_326_, 78.2, 32.64, 2.64071e-05
PHY_EDGE_ROW_7_Right_7, 78.2, 32.64, 2.64071e-05
PHY_EDGE_ROW_8_Right_8, 78.2, 32.64, 2.64071e-05
_401_, 12.42, 32.64, 6.63349e-05
_451_, 12.42, 32.64, 6.63349e-05
FILLER_0_11_15, 12.42, 32.64, 6.63349e-05
_332_, 64.86, 32.64, 3.56809e-05
_433_, 64.86, 32.64, 3.56809e-05
_226_, 51.98, 32.64, 3.59088e-05
_232_, 51.98, 32.64, 3.59088e-05
_345_, 51.98, 32.64, 3.59088e-05
_355_, 51.98, 32.64, 3.59088e-05
FILLER_0_7_99, 51.98, 32.64, 3.59088e-05
_253_, 26.99, 32.64, 5.45447e-05
_254_, 26.99, 32.64, 5.45447e-05
_255_, 26.99, 32.64, 5.45447e-05
FILLER_0_7_51, 26.99, 32.64, 5.45447e-05
FILLER_0_8_54, 26.99, 32.64, 5.45447e-05
FILLER_0_9_39, 26.99, 32.64, 5.45447e-05
FILLER_0_9_52, 26.99, 32.64, 5.45447e-05
_230_, 44.027, 32.64, 4.17708e-05
_362_, 44.027, 32.64, 4.17708e-05
FILLER_0_7_77, 44.027, 32.64, 4.17708e-05
FILLER_0_8_81, 44.027, 32.64, 4.17708e-05
FILLER_0_8_85, 44.027, 32.64, 4.17708e-05
_452_, 5.52, 27.2, 6.84357e-05
PHY_EDGE_ROW_5_Left_31, 5.52, 27.2, 6.84357e-05
PHY_EDGE_ROW_6_Left_32, 5.52, 27.2, 6.84357e-05
output65, 5.52, 27.2, 6.84357e-05
PHY_EDGE_ROW_5_Right_5, 78.2, 27.2, 2.62272e-05
PHY_EDGE_ROW_6_Right_6, 78.2, 27.2, 2.62272e-05
input20, 78.2, 27.2, 2.62272e-05
_236_, 34.5, 27.2, 4.2695e-05
_242_, 34.5, 27.2, 4.2695e-05
FILLER_0_7_57, 34.5, 27.2, 4.2695e-05
_339_, 68.54, 27.2, 3.24189e-05
_349_, 68.54, 27.2, 3.24189e-05
FILLER_0_7_135, 68.54, 27.2, 3.24189e-05
_334_, 64.4, 27.2, 3.55486e-05
_350_, 64.4, 27.2, 3.55486e-05
_246_, 26.202, 27.2, 4.74946e-05
_247_, 26.202, 27.2, 4.74946e-05
_248_, 26.202, 27.2, 4.74946e-05
_251_, 26.202, 27.2, 4.74946e-05
FILLER_0_6_51, 26.202, 27.2, 4.74946e-05
_356_, 45.16, 27.2, 5.93914e-05
_358_, 45.16, 27.2, 5.93914e-05
_359_, 45.16, 27.2, 5.93914e-05
clkbuf_2_1__f_clk, 45.16, 27.2, 5.93914e-05
_402_, 5.52, 21.76, 6.91634e-05
PHY_EDGE_ROW_3_Left_29, 5.52, 21.76, 6.91634e-05
PHY_EDGE_ROW_4_Left_30, 5.52, 21.76, 6.91634e-05
input10, 5.52, 21.76, 6.91634e-05
input13, 5.52, 21.76, 6.91634e-05
FILLER_0_5_3, 5.52, 21.76, 6.91634e-05
FILLER_0_5_13, 5.52, 21.76, 6.91634e-05
PHY_EDGE_ROW_3_Right_3, 78.2, 21.76, 2.10377e-05
PHY_EDGE_ROW_4_Right_4, 78.2, 21.76, 2.10377e-05
input32, 78.2, 21.76, 2.10377e-05
_243_, 26.68, 21.76, 6.23759e-05
_244_, 26.68, 21.76, 6.23759e-05
_245_, 26.68, 21.76, 6.23759e-05
_249_, 26.68, 21.76, 6.23759e-05
_423_, 26.68, 21.76, 6.23759e-05
_341_, 60.26, 21.76, 3.20287e-05
_342_, 60.26, 21.76, 3.20287e-05
_343_, 60.26, 21.76, 3.20287e-05
FILLER_0_5_113, 60.26, 21.76, 3.20287e-05
_340_, 65.78, 21.76, 2.79716e-05
FILLER_0_3_137, 65.78, 21.76, 2.79716e-05
FILLER_0_4_128, 65.78, 21.76, 2.79716e-05
_354_, 47.38, 21.76, 3.41197e-05
_357_, 47.38, 21.76, 3.41197e-05
_352_, 52.9, 21.76, 3.05809e-05
FILLER_0_3_101, 52.9, 21.76, 3.05809e-05
FILLER_0_5_100, 52.9, 21.76, 3.05809e-05
_448_, 5.52, 16.32, 0.000144404
PHY_EDGE_ROW_1_Left_27, 5.52, 16.32, 0.000144404
PHY_EDGE_ROW_2_Left_28, 5.52, 16.32, 0.000144404
input22, 5.52, 16.32, 0.000144404
output40, 5.52, 16.32, 0.000144404
output47, 5.52, 16.32, 0.000144404
hold5, 5.52, 16.32, 0.000144404
PHY_EDGE_ROW_1_Right_1, 78.2, 16.32, 3.15585e-05
PHY_EDGE_ROW_2_Right_2, 78.2, 16.32, 3.15585e-05
FILLER_0_2_152, 78.2, 16.32, 3.15585e-05
_445_, 40.48, 16.32, 8.38858e-05
FILLER_0_3_83, 40.48, 16.32, 8.38858e-05
_215_, 26.99, 16.32, 0.000106992
_368_, 26.99, 16.32, 0.000106992
output37, 26.99, 16.32, 0.000106992
output56, 26.99, 16.32, 0.000106992
FILLER_0_3_52, 26.99, 16.32, 0.000106992
_360_, 47.362, 16.32, 8.56158e-05
_436_, 47.362, 16.32, 8.56158e-05
_440_, 47.362, 16.32, 8.56158e-05
output59, 47.362, 16.32, 8.56158e-05
FILLER_0_2_85, 47.362, 16.32, 8.56158e-05
_434_, 63.33, 16.32, 5.24337e-05
FILLER_0_2_129, 63.33, 16.32, 5.24337e-05
_439_, 5.52, 10.88, 0.000116952
PHY_EDGE_ROW_0_Left_26, 5.52, 10.88, 0.000116952
input24, 5.52, 10.88, 0.000116952
output55, 5.52, 10.88, 0.000116952
output58, 5.52, 10.88, 0.000116952
PHY_EDGE_ROW_0_Right_0, 78.2, 10.88, 3.08678e-05
_370_, 26.99, 10.88, 7.54249e-05
_396_, 26.99, 10.88, 7.54249e-05
input18, 26.99, 10.88, 7.54249e-05
hold6, 26.99, 10.88, 7.54249e-05
_385_, 45.16, 10.88, 5.83659e-05
hold7, 45.16, 10.88, 5.83659e-05
input9, 63.33, 10.88, 4.15973e-05
input29, 63.33, 10.88, 4.15973e-05
output64, 63.33, 10.88, 4.15973e-05
FILLER_0_0_132, 63.33, 10.88, 4.15973e-05
FILLER_0_1_121, 63.33, 10.88, 4.15973e-05

