OpenROAD 0cfb9a45bfb256c9af1a0500d4c97da0f145f54f 
This program is licensed under the BSD-3 license. See the LICENSE file for details.
Components of this program may be licensed under more restrictive licenses which must be honored.
define_corners Typical
read_liberty -corner Typical /home/brunoayala/.volare/sky130A/libs.ref/sky130_fd_sc_hd/lib/sky130_fd_sc_hd__tt_025C_1v80.lib
Using 1e-12 for capacitance...
Using 1e+03 for resistance...
Using 1e-09 for time...
Using 1e+00 for voltage...
Using 1e-03 for current...
Using 1e-09 for power...
Using 1e-06 for distance...
[INFO ODB-0222] Reading LEF file: /openlane/designs/mult_comb_16x16/runs/first_run/tmp/merged.nom.lef
[INFO ODB-0223]     Created 13 technology layers
[INFO ODB-0224]     Created 25 technology vias
[INFO ODB-0225]     Created 442 library cells
[INFO ODB-0226] Finished LEF file:  /openlane/designs/mult_comb_16x16/runs/first_run/tmp/merged.nom.lef
Reading netlist '/openlane/designs/mult_comb_16x16/runs/first_run/results/synthesis/mult_comb_16x16.v'…
Reading design constraints file at '/openlane/scripts/base.sdc'…
[WARNING STA-0337] port 'clk' not found.
[INFO]: Setting output delay to: 20.0
[INFO]: Setting input delay to: 20.0
[WARNING STA-0337] port 'clk' not found.
[INFO]: Setting load to: 0.033442
[INFO]: Setting clock uncertainty to: 0.25
[INFO]: Setting clock transition to: 0.15
[WARNING STA-0559] transition time can not be specified for virtual clocks.
[INFO]: Setting timing derate to: 5.0 %
[INFO IFP-0001] Added 60 rows of 356 site unithd with height 1.
[INFO IFP-0030] Inserted 0 tiecells using sky130_fd_sc_hd__conb_1/LO.
[INFO IFP-0030] Inserted 0 tiecells using sky130_fd_sc_hd__conb_1/HI.
[INFO] Extracting DIE_AREA and CORE_AREA from the floorplan
[INFO] Floorplanned on a die area of 0.0 0.0 174.965 185.685 (microns). Saving to /openlane/designs/mult_comb_16x16/runs/first_run/reports/floorplan/3-initial_fp_die_area.rpt.
[INFO] Floorplanned on a core area of 5.52 10.88 169.28 174.08 (microns). Saving to /openlane/designs/mult_comb_16x16/runs/first_run/reports/floorplan/3-initial_fp_core_area.rpt.
Writing OpenROAD database to '/openlane/designs/mult_comb_16x16/runs/first_run/tmp/floorplan/3-initial_fp.odb'…
Writing layout to '/openlane/designs/mult_comb_16x16/runs/first_run/tmp/floorplan/3-initial_fp.def'…
Writing timing constraints to '/openlane/designs/mult_comb_16x16/runs/first_run/tmp/floorplan/3-initial_fp.sdc'…
