OpenROAD 0cfb9a45bfb256c9af1a0500d4c97da0f145f54f 
This program is licensed under the BSD-3 license. See the LICENSE file for details.
Components of this program may be licensed under more restrictive licenses which must be honored.
[INFO ODB-0222] Reading LEF file: /openlane/designs/mult_comb_32x32/runs/first_run/tmp/merged.nom.lef
[INFO ODB-0223]     Created 13 technology layers
[INFO ODB-0224]     Created 25 technology vias
[INFO ODB-0225]     Created 442 library cells
[INFO ODB-0226] Finished LEF file:  /openlane/designs/mult_comb_32x32/runs/first_run/tmp/merged.nom.lef
[INFO ODB-0127] Reading DEF file: /openlane/designs/mult_comb_32x32/runs/first_run/tmp/signoff/36-mult_comb_32x32.p.def
[INFO ODB-0128] Design: mult_comb_32x32
[INFO ODB-0130]     Created 130 pins.
[INFO ODB-0131]     Created 15421 components and 81357 component-terminals.
[INFO ODB-0132]     Created 2 special nets and 58584 connections.
[INFO ODB-0133]     Created 6001 nets and 22773 connections.
[INFO ODB-0134] Finished DEF file: /openlane/designs/mult_comb_32x32/runs/first_run/tmp/signoff/36-mult_comb_32x32.p.def
define_corners Typical
read_liberty -corner Typical /home/brunoayala/.volare/sky130A/libs.ref/sky130_fd_sc_hd/lib/sky130_fd_sc_hd__tt_025C_1v80.lib
Using 1e-12 for capacitance...
Using 1e+03 for resistance...
Using 1e-09 for time...
Using 1e+00 for voltage...
Using 1e-03 for current...
Using 1e-09 for power...
Using 1e-06 for distance...
Reading design constraints file at '/openlane/designs/mult_comb_32x32/runs/first_run/tmp/17-mult_comb_32x32.sdc'…
[WARNING] Did not save OpenROAD database!
Writing netlist to '/openlane/designs/mult_comb_32x32/runs/first_run/tmp/signoff/36-mult_comb_32x32.nl.v'…
Writing powered netlist to '/openlane/designs/mult_comb_32x32/runs/first_run/tmp/signoff/36-mult_comb_32x32.pnl.v'…
