OpenROAD 0cfb9a45bfb256c9af1a0500d4c97da0f145f54f 
This program is licensed under the BSD-3 license. See the LICENSE file for details.
Components of this program may be licensed under more restrictive licenses which must be honored.
[INFO]: Reading ODB at '/openlane/designs/mult_comb_32x32/runs/first_run/results/routing/mult_comb_32x32.odb'…
define_corners Typical
read_liberty -corner Typical /home/brunoayala/.volare/sky130A/libs.ref/sky130_fd_sc_hd/lib/sky130_fd_sc_hd__tt_025C_1v80.lib
Using 1e-12 for capacitance...
Using 1e+03 for resistance...
Using 1e-09 for time...
Using 1e+00 for voltage...
Using 1e-03 for current...
Using 1e-09 for power...
Using 1e-06 for distance...
Reading design constraints file at '/openlane/designs/mult_comb_32x32/runs/first_run/tmp/17-mult_comb_32x32.sdc'…
Net: _01682_
  Pin: _08142_/B (sky130_fd_sc_hd__and2_1)
    Layer: met4
      Partial area ratio:  104.02
      Required ratio:    0.00 (Gate area) 
      Partial area ratio:  556.04
      Required ratio: 2778.20 (Side area) 
      Cumulative area ratio:  208.69
      Required ratio:    0.00 (Cumulative area) 
      Cumulative area ratio: 1115.78
      Required ratio:    0.00 (Cumulative side area) 

    Layer: met3
      Partial area ratio:  101.29
      Required ratio:    0.00 (Gate area) 
      Partial area ratio:  541.52
      Required ratio:  400.00 (Side area) (VIOLATED)
      Cumulative area ratio:  104.68
      Required ratio:    0.00 (Cumulative area) 
      Cumulative area ratio:  559.75
      Required ratio:    0.00 (Cumulative side area) 

    Layer: met2
      Partial area ratio:    2.21
      Required ratio:    0.00 (Gate area) 
      Partial area ratio:   11.56
      Required ratio:  400.00 (Side area) 
      Cumulative area ratio:    3.39
      Required ratio:    0.00 (Cumulative area) 
      Cumulative area ratio:   18.23
      Required ratio:    0.00 (Cumulative side area) 

    Layer: met1
      Partial area ratio:    1.18
      Required ratio:    0.00 (Gate area) 
      Partial area ratio:    6.67
      Required ratio:  400.00 (Side area) 
      Cumulative area ratio:    1.18
      Required ratio:    0.00 (Cumulative area) 
      Cumulative area ratio:    6.67
      Required ratio:    0.00 (Cumulative side area) 

    Layer: li1
      Partial area ratio:    0.00
      Required ratio:    0.00 (Gate area) 
      Partial area ratio:    0.00
      Required ratio:   75.00 (Side area) 
      Cumulative area ratio:    0.00
      Required ratio:    0.00 (Cumulative area) 
      Cumulative area ratio:    0.00
      Required ratio:    0.00 (Cumulative side area) 

    Via: M3M4_PR
      Partial area ratio:    0.11
      Required ratio:    6.00 (Gate area) 
      Cumulative area ratio:    0.62
      Required ratio:    0.00 (Cumulative area) 

    Via: M2M3_PR
      Partial area ratio:    0.11
      Required ratio:    6.00 (Gate area) 
      Cumulative area ratio:    0.52
      Required ratio:    0.00 (Cumulative area) 

    Via: M1M2_PR
      Partial area ratio:    0.18
      Required ratio:    6.00 (Gate area) 
      Cumulative area ratio:    0.41
      Required ratio:    0.00 (Cumulative area) 

    Via: L1M1_PR
      Partial area ratio:    0.23
      Required ratio:    3.00 (Gate area) 
      Cumulative area ratio:    0.23
      Required ratio:    0.00 (Cumulative area) 

  Pin: _08141_/B (sky130_fd_sc_hd__nor2_1)
    Layer: met4
      Partial area ratio:  104.02
      Required ratio:    0.00 (Gate area) 
      Partial area ratio:  556.04
      Required ratio: 2778.20 (Side area) 
      Cumulative area ratio:  208.92
      Required ratio:    0.00 (Cumulative area) 
      Cumulative area ratio: 1117.32
      Required ratio:    0.00 (Cumulative side area) 

    Layer: met3
      Partial area ratio:  101.29
      Required ratio:    0.00 (Gate area) 
      Partial area ratio:  541.52
      Required ratio:  400.00 (Side area) (VIOLATED)
      Cumulative area ratio:  104.90
      Required ratio:    0.00 (Cumulative area) 
      Cumulative area ratio:  561.28
      Required ratio:    0.00 (Cumulative side area) 

    Layer: met2
      Partial area ratio:    2.21
      Required ratio:    0.00 (Gate area) 
      Partial area ratio:   11.56
      Required ratio:  400.00 (Side area) 
      Cumulative area ratio:    3.61
      Required ratio:    0.00 (Cumulative area) 
      Cumulative area ratio:   19.77
      Required ratio:    0.00 (Cumulative side area) 

    Layer: met1
      Partial area ratio:    1.40
      Required ratio:    0.00 (Gate area) 
      Partial area ratio:    8.20
      Required ratio:  400.00 (Side area) 
      Cumulative area ratio:    1.40
      Required ratio:    0.00 (Cumulative area) 
      Cumulative area ratio:    8.20
      Required ratio:    0.00 (Cumulative side area) 

    Layer: li1
      Partial area ratio:    0.00
      Required ratio:    0.00 (Gate area) 
      Partial area ratio:    0.00
      Required ratio:   75.00 (Side area) 
      Cumulative area ratio:    0.00
      Required ratio:    0.00 (Cumulative area) 
      Cumulative area ratio:    0.00
      Required ratio:    0.00 (Cumulative side area) 

    Via: M3M4_PR
      Partial area ratio:    0.11
      Required ratio:    6.00 (Gate area) 
      Cumulative area ratio:    0.42
      Required ratio:    0.00 (Cumulative area) 

    Via: M2M3_PR
      Partial area ratio:    0.11
      Required ratio:    6.00 (Gate area) 
      Cumulative area ratio:    0.31
      Required ratio:    0.00 (Cumulative area) 

    Via: M1M2_PR
      Partial area ratio:    0.09
      Required ratio:    6.00 (Gate area) 
      Cumulative area ratio:    0.21
      Required ratio:    0.00 (Cumulative area) 

    Via: L1M1_PR
      Partial area ratio:    0.12
      Required ratio:    3.00 (Gate area) 
      Cumulative area ratio:    0.12
      Required ratio:    0.00 (Cumulative area) 


Net: _05541_
  Pin: _08187_/A3 (sky130_fd_sc_hd__a41o_1)
    Layer: met4
      Partial area ratio:   18.45
      Required ratio:    0.00 (Gate area) 
      Partial area ratio:   99.39
      Required ratio: 2956.40 (Side area) 
      Cumulative area ratio:  116.33
      Required ratio:    0.00 (Cumulative area) 
      Cumulative area ratio:  637.51
      Required ratio:    0.00 (Cumulative side area) 

    Layer: met3
      Partial area ratio:   91.31
      Required ratio:    0.00 (Gate area) 
      Partial area ratio:  504.44
      Required ratio:  400.00 (Side area) (VIOLATED)
      Cumulative area ratio:   97.89
      Required ratio:    0.00 (Cumulative area) 
      Cumulative area ratio:  538.12
      Required ratio:    0.00 (Cumulative side area) 

    Layer: met2
      Partial area ratio:    3.64
      Required ratio:    0.00 (Gate area) 
      Partial area ratio:   18.58
      Required ratio:  400.00 (Side area) 
      Cumulative area ratio:    6.58
      Required ratio:    0.00 (Cumulative area) 
      Cumulative area ratio:   33.68
      Required ratio:    0.00 (Cumulative side area) 

    Layer: met1
      Partial area ratio:    2.94
      Required ratio:    0.00 (Gate area) 
      Partial area ratio:   15.10
      Required ratio:  400.00 (Side area) 
      Cumulative area ratio:    2.94
      Required ratio:    0.00 (Cumulative area) 
      Cumulative area ratio:   15.10
      Required ratio:    0.00 (Cumulative side area) 

    Layer: li1
      Partial area ratio:    0.00
      Required ratio:    0.00 (Gate area) 
      Partial area ratio:    0.00
      Required ratio:   75.00 (Side area) 
      Cumulative area ratio:    0.00
      Required ratio:    0.00 (Cumulative area) 
      Cumulative area ratio:    0.00
      Required ratio:    0.00 (Cumulative side area) 

    Via: M3M4_PR
      Partial area ratio:    0.16
      Required ratio:    6.00 (Gate area) 
      Cumulative area ratio:    0.53
      Required ratio:    0.00 (Cumulative area) 

    Via: M2M3_PR
      Partial area ratio:    0.16
      Required ratio:    6.00 (Gate area) 
      Cumulative area ratio:    0.37
      Required ratio:    0.00 (Cumulative area) 

    Via: M1M2_PR
      Partial area ratio:    0.09
      Required ratio:    6.00 (Gate area) 
      Cumulative area ratio:    0.21
      Required ratio:    0.00 (Cumulative area) 

    Via: L1M1_PR
      Partial area ratio:    0.12
      Required ratio:    3.00 (Gate area) 
      Cumulative area ratio:    0.12
      Required ratio:    0.00 (Cumulative area) 

  Pin: _06509_/A2 (sky130_fd_sc_hd__a22o_1)
    Layer: met4
      Partial area ratio:   18.45
      Required ratio:    0.00 (Gate area) 
      Partial area ratio:   99.39
      Required ratio: 2956.40 (Side area) 
      Cumulative area ratio:   35.83
      Required ratio:    0.00 (Cumulative area) 
      Cumulative area ratio:  193.70
      Required ratio:    0.00 (Cumulative side area) 

    Layer: met3
      Partial area ratio:   13.68
      Required ratio:    0.00 (Gate area) 
      Partial area ratio:   74.89
      Required ratio:  400.00 (Side area) 
      Cumulative area ratio:   17.39
      Required ratio:    0.00 (Cumulative area) 
      Cumulative area ratio:   94.30
      Required ratio:    0.00 (Cumulative side area) 

    Layer: met2
      Partial area ratio:    3.71
      Required ratio:    0.00 (Gate area) 
      Partial area ratio:   19.41
      Required ratio:  400.00 (Side area) 
      Cumulative area ratio:    3.71
      Required ratio:    0.00 (Cumulative area) 
      Cumulative area ratio:   19.41
      Required ratio:    0.00 (Cumulative side area) 

    Layer: met1
      Partial area ratio:    0.00
      Required ratio:    0.00 (Gate area) 
      Partial area ratio:    0.00
      Required ratio:  400.00 (Side area) 
      Cumulative area ratio:    0.00
      Required ratio:    0.00 (Cumulative area) 
      Cumulative area ratio:    0.00
      Required ratio:    0.00 (Cumulative side area) 

    Layer: li1
      Partial area ratio:    0.00
      Required ratio:    0.00 (Gate area) 
      Partial area ratio:    0.00
      Required ratio:   75.00 (Side area) 
      Cumulative area ratio:    0.00
      Required ratio:    0.00 (Cumulative area) 
      Cumulative area ratio:    0.00
      Required ratio:    0.00 (Cumulative side area) 

    Via: M3M4_PR
      Partial area ratio:    0.04
      Required ratio:    6.00 (Gate area) 
      Cumulative area ratio:    0.29
      Required ratio:    0.00 (Cumulative area) 

    Via: M2M3_PR
      Partial area ratio:    0.04
      Required ratio:    6.00 (Gate area) 
      Cumulative area ratio:    0.25
      Required ratio:    0.00 (Cumulative area) 

    Via: M1M2_PR
      Partial area ratio:    0.09
      Required ratio:    6.00 (Gate area) 
      Cumulative area ratio:    0.21
      Required ratio:    0.00 (Cumulative area) 

    Via: L1M1_PR
      Partial area ratio:    0.12
      Required ratio:    3.00 (Gate area) 
      Cumulative area ratio:    0.12
      Required ratio:    0.00 (Cumulative area) 

  Pin: _06414_/A2 (sky130_fd_sc_hd__a21oi_1)
    Layer: met4
      Partial area ratio:   18.45
      Required ratio:    0.00 (Gate area) 
      Partial area ratio:   99.39
      Required ratio: 2956.40 (Side area) 
      Cumulative area ratio:   43.71
      Required ratio:    0.00 (Cumulative area) 
      Cumulative area ratio:  234.67
      Required ratio:    0.00 (Cumulative side area) 

    Layer: met3
      Partial area ratio:   13.68
      Required ratio:    0.00 (Gate area) 
      Partial area ratio:   74.89
      Required ratio:  400.00 (Side area) 
      Cumulative area ratio:   25.27
      Required ratio:    0.00 (Cumulative area) 
      Cumulative area ratio:  135.27
      Required ratio:    0.00 (Cumulative side area) 

    Layer: met2
      Partial area ratio:    3.71
      Required ratio:    0.00 (Gate area) 
      Partial area ratio:   19.41
      Required ratio:  400.00 (Side area) 
      Cumulative area ratio:   11.58
      Required ratio:    0.00 (Cumulative area) 
      Cumulative area ratio:   60.38
      Required ratio:    0.00 (Cumulative side area) 

    Layer: met1
      Partial area ratio:    0.57
      Required ratio:    0.00 (Gate area) 
      Partial area ratio:    3.63
      Required ratio:  400.00 (Side area) 
      Cumulative area ratio:    0.57
      Required ratio:    0.00 (Cumulative area) 
      Cumulative area ratio:    3.63
      Required ratio:    0.00 (Cumulative side area) 

    Layer: li1
      Partial area ratio:    0.00
      Required ratio:    0.00 (Gate area) 
      Partial area ratio:    0.00
      Required ratio:   75.00 (Side area) 
      Cumulative area ratio:    0.00
      Required ratio:    0.00 (Cumulative area) 
      Cumulative area ratio:    0.00
      Required ratio:    0.00 (Cumulative side area) 

    Via: M3M4_PR
      Partial area ratio:    0.04
      Required ratio:    6.00 (Gate area) 
      Cumulative area ratio:    0.65
      Required ratio:    0.00 (Cumulative area) 

    Via: M2M3_PR
      Partial area ratio:    0.04
      Required ratio:    6.00 (Gate area) 
      Cumulative area ratio:    0.61
      Required ratio:    0.00 (Cumulative area) 

    Via: M1M2_PR
      Partial area ratio:    0.09
      Required ratio:    6.00 (Gate area) 
      Cumulative area ratio:    0.21
      Required ratio:    0.00 (Cumulative area) 

    Via: L1M1_PR
      Partial area ratio:    0.12
      Required ratio:    3.00 (Gate area) 
      Cumulative area ratio:    0.12
      Required ratio:    0.00 (Cumulative area) 

  Pin: _06413_/B (sky130_fd_sc_hd__and3_1)
    Layer: met4
      Partial area ratio:   18.45
      Required ratio:    0.00 (Gate area) 
      Partial area ratio:   99.39
      Required ratio: 2956.40 (Side area) 
      Cumulative area ratio:   43.14
      Required ratio:    0.00 (Cumulative area) 
      Cumulative area ratio:  231.03
      Required ratio:    0.00 (Cumulative side area) 

    Layer: met3
      Partial area ratio:   13.68
      Required ratio:    0.00 (Gate area) 
      Partial area ratio:   74.89
      Required ratio:  400.00 (Side area) 
      Cumulative area ratio:   24.70
      Required ratio:    0.00 (Cumulative area) 
      Cumulative area ratio:  131.64
      Required ratio:    0.00 (Cumulative side area) 

    Layer: met2
      Partial area ratio:    3.71
      Required ratio:    0.00 (Gate area) 
      Partial area ratio:   19.41
      Required ratio:  400.00 (Side area) 
      Cumulative area ratio:   11.02
      Required ratio:    0.00 (Cumulative area) 
      Cumulative area ratio:   56.75
      Required ratio:    0.00 (Cumulative side area) 

    Layer: met1
      Partial area ratio:    7.31
      Required ratio:    0.00 (Gate area) 
      Partial area ratio:   37.33
      Required ratio:  400.00 (Side area) 
      Cumulative area ratio:    7.31
      Required ratio:    0.00 (Cumulative area) 
      Cumulative area ratio:   37.33
      Required ratio:    0.00 (Cumulative side area) 

    Layer: li1
      Partial area ratio:    0.00
      Required ratio:    0.00 (Gate area) 
      Partial area ratio:    0.00
      Required ratio:   75.00 (Side area) 
      Cumulative area ratio:    0.00
      Required ratio:    0.00 (Cumulative area) 
      Cumulative area ratio:    0.00
      Required ratio:    0.00 (Cumulative side area) 

    Via: M3M4_PR
      Partial area ratio:    0.04
      Required ratio:    6.00 (Gate area) 
      Cumulative area ratio:    0.67
      Required ratio:    0.00 (Cumulative area) 

    Via: M2M3_PR
      Partial area ratio:    0.04
      Required ratio:    6.00 (Gate area) 
      Cumulative area ratio:    0.63
      Required ratio:    0.00 (Cumulative area) 

    Via: M1M2_PR
      Partial area ratio:    0.36
      Required ratio:    6.00 (Gate area) 
      Cumulative area ratio:    0.59
      Required ratio:    0.00 (Cumulative area) 

    Via: L1M1_PR
      Partial area ratio:    0.23
      Required ratio:    3.00 (Gate area) 
      Cumulative area ratio:    0.23
      Required ratio:    0.00 (Cumulative area) 

  Pin: _06510_/C (sky130_fd_sc_hd__nand4_1)
    Layer: met4
      Partial area ratio:   18.45
      Required ratio:    0.00 (Gate area) 
      Partial area ratio:   99.39
      Required ratio: 2956.40 (Side area) 
      Cumulative area ratio:   35.83
      Required ratio:    0.00 (Cumulative area) 
      Cumulative area ratio:  193.70
      Required ratio:    0.00 (Cumulative side area) 

    Layer: met3
      Partial area ratio:   13.68
      Required ratio:    0.00 (Gate area) 
      Partial area ratio:   74.89
      Required ratio:  400.00 (Side area) 
      Cumulative area ratio:   17.39
      Required ratio:    0.00 (Cumulative area) 
      Cumulative area ratio:   94.30
      Required ratio:    0.00 (Cumulative side area) 

    Layer: met2
      Partial area ratio:    3.71
      Required ratio:    0.00 (Gate area) 
      Partial area ratio:   19.41
      Required ratio:  400.00 (Side area) 
      Cumulative area ratio:    3.71
      Required ratio:    0.00 (Cumulative area) 
      Cumulative area ratio:   19.41
      Required ratio:    0.00 (Cumulative side area) 

    Layer: met1
      Partial area ratio:    0.00
      Required ratio:    0.00 (Gate area) 
      Partial area ratio:    0.00
      Required ratio:  400.00 (Side area) 
      Cumulative area ratio:    0.00
      Required ratio:    0.00 (Cumulative area) 
      Cumulative area ratio:    0.00
      Required ratio:    0.00 (Cumulative side area) 

    Layer: li1
      Partial area ratio:    0.00
      Required ratio:    0.00 (Gate area) 
      Partial area ratio:    0.00
      Required ratio:   75.00 (Side area) 
      Cumulative area ratio:    0.00
      Required ratio:    0.00 (Cumulative area) 
      Cumulative area ratio:    0.00
      Required ratio:    0.00 (Cumulative side area) 

    Via: M3M4_PR
      Partial area ratio:    0.04
      Required ratio:    6.00 (Gate area) 
      Cumulative area ratio:    0.29
      Required ratio:    0.00 (Cumulative area) 

    Via: M2M3_PR
      Partial area ratio:    0.04
      Required ratio:    6.00 (Gate area) 
      Cumulative area ratio:    0.25
      Required ratio:    0.00 (Cumulative area) 

    Via: M1M2_PR
      Partial area ratio:    0.09
      Required ratio:    6.00 (Gate area) 
      Cumulative area ratio:    0.21
      Required ratio:    0.00 (Cumulative area) 

    Via: L1M1_PR
      Partial area ratio:    0.12
      Required ratio:    3.00 (Gate area) 
      Cumulative area ratio:    0.12
      Required ratio:    0.00 (Cumulative area) 

  Pin: _06621_/C (sky130_fd_sc_hd__and4_1)
    Layer: met4
      Partial area ratio:   18.45
      Required ratio:    0.00 (Gate area) 
      Partial area ratio:   99.39
      Required ratio: 2956.40 (Side area) 
      Cumulative area ratio:   37.56
      Required ratio:    0.00 (Cumulative area) 
      Cumulative area ratio:  204.70
      Required ratio:    0.00 (Cumulative side area) 

    Layer: met3
      Partial area ratio:   13.68
      Required ratio:    0.00 (Gate area) 
      Partial area ratio:   74.89
      Required ratio:  400.00 (Side area) 
      Cumulative area ratio:   19.12
      Required ratio:    0.00 (Cumulative area) 
      Cumulative area ratio:  105.30
      Required ratio:    0.00 (Cumulative side area) 

    Layer: met2
      Partial area ratio:    3.71
      Required ratio:    0.00 (Gate area) 
      Partial area ratio:   19.41
      Required ratio:  400.00 (Side area) 
      Cumulative area ratio:    5.44
      Required ratio:    0.00 (Cumulative area) 
      Cumulative area ratio:   30.41
      Required ratio:    0.00 (Cumulative side area) 

    Layer: met1
      Partial area ratio:    1.73
      Required ratio:    0.00 (Gate area) 
      Partial area ratio:   11.00
      Required ratio:  400.00 (Side area) 
      Cumulative area ratio:    1.73
      Required ratio:    0.00 (Cumulative area) 
      Cumulative area ratio:   11.00
      Required ratio:    0.00 (Cumulative side area) 

    Layer: li1
      Partial area ratio:    0.00
      Required ratio:    0.00 (Gate area) 
      Partial area ratio:    0.00
      Required ratio:   75.00 (Side area) 
      Cumulative area ratio:    0.00
      Required ratio:    0.00 (Cumulative area) 
      Cumulative area ratio:    0.00
      Required ratio:    0.00 (Cumulative side area) 

    Via: M3M4_PR
      Partial area ratio:    0.04
      Required ratio:    6.00 (Gate area) 
      Cumulative area ratio:    0.49
      Required ratio:    0.00 (Cumulative area) 

    Via: M2M3_PR
      Partial area ratio:    0.04
      Required ratio:    6.00 (Gate area) 
      Cumulative area ratio:    0.45
      Required ratio:    0.00 (Cumulative area) 

    Via: M1M2_PR
      Partial area ratio:    0.18
      Required ratio:    6.00 (Gate area) 
      Cumulative area ratio:    0.41
      Required ratio:    0.00 (Cumulative area) 

    Via: L1M1_PR
      Partial area ratio:    0.23
      Required ratio:    3.00 (Gate area) 
      Cumulative area ratio:    0.23
      Required ratio:    0.00 (Cumulative area) 

  Pin: _09753_/A (sky130_fd_sc_hd__nand4_2)
    Layer: met4
      Partial area ratio:   18.45
      Required ratio:    0.00 (Gate area) 
      Partial area ratio:   99.39
      Required ratio: 2956.40 (Side area) 
      Cumulative area ratio:   83.12
      Required ratio:    0.00 (Cumulative area) 
      Cumulative area ratio:  444.16
      Required ratio:    0.00 (Cumulative side area) 

    Layer: met3
      Partial area ratio:    0.32
      Required ratio:    0.00 (Gate area) 
      Partial area ratio:    2.68
      Required ratio:  400.00 (Side area) 
      Cumulative area ratio:    0.89
      Required ratio:    0.00 (Cumulative area) 
      Cumulative area ratio:    5.72
      Required ratio:    0.00 (Cumulative side area) 

    Layer: met2
      Partial area ratio:    0.57
      Required ratio:    0.00 (Gate area) 
      Partial area ratio:    3.04
      Required ratio:  400.00 (Side area) 
      Cumulative area ratio:    0.57
      Required ratio:    0.00 (Cumulative area) 
      Cumulative area ratio:    3.04
      Required ratio:    0.00 (Cumulative side area) 

    Layer: met1
      Partial area ratio:    0.00
      Required ratio:    0.00 (Gate area) 
      Partial area ratio:    0.00
      Required ratio:  400.00 (Side area) 
      Cumulative area ratio:    0.00
      Required ratio:    0.00 (Cumulative area) 
      Cumulative area ratio:    0.00
      Required ratio:    0.00 (Cumulative side area) 

    Layer: li1
      Partial area ratio:    0.00
      Required ratio:    0.00 (Gate area) 
      Partial area ratio:    0.00
      Required ratio:   75.00 (Side area) 
      Cumulative area ratio:    0.00
      Required ratio:    0.00 (Cumulative area) 
      Cumulative area ratio:    0.00
      Required ratio:    0.00 (Cumulative side area) 

    Via: M3M4_PR
      Partial area ratio:    0.08
      Required ratio:    6.00 (Gate area) 
      Cumulative area ratio:    0.27
      Required ratio:    0.00 (Cumulative area) 

    Via: M2M3_PR
      Partial area ratio:    0.08
      Required ratio:    6.00 (Gate area) 
      Cumulative area ratio:    0.18
      Required ratio:    0.00 (Cumulative area) 

    Via: M1M2_PR
      Partial area ratio:    0.05
      Required ratio:    6.00 (Gate area) 
      Cumulative area ratio:    0.10
      Required ratio:    0.00 (Cumulative area) 

    Via: L1M1_PR
      Partial area ratio:    0.06
      Required ratio:    3.00 (Gate area) 
      Cumulative area ratio:    0.06
      Required ratio:    0.00 (Cumulative area) 

  Pin: _10412_/A1 (sky130_fd_sc_hd__a41o_1)
    Layer: met4
      Partial area ratio:   18.45
      Required ratio:    0.00 (Gate area) 
      Partial area ratio:   99.39
      Required ratio: 2956.40 (Side area) 
      Cumulative area ratio:   83.53
      Required ratio:    0.00 (Cumulative area) 
      Cumulative area ratio:  446.16
      Required ratio:    0.00 (Cumulative side area) 

    Layer: met3
      Partial area ratio:   38.21
      Required ratio:    0.00 (Gate area) 
      Partial area ratio:  206.12
      Required ratio:  400.00 (Side area) 
      Cumulative area ratio:   65.09
      Required ratio:    0.00 (Cumulative area) 
      Cumulative area ratio:  346.77
      Required ratio:    0.00 (Cumulative side area) 

    Layer: met2
      Partial area ratio:    0.18
      Required ratio:    0.00 (Gate area) 
      Partial area ratio:    1.27
      Required ratio:  400.00 (Side area) 
      Cumulative area ratio:    1.31
      Required ratio:    0.00 (Cumulative area) 
      Cumulative area ratio:    7.72
      Required ratio:    0.00 (Cumulative side area) 

    Layer: met1
      Partial area ratio:    1.13
      Required ratio:    0.00 (Gate area) 
      Partial area ratio:    6.45
      Required ratio:  400.00 (Side area) 
      Cumulative area ratio:    1.13
      Required ratio:    0.00 (Cumulative area) 
      Cumulative area ratio:    6.45
      Required ratio:    0.00 (Cumulative side area) 

    Layer: li1
      Partial area ratio:    0.00
      Required ratio:    0.00 (Gate area) 
      Partial area ratio:    0.00
      Required ratio:   75.00 (Side area) 
      Cumulative area ratio:    0.00
      Required ratio:    0.00 (Cumulative area) 
      Cumulative area ratio:    0.00
      Required ratio:    0.00 (Cumulative side area) 

    Via: M3M4_PR
      Partial area ratio:    0.13
      Required ratio:    6.00 (Gate area) 
      Cumulative area ratio:    1.25
      Required ratio:    0.00 (Cumulative area) 

    Via: M2M3_PR
      Partial area ratio:    0.16
      Required ratio:    6.00 (Gate area) 
      Cumulative area ratio:    0.37
      Required ratio:    0.00 (Cumulative area) 

    Via: M1M2_PR
      Partial area ratio:    0.09
      Required ratio:    6.00 (Gate area) 
      Cumulative area ratio:    0.21
      Required ratio:    0.00 (Cumulative area) 

    Via: L1M1_PR
      Partial area ratio:    0.12
      Required ratio:    3.00 (Gate area) 
      Cumulative area ratio:    0.12
      Required ratio:    0.00 (Cumulative area) 

  Pin: _10500_/B2 (sky130_fd_sc_hd__a22o_1)
    Layer: met4
      Partial area ratio:   18.45
      Required ratio:    0.00 (Gate area) 
      Partial area ratio:   99.39
      Required ratio: 2956.40 (Side area) 
      Cumulative area ratio:   82.23
      Required ratio:    0.00 (Cumulative area) 
      Cumulative area ratio:  438.44
      Required ratio:    0.00 (Cumulative side area) 

    Layer: met3
      Partial area ratio:   38.21
      Required ratio:    0.00 (Gate area) 
      Partial area ratio:  206.12
      Required ratio:  400.00 (Side area) 
      Cumulative area ratio:   63.78
      Required ratio:    0.00 (Cumulative area) 
      Cumulative area ratio:  339.05
      Required ratio:    0.00 (Cumulative side area) 

    Layer: met2
      Partial area ratio:    8.82
      Required ratio:    0.00 (Gate area) 
      Partial area ratio:   44.90
      Required ratio:  400.00 (Side area) 
      Cumulative area ratio:   25.57
      Required ratio:    0.00 (Cumulative area) 
      Cumulative area ratio:  132.93
      Required ratio:    0.00 (Cumulative side area) 

    Layer: met1
      Partial area ratio:    3.74
      Required ratio:    0.00 (Gate area) 
      Partial area ratio:   19.91
      Required ratio:  400.00 (Side area) 
      Cumulative area ratio:    3.74
      Required ratio:    0.00 (Cumulative area) 
      Cumulative area ratio:   19.91
      Required ratio:    0.00 (Cumulative side area) 

    Layer: li1
      Partial area ratio:    0.00
      Required ratio:    0.00 (Gate area) 
      Partial area ratio:    0.00
      Required ratio:   75.00 (Side area) 
      Cumulative area ratio:    0.00
      Required ratio:    0.00 (Cumulative area) 
      Cumulative area ratio:    0.00
      Required ratio:    0.00 (Cumulative side area) 

    Via: M3M4_PR
      Partial area ratio:    0.13
      Required ratio:    6.00 (Gate area) 
      Cumulative area ratio:    1.00
      Required ratio:    0.00 (Cumulative area) 

    Via: M2M3_PR
      Partial area ratio:    0.21
      Required ratio:    6.00 (Gate area) 
      Cumulative area ratio:    0.87
      Required ratio:    0.00 (Cumulative area) 

    Via: M1M2_PR
      Partial area ratio:    0.18
      Required ratio:    6.00 (Gate area) 
      Cumulative area ratio:    0.30
      Required ratio:    0.00 (Cumulative area) 

    Via: L1M1_PR
      Partial area ratio:    0.12
      Required ratio:    3.00 (Gate area) 
      Cumulative area ratio:    0.12
      Required ratio:    0.00 (Cumulative area) 

  Pin: _10499_/A (sky130_fd_sc_hd__and3_1)
    Layer: met4
      Partial area ratio:   18.45
      Required ratio:    0.00 (Gate area) 
      Partial area ratio:   99.39
      Required ratio: 2956.40 (Side area) 
      Cumulative area ratio:   82.23
      Required ratio:    0.00 (Cumulative area) 
      Cumulative area ratio:  438.44
      Required ratio:    0.00 (Cumulative side area) 

    Layer: met3
      Partial area ratio:   38.21
      Required ratio:    0.00 (Gate area) 
      Partial area ratio:  206.12
      Required ratio:  400.00 (Side area) 
      Cumulative area ratio:   63.78
      Required ratio:    0.00 (Cumulative area) 
      Cumulative area ratio:  339.05
      Required ratio:    0.00 (Cumulative side area) 

    Layer: met2
      Partial area ratio:    8.82
      Required ratio:    0.00 (Gate area) 
      Partial area ratio:   44.90
      Required ratio:  400.00 (Side area) 
      Cumulative area ratio:   21.82
      Required ratio:    0.00 (Cumulative area) 
      Cumulative area ratio:  113.02
      Required ratio:    0.00 (Cumulative side area) 

    Layer: met1
      Partial area ratio:   13.00
      Required ratio:    0.00 (Gate area) 
      Partial area ratio:   68.11
      Required ratio:  400.00 (Side area) 
      Cumulative area ratio:   13.00
      Required ratio:    0.00 (Cumulative area) 
      Cumulative area ratio:   68.11
      Required ratio:    0.00 (Cumulative side area) 

    Layer: li1
      Partial area ratio:    0.00
      Required ratio:    0.00 (Gate area) 
      Partial area ratio:    0.00
      Required ratio:   75.00 (Side area) 
      Cumulative area ratio:    0.00
      Required ratio:    0.00 (Cumulative area) 
      Cumulative area ratio:    0.00
      Required ratio:    0.00 (Cumulative side area) 

    Via: M3M4_PR
      Partial area ratio:    0.13
      Required ratio:    6.00 (Gate area) 
      Cumulative area ratio:    1.11
      Required ratio:    0.00 (Cumulative area) 

    Via: M2M3_PR
      Partial area ratio:    0.21
      Required ratio:    6.00 (Gate area) 
      Cumulative area ratio:    0.80
      Required ratio:    0.00 (Cumulative area) 

    Via: M1M2_PR
      Partial area ratio:    0.36
      Required ratio:    6.00 (Gate area) 
      Cumulative area ratio:    0.59
      Required ratio:    0.00 (Cumulative area) 

    Via: L1M1_PR
      Partial area ratio:    0.23
      Required ratio:    3.00 (Gate area) 
      Cumulative area ratio:    0.23
      Required ratio:    0.00 (Cumulative area) 


Net: net3
  Pin: _06093_/A (sky130_fd_sc_hd__clkbuf_8)
    Layer: met5
      Partial area ratio:  197.16
      Required ratio:    0.00 (Gate area) 
      Partial area ratio:  298.21
      Required ratio: 3130.28 (Side area) 
      Cumulative area ratio:  387.09
      Required ratio:    0.00 (Cumulative area) 
      Cumulative area ratio: 1320.01
      Required ratio:    0.00 (Cumulative side area) 

    Layer: met4
      Partial area ratio:   11.75
      Required ratio:    0.00 (Gate area) 
      Partial area ratio:   63.59
      Required ratio: 2773.88 (Side area) 
      Cumulative area ratio:  189.93
      Required ratio:    0.00 (Cumulative area) 
      Cumulative area ratio: 1021.80
      Required ratio:    0.00 (Cumulative side area) 

    Layer: met3
      Partial area ratio:   24.10
      Required ratio:    0.00 (Gate area) 
      Partial area ratio:  130.59
      Required ratio:  400.00 (Side area) 
      Cumulative area ratio:   25.15
      Required ratio:    0.00 (Cumulative area) 
      Cumulative area ratio:  136.33
      Required ratio:    0.00 (Cumulative side area) 

    Layer: met2
      Partial area ratio:    0.10
      Required ratio:    0.00 (Gate area) 
      Partial area ratio:    0.74
      Required ratio:  400.00 (Side area) 
      Cumulative area ratio:    1.05
      Required ratio:    0.00 (Cumulative area) 
      Cumulative area ratio:    5.73
      Required ratio:    0.00 (Cumulative side area) 

    Layer: met1
      Partial area ratio:    0.95
      Required ratio:    0.00 (Gate area) 
      Partial area ratio:    5.00
      Required ratio:  400.00 (Side area) 
      Cumulative area ratio:    0.95
      Required ratio:    0.00 (Cumulative area) 
      Cumulative area ratio:    5.00
      Required ratio:    0.00 (Cumulative side area) 

    Layer: li1
      Partial area ratio:    0.00
      Required ratio:    0.00 (Gate area) 
      Partial area ratio:    0.00
      Required ratio:   75.00 (Side area) 
      Cumulative area ratio:    0.00
      Required ratio:    0.00 (Cumulative area) 
      Cumulative area ratio:    0.00
      Required ratio:    0.00 (Cumulative side area) 

    Via: M4M5_PR
      Partial area ratio:    0.41
      Required ratio:    6.00 (Gate area) 
      Cumulative area ratio:    3.11
      Required ratio:    0.00 (Cumulative area) 

    Via: M3M4_PR
      Partial area ratio:    0.04
      Required ratio:    6.00 (Gate area) 
      Cumulative area ratio:    0.26
      Required ratio:    0.00 (Cumulative area) 

    Via: M2M3_PR
      Partial area ratio:    0.09
      Required ratio:    6.00 (Gate area) 
      Cumulative area ratio:    0.21
      Required ratio:    0.00 (Cumulative area) 

    Via: M1M2_PR
      Partial area ratio:    0.05
      Required ratio:    6.00 (Gate area) 
      Cumulative area ratio:    0.12
      Required ratio:    0.00 (Cumulative area) 

    Via: L1M1_PR
      Partial area ratio:    0.07
      Required ratio:    3.00 (Gate area) 
      Cumulative area ratio:    0.07
      Required ratio:    0.00 (Cumulative area) 

  Pin: _06177_/A (sky130_fd_sc_hd__buf_4)
    Layer: met5
      Partial area ratio:  197.16
      Required ratio:    0.00 (Gate area) 
      Partial area ratio:  298.21
      Required ratio: 3130.28 (Side area) 
      Cumulative area ratio:  388.28
      Required ratio:    0.00 (Cumulative area) 
      Cumulative area ratio: 1326.29
      Required ratio:    0.00 (Cumulative side area) 

    Layer: met4
      Partial area ratio:   11.75
      Required ratio:    0.00 (Gate area) 
      Partial area ratio:   63.59
      Required ratio: 2773.88 (Side area) 
      Cumulative area ratio:  191.12
      Required ratio:    0.00 (Cumulative area) 
      Cumulative area ratio: 1028.08
      Required ratio:    0.00 (Cumulative side area) 

    Layer: met3
      Partial area ratio:   24.10
      Required ratio:    0.00 (Gate area) 
      Partial area ratio:  130.59
      Required ratio:  400.00 (Side area) 
      Cumulative area ratio:   26.34
      Required ratio:    0.00 (Cumulative area) 
      Cumulative area ratio:  142.61
      Required ratio:    0.00 (Cumulative side area) 

    Layer: met2
      Partial area ratio:    1.91
      Required ratio:    0.00 (Gate area) 
      Partial area ratio:    9.93
      Required ratio:  400.00 (Side area) 
      Cumulative area ratio:    2.25
      Required ratio:    0.00 (Cumulative area) 
      Cumulative area ratio:   12.02
      Required ratio:    0.00 (Cumulative side area) 

    Layer: met1
      Partial area ratio:    0.34
      Required ratio:    0.00 (Gate area) 
      Partial area ratio:    2.09
      Required ratio:  400.00 (Side area) 
      Cumulative area ratio:    0.34
      Required ratio:    0.00 (Cumulative area) 
      Cumulative area ratio:    2.09
      Required ratio:    0.00 (Cumulative side area) 

    Layer: li1
      Partial area ratio:    0.00
      Required ratio:    0.00 (Gate area) 
      Partial area ratio:    0.00
      Required ratio:   75.00 (Side area) 
      Cumulative area ratio:    0.00
      Required ratio:    0.00 (Cumulative area) 
      Cumulative area ratio:    0.00
      Required ratio:    0.00 (Cumulative side area) 

    Via: M4M5_PR
      Partial area ratio:    0.41
      Required ratio:    6.00 (Gate area) 
      Cumulative area ratio:    3.26
      Required ratio:    0.00 (Cumulative area) 

    Via: M3M4_PR
      Partial area ratio:    0.04
      Required ratio:    6.00 (Gate area) 
      Cumulative area ratio:    0.41
      Required ratio:    0.00 (Cumulative area) 

    Via: M2M3_PR
      Partial area ratio:    0.16
      Required ratio:    6.00 (Gate area) 
      Cumulative area ratio:    0.37
      Required ratio:    0.00 (Cumulative area) 

    Via: M1M2_PR
      Partial area ratio:    0.09
      Required ratio:    6.00 (Gate area) 
      Cumulative area ratio:    0.21
      Required ratio:    0.00 (Cumulative area) 

    Via: L1M1_PR
      Partial area ratio:    0.12
      Required ratio:    3.00 (Gate area) 
      Cumulative area ratio:    0.12
      Required ratio:    0.00 (Cumulative area) 

  Pin: _07748_/C (sky130_fd_sc_hd__and4bb_1)
    Layer: met5
      Partial area ratio:  197.16
      Required ratio:    0.00 (Gate area) 
      Partial area ratio:  298.21
      Required ratio: 3130.28 (Side area) 
      Cumulative area ratio:  387.42
      Required ratio:    0.00 (Cumulative area) 
      Cumulative area ratio: 1322.77
      Required ratio:    0.00 (Cumulative side area) 

    Layer: met4
      Partial area ratio:   11.75
      Required ratio:    0.00 (Gate area) 
      Partial area ratio:   63.59
      Required ratio: 2773.88 (Side area) 
      Cumulative area ratio:  190.27
      Required ratio:    0.00 (Cumulative area) 
      Cumulative area ratio: 1024.56
      Required ratio:    0.00 (Cumulative side area) 

    Layer: met3
      Partial area ratio:   24.10
      Required ratio:    0.00 (Gate area) 
      Partial area ratio:  130.59
      Required ratio:  400.00 (Side area) 
      Cumulative area ratio:   25.49
      Required ratio:    0.00 (Cumulative area) 
      Cumulative area ratio:  139.09
      Required ratio:    0.00 (Cumulative side area) 

    Layer: met2
      Partial area ratio:    0.72
      Required ratio:    0.00 (Gate area) 
      Partial area ratio:    4.39
      Required ratio:  400.00 (Side area) 
      Cumulative area ratio:    1.39
      Required ratio:    0.00 (Cumulative area) 
      Cumulative area ratio:    8.50
      Required ratio:    0.00 (Cumulative side area) 

    Layer: met1
      Partial area ratio:    0.67
      Required ratio:    0.00 (Gate area) 
      Partial area ratio:    4.11
      Required ratio:  400.00 (Side area) 
      Cumulative area ratio:    0.67
      Required ratio:    0.00 (Cumulative area) 
      Cumulative area ratio:    4.11
      Required ratio:    0.00 (Cumulative side area) 

    Layer: li1
      Partial area ratio:    0.00
      Required ratio:    0.00 (Gate area) 
      Partial area ratio:    0.00
      Required ratio:   75.00 (Side area) 
      Cumulative area ratio:    0.00
      Required ratio:    0.00 (Cumulative area) 
      Cumulative area ratio:    0.00
      Required ratio:    0.00 (Cumulative side area) 

    Via: M4M5_PR
      Partial area ratio:    0.41
      Required ratio:    6.00 (Gate area) 
      Cumulative area ratio:    3.62
      Required ratio:    0.00 (Cumulative area) 

    Via: M3M4_PR
      Partial area ratio:    0.04
      Required ratio:    6.00 (Gate area) 
      Cumulative area ratio:    0.77
      Required ratio:    0.00 (Cumulative area) 

    Via: M2M3_PR
      Partial area ratio:    0.32
      Required ratio:    6.00 (Gate area) 
      Cumulative area ratio:    0.73
      Required ratio:    0.00 (Cumulative area) 

    Via: M1M2_PR
      Partial area ratio:    0.18
      Required ratio:    6.00 (Gate area) 
      Cumulative area ratio:    0.41
      Required ratio:    0.00 (Cumulative area) 

    Via: L1M1_PR
      Partial area ratio:    0.23
      Required ratio:    3.00 (Gate area) 
      Cumulative area ratio:    0.23
      Required ratio:    0.00 (Cumulative area) 

  Pin: _07476_/A (sky130_fd_sc_hd__and2_1)
    Layer: met5
      Partial area ratio:  197.16
      Required ratio:    0.00 (Gate area) 
      Partial area ratio:  298.21
      Required ratio: 3130.28 (Side area) 
      Cumulative area ratio:  389.40
      Required ratio:    0.00 (Cumulative area) 
      Cumulative area ratio: 1331.88
      Required ratio:    0.00 (Cumulative side area) 

    Layer: met4
      Partial area ratio:   11.75
      Required ratio:    0.00 (Gate area) 
      Partial area ratio:   63.59
      Required ratio: 2773.88 (Side area) 
      Cumulative area ratio:  192.24
      Required ratio:    0.00 (Cumulative area) 
      Cumulative area ratio: 1033.67
      Required ratio:    0.00 (Cumulative side area) 

    Layer: met3
      Partial area ratio:   24.10
      Required ratio:    0.00 (Gate area) 
      Partial area ratio:  130.59
      Required ratio:  400.00 (Side area) 
      Cumulative area ratio:   27.46
      Required ratio:    0.00 (Cumulative area) 
      Cumulative area ratio:  148.20
      Required ratio:    0.00 (Cumulative side area) 

    Layer: met2
      Partial area ratio:    3.37
      Required ratio:    0.00 (Gate area) 
      Partial area ratio:   17.61
      Required ratio:  400.00 (Side area) 
      Cumulative area ratio:    3.37
      Required ratio:    0.00 (Cumulative area) 
      Cumulative area ratio:   17.61
      Required ratio:    0.00 (Cumulative side area) 

    Layer: met1
      Partial area ratio:    0.00
      Required ratio:    0.00 (Gate area) 
      Partial area ratio:    0.00
      Required ratio:  400.00 (Side area) 
      Cumulative area ratio:    0.00
      Required ratio:    0.00 (Cumulative area) 
      Cumulative area ratio:    0.00
      Required ratio:    0.00 (Cumulative side area) 

    Layer: li1
      Partial area ratio:    0.00
      Required ratio:    0.00 (Gate area) 
      Partial area ratio:    0.00
      Required ratio:   75.00 (Side area) 
      Cumulative area ratio:    0.00
      Required ratio:    0.00 (Cumulative area) 
      Cumulative area ratio:    0.00
      Required ratio:    0.00 (Cumulative side area) 

    Via: M4M5_PR
      Partial area ratio:    0.41
      Required ratio:    6.00 (Gate area) 
      Cumulative area ratio:    3.62
      Required ratio:    0.00 (Cumulative area) 

    Via: M3M4_PR
      Partial area ratio:    0.04
      Required ratio:    6.00 (Gate area) 
      Cumulative area ratio:    0.77
      Required ratio:    0.00 (Cumulative area) 

    Via: M2M3_PR
      Partial area ratio:    0.32
      Required ratio:    6.00 (Gate area) 
      Cumulative area ratio:    0.73
      Required ratio:    0.00 (Cumulative area) 

    Via: M1M2_PR
      Partial area ratio:    0.18
      Required ratio:    6.00 (Gate area) 
      Cumulative area ratio:    0.41
      Required ratio:    0.00 (Cumulative area) 

    Via: L1M1_PR
      Partial area ratio:    0.23
      Required ratio:    3.00 (Gate area) 
      Cumulative area ratio:    0.23
      Required ratio:    0.00 (Cumulative area) 

  Pin: _08217_/A (sky130_fd_sc_hd__and2_1)
    Layer: met5
      Partial area ratio:  197.16
      Required ratio:    0.00 (Gate area) 
      Partial area ratio:  298.21
      Required ratio: 3130.28 (Side area) 
      Cumulative area ratio:  363.63
      Required ratio:    0.00 (Cumulative area) 
      Cumulative area ratio: 1192.90
      Required ratio:    0.00 (Cumulative side area) 

    Layer: met4
      Partial area ratio:   11.75
      Required ratio:    0.00 (Gate area) 
      Partial area ratio:   63.59
      Required ratio: 2773.88 (Side area) 
      Cumulative area ratio:  166.47
      Required ratio:    0.00 (Cumulative area) 
      Cumulative area ratio:  894.69
      Required ratio:    0.00 (Cumulative side area) 

    Layer: met3
      Partial area ratio:   15.92
      Required ratio:    0.00 (Gate area) 
      Partial area ratio:   89.99
      Required ratio: 2773.88 (Side area) 
      Cumulative area ratio:   57.65
      Required ratio:    0.00 (Cumulative area) 
      Cumulative area ratio:  305.66
      Required ratio:    0.00 (Cumulative side area) 

    Layer: met2
      Partial area ratio:    3.33
      Required ratio:    0.00 (Gate area) 
      Partial area ratio:   18.22
      Required ratio: 2773.88 (Side area) 
      Cumulative area ratio:    5.02
      Required ratio:    0.00 (Cumulative area) 
      Cumulative area ratio:   27.44
      Required ratio:    0.00 (Cumulative side area) 

    Layer: met1
      Partial area ratio:    1.69
      Required ratio:    0.00 (Gate area) 
      Partial area ratio:    9.22
      Required ratio: 2773.88 (Side area) 
      Cumulative area ratio:    1.69
      Required ratio:    0.00 (Cumulative area) 
      Cumulative area ratio:    9.22
      Required ratio:    0.00 (Cumulative side area) 

    Layer: li1
      Partial area ratio:    0.00
      Required ratio:    0.00 (Gate area) 
      Partial area ratio:    0.00
      Required ratio:   75.00 (Side area) 
      Cumulative area ratio:    0.00
      Required ratio:    0.00 (Cumulative area) 
      Cumulative area ratio:    0.00
      Required ratio:    0.00 (Cumulative side area) 

    Via: M4M5_PR
      Partial area ratio:    0.41
      Required ratio:    6.00 (Gate area) 
      Cumulative area ratio:    3.26
      Required ratio:    0.00 (Cumulative area) 

    Via: M3M4_PR
      Partial area ratio:    0.21
      Required ratio:    6.00 (Gate area) 
      Cumulative area ratio:    2.52
      Required ratio:    0.00 (Cumulative area) 

    Via: M2M3_PR
      Partial area ratio:    0.63
      Required ratio:    6.00 (Gate area) 
      Cumulative area ratio:    1.04
      Required ratio:    0.00 (Cumulative area) 

    Via: M1M2_PR
      Partial area ratio:    0.18
      Required ratio:    6.00 (Gate area) 
      Cumulative area ratio:    0.41
      Required ratio:    0.00 (Cumulative area) 

    Via: L1M1_PR
      Partial area ratio:    0.23
      Required ratio:    3.00 (Gate area) 
      Cumulative area ratio:    0.23
      Required ratio:    0.00 (Cumulative area) 

  Pin: _08733_/A (sky130_fd_sc_hd__and2_1)
    Layer: met5
      Partial area ratio:  197.16
      Required ratio:    0.00 (Gate area) 
      Partial area ratio:  298.21
      Required ratio: 3130.28 (Side area) 
      Cumulative area ratio:  361.94
      Required ratio:    0.00 (Cumulative area) 
      Cumulative area ratio: 1183.68
      Required ratio:    0.00 (Cumulative side area) 

    Layer: met4
      Partial area ratio:   11.75
      Required ratio:    0.00 (Gate area) 
      Partial area ratio:   63.59
      Required ratio: 2773.88 (Side area) 
      Cumulative area ratio:  164.78
      Required ratio:    0.00 (Cumulative area) 
      Cumulative area ratio:  885.47
      Required ratio:    0.00 (Cumulative side area) 

    Layer: met3
      Partial area ratio:   15.92
      Required ratio:    0.00 (Gate area) 
      Partial area ratio:   89.99
      Required ratio: 2773.88 (Side area) 
      Cumulative area ratio:   52.63
      Required ratio:    0.00 (Cumulative area) 
      Cumulative area ratio:  278.21
      Required ratio:    0.00 (Cumulative side area) 

    Layer: met2
      Partial area ratio:   17.69
      Required ratio:    0.00 (Gate area) 
      Partial area ratio:   90.00
      Required ratio:  400.00 (Side area) 
      Cumulative area ratio:   17.69
      Required ratio:    0.00 (Cumulative area) 
      Cumulative area ratio:   90.00
      Required ratio:    0.00 (Cumulative side area) 

    Layer: met1
      Partial area ratio:    0.00
      Required ratio:    0.00 (Gate area) 
      Partial area ratio:    0.00
      Required ratio:  400.00 (Side area) 
      Cumulative area ratio:    0.00
      Required ratio:    0.00 (Cumulative area) 
      Cumulative area ratio:    0.00
      Required ratio:    0.00 (Cumulative side area) 

    Layer: li1
      Partial area ratio:    0.00
      Required ratio:    0.00 (Gate area) 
      Partial area ratio:    0.00
      Required ratio:   75.00 (Side area) 
      Cumulative area ratio:    0.00
      Required ratio:    0.00 (Cumulative area) 
      Cumulative area ratio:    0.00
      Required ratio:    0.00 (Cumulative side area) 

    Via: M4M5_PR
      Partial area ratio:    0.41
      Required ratio:    6.00 (Gate area) 
      Cumulative area ratio:    3.26
      Required ratio:    0.00 (Cumulative area) 

    Via: M3M4_PR
      Partial area ratio:    0.21
      Required ratio:    6.00 (Gate area) 
      Cumulative area ratio:    1.89
      Required ratio:    0.00 (Cumulative area) 

    Via: M2M3_PR
      Partial area ratio:    0.63
      Required ratio:    6.00 (Gate area) 
      Cumulative area ratio:    1.04
      Required ratio:    0.00 (Cumulative area) 

    Via: M1M2_PR
      Partial area ratio:    0.18
      Required ratio:    6.00 (Gate area) 
      Cumulative area ratio:    0.41
      Required ratio:    0.00 (Cumulative area) 

    Via: L1M1_PR
      Partial area ratio:    0.23
      Required ratio:    3.00 (Gate area) 
      Cumulative area ratio:    0.23
      Required ratio:    0.00 (Cumulative area) 

  Pin: _08887_/A (sky130_fd_sc_hd__and2_1)
    Layer: met5
      Partial area ratio:  197.16
      Required ratio:    0.00 (Gate area) 
      Partial area ratio:  298.21
      Required ratio: 3130.28 (Side area) 
      Cumulative area ratio:  361.94
      Required ratio:    0.00 (Cumulative area) 
      Cumulative area ratio: 1183.68
      Required ratio:    0.00 (Cumulative side area) 

    Layer: met4
      Partial area ratio:   11.75
      Required ratio:    0.00 (Gate area) 
      Partial area ratio:   63.59
      Required ratio: 2773.88 (Side area) 
      Cumulative area ratio:  164.78
      Required ratio:    0.00 (Cumulative area) 
      Cumulative area ratio:  885.47
      Required ratio:    0.00 (Cumulative side area) 

    Layer: met3
      Partial area ratio:   15.92
      Required ratio:    0.00 (Gate area) 
      Partial area ratio:   89.99
      Required ratio: 2773.88 (Side area) 
      Cumulative area ratio:   34.94
      Required ratio:    0.00 (Cumulative area) 
      Cumulative area ratio:  188.21
      Required ratio:    0.00 (Cumulative side area) 

    Layer: met2
      Partial area ratio:   19.02
      Required ratio:    0.00 (Gate area) 
      Partial area ratio:   98.22
      Required ratio:  400.00 (Side area) 
      Cumulative area ratio:   19.02
      Required ratio:    0.00 (Cumulative area) 
      Cumulative area ratio:   98.22
      Required ratio:    0.00 (Cumulative side area) 

    Layer: met1
      Partial area ratio:    0.00
      Required ratio:    0.00 (Gate area) 
      Partial area ratio:    0.00
      Required ratio:  400.00 (Side area) 
      Cumulative area ratio:    0.00
      Required ratio:    0.00 (Cumulative area) 
      Cumulative area ratio:    0.00
      Required ratio:    0.00 (Cumulative side area) 

    Layer: li1
      Partial area ratio:    0.00
      Required ratio:    0.00 (Gate area) 
      Partial area ratio:    0.00
      Required ratio:   75.00 (Side area) 
      Cumulative area ratio:    0.00
      Required ratio:    0.00 (Cumulative area) 
      Cumulative area ratio:    0.00
      Required ratio:    0.00 (Cumulative side area) 

    Via: M4M5_PR
      Partial area ratio:    0.41
      Required ratio:    6.00 (Gate area) 
      Cumulative area ratio:    3.26
      Required ratio:    0.00 (Cumulative area) 

    Via: M3M4_PR
      Partial area ratio:    0.21
      Required ratio:    6.00 (Gate area) 
      Cumulative area ratio:    1.25
      Required ratio:    0.00 (Cumulative area) 

    Via: M2M3_PR
      Partial area ratio:    0.63
      Required ratio:    6.00 (Gate area) 
      Cumulative area ratio:    1.04
      Required ratio:    0.00 (Cumulative area) 

    Via: M1M2_PR
      Partial area ratio:    0.18
      Required ratio:    6.00 (Gate area) 
      Cumulative area ratio:    0.41
      Required ratio:    0.00 (Cumulative area) 

    Via: L1M1_PR
      Partial area ratio:    0.23
      Required ratio:    3.00 (Gate area) 
      Cumulative area ratio:    0.23
      Required ratio:    0.00 (Cumulative area) 

  Pin: _06843_/A (sky130_fd_sc_hd__buf_4)
    Layer: met5
      Partial area ratio:  197.16
      Required ratio:    0.00 (Gate area) 
      Partial area ratio:  298.21
      Required ratio: 3130.28 (Side area) 
      Cumulative area ratio:  306.75
      Required ratio:    0.00 (Cumulative area) 
      Cumulative area ratio:  891.91
      Required ratio:    0.00 (Cumulative side area) 

    Layer: met4
      Partial area ratio:   11.75
      Required ratio:    0.00 (Gate area) 
      Partial area ratio:   63.59
      Required ratio: 2773.88 (Side area) 
      Cumulative area ratio:  109.59
      Required ratio:    0.00 (Cumulative area) 
      Cumulative area ratio:  593.70
      Required ratio:    0.00 (Cumulative side area) 

    Layer: met3
      Partial area ratio:   97.07
      Required ratio:    0.00 (Gate area) 
      Partial area ratio:  525.45
      Required ratio:  400.00 (Side area) (VIOLATED)
      Cumulative area ratio:   97.84
      Required ratio:    0.00 (Cumulative area) 
      Cumulative area ratio:  530.11
      Required ratio:    0.00 (Cumulative side area) 

    Layer: met2
      Partial area ratio:    0.18
      Required ratio:    0.00 (Gate area) 
      Partial area ratio:    1.27
      Required ratio:  400.00 (Side area) 
      Cumulative area ratio:    0.77
      Required ratio:    0.00 (Cumulative area) 
      Cumulative area ratio:    4.67
      Required ratio:    0.00 (Cumulative side area) 

    Layer: met1
      Partial area ratio:    0.60
      Required ratio:    0.00 (Gate area) 
      Partial area ratio:    3.39
      Required ratio:  400.00 (Side area) 
      Cumulative area ratio:    0.60
      Required ratio:    0.00 (Cumulative area) 
      Cumulative area ratio:    3.39
      Required ratio:    0.00 (Cumulative side area) 

    Layer: li1
      Partial area ratio:    0.00
      Required ratio:    0.00 (Gate area) 
      Partial area ratio:    0.00
      Required ratio:   75.00 (Side area) 
      Cumulative area ratio:    0.00
      Required ratio:    0.00 (Cumulative area) 
      Cumulative area ratio:    0.00
      Required ratio:    0.00 (Cumulative side area) 

    Via: M4M5_PR
      Partial area ratio:    0.41
      Required ratio:    6.00 (Gate area) 
      Cumulative area ratio:    1.11
      Required ratio:    0.00 (Cumulative area) 

    Via: M3M4_PR
      Partial area ratio:    0.32
      Required ratio:    6.00 (Gate area) 
      Cumulative area ratio:    0.69
      Required ratio:    0.00 (Cumulative area) 

    Via: M2M3_PR
      Partial area ratio:    0.16
      Required ratio:    6.00 (Gate area) 
      Cumulative area ratio:    0.37
      Required ratio:    0.00 (Cumulative area) 

    Via: M1M2_PR
      Partial area ratio:    0.09
      Required ratio:    6.00 (Gate area) 
      Cumulative area ratio:    0.21
      Required ratio:    0.00 (Cumulative area) 

    Via: L1M1_PR
      Partial area ratio:    0.12
      Required ratio:    3.00 (Gate area) 
      Cumulative area ratio:    0.12
      Required ratio:    0.00 (Cumulative area) 


Net: net81
  Pin: output81/A (sky130_fd_sc_hd__clkbuf_4)
    Layer: met3
      Partial area ratio:   32.17
      Required ratio:    0.00 (Gate area) 
      Partial area ratio:  173.82
      Required ratio: 3209.78 (Side area) 
      Cumulative area ratio:  234.42
      Required ratio:    0.00 (Cumulative area) 
      Cumulative area ratio: 1190.14
      Required ratio:    0.00 (Cumulative side area) 

    Layer: met2
      Partial area ratio:  198.23
      Required ratio:    0.00 (Gate area) 
      Partial area ratio:  995.74
      Required ratio:  400.00 (Side area) (VIOLATED)
      Cumulative area ratio:  202.25
      Required ratio:    0.00 (Cumulative area) 
      Cumulative area ratio: 1016.31
      Required ratio:    0.00 (Cumulative side area) 

    Layer: met1
      Partial area ratio:    4.02
      Required ratio:    0.00 (Gate area) 
      Partial area ratio:   20.57
      Required ratio:  400.00 (Side area) 
      Cumulative area ratio:    4.02
      Required ratio:    0.00 (Cumulative area) 
      Cumulative area ratio:   20.57
      Required ratio:    0.00 (Cumulative side area) 

    Layer: li1
      Partial area ratio:    0.00
      Required ratio:    0.00 (Gate area) 
      Partial area ratio:    0.00
      Required ratio:   75.00 (Side area) 
      Cumulative area ratio:    0.00
      Required ratio:    0.00 (Cumulative area) 
      Cumulative area ratio:    0.00
      Required ratio:    0.00 (Cumulative side area) 

    Via: M2M3_PR
      Partial area ratio:    0.19
      Required ratio:    6.00 (Gate area) 
      Cumulative area ratio:    0.43
      Required ratio:    0.00 (Cumulative area) 

    Via: M1M2_PR
      Partial area ratio:    0.11
      Required ratio:    6.00 (Gate area) 
      Cumulative area ratio:    0.24
      Required ratio:    0.00 (Cumulative area) 

    Via: L1M1_PR
      Partial area ratio:    0.14
      Required ratio:    3.00 (Gate area) 
      Cumulative area ratio:    0.14
      Required ratio:    0.00 (Cumulative area) 


Net: net89
  Pin: output89/A (sky130_fd_sc_hd__buf_2)
    Layer: met3
      Partial area ratio:  314.75
      Required ratio:    0.00 (Gate area) 
      Partial area ratio: 1681.71
      Required ratio: 3288.40 (Side area) 
      Cumulative area ratio:  412.57
      Required ratio:    0.00 (Cumulative area) 
      Cumulative area ratio: 2172.02
      Required ratio:    0.00 (Cumulative side area) 

    Layer: met2
      Partial area ratio:   96.07
      Required ratio:    0.00 (Gate area) 
      Partial area ratio:  480.97
      Required ratio:  400.00 (Side area) (VIOLATED)
      Cumulative area ratio:   97.82
      Required ratio:    0.00 (Cumulative area) 
      Cumulative area ratio:  490.31
      Required ratio:    0.00 (Cumulative side area) 

    Layer: met1
      Partial area ratio:    1.74
      Required ratio:    0.00 (Gate area) 
      Partial area ratio:    9.33
      Required ratio:  400.00 (Side area) 
      Cumulative area ratio:    1.74
      Required ratio:    0.00 (Cumulative area) 
      Cumulative area ratio:    9.33
      Required ratio:    0.00 (Cumulative side area) 

    Layer: li1
      Partial area ratio:    0.00
      Required ratio:    0.00 (Gate area) 
      Partial area ratio:    0.00
      Required ratio:   75.00 (Side area) 
      Cumulative area ratio:    0.00
      Required ratio:    0.00 (Cumulative area) 
      Cumulative area ratio:    0.00
      Required ratio:    0.00 (Cumulative side area) 

    Via: M2M3_PR
      Partial area ratio:    0.25
      Required ratio:    6.00 (Gate area) 
      Cumulative area ratio:    0.57
      Required ratio:    0.00 (Cumulative area) 

    Via: M1M2_PR
      Partial area ratio:    0.14
      Required ratio:    6.00 (Gate area) 
      Cumulative area ratio:    0.32
      Required ratio:    0.00 (Cumulative area) 

    Via: L1M1_PR
      Partial area ratio:    0.18
      Required ratio:    3.00 (Gate area) 
      Cumulative area ratio:    0.18
      Required ratio:    0.00 (Cumulative area) 


Net: net102
  Pin: output102/A (sky130_fd_sc_hd__clkbuf_4)
    Layer: met4
      Partial area ratio:  355.75
      Required ratio:    0.00 (Gate area) 
      Partial area ratio: 1899.57
      Required ratio: 3209.78 (Side area) 
      Cumulative area ratio:  514.34
      Required ratio:    0.00 (Cumulative area) 
      Cumulative area ratio: 2745.20
      Required ratio:    0.00 (Cumulative side area) 

    Layer: met3
      Partial area ratio:  148.46
      Required ratio:    0.00 (Gate area) 
      Partial area ratio:  794.07
      Required ratio:  400.00 (Side area) (VIOLATED)
      Cumulative area ratio:  158.59
      Required ratio:    0.00 (Cumulative area) 
      Cumulative area ratio:  845.63
      Required ratio:    0.00 (Cumulative side area) 

    Layer: met2
      Partial area ratio:   10.13
      Required ratio:    0.00 (Gate area) 
      Partial area ratio:   51.56
      Required ratio:  400.00 (Side area) 
      Cumulative area ratio:   10.13
      Required ratio:    0.00 (Cumulative area) 
      Cumulative area ratio:   51.56
      Required ratio:    0.00 (Cumulative side area) 

    Layer: met1
      Partial area ratio:    0.00
      Required ratio:    0.00 (Gate area) 
      Partial area ratio:    0.00
      Required ratio:  400.00 (Side area) 
      Cumulative area ratio:    0.00
      Required ratio:    0.00 (Cumulative area) 
      Cumulative area ratio:    0.00
      Required ratio:    0.00 (Cumulative side area) 

    Layer: li1
      Partial area ratio:    0.00
      Required ratio:    0.00 (Gate area) 
      Partial area ratio:    0.00
      Required ratio:   75.00 (Side area) 
      Cumulative area ratio:    0.00
      Required ratio:    0.00 (Cumulative area) 
      Cumulative area ratio:    0.00
      Required ratio:    0.00 (Cumulative side area) 

    Via: M3M4_PR
      Partial area ratio:    0.19
      Required ratio:    6.00 (Gate area) 
      Cumulative area ratio:    0.62
      Required ratio:    0.00 (Cumulative area) 

    Via: M2M3_PR
      Partial area ratio:    0.19
      Required ratio:    6.00 (Gate area) 
      Cumulative area ratio:    0.43
      Required ratio:    0.00 (Cumulative area) 

    Via: M1M2_PR
      Partial area ratio:    0.11
      Required ratio:    6.00 (Gate area) 
      Cumulative area ratio:    0.24
      Required ratio:    0.00 (Cumulative area) 

    Via: L1M1_PR
      Partial area ratio:    0.14
      Required ratio:    3.00 (Gate area) 
      Cumulative area ratio:    0.14
      Required ratio:    0.00 (Cumulative area) 


Net: net111
  Pin: output111/A (sky130_fd_sc_hd__clkbuf_4)
    Layer: met4
      Partial area ratio:  455.35
      Required ratio:    0.00 (Gate area) 
      Partial area ratio: 2430.80
      Required ratio: 3288.40 (Side area) 
      Cumulative area ratio:  646.08
      Required ratio:    0.00 (Cumulative area) 
      Cumulative area ratio: 3459.57
      Required ratio:    0.00 (Cumulative side area) 

    Layer: met3
      Partial area ratio:  190.30
      Required ratio:    0.00 (Gate area) 
      Partial area ratio: 1026.18
      Required ratio:  400.00 (Side area) (VIOLATED)
      Cumulative area ratio:  190.72
      Required ratio:    0.00 (Cumulative area) 
      Cumulative area ratio: 1028.77
      Required ratio:    0.00 (Cumulative side area) 

    Layer: met2
      Partial area ratio:    0.43
      Required ratio:    0.00 (Gate area) 
      Partial area ratio:    2.60
      Required ratio:  400.00 (Side area) 
      Cumulative area ratio:    0.43
      Required ratio:    0.00 (Cumulative area) 
      Cumulative area ratio:    2.60
      Required ratio:    0.00 (Cumulative side area) 

    Layer: met1
      Partial area ratio:    0.00
      Required ratio:    0.00 (Gate area) 
      Partial area ratio:    0.00
      Required ratio:  400.00 (Side area) 
      Cumulative area ratio:    0.00
      Required ratio:    0.00 (Cumulative area) 
      Cumulative area ratio:    0.00
      Required ratio:    0.00 (Cumulative side area) 

    Layer: li1
      Partial area ratio:    0.00
      Required ratio:    0.00 (Gate area) 
      Partial area ratio:    0.00
      Required ratio:   75.00 (Side area) 
      Cumulative area ratio:    0.00
      Required ratio:    0.00 (Cumulative area) 
      Cumulative area ratio:    0.00
      Required ratio:    0.00 (Cumulative side area) 

    Via: M3M4_PR
      Partial area ratio:    0.19
      Required ratio:    6.00 (Gate area) 
      Cumulative area ratio:    0.62
      Required ratio:    0.00 (Cumulative area) 

    Via: M2M3_PR
      Partial area ratio:    0.19
      Required ratio:    6.00 (Gate area) 
      Cumulative area ratio:    0.43
      Required ratio:    0.00 (Cumulative area) 

    Via: M1M2_PR
      Partial area ratio:    0.11
      Required ratio:    6.00 (Gate area) 
      Cumulative area ratio:    0.24
      Required ratio:    0.00 (Cumulative area) 

    Via: L1M1_PR
      Partial area ratio:    0.14
      Required ratio:    3.00 (Gate area) 
      Cumulative area ratio:    0.14
      Required ratio:    0.00 (Cumulative area) 


[INFO ANT-0002] Found 7 net violations.
[INFO ANT-0001] Found 8 pin violations.
