
61. Printing statistics.

=== mult_comb_16x16 ===

   Number of wires:               1370
   Number of wire bits:           1431
   Number of public wires:           3
   Number of public wire bits:      64
   Number of memories:               0
   Number of memory bits:            0
   Number of processes:              0
   Number of cells:               1399
     sky130_fd_sc_hd__a211o_2       31
     sky130_fd_sc_hd__a211oi_2      21
     sky130_fd_sc_hd__a21bo_2       47
     sky130_fd_sc_hd__a21boi_2       7
     sky130_fd_sc_hd__a21o_2       104
     sky130_fd_sc_hd__a21oi_2       47
     sky130_fd_sc_hd__a221o_2        1
     sky130_fd_sc_hd__a22o_2        68
     sky130_fd_sc_hd__a22oi_2       33
     sky130_fd_sc_hd__a2bb2o_2       4
     sky130_fd_sc_hd__a311o_2        1
     sky130_fd_sc_hd__a31o_2        15
     sky130_fd_sc_hd__a31oi_2        5
     sky130_fd_sc_hd__a32o_2         3
     sky130_fd_sc_hd__a32oi_2        3
     sky130_fd_sc_hd__and2_2        50
     sky130_fd_sc_hd__and2b_2       38
     sky130_fd_sc_hd__and3_2        54
     sky130_fd_sc_hd__and3b_2        3
     sky130_fd_sc_hd__and4_2        46
     sky130_fd_sc_hd__and4b_2        5
     sky130_fd_sc_hd__and4bb_2       8
     sky130_fd_sc_hd__buf_1         94
     sky130_fd_sc_hd__inv_2         13
     sky130_fd_sc_hd__nand2_2       94
     sky130_fd_sc_hd__nand2b_2       2
     sky130_fd_sc_hd__nand3_2       92
     sky130_fd_sc_hd__nand4_2       50
     sky130_fd_sc_hd__nor2_2        68
     sky130_fd_sc_hd__nor3_2         9
     sky130_fd_sc_hd__nor3b_2        5
     sky130_fd_sc_hd__nor4_2         3
     sky130_fd_sc_hd__nor4b_2        1
     sky130_fd_sc_hd__o2111a_2       2
     sky130_fd_sc_hd__o211a_2       27
     sky130_fd_sc_hd__o211ai_2      24
     sky130_fd_sc_hd__o21a_2        17
     sky130_fd_sc_hd__o21ai_2       18
     sky130_fd_sc_hd__o21ba_2       20
     sky130_fd_sc_hd__o21bai_2       4
     sky130_fd_sc_hd__o22a_2         3
     sky130_fd_sc_hd__o22ai_2        2
     sky130_fd_sc_hd__o2bb2a_2      10
     sky130_fd_sc_hd__o31a_2         3
     sky130_fd_sc_hd__o31ai_2        1
     sky130_fd_sc_hd__o32ai_2        1
     sky130_fd_sc_hd__or2_2         33
     sky130_fd_sc_hd__or2b_2        21
     sky130_fd_sc_hd__or3_2         16
     sky130_fd_sc_hd__or3b_2         5
     sky130_fd_sc_hd__or4_2          3
     sky130_fd_sc_hd__or4b_2         1
     sky130_fd_sc_hd__or4bb_2        2
     sky130_fd_sc_hd__xnor2_2      112
     sky130_fd_sc_hd__xor2_2        49

   Chip area for module '\mult_comb_16x16': 13435.385600

