
===========================================================================
report_checks -path_delay min (Hold)
============================================================================
======================= Typical Corner ===================================

Startpoint: mcand[2] (input port clocked by clk)
Endpoint: product[3] (output port clocked by clk)
Path Group: clk
Path Type: min

Fanout     Cap    Slew   Delay    Time   Description
-----------------------------------------------------------------------------
                  0.00    0.00    0.00   clock clk (rise edge)
                          0.00    0.00   clock network delay (ideal)
                         20.00   20.00 v input external delay
                  0.04    0.02   20.02 v mcand[2] (in)
    10    0.01                           mcand[2] (net)
                  0.04    0.00   20.02 v _1374_/A (sky130_fd_sc_hd__buf_1)
                  0.14    0.16   20.18 v _1374_/X (sky130_fd_sc_hd__buf_1)
    10    0.02                           _1074_ (net)
                  0.14    0.00   20.18 v _1386_/A2 (sky130_fd_sc_hd__a22oi_2)
                  0.12    0.21   20.39 ^ _1386_/Y (sky130_fd_sc_hd__a22oi_2)
     1    0.00                           _1204_ (net)
                  0.12    0.00   20.39 ^ _1387_/B (sky130_fd_sc_hd__nor2_2)
                  0.04    0.05   20.44 v _1387_/Y (sky130_fd_sc_hd__nor2_2)
     2    0.01                           _1215_ (net)
                  0.04    0.00   20.44 v _1390_/A (sky130_fd_sc_hd__nand2_2)
                  0.05    0.06   20.50 ^ _1390_/Y (sky130_fd_sc_hd__nand2_2)
     3    0.01                           _1248_ (net)
                  0.05    0.00   20.50 ^ _1410_/A (sky130_fd_sc_hd__and2_2)
                  0.05    0.13   20.63 ^ _1410_/X (sky130_fd_sc_hd__and2_2)
     1    0.00                           _0097_ (net)
                  0.05    0.00   20.63 ^ _1411_/B (sky130_fd_sc_hd__nor2_2)
                  0.08    0.08   20.70 v _1411_/Y (sky130_fd_sc_hd__nor2_2)
     1    0.03                           product[3] (net)
                  0.08    0.00   20.70 v product[3] (out)
                                 20.70   data arrival time

                  0.00    0.00    0.00   clock clk (rise edge)
                          0.00    0.00   clock network delay (ideal)
                          0.25    0.25   clock uncertainty
                          0.00    0.25   clock reconvergence pessimism
                        -20.00  -19.75   output external delay
                                -19.75   data required time
-----------------------------------------------------------------------------
                                -19.75   data required time
                                -20.70   data arrival time
-----------------------------------------------------------------------------
                                 40.45   slack (MET)


Startpoint: mcand[0] (input port clocked by clk)
Endpoint: product[1] (output port clocked by clk)
Path Group: clk
Path Type: min

Fanout     Cap    Slew   Delay    Time   Description
-----------------------------------------------------------------------------
                  0.00    0.00    0.00   clock clk (rise edge)
                          0.00    0.00   clock network delay (ideal)
                         20.00   20.00 v input external delay
                  0.02    0.01   20.01 v mcand[0] (in)
     4    0.01                           mcand[0] (net)
                  0.02    0.00   20.01 v _1367_/A (sky130_fd_sc_hd__buf_1)
                  0.18    0.19   20.20 v _1367_/X (sky130_fd_sc_hd__buf_1)
    10    0.03                           _0999_ (net)
                  0.18    0.00   20.20 v _1368_/A (sky130_fd_sc_hd__buf_1)
                  0.18    0.25   20.45 v _1368_/X (sky130_fd_sc_hd__buf_1)
    10    0.03                           _1010_ (net)
                  0.18    0.00   20.45 v _2764_/B2 (sky130_fd_sc_hd__a22oi_2)
                  0.12    0.19   20.65 ^ _2764_/Y (sky130_fd_sc_hd__a22oi_2)
     1    0.00                           _0492_ (net)
                  0.12    0.00   20.65 ^ _2765_/B (sky130_fd_sc_hd__nor2_2)
                  0.09    0.10   20.75 v _2765_/Y (sky130_fd_sc_hd__nor2_2)
     1    0.03                           product[1] (net)
                  0.09    0.00   20.75 v product[1] (out)
                                 20.75   data arrival time

                  0.00    0.00    0.00   clock clk (rise edge)
                          0.00    0.00   clock network delay (ideal)
                          0.25    0.25   clock uncertainty
                          0.00    0.25   clock reconvergence pessimism
                        -20.00  -19.75   output external delay
                                -19.75   data required time
-----------------------------------------------------------------------------
                                -19.75   data required time
                                -20.75   data arrival time
-----------------------------------------------------------------------------
                                 40.50   slack (MET)


Startpoint: mcand[5] (input port clocked by clk)
Endpoint: product[5] (output port clocked by clk)
Path Group: clk
Path Type: min

Fanout     Cap    Slew   Delay    Time   Description
-----------------------------------------------------------------------------
                  0.00    0.00    0.00   clock clk (rise edge)
                          0.00    0.00   clock network delay (ideal)
                         20.00   20.00 v input external delay
                  0.05    0.04   20.04 v mcand[5] (in)
     8    0.02                           mcand[5] (net)
                  0.05    0.00   20.04 v _1436_/B (sky130_fd_sc_hd__nand2_2)
                  0.06    0.08   20.11 ^ _1436_/Y (sky130_fd_sc_hd__nand2_2)
     1    0.01                           _0375_ (net)
                  0.06    0.00   20.11 ^ _1437_/B (sky130_fd_sc_hd__xnor2_2)
                  0.05    0.07   20.18 v _1437_/Y (sky130_fd_sc_hd__xnor2_2)
     3    0.01                           _0386_ (net)
                  0.05    0.00   20.18 v _1447_/A (sky130_fd_sc_hd__nand3_2)
                  0.04    0.05   20.24 ^ _1447_/Y (sky130_fd_sc_hd__nand3_2)
     2    0.00                           _0490_ (net)
                  0.04    0.00   20.24 ^ _1451_/A1 (sky130_fd_sc_hd__a21o_2)
                  0.03    0.10   20.34 ^ _1451_/X (sky130_fd_sc_hd__a21o_2)
     2    0.00                           _0496_ (net)
                  0.03    0.00   20.34 ^ _1452_/B (sky130_fd_sc_hd__and2b_2)
                  0.06    0.14   20.48 ^ _1452_/X (sky130_fd_sc_hd__and2b_2)
     1    0.01                           _0497_ (net)
                  0.06    0.00   20.48 ^ _1453_/B (sky130_fd_sc_hd__xnor2_2)
                  0.11    0.15   20.63 ^ _1453_/Y (sky130_fd_sc_hd__xnor2_2)
     5    0.02                           _0498_ (net)
                  0.11    0.00   20.63 ^ _1456_/A (sky130_fd_sc_hd__xnor2_2)
                  0.15    0.16   20.80 v _1456_/Y (sky130_fd_sc_hd__xnor2_2)
     1    0.03                           product[5] (net)
                  0.15    0.00   20.80 v product[5] (out)
                                 20.80   data arrival time

                  0.00    0.00    0.00   clock clk (rise edge)
                          0.00    0.00   clock network delay (ideal)
                          0.25    0.25   clock uncertainty
                          0.00    0.25   clock reconvergence pessimism
                        -20.00  -19.75   output external delay
                                -19.75   data required time
-----------------------------------------------------------------------------
                                -19.75   data required time
                                -20.80   data arrival time
-----------------------------------------------------------------------------
                                 40.55   slack (MET)


Startpoint: mcand[15] (input port clocked by clk)
Endpoint: product[23] (output port clocked by clk)
Path Group: clk
Path Type: min

Fanout     Cap    Slew   Delay    Time   Description
-----------------------------------------------------------------------------
                  0.00    0.00    0.00   clock clk (rise edge)
                          0.00    0.00   clock network delay (ideal)
                         20.00   20.00 v input external delay
                  0.04    0.03   20.03 v mcand[15] (in)
     5    0.02                           mcand[15] (net)
                  0.04    0.00   20.03 v _2344_/B (sky130_fd_sc_hd__nand2_2)
                  0.06    0.07   20.10 ^ _2344_/Y (sky130_fd_sc_hd__nand2_2)
     1    0.01                           _0045_ (net)
                  0.06    0.00   20.10 ^ _2345_/B (sky130_fd_sc_hd__xnor2_2)
                  0.05    0.11   20.21 ^ _2345_/Y (sky130_fd_sc_hd__xnor2_2)
     2    0.01                           _0046_ (net)
                  0.05    0.00   20.21 ^ _2387_/A (sky130_fd_sc_hd__nand3_2)
                  0.08    0.08   20.29 v _2387_/Y (sky130_fd_sc_hd__nand3_2)
     3    0.01                           _0092_ (net)
                  0.08    0.00   20.29 v _2455_/C1 (sky130_fd_sc_hd__o211ai_2)
                  0.06    0.07   20.35 ^ _2455_/Y (sky130_fd_sc_hd__o211ai_2)
     2    0.00                           _0165_ (net)
                  0.06    0.00   20.35 ^ _2514_/A2 (sky130_fd_sc_hd__a21o_2)
                  0.08    0.15   20.50 ^ _2514_/X (sky130_fd_sc_hd__a21o_2)
     3    0.01                           _0229_ (net)
                  0.08    0.00   20.50 ^ _2561_/A3 (sky130_fd_sc_hd__a31oi_2)
                  0.04    0.11   20.61 v _2561_/Y (sky130_fd_sc_hd__a31oi_2)
     1    0.01                           _0279_ (net)
                  0.04    0.00   20.61 v _2562_/B (sky130_fd_sc_hd__xnor2_2)
                  0.16    0.20   20.81 v _2562_/Y (sky130_fd_sc_hd__xnor2_2)
     1    0.03                           product[23] (net)
                  0.16    0.00   20.81 v product[23] (out)
                                 20.81   data arrival time

                  0.00    0.00    0.00   clock clk (rise edge)
                          0.00    0.00   clock network delay (ideal)
                          0.25    0.25   clock uncertainty
                          0.00    0.25   clock reconvergence pessimism
                        -20.00  -19.75   output external delay
                                -19.75   data required time
-----------------------------------------------------------------------------
                                -19.75   data required time
                                -20.81   data arrival time
-----------------------------------------------------------------------------
                                 40.56   slack (MET)


Startpoint: mcand[15] (input port clocked by clk)
Endpoint: product[22] (output port clocked by clk)
Path Group: clk
Path Type: min

Fanout     Cap    Slew   Delay    Time   Description
-----------------------------------------------------------------------------
                  0.00    0.00    0.00   clock clk (rise edge)
                          0.00    0.00   clock network delay (ideal)
                         20.00   20.00 v input external delay
                  0.04    0.03   20.03 v mcand[15] (in)
     5    0.02                           mcand[15] (net)
                  0.04    0.00   20.03 v _2344_/B (sky130_fd_sc_hd__nand2_2)
                  0.06    0.07   20.10 ^ _2344_/Y (sky130_fd_sc_hd__nand2_2)
     1    0.01                           _0045_ (net)
                  0.06    0.00   20.10 ^ _2345_/B (sky130_fd_sc_hd__xnor2_2)
                  0.05    0.11   20.21 ^ _2345_/Y (sky130_fd_sc_hd__xnor2_2)
     2    0.01                           _0046_ (net)
                  0.05    0.00   20.21 ^ _2387_/A (sky130_fd_sc_hd__nand3_2)
                  0.08    0.08   20.29 v _2387_/Y (sky130_fd_sc_hd__nand3_2)
     3    0.01                           _0092_ (net)
                  0.08    0.00   20.29 v _2455_/C1 (sky130_fd_sc_hd__o211ai_2)
                  0.06    0.07   20.35 ^ _2455_/Y (sky130_fd_sc_hd__o211ai_2)
     2    0.00                           _0165_ (net)
                  0.06    0.00   20.35 ^ _2514_/A2 (sky130_fd_sc_hd__a21o_2)
                  0.08    0.15   20.50 ^ _2514_/X (sky130_fd_sc_hd__a21o_2)
     3    0.01                           _0229_ (net)
                  0.08    0.00   20.50 ^ _2515_/B (sky130_fd_sc_hd__xnor2_2)
                  0.05    0.07   20.57 v _2515_/Y (sky130_fd_sc_hd__xnor2_2)
     3    0.01                           _0230_ (net)
                  0.05    0.00   20.57 v _2517_/A_N (sky130_fd_sc_hd__and2b_2)
                  0.04    0.20   20.77 ^ _2517_/X (sky130_fd_sc_hd__and2b_2)
     1    0.00                           _0232_ (net)
                  0.04    0.00   20.77 ^ _2518_/B (sky130_fd_sc_hd__nor2_2)
                  0.08    0.08   20.85 v _2518_/Y (sky130_fd_sc_hd__nor2_2)
     1    0.03                           product[22] (net)
                  0.08    0.00   20.85 v product[22] (out)
                                 20.85   data arrival time

                  0.00    0.00    0.00   clock clk (rise edge)
                          0.00    0.00   clock network delay (ideal)
                          0.25    0.25   clock uncertainty
                          0.00    0.25   clock reconvergence pessimism
                        -20.00  -19.75   output external delay
                                -19.75   data required time
-----------------------------------------------------------------------------
                                -19.75   data required time
                                -20.85   data arrival time
-----------------------------------------------------------------------------
                                 40.60   slack (MET)


Startpoint: mcand[0] (input port clocked by clk)
Endpoint: product[0] (output port clocked by clk)
Path Group: clk
Path Type: min

Fanout     Cap    Slew   Delay    Time   Description
-----------------------------------------------------------------------------
                  0.00    0.00    0.00   clock clk (rise edge)
                          0.00    0.00   clock network delay (ideal)
                         20.00   20.00 v input external delay
                  0.02    0.01   20.01 v mcand[0] (in)
     4    0.01                           mcand[0] (net)
                  0.02    0.00   20.01 v _1367_/A (sky130_fd_sc_hd__buf_1)
                  0.18    0.19   20.20 v _1367_/X (sky130_fd_sc_hd__buf_1)
    10    0.03                           _0999_ (net)
                  0.18    0.00   20.20 v _1368_/A (sky130_fd_sc_hd__buf_1)
                  0.18    0.25   20.45 v _1368_/X (sky130_fd_sc_hd__buf_1)
    10    0.03                           _1010_ (net)
                  0.18    0.00   20.45 v _1372_/A (sky130_fd_sc_hd__and2_2)
                  0.03    0.21   20.66 v _1372_/X (sky130_fd_sc_hd__and2_2)
     1    0.00                           _1053_ (net)
                  0.03    0.00   20.66 v _1373_/A (sky130_fd_sc_hd__buf_1)
                  0.19    0.20   20.87 v _1373_/X (sky130_fd_sc_hd__buf_1)
     1    0.03                           product[0] (net)
                  0.19    0.00   20.87 v product[0] (out)
                                 20.87   data arrival time

                  0.00    0.00    0.00   clock clk (rise edge)
                          0.00    0.00   clock network delay (ideal)
                          0.25    0.25   clock uncertainty
                          0.00    0.25   clock reconvergence pessimism
                        -20.00  -19.75   output external delay
                                -19.75   data required time
-----------------------------------------------------------------------------
                                -19.75   data required time
                                -20.87   data arrival time
-----------------------------------------------------------------------------
                                 40.62   slack (MET)


Startpoint: mcand[15] (input port clocked by clk)
Endpoint: product[17] (output port clocked by clk)
Path Group: clk
Path Type: min

Fanout     Cap    Slew   Delay    Time   Description
-----------------------------------------------------------------------------
                  0.00    0.00    0.00   clock clk (rise edge)
                          0.00    0.00   clock network delay (ideal)
                         20.00   20.00 v input external delay
                  0.04    0.03   20.03 v mcand[15] (in)
     5    0.02                           mcand[15] (net)
                  0.04    0.00   20.03 v _1988_/B (sky130_fd_sc_hd__nand2_2)
                  0.07    0.07   20.10 ^ _1988_/Y (sky130_fd_sc_hd__nand2_2)
     1    0.01                           _1027_ (net)
                  0.07    0.00   20.10 ^ _1993_/A (sky130_fd_sc_hd__xnor2_2)
                  0.07    0.13   20.23 ^ _1993_/Y (sky130_fd_sc_hd__xnor2_2)
     3    0.01                           _1033_ (net)
                  0.07    0.00   20.23 ^ _2124_/A1 (sky130_fd_sc_hd__a21boi_2)
                  0.05    0.06   20.29 v _2124_/Y (sky130_fd_sc_hd__a21boi_2)
     2    0.01                           _1175_ (net)
                  0.05    0.00   20.29 v _2125_/B (sky130_fd_sc_hd__xnor2_2)
                  0.07    0.17   20.46 ^ _2125_/Y (sky130_fd_sc_hd__xnor2_2)
     2    0.01                           _1176_ (net)
                  0.07    0.00   20.46 ^ _2126_/B (sky130_fd_sc_hd__xnor2_2)
                  0.08    0.13   20.60 ^ _2126_/Y (sky130_fd_sc_hd__xnor2_2)
     3    0.01                           _1177_ (net)
                  0.08    0.00   20.60 ^ _2202_/A1 (sky130_fd_sc_hd__o21a_2)
                  0.06    0.15   20.74 ^ _2202_/X (sky130_fd_sc_hd__o21a_2)
     1    0.01                           _1260_ (net)
                  0.06    0.00   20.74 ^ _2203_/B (sky130_fd_sc_hd__xnor2_2)
                  0.15    0.14   20.89 v _2203_/Y (sky130_fd_sc_hd__xnor2_2)
     1    0.03                           product[17] (net)
                  0.15    0.00   20.89 v product[17] (out)
                                 20.89   data arrival time

                  0.00    0.00    0.00   clock clk (rise edge)
                          0.00    0.00   clock network delay (ideal)
                          0.25    0.25   clock uncertainty
                          0.00    0.25   clock reconvergence pessimism
                        -20.00  -19.75   output external delay
                                -19.75   data required time
-----------------------------------------------------------------------------
                                -19.75   data required time
                                -20.89   data arrival time
-----------------------------------------------------------------------------
                                 40.64   slack (MET)


Startpoint: mcand[15] (input port clocked by clk)
Endpoint: product[16] (output port clocked by clk)
Path Group: clk
Path Type: min

Fanout     Cap    Slew   Delay    Time   Description
-----------------------------------------------------------------------------
                  0.00    0.00    0.00   clock clk (rise edge)
                          0.00    0.00   clock network delay (ideal)
                         20.00   20.00 v input external delay
                  0.04    0.03   20.03 v mcand[15] (in)
     5    0.02                           mcand[15] (net)
                  0.04    0.00   20.03 v _1988_/B (sky130_fd_sc_hd__nand2_2)
                  0.07    0.07   20.10 ^ _1988_/Y (sky130_fd_sc_hd__nand2_2)
     1    0.01                           _1027_ (net)
                  0.07    0.00   20.10 ^ _1993_/A (sky130_fd_sc_hd__xnor2_2)
                  0.07    0.13   20.23 ^ _1993_/Y (sky130_fd_sc_hd__xnor2_2)
     3    0.01                           _1033_ (net)
                  0.07    0.00   20.23 ^ _2124_/A1 (sky130_fd_sc_hd__a21boi_2)
                  0.05    0.06   20.29 v _2124_/Y (sky130_fd_sc_hd__a21boi_2)
     2    0.01                           _1175_ (net)
                  0.05    0.00   20.29 v _2125_/B (sky130_fd_sc_hd__xnor2_2)
                  0.07    0.17   20.46 ^ _2125_/Y (sky130_fd_sc_hd__xnor2_2)
     2    0.01                           _1176_ (net)
                  0.07    0.00   20.46 ^ _2126_/B (sky130_fd_sc_hd__xnor2_2)
                  0.08    0.13   20.60 ^ _2126_/Y (sky130_fd_sc_hd__xnor2_2)
     3    0.01                           _1177_ (net)
                  0.08    0.00   20.60 ^ _2128_/A (sky130_fd_sc_hd__xnor2_2)
                  0.08    0.14   20.73 ^ _2128_/Y (sky130_fd_sc_hd__xnor2_2)
     3    0.01                           _1179_ (net)
                  0.08    0.00   20.73 ^ _2132_/A (sky130_fd_sc_hd__xnor2_2)
                  0.16    0.16   20.89 v _2132_/Y (sky130_fd_sc_hd__xnor2_2)
     1    0.03                           product[16] (net)
                  0.16    0.00   20.89 v product[16] (out)
                                 20.89   data arrival time

                  0.00    0.00    0.00   clock clk (rise edge)
                          0.00    0.00   clock network delay (ideal)
                          0.25    0.25   clock uncertainty
                          0.00    0.25   clock reconvergence pessimism
                        -20.00  -19.75   output external delay
                                -19.75   data required time
-----------------------------------------------------------------------------
                                -19.75   data required time
                                -20.89   data arrival time
-----------------------------------------------------------------------------
                                 40.64   slack (MET)


Startpoint: mcand[15] (input port clocked by clk)
Endpoint: product[19] (output port clocked by clk)
Path Group: clk
Path Type: min

Fanout     Cap    Slew   Delay    Time   Description
-----------------------------------------------------------------------------
                  0.00    0.00    0.00   clock clk (rise edge)
                          0.00    0.00   clock network delay (ideal)
                         20.00   20.00 v input external delay
                  0.04    0.03   20.03 v mcand[15] (in)
     5    0.02                           mcand[15] (net)
                  0.04    0.00   20.03 v _2209_/B (sky130_fd_sc_hd__nand2_2)
                  0.06    0.07   20.10 ^ _2209_/Y (sky130_fd_sc_hd__nand2_2)
     1    0.01                           _1266_ (net)
                  0.06    0.00   20.10 ^ _2210_/B (sky130_fd_sc_hd__xnor2_2)
                  0.07    0.12   20.23 ^ _2210_/Y (sky130_fd_sc_hd__xnor2_2)
     2    0.01                           _1267_ (net)
                  0.07    0.00   20.23 ^ _2260_/A (sky130_fd_sc_hd__xnor2_2)
                  0.06    0.09   20.31 v _2260_/Y (sky130_fd_sc_hd__xnor2_2)
     2    0.01                           _1321_ (net)
                  0.06    0.00   20.31 v _2273_/A_N (sky130_fd_sc_hd__and2b_2)
                  0.04    0.20   20.51 ^ _2273_/X (sky130_fd_sc_hd__and2b_2)
     1    0.00                           _1335_ (net)
                  0.04    0.00   20.51 ^ _2274_/B1 (sky130_fd_sc_hd__a21oi_2)
                  0.04    0.04   20.55 v _2274_/Y (sky130_fd_sc_hd__a21oi_2)
     3    0.01                           _1336_ (net)
                  0.04    0.00   20.55 v _2333_/A (sky130_fd_sc_hd__xnor2_2)
                  0.07    0.19   20.74 ^ _2333_/Y (sky130_fd_sc_hd__xnor2_2)
     2    0.01                           _0034_ (net)
                  0.07    0.00   20.74 ^ _2337_/A (sky130_fd_sc_hd__xnor2_2)
                  0.16    0.16   20.90 v _2337_/Y (sky130_fd_sc_hd__xnor2_2)
     1    0.03                           product[19] (net)
                  0.16    0.00   20.90 v product[19] (out)
                                 20.90   data arrival time

                  0.00    0.00    0.00   clock clk (rise edge)
                          0.00    0.00   clock network delay (ideal)
                          0.25    0.25   clock uncertainty
                          0.00    0.25   clock reconvergence pessimism
                        -20.00  -19.75   output external delay
                                -19.75   data required time
-----------------------------------------------------------------------------
                                -19.75   data required time
                                -20.90   data arrival time
-----------------------------------------------------------------------------
                                 40.65   slack (MET)


Startpoint: mcand[15] (input port clocked by clk)
Endpoint: product[15] (output port clocked by clk)
Path Group: clk
Path Type: min

Fanout     Cap    Slew   Delay    Time   Description
-----------------------------------------------------------------------------
                  0.00    0.00    0.00   clock clk (rise edge)
                          0.00    0.00   clock network delay (ideal)
                         20.00   20.00 v input external delay
                  0.04    0.03   20.03 v mcand[15] (in)
     5    0.02                           mcand[15] (net)
                  0.04    0.00   20.03 v _1988_/B (sky130_fd_sc_hd__nand2_2)
                  0.07    0.07   20.10 ^ _1988_/Y (sky130_fd_sc_hd__nand2_2)
     1    0.01                           _1027_ (net)
                  0.07    0.00   20.10 ^ _1993_/A (sky130_fd_sc_hd__xnor2_2)
                  0.06    0.08   20.19 v _1993_/Y (sky130_fd_sc_hd__xnor2_2)
     3    0.01                           _1033_ (net)
                  0.06    0.00   20.19 v _2054_/B1 (sky130_fd_sc_hd__a21oi_2)
                  0.12    0.12   20.31 ^ _2054_/Y (sky130_fd_sc_hd__a21oi_2)
     2    0.01                           _1099_ (net)
                  0.12    0.00   20.31 ^ _2055_/C1 (sky130_fd_sc_hd__a211oi_2)
                  0.04    0.06   20.37 v _2055_/Y (sky130_fd_sc_hd__a211oi_2)
     3    0.01                           _1100_ (net)
                  0.04    0.00   20.37 v _2058_/A1 (sky130_fd_sc_hd__o21ai_2)
                  0.06    0.14   20.50 ^ _2058_/Y (sky130_fd_sc_hd__o21ai_2)
     3    0.01                           _1103_ (net)
                  0.06    0.00   20.50 ^ _2060_/A2 (sky130_fd_sc_hd__a21o_2)
                  0.03    0.11   20.62 ^ _2060_/X (sky130_fd_sc_hd__a21o_2)
     2    0.00                           _1105_ (net)
                  0.03    0.00   20.62 ^ _2061_/B (sky130_fd_sc_hd__and2b_2)
                  0.07    0.15   20.77 ^ _2061_/X (sky130_fd_sc_hd__and2b_2)
     2    0.01                           _1106_ (net)
                  0.07    0.00   20.77 ^ _2062_/B (sky130_fd_sc_hd__xnor2_2)
                  0.16    0.15   20.91 v _2062_/Y (sky130_fd_sc_hd__xnor2_2)
     1    0.03                           product[15] (net)
                  0.16    0.00   20.91 v product[15] (out)
                                 20.91   data arrival time

                  0.00    0.00    0.00   clock clk (rise edge)
                          0.00    0.00   clock network delay (ideal)
                          0.25    0.25   clock uncertainty
                          0.00    0.25   clock reconvergence pessimism
                        -20.00  -19.75   output external delay
                                -19.75   data required time
-----------------------------------------------------------------------------
                                -19.75   data required time
                                -20.91   data arrival time
-----------------------------------------------------------------------------
                                 40.66   slack (MET)


Startpoint: mcand[2] (input port clocked by clk)
Endpoint: product[2] (output port clocked by clk)
Path Group: clk
Path Type: min

Fanout     Cap    Slew   Delay    Time   Description
-----------------------------------------------------------------------------
                  0.00    0.00    0.00   clock clk (rise edge)
                          0.00    0.00   clock network delay (ideal)
                         20.00   20.00 v input external delay
                  0.04    0.02   20.02 v mcand[2] (in)
    10    0.01                           mcand[2] (net)
                  0.04    0.00   20.02 v _1374_/A (sky130_fd_sc_hd__buf_1)
                  0.14    0.16   20.18 v _1374_/X (sky130_fd_sc_hd__buf_1)
    10    0.02                           _1074_ (net)
                  0.14    0.00   20.18 v _1386_/A2 (sky130_fd_sc_hd__a22oi_2)
                  0.12    0.21   20.39 ^ _1386_/Y (sky130_fd_sc_hd__a22oi_2)
     1    0.00                           _1204_ (net)
                  0.12    0.00   20.39 ^ _1387_/B (sky130_fd_sc_hd__nor2_2)
                  0.04    0.05   20.44 v _1387_/Y (sky130_fd_sc_hd__nor2_2)
     2    0.01                           _1215_ (net)
                  0.04    0.00   20.44 v _1390_/A (sky130_fd_sc_hd__nand2_2)
                  0.05    0.06   20.50 ^ _1390_/Y (sky130_fd_sc_hd__nand2_2)
     3    0.01                           _1248_ (net)
                  0.05    0.00   20.50 ^ _1392_/A (sky130_fd_sc_hd__and2_2)
                  0.03    0.12   20.61 ^ _1392_/X (sky130_fd_sc_hd__and2_2)
     1    0.00                           _1269_ (net)
                  0.03    0.00   20.61 ^ _1393_/A (sky130_fd_sc_hd__buf_1)
                  0.40    0.30   20.92 ^ _1393_/X (sky130_fd_sc_hd__buf_1)
     1    0.03                           product[2] (net)
                  0.40    0.00   20.92 ^ product[2] (out)
                                 20.92   data arrival time

                  0.00    0.00    0.00   clock clk (rise edge)
                          0.00    0.00   clock network delay (ideal)
                          0.25    0.25   clock uncertainty
                          0.00    0.25   clock reconvergence pessimism
                        -20.00  -19.75   output external delay
                                -19.75   data required time
-----------------------------------------------------------------------------
                                -19.75   data required time
                                -20.92   data arrival time
-----------------------------------------------------------------------------
                                 40.67   slack (MET)


Startpoint: mcand[15] (input port clocked by clk)
Endpoint: product[18] (output port clocked by clk)
Path Group: clk
Path Type: min

Fanout     Cap    Slew   Delay    Time   Description
-----------------------------------------------------------------------------
                  0.00    0.00    0.00   clock clk (rise edge)
                          0.00    0.00   clock network delay (ideal)
                         20.00   20.00 v input external delay
                  0.04    0.03   20.03 v mcand[15] (in)
     5    0.02                           mcand[15] (net)
                  0.04    0.00   20.03 v _2209_/B (sky130_fd_sc_hd__nand2_2)
                  0.06    0.07   20.10 ^ _2209_/Y (sky130_fd_sc_hd__nand2_2)
     1    0.01                           _1266_ (net)
                  0.06    0.00   20.10 ^ _2210_/B (sky130_fd_sc_hd__xnor2_2)
                  0.07    0.12   20.23 ^ _2210_/Y (sky130_fd_sc_hd__xnor2_2)
     2    0.01                           _1267_ (net)
                  0.07    0.00   20.23 ^ _2260_/A (sky130_fd_sc_hd__xnor2_2)
                  0.07    0.13   20.35 ^ _2260_/Y (sky130_fd_sc_hd__xnor2_2)
     2    0.01                           _1321_ (net)
                  0.07    0.00   20.35 ^ _2263_/A (sky130_fd_sc_hd__xnor2_2)
                  0.08    0.14   20.49 ^ _2263_/Y (sky130_fd_sc_hd__xnor2_2)
     2    0.01                           _1325_ (net)
                  0.08    0.00   20.49 ^ _2264_/B (sky130_fd_sc_hd__xnor2_2)
                  0.09    0.14   20.63 ^ _2264_/Y (sky130_fd_sc_hd__xnor2_2)
     2    0.01                           _1326_ (net)
                  0.09    0.00   20.63 ^ _2267_/A (sky130_fd_sc_hd__xor2_2)
                  0.05    0.09   20.72 v _2267_/X (sky130_fd_sc_hd__xor2_2)
     3    0.01                           _1329_ (net)
                  0.05    0.00   20.72 v _2272_/A (sky130_fd_sc_hd__xnor2_2)
                  0.16    0.21   20.93 v _2272_/Y (sky130_fd_sc_hd__xnor2_2)
     1    0.03                           product[18] (net)
                  0.16    0.00   20.93 v product[18] (out)
                                 20.93   data arrival time

                  0.00    0.00    0.00   clock clk (rise edge)
                          0.00    0.00   clock network delay (ideal)
                          0.25    0.25   clock uncertainty
                          0.00    0.25   clock reconvergence pessimism
                        -20.00  -19.75   output external delay
                                -19.75   data required time
-----------------------------------------------------------------------------
                                -19.75   data required time
                                -20.93   data arrival time
-----------------------------------------------------------------------------
                                 40.68   slack (MET)


Startpoint: mcand[15] (input port clocked by clk)
Endpoint: product[21] (output port clocked by clk)
Path Group: clk
Path Type: min

Fanout     Cap    Slew   Delay    Time   Description
-----------------------------------------------------------------------------
                  0.00    0.00    0.00   clock clk (rise edge)
                          0.00    0.00   clock network delay (ideal)
                         20.00   20.00 v input external delay
                  0.04    0.03   20.03 v mcand[15] (in)
     5    0.02                           mcand[15] (net)
                  0.04    0.00   20.03 v _2344_/B (sky130_fd_sc_hd__nand2_2)
                  0.06    0.07   20.10 ^ _2344_/Y (sky130_fd_sc_hd__nand2_2)
     1    0.01                           _0045_ (net)
                  0.06    0.00   20.10 ^ _2345_/B (sky130_fd_sc_hd__xnor2_2)
                  0.04    0.06   20.16 v _2345_/Y (sky130_fd_sc_hd__xnor2_2)
     2    0.01                           _0046_ (net)
                  0.04    0.00   20.16 v _2387_/A (sky130_fd_sc_hd__nand3_2)
                  0.07    0.07   20.24 ^ _2387_/Y (sky130_fd_sc_hd__nand3_2)
     3    0.01                           _0092_ (net)
                  0.07    0.00   20.24 ^ _2389_/A (sky130_fd_sc_hd__and2_2)
                  0.07    0.16   20.40 ^ _2389_/X (sky130_fd_sc_hd__and2_2)
     2    0.01                           _0094_ (net)
                  0.07    0.00   20.40 ^ _2405_/B (sky130_fd_sc_hd__and2b_2)
                  0.04    0.14   20.53 ^ _2405_/X (sky130_fd_sc_hd__and2b_2)
     2    0.00                           _0110_ (net)
                  0.04    0.00   20.53 ^ _2458_/A1 (sky130_fd_sc_hd__o21a_2)
                  0.05    0.13   20.66 ^ _2458_/X (sky130_fd_sc_hd__o21a_2)
     2    0.01                           _0168_ (net)
                  0.05    0.00   20.66 ^ _2460_/A (sky130_fd_sc_hd__or2b_2)
                  0.07    0.13   20.78 ^ _2460_/X (sky130_fd_sc_hd__or2b_2)
     3    0.01                           _0170_ (net)
                  0.07    0.00   20.78 ^ _2462_/A (sky130_fd_sc_hd__xnor2_2)
                  0.16    0.16   20.94 v _2462_/Y (sky130_fd_sc_hd__xnor2_2)
     1    0.03                           product[21] (net)
                  0.16    0.00   20.94 v product[21] (out)
                                 20.94   data arrival time

                  0.00    0.00    0.00   clock clk (rise edge)
                          0.00    0.00   clock network delay (ideal)
                          0.25    0.25   clock uncertainty
                          0.00    0.25   clock reconvergence pessimism
                        -20.00  -19.75   output external delay
                                -19.75   data required time
-----------------------------------------------------------------------------
                                -19.75   data required time
                                -20.94   data arrival time
-----------------------------------------------------------------------------
                                 40.69   slack (MET)


Startpoint: mcand[15] (input port clocked by clk)
Endpoint: product[20] (output port clocked by clk)
Path Group: clk
Path Type: min

Fanout     Cap    Slew   Delay    Time   Description
-----------------------------------------------------------------------------
                  0.00    0.00    0.00   clock clk (rise edge)
                          0.00    0.00   clock network delay (ideal)
                         20.00   20.00 v input external delay
                  0.04    0.03   20.03 v mcand[15] (in)
     5    0.02                           mcand[15] (net)
                  0.04    0.00   20.03 v _2209_/B (sky130_fd_sc_hd__nand2_2)
                  0.06    0.07   20.10 ^ _2209_/Y (sky130_fd_sc_hd__nand2_2)
     1    0.01                           _1266_ (net)
                  0.06    0.00   20.10 ^ _2210_/B (sky130_fd_sc_hd__xnor2_2)
                  0.07    0.12   20.23 ^ _2210_/Y (sky130_fd_sc_hd__xnor2_2)
     2    0.01                           _1267_ (net)
                  0.07    0.00   20.23 ^ _2330_/A1 (sky130_fd_sc_hd__a21bo_2)
                  0.07    0.14   20.37 ^ _2330_/X (sky130_fd_sc_hd__a21bo_2)
     2    0.01                           _0030_ (net)
                  0.07    0.00   20.37 ^ _2331_/B (sky130_fd_sc_hd__xnor2_2)
                  0.08    0.13   20.50 ^ _2331_/Y (sky130_fd_sc_hd__xnor2_2)
     2    0.01                           _0031_ (net)
                  0.08    0.00   20.50 ^ _2395_/A2 (sky130_fd_sc_hd__a21boi_2)
                  0.04    0.06   20.56 v _2395_/Y (sky130_fd_sc_hd__a21boi_2)
     2    0.01                           _0101_ (net)
                  0.04    0.00   20.56 v _2396_/B (sky130_fd_sc_hd__nor2_2)
                  0.12    0.10   20.66 ^ _2396_/Y (sky130_fd_sc_hd__nor2_2)
     3    0.01                           _0102_ (net)
                  0.12    0.00   20.66 ^ _2398_/A (sky130_fd_sc_hd__or2_2)
                  0.10    0.17   20.83 ^ _2398_/X (sky130_fd_sc_hd__or2_2)
     4    0.02                           _0104_ (net)
                  0.10    0.00   20.83 ^ _2404_/A (sky130_fd_sc_hd__xor2_2)
                  0.10    0.16   20.99 v _2404_/X (sky130_fd_sc_hd__xor2_2)
     1    0.03                           product[20] (net)
                  0.10    0.00   20.99 v product[20] (out)
                                 20.99   data arrival time

                  0.00    0.00    0.00   clock clk (rise edge)
                          0.00    0.00   clock network delay (ideal)
                          0.25    0.25   clock uncertainty
                          0.00    0.25   clock reconvergence pessimism
                        -20.00  -19.75   output external delay
                                -19.75   data required time
-----------------------------------------------------------------------------
                                -19.75   data required time
                                -20.99   data arrival time
-----------------------------------------------------------------------------
                                 40.74   slack (MET)


Startpoint: mcand[5] (input port clocked by clk)
Endpoint: product[8] (output port clocked by clk)
Path Group: clk
Path Type: min

Fanout     Cap    Slew   Delay    Time   Description
-----------------------------------------------------------------------------
                  0.00    0.00    0.00   clock clk (rise edge)
                          0.00    0.00   clock network delay (ideal)
                         20.00   20.00 v input external delay
                  0.05    0.04   20.04 v mcand[5] (in)
     8    0.02                           mcand[5] (net)
                  0.05    0.00   20.04 v _1467_/B (sky130_fd_sc_hd__nand2_2)
                  0.06    0.08   20.11 ^ _1467_/Y (sky130_fd_sc_hd__nand2_2)
     1    0.01                           _0511_ (net)
                  0.06    0.00   20.11 ^ _1468_/B (sky130_fd_sc_hd__xnor2_2)
                  0.05    0.07   20.18 v _1468_/Y (sky130_fd_sc_hd__xnor2_2)
     3    0.01                           _0512_ (net)
                  0.05    0.00   20.18 v _1478_/A (sky130_fd_sc_hd__nand3_2)
                  0.05    0.06   20.24 ^ _1478_/Y (sky130_fd_sc_hd__nand3_2)
     2    0.01                           _0522_ (net)
                  0.05    0.00   20.24 ^ _1482_/A1 (sky130_fd_sc_hd__a21oi_2)
                  0.03    0.06   20.30 v _1482_/Y (sky130_fd_sc_hd__a21oi_2)
     3    0.01                           _0526_ (net)
                  0.03    0.00   20.30 v _1484_/A2 (sky130_fd_sc_hd__o21ai_2)
                  0.07    0.12   20.42 ^ _1484_/Y (sky130_fd_sc_hd__o21ai_2)
     2    0.01                           _0528_ (net)
                  0.07    0.00   20.42 ^ _1486_/B (sky130_fd_sc_hd__nand3_2)
                  0.10    0.10   20.53 v _1486_/Y (sky130_fd_sc_hd__nand3_2)
     5    0.01                           _0530_ (net)
                  0.10    0.00   20.53 v _1574_/A (sky130_fd_sc_hd__nand2_2)
                  0.06    0.09   20.61 ^ _1574_/Y (sky130_fd_sc_hd__nand2_2)
     1    0.01                           _0617_ (net)
                  0.06    0.00   20.61 ^ _1575_/B (sky130_fd_sc_hd__xnor2_2)
                  0.05    0.10   20.72 ^ _1575_/Y (sky130_fd_sc_hd__xnor2_2)
     2    0.01                           _0618_ (net)
                  0.05    0.00   20.72 ^ _1576_/B (sky130_fd_sc_hd__or2_2)
                  0.10    0.14   20.86 ^ _1576_/X (sky130_fd_sc_hd__or2_2)
     4    0.02                           _0619_ (net)
                  0.10    0.00   20.86 ^ _1577_/B (sky130_fd_sc_hd__xnor2_2)
                  0.16    0.15   21.01 v _1577_/Y (sky130_fd_sc_hd__xnor2_2)
     1    0.03                           product[8] (net)
                  0.16    0.00   21.01 v product[8] (out)
                                 21.01   data arrival time

                  0.00    0.00    0.00   clock clk (rise edge)
                          0.00    0.00   clock network delay (ideal)
                          0.25    0.25   clock uncertainty
                          0.00    0.25   clock reconvergence pessimism
                        -20.00  -19.75   output external delay
                                -19.75   data required time
-----------------------------------------------------------------------------
                                -19.75   data required time
                                -21.01   data arrival time
-----------------------------------------------------------------------------
                                 40.76   slack (MET)


Startpoint: mcand[5] (input port clocked by clk)
Endpoint: product[9] (output port clocked by clk)
Path Group: clk
Path Type: min

Fanout     Cap    Slew   Delay    Time   Description
-----------------------------------------------------------------------------
                  0.00    0.00    0.00   clock clk (rise edge)
                          0.00    0.00   clock network delay (ideal)
                         20.00   20.00 v input external delay
                  0.05    0.04   20.04 v mcand[5] (in)
     8    0.02                           mcand[5] (net)
                  0.05    0.00   20.04 v _1467_/B (sky130_fd_sc_hd__nand2_2)
                  0.06    0.08   20.11 ^ _1467_/Y (sky130_fd_sc_hd__nand2_2)
     1    0.01                           _0511_ (net)
                  0.06    0.00   20.11 ^ _1468_/B (sky130_fd_sc_hd__xnor2_2)
                  0.05    0.07   20.18 v _1468_/Y (sky130_fd_sc_hd__xnor2_2)
     3    0.01                           _0512_ (net)
                  0.05    0.00   20.18 v _1478_/A (sky130_fd_sc_hd__nand3_2)
                  0.05    0.06   20.24 ^ _1478_/Y (sky130_fd_sc_hd__nand3_2)
     2    0.01                           _0522_ (net)
                  0.05    0.00   20.24 ^ _1482_/A1 (sky130_fd_sc_hd__a21oi_2)
                  0.03    0.06   20.30 v _1482_/Y (sky130_fd_sc_hd__a21oi_2)
     3    0.01                           _0526_ (net)
                  0.03    0.00   20.30 v _1484_/A2 (sky130_fd_sc_hd__o21ai_2)
                  0.07    0.12   20.42 ^ _1484_/Y (sky130_fd_sc_hd__o21ai_2)
     2    0.01                           _0528_ (net)
                  0.07    0.00   20.42 ^ _1486_/B (sky130_fd_sc_hd__nand3_2)
                  0.10    0.10   20.53 v _1486_/Y (sky130_fd_sc_hd__nand3_2)
     5    0.01                           _0530_ (net)
                  0.10    0.00   20.53 v _1568_/A (sky130_fd_sc_hd__inv_2)
                  0.04    0.06   20.59 ^ _1568_/Y (sky130_fd_sc_hd__inv_2)
     2    0.00                           _0611_ (net)
                  0.04    0.00   20.59 ^ _1631_/A1 (sky130_fd_sc_hd__a31o_2)
                  0.06    0.15   20.74 ^ _1631_/X (sky130_fd_sc_hd__a31o_2)
     1    0.01                           _0673_ (net)
                  0.06    0.00   20.74 ^ _1632_/B (sky130_fd_sc_hd__xnor2_2)
                  0.08    0.13   20.87 ^ _1632_/Y (sky130_fd_sc_hd__xnor2_2)
     4    0.01                           _0674_ (net)
                  0.08    0.00   20.87 ^ _1636_/A2 (sky130_fd_sc_hd__a211oi_2)
                  0.09    0.15   21.02 v _1636_/Y (sky130_fd_sc_hd__a211oi_2)
     1    0.03                           product[9] (net)
                  0.09    0.00   21.02 v product[9] (out)
                                 21.02   data arrival time

                  0.00    0.00    0.00   clock clk (rise edge)
                          0.00    0.00   clock network delay (ideal)
                          0.25    0.25   clock uncertainty
                          0.00    0.25   clock reconvergence pessimism
                        -20.00  -19.75   output external delay
                                -19.75   data required time
-----------------------------------------------------------------------------
                                -19.75   data required time
                                -21.02   data arrival time
-----------------------------------------------------------------------------
                                 40.77   slack (MET)


Startpoint: mcand[15] (input port clocked by clk)
Endpoint: product[24] (output port clocked by clk)
Path Group: clk
Path Type: min

Fanout     Cap    Slew   Delay    Time   Description
-----------------------------------------------------------------------------
                  0.00    0.00    0.00   clock clk (rise edge)
                          0.00    0.00   clock network delay (ideal)
                         20.00   20.00 v input external delay
                  0.04    0.03   20.03 v mcand[15] (in)
     5    0.02                           mcand[15] (net)
                  0.04    0.00   20.03 v _2344_/B (sky130_fd_sc_hd__nand2_2)
                  0.06    0.07   20.10 ^ _2344_/Y (sky130_fd_sc_hd__nand2_2)
     1    0.01                           _0045_ (net)
                  0.06    0.00   20.10 ^ _2345_/B (sky130_fd_sc_hd__xnor2_2)
                  0.05    0.11   20.21 ^ _2345_/Y (sky130_fd_sc_hd__xnor2_2)
     2    0.01                           _0046_ (net)
                  0.05    0.00   20.21 ^ _2387_/A (sky130_fd_sc_hd__nand3_2)
                  0.08    0.08   20.29 v _2387_/Y (sky130_fd_sc_hd__nand3_2)
     3    0.01                           _0092_ (net)
                  0.08    0.00   20.29 v _2455_/C1 (sky130_fd_sc_hd__o211ai_2)
                  0.06    0.07   20.35 ^ _2455_/Y (sky130_fd_sc_hd__o211ai_2)
     2    0.00                           _0165_ (net)
                  0.06    0.00   20.35 ^ _2514_/A2 (sky130_fd_sc_hd__a21o_2)
                  0.08    0.15   20.50 ^ _2514_/X (sky130_fd_sc_hd__a21o_2)
     3    0.01                           _0229_ (net)
                  0.08    0.00   20.50 ^ _2515_/B (sky130_fd_sc_hd__xnor2_2)
                  0.05    0.07   20.57 v _2515_/Y (sky130_fd_sc_hd__xnor2_2)
     3    0.01                           _0230_ (net)
                  0.05    0.00   20.57 v _2600_/A (sky130_fd_sc_hd__nand2_2)
                  0.05    0.06   20.63 ^ _2600_/Y (sky130_fd_sc_hd__nand2_2)
     2    0.01                           _0321_ (net)
                  0.05    0.00   20.63 ^ _2601_/C (sky130_fd_sc_hd__or3_2)
                  0.03    0.09   20.72 ^ _2601_/X (sky130_fd_sc_hd__or3_2)
     1    0.00                           _0322_ (net)
                  0.03    0.00   20.72 ^ _2605_/A2 (sky130_fd_sc_hd__o21a_2)
                  0.10    0.15   20.87 ^ _2605_/X (sky130_fd_sc_hd__o21a_2)
     4    0.02                           _0327_ (net)
                  0.10    0.00   20.87 ^ _2606_/B (sky130_fd_sc_hd__xnor2_2)
                  0.16    0.15   21.03 v _2606_/Y (sky130_fd_sc_hd__xnor2_2)
     1    0.03                           product[24] (net)
                  0.16    0.00   21.03 v product[24] (out)
                                 21.03   data arrival time

                  0.00    0.00    0.00   clock clk (rise edge)
                          0.00    0.00   clock network delay (ideal)
                          0.25    0.25   clock uncertainty
                          0.00    0.25   clock reconvergence pessimism
                        -20.00  -19.75   output external delay
                                -19.75   data required time
-----------------------------------------------------------------------------
                                -19.75   data required time
                                -21.03   data arrival time
-----------------------------------------------------------------------------
                                 40.78   slack (MET)


Startpoint: mcand[15] (input port clocked by clk)
Endpoint: product[29] (output port clocked by clk)
Path Group: clk
Path Type: min

Fanout     Cap    Slew   Delay    Time   Description
-----------------------------------------------------------------------------
                  0.00    0.00    0.00   clock clk (rise edge)
                          0.00    0.00   clock network delay (ideal)
                         20.00   20.00 v input external delay
                  0.04    0.03   20.03 v mcand[15] (in)
     5    0.02                           mcand[15] (net)
                  0.04    0.00   20.03 v _2063_/A (sky130_fd_sc_hd__buf_1)
                  0.23    0.23   20.26 v _2063_/X (sky130_fd_sc_hd__buf_1)
    10    0.04                           _1108_ (net)
                  0.23    0.00   20.26 v _2660_/B (sky130_fd_sc_hd__nand2_2)
                  0.07    0.15   20.41 ^ _2660_/Y (sky130_fd_sc_hd__nand2_2)
     1    0.01                           _0384_ (net)
                  0.07    0.00   20.41 ^ _2661_/B (sky130_fd_sc_hd__xor2_2)
                  0.04    0.06   20.47 v _2661_/X (sky130_fd_sc_hd__xor2_2)
     2    0.01                           _0385_ (net)
                  0.04    0.00   20.47 v _2662_/B (sky130_fd_sc_hd__nor2_2)
                  0.11    0.10   20.57 ^ _2662_/Y (sky130_fd_sc_hd__nor2_2)
     3    0.01                           _0387_ (net)
                  0.11    0.00   20.57 ^ _2697_/A (sky130_fd_sc_hd__nand2_2)
                  0.05    0.07   20.64 v _2697_/Y (sky130_fd_sc_hd__nand2_2)
     3    0.01                           _0424_ (net)
                  0.05    0.00   20.64 v _2725_/A1 (sky130_fd_sc_hd__a21oi_2)
                  0.11    0.13   20.77 ^ _2725_/Y (sky130_fd_sc_hd__a21oi_2)
     2    0.01                           _0454_ (net)
                  0.11    0.00   20.77 ^ _2748_/A (sky130_fd_sc_hd__inv_2)
                  0.03    0.05   20.82 v _2748_/Y (sky130_fd_sc_hd__inv_2)
     2    0.01                           _0478_ (net)
                  0.03    0.00   20.82 v _2749_/B1 (sky130_fd_sc_hd__o21ai_2)
                  0.07    0.06   20.88 ^ _2749_/Y (sky130_fd_sc_hd__o21ai_2)
     1    0.01                           _0479_ (net)
                  0.07    0.00   20.88 ^ _2750_/B (sky130_fd_sc_hd__xnor2_2)
                  0.15    0.15   21.03 v _2750_/Y (sky130_fd_sc_hd__xnor2_2)
     1    0.03                           product[29] (net)
                  0.15    0.00   21.03 v product[29] (out)
                                 21.03   data arrival time

                  0.00    0.00    0.00   clock clk (rise edge)
                          0.00    0.00   clock network delay (ideal)
                          0.25    0.25   clock uncertainty
                          0.00    0.25   clock reconvergence pessimism
                        -20.00  -19.75   output external delay
                                -19.75   data required time
-----------------------------------------------------------------------------
                                -19.75   data required time
                                -21.03   data arrival time
-----------------------------------------------------------------------------
                                 40.78   slack (MET)


Startpoint: mcand[2] (input port clocked by clk)
Endpoint: product[6] (output port clocked by clk)
Path Group: clk
Path Type: min

Fanout     Cap    Slew   Delay    Time   Description
-----------------------------------------------------------------------------
                  0.00    0.00    0.00   clock clk (rise edge)
                          0.00    0.00   clock network delay (ideal)
                         20.00   20.00 v input external delay
                  0.04    0.02   20.02 v mcand[2] (in)
    10    0.01                           mcand[2] (net)
                  0.04    0.00   20.02 v _1374_/A (sky130_fd_sc_hd__buf_1)
                  0.14    0.16   20.18 v _1374_/X (sky130_fd_sc_hd__buf_1)
    10    0.02                           _1074_ (net)
                  0.14    0.00   20.18 v _1386_/A2 (sky130_fd_sc_hd__a22oi_2)
                  0.12    0.21   20.39 ^ _1386_/Y (sky130_fd_sc_hd__a22oi_2)
     1    0.00                           _1204_ (net)
                  0.12    0.00   20.39 ^ _1387_/B (sky130_fd_sc_hd__nor2_2)
                  0.04    0.05   20.44 v _1387_/Y (sky130_fd_sc_hd__nor2_2)
     2    0.01                           _1215_ (net)
                  0.04    0.00   20.44 v _1390_/A (sky130_fd_sc_hd__nand2_2)
                  0.05    0.06   20.50 ^ _1390_/Y (sky130_fd_sc_hd__nand2_2)
     3    0.01                           _1248_ (net)
                  0.05    0.00   20.50 ^ _1409_/A (sky130_fd_sc_hd__nor2_2)
                  0.03    0.05   20.55 v _1409_/Y (sky130_fd_sc_hd__nor2_2)
     3    0.01                           _0086_ (net)
                  0.03    0.00   20.55 v _1429_/A (sky130_fd_sc_hd__nand2_2)
                  0.08    0.07   20.62 ^ _1429_/Y (sky130_fd_sc_hd__nand2_2)
     4    0.01                           _0301_ (net)
                  0.08    0.00   20.62 ^ _1492_/A1 (sky130_fd_sc_hd__o21ai_2)
                  0.02    0.05   20.67 v _1492_/Y (sky130_fd_sc_hd__o21ai_2)
     1    0.00                           _0536_ (net)
                  0.02    0.00   20.67 v _1493_/B (sky130_fd_sc_hd__and2_2)
                  0.03    0.16   20.83 v _1493_/X (sky130_fd_sc_hd__and2_2)
     1    0.00                           _0537_ (net)
                  0.03    0.00   20.83 v _1494_/A (sky130_fd_sc_hd__buf_1)
                  0.19    0.20   21.03 v _1494_/X (sky130_fd_sc_hd__buf_1)
     1    0.03                           product[6] (net)
                  0.19    0.00   21.03 v product[6] (out)
                                 21.03   data arrival time

                  0.00    0.00    0.00   clock clk (rise edge)
                          0.00    0.00   clock network delay (ideal)
                          0.25    0.25   clock uncertainty
                          0.00    0.25   clock reconvergence pessimism
                        -20.00  -19.75   output external delay
                                -19.75   data required time
-----------------------------------------------------------------------------
                                -19.75   data required time
                                -21.03   data arrival time
-----------------------------------------------------------------------------
                                 40.78   slack (MET)


Startpoint: mcand[3] (input port clocked by clk)
Endpoint: product[10] (output port clocked by clk)
Path Group: clk
Path Type: min

Fanout     Cap    Slew   Delay    Time   Description
-----------------------------------------------------------------------------
                  0.00    0.00    0.00   clock clk (rise edge)
                          0.00    0.00   clock network delay (ideal)
                         20.00   20.00 ^ input external delay
                  0.05    0.03   20.03 ^ mcand[3] (in)
     5    0.01                           mcand[3] (net)
                  0.05    0.00   20.03 ^ _1464_/C (sky130_fd_sc_hd__and4_2)
                  0.06    0.20   20.23 ^ _1464_/X (sky130_fd_sc_hd__and4_2)
     2    0.00                           _0508_ (net)
                  0.06    0.00   20.23 ^ _1513_/B1 (sky130_fd_sc_hd__a31o_2)
                  0.05    0.10   20.34 ^ _1513_/X (sky130_fd_sc_hd__a31o_2)
     2    0.01                           _0556_ (net)
                  0.05    0.00   20.34 ^ _1519_/A (sky130_fd_sc_hd__nand2_2)
                  0.04    0.05   20.38 v _1519_/Y (sky130_fd_sc_hd__nand2_2)
     3    0.01                           _0562_ (net)
                  0.04    0.00   20.38 v _1562_/B1 (sky130_fd_sc_hd__o21ai_2)
                  0.07    0.07   20.45 ^ _1562_/Y (sky130_fd_sc_hd__o21ai_2)
     3    0.01                           _0605_ (net)
                  0.07    0.00   20.45 ^ _1563_/C1 (sky130_fd_sc_hd__o211a_2)
                  0.08    0.19   20.64 ^ _1563_/X (sky130_fd_sc_hd__o211a_2)
     4    0.01                           _0606_ (net)
                  0.08    0.00   20.64 ^ _1696_/A1 (sky130_fd_sc_hd__a21oi_2)
                  0.04    0.06   20.70 v _1696_/Y (sky130_fd_sc_hd__a21oi_2)
     1    0.01                           _0737_ (net)
                  0.04    0.00   20.70 v _1697_/B (sky130_fd_sc_hd__xnor2_2)
                  0.08    0.18   20.89 ^ _1697_/Y (sky130_fd_sc_hd__xnor2_2)
     3    0.01                           _0738_ (net)
                  0.08    0.00   20.89 ^ _1698_/B (sky130_fd_sc_hd__xnor2_2)
                  0.16    0.15   21.04 v _1698_/Y (sky130_fd_sc_hd__xnor2_2)
     1    0.03                           product[10] (net)
                  0.16    0.00   21.04 v product[10] (out)
                                 21.04   data arrival time

                  0.00    0.00    0.00   clock clk (rise edge)
                          0.00    0.00   clock network delay (ideal)
                          0.25    0.25   clock uncertainty
                          0.00    0.25   clock reconvergence pessimism
                        -20.00  -19.75   output external delay
                                -19.75   data required time
-----------------------------------------------------------------------------
                                -19.75   data required time
                                -21.04   data arrival time
-----------------------------------------------------------------------------
                                 40.79   slack (MET)


Startpoint: mcand[2] (input port clocked by clk)
Endpoint: product[4] (output port clocked by clk)
Path Group: clk
Path Type: min

Fanout     Cap    Slew   Delay    Time   Description
-----------------------------------------------------------------------------
                  0.00    0.00    0.00   clock clk (rise edge)
                          0.00    0.00   clock network delay (ideal)
                         20.00   20.00 v input external delay
                  0.04    0.02   20.02 v mcand[2] (in)
    10    0.01                           mcand[2] (net)
                  0.04    0.00   20.02 v _1374_/A (sky130_fd_sc_hd__buf_1)
                  0.14    0.16   20.18 v _1374_/X (sky130_fd_sc_hd__buf_1)
    10    0.02                           _1074_ (net)
                  0.14    0.00   20.18 v _1386_/A2 (sky130_fd_sc_hd__a22oi_2)
                  0.12    0.21   20.39 ^ _1386_/Y (sky130_fd_sc_hd__a22oi_2)
     1    0.00                           _1204_ (net)
                  0.12    0.00   20.39 ^ _1387_/B (sky130_fd_sc_hd__nor2_2)
                  0.04    0.05   20.44 v _1387_/Y (sky130_fd_sc_hd__nor2_2)
     2    0.01                           _1215_ (net)
                  0.04    0.00   20.44 v _1390_/A (sky130_fd_sc_hd__nand2_2)
                  0.05    0.06   20.50 ^ _1390_/Y (sky130_fd_sc_hd__nand2_2)
     3    0.01                           _1248_ (net)
                  0.05    0.00   20.50 ^ _1409_/A (sky130_fd_sc_hd__nor2_2)
                  0.03    0.05   20.55 v _1409_/Y (sky130_fd_sc_hd__nor2_2)
     3    0.01                           _0086_ (net)
                  0.03    0.00   20.55 v _1429_/A (sky130_fd_sc_hd__nand2_2)
                  0.08    0.07   20.62 ^ _1429_/Y (sky130_fd_sc_hd__nand2_2)
     4    0.01                           _0301_ (net)
                  0.08    0.00   20.62 ^ _1431_/A (sky130_fd_sc_hd__and2_2)
                  0.03    0.12   20.74 ^ _1431_/X (sky130_fd_sc_hd__and2_2)
     1    0.00                           _0323_ (net)
                  0.03    0.00   20.74 ^ _1432_/A (sky130_fd_sc_hd__buf_1)
                  0.40    0.30   21.05 ^ _1432_/X (sky130_fd_sc_hd__buf_1)
     1    0.03                           product[4] (net)
                  0.40    0.00   21.05 ^ product[4] (out)
                                 21.05   data arrival time

                  0.00    0.00    0.00   clock clk (rise edge)
                          0.00    0.00   clock network delay (ideal)
                          0.25    0.25   clock uncertainty
                          0.00    0.25   clock reconvergence pessimism
                        -20.00  -19.75   output external delay
                                -19.75   data required time
-----------------------------------------------------------------------------
                                -19.75   data required time
                                -21.05   data arrival time
-----------------------------------------------------------------------------
                                 40.80   slack (MET)


Startpoint: mplier[2] (input port clocked by clk)
Endpoint: product[11] (output port clocked by clk)
Path Group: clk
Path Type: min

Fanout     Cap    Slew   Delay    Time   Description
-----------------------------------------------------------------------------
                  0.00    0.00    0.00   clock clk (rise edge)
                          0.00    0.00   clock network delay (ideal)
                         20.00   20.00 ^ input external delay
                  0.03    0.02   20.02 ^ mplier[2] (in)
     3    0.01                           mplier[2] (net)
                  0.03    0.00   20.02 ^ _1532_/A (sky130_fd_sc_hd__and4_2)
                  0.06    0.19   20.20 ^ _1532_/X (sky130_fd_sc_hd__and4_2)
     3    0.01                           _0575_ (net)
                  0.06    0.00   20.20 ^ _1585_/A (sky130_fd_sc_hd__or2_2)
                  0.07    0.13   20.33 ^ _1585_/X (sky130_fd_sc_hd__or2_2)
     2    0.01                           _0627_ (net)
                  0.07    0.00   20.33 ^ _1641_/A (sky130_fd_sc_hd__and2_2)
                  0.05    0.14   20.47 ^ _1641_/X (sky130_fd_sc_hd__and2_2)
     2    0.01                           _0682_ (net)
                  0.05    0.00   20.47 ^ _1648_/A2 (sky130_fd_sc_hd__o21ai_2)
                  0.04    0.06   20.53 v _1648_/Y (sky130_fd_sc_hd__o21ai_2)
     3    0.01                           _0689_ (net)
                  0.04    0.00   20.53 v _1762_/B1 (sky130_fd_sc_hd__o21ai_2)
                  0.07    0.07   20.59 ^ _1762_/Y (sky130_fd_sc_hd__o21ai_2)
     3    0.01                           _0802_ (net)
                  0.07    0.00   20.59 ^ _1763_/C1 (sky130_fd_sc_hd__o211ai_2)
                  0.07    0.09   20.69 v _1763_/Y (sky130_fd_sc_hd__o211ai_2)
     3    0.01                           _0803_ (net)
                  0.07    0.00   20.69 v _1765_/C (sky130_fd_sc_hd__nand4_2)
                  0.05    0.10   20.79 ^ _1765_/Y (sky130_fd_sc_hd__nand4_2)
     2    0.01                           _0805_ (net)
                  0.05    0.00   20.79 ^ _1767_/A (sky130_fd_sc_hd__nand2_2)
                  0.04    0.05   20.84 v _1767_/Y (sky130_fd_sc_hd__nand2_2)
     1    0.01                           _0807_ (net)
                  0.04    0.00   20.84 v _1771_/A (sky130_fd_sc_hd__xnor2_2)
                  0.15    0.21   21.05 v _1771_/Y (sky130_fd_sc_hd__xnor2_2)
     1    0.03                           product[11] (net)
                  0.15    0.00   21.05 v product[11] (out)
                                 21.05   data arrival time

                  0.00    0.00    0.00   clock clk (rise edge)
                          0.00    0.00   clock network delay (ideal)
                          0.25    0.25   clock uncertainty
                          0.00    0.25   clock reconvergence pessimism
                        -20.00  -19.75   output external delay
                                -19.75   data required time
-----------------------------------------------------------------------------
                                -19.75   data required time
                                -21.05   data arrival time
-----------------------------------------------------------------------------
                                 40.80   slack (MET)


Startpoint: mplier[15] (input port clocked by clk)
Endpoint: product[30] (output port clocked by clk)
Path Group: clk
Path Type: min

Fanout     Cap    Slew   Delay    Time   Description
-----------------------------------------------------------------------------
                  0.00    0.00    0.00   clock clk (rise edge)
                          0.00    0.00   clock network delay (ideal)
                         20.00   20.00 v input external delay
                  0.06    0.04   20.04 v mplier[15] (in)
    10    0.03                           mplier[15] (net)
                  0.06    0.00   20.04 v _2303_/A (sky130_fd_sc_hd__buf_1)
                  0.13    0.17   20.21 v _2303_/X (sky130_fd_sc_hd__buf_1)
    10    0.02                           _0001_ (net)
                  0.13    0.00   20.21 v _2346_/A (sky130_fd_sc_hd__buf_1)
                  0.18    0.23   20.45 v _2346_/X (sky130_fd_sc_hd__buf_1)
    10    0.03                           _0047_ (net)
                  0.18    0.00   20.45 v _2752_/A1 (sky130_fd_sc_hd__a21oi_2)
                  0.10    0.16   20.61 ^ _2752_/Y (sky130_fd_sc_hd__a21oi_2)
     1    0.00                           _0482_ (net)
                  0.10    0.00   20.61 ^ _2753_/B (sky130_fd_sc_hd__nor2_2)
                  0.03    0.05   20.66 v _2753_/Y (sky130_fd_sc_hd__nor2_2)
     2    0.01                           _0483_ (net)
                  0.03    0.00   20.66 v _2754_/C (sky130_fd_sc_hd__nor3_2)
                  0.14    0.11   20.76 ^ _2754_/Y (sky130_fd_sc_hd__nor3_2)
     1    0.00                           _0484_ (net)
                  0.14    0.00   20.76 ^ _2756_/A (sky130_fd_sc_hd__nor2_2)
                  0.03    0.07   20.83 v _2756_/Y (sky130_fd_sc_hd__nor2_2)
     2    0.01                           _0486_ (net)
                  0.03    0.00   20.83 v _2759_/A (sky130_fd_sc_hd__xor2_2)
                  0.10    0.22   21.05 v _2759_/X (sky130_fd_sc_hd__xor2_2)
     1    0.03                           product[30] (net)
                  0.10    0.00   21.05 v product[30] (out)
                                 21.05   data arrival time

                  0.00    0.00    0.00   clock clk (rise edge)
                          0.00    0.00   clock network delay (ideal)
                          0.25    0.25   clock uncertainty
                          0.00    0.25   clock reconvergence pessimism
                        -20.00  -19.75   output external delay
                                -19.75   data required time
-----------------------------------------------------------------------------
                                -19.75   data required time
                                -21.05   data arrival time
-----------------------------------------------------------------------------
                                 40.80   slack (MET)


Startpoint: mcand[15] (input port clocked by clk)
Endpoint: product[25] (output port clocked by clk)
Path Group: clk
Path Type: min

Fanout     Cap    Slew   Delay    Time   Description
-----------------------------------------------------------------------------
                  0.00    0.00    0.00   clock clk (rise edge)
                          0.00    0.00   clock network delay (ideal)
                         20.00   20.00 v input external delay
                  0.04    0.03   20.03 v mcand[15] (in)
     5    0.02                           mcand[15] (net)
                  0.04    0.00   20.03 v _2063_/A (sky130_fd_sc_hd__buf_1)
                  0.23    0.23   20.26 v _2063_/X (sky130_fd_sc_hd__buf_1)
    10    0.04                           _1108_ (net)
                  0.23    0.00   20.26 v _2546_/B (sky130_fd_sc_hd__nand2_2)
                  0.08    0.15   20.41 ^ _2546_/Y (sky130_fd_sc_hd__nand2_2)
     1    0.01                           _0263_ (net)
                  0.08    0.00   20.41 ^ _2547_/B (sky130_fd_sc_hd__xnor2_2)
                  0.06    0.08   20.49 v _2547_/Y (sky130_fd_sc_hd__xnor2_2)
     3    0.01                           _0264_ (net)
                  0.06    0.00   20.49 v _2549_/B1 (sky130_fd_sc_hd__a21oi_2)
                  0.12    0.13   20.61 ^ _2549_/Y (sky130_fd_sc_hd__a21oi_2)
     2    0.01                           _0266_ (net)
                  0.12    0.00   20.61 ^ _2552_/C1 (sky130_fd_sc_hd__a211oi_2)
                  0.05    0.07   20.68 v _2552_/Y (sky130_fd_sc_hd__a211oi_2)
     4    0.01                           _0270_ (net)
                  0.05    0.00   20.68 v _2597_/A1 (sky130_fd_sc_hd__o21ai_2)
                  0.07    0.16   20.84 ^ _2597_/Y (sky130_fd_sc_hd__o21ai_2)
     3    0.01                           _0318_ (net)
                  0.07    0.00   20.84 ^ _2640_/A (sky130_fd_sc_hd__nand2_2)
                  0.04    0.06   20.89 v _2640_/Y (sky130_fd_sc_hd__nand2_2)
     1    0.01                           _0363_ (net)
                  0.04    0.00   20.89 v _2641_/B (sky130_fd_sc_hd__xor2_2)
                  0.10    0.19   21.09 v _2641_/X (sky130_fd_sc_hd__xor2_2)
     1    0.03                           product[25] (net)
                  0.10    0.00   21.09 v product[25] (out)
                                 21.09   data arrival time

                  0.00    0.00    0.00   clock clk (rise edge)
                          0.00    0.00   clock network delay (ideal)
                          0.25    0.25   clock uncertainty
                          0.00    0.25   clock reconvergence pessimism
                        -20.00  -19.75   output external delay
                                -19.75   data required time
-----------------------------------------------------------------------------
                                -19.75   data required time
                                -21.09   data arrival time
-----------------------------------------------------------------------------
                                 40.84   slack (MET)


Startpoint: mplier[15] (input port clocked by clk)
Endpoint: product[31] (output port clocked by clk)
Path Group: clk
Path Type: min

Fanout     Cap    Slew   Delay    Time   Description
-----------------------------------------------------------------------------
                  0.00    0.00    0.00   clock clk (rise edge)
                          0.00    0.00   clock network delay (ideal)
                         20.00   20.00 v input external delay
                  0.06    0.04   20.04 v mplier[15] (in)
    10    0.03                           mplier[15] (net)
                  0.06    0.00   20.04 v _2303_/A (sky130_fd_sc_hd__buf_1)
                  0.13    0.17   20.21 v _2303_/X (sky130_fd_sc_hd__buf_1)
    10    0.02                           _0001_ (net)
                  0.13    0.00   20.21 v _2346_/A (sky130_fd_sc_hd__buf_1)
                  0.18    0.23   20.45 v _2346_/X (sky130_fd_sc_hd__buf_1)
    10    0.03                           _0047_ (net)
                  0.18    0.00   20.45 v _2751_/C (sky130_fd_sc_hd__and4_2)
                  0.04    0.28   20.72 v _2751_/X (sky130_fd_sc_hd__and4_2)
     2    0.01                           _0480_ (net)
                  0.04    0.00   20.72 v _2760_/B1 (sky130_fd_sc_hd__a211o_2)
                  0.12    0.38   21.10 v _2760_/X (sky130_fd_sc_hd__a211o_2)
     1    0.03                           product[31] (net)
                  0.12    0.00   21.10 v product[31] (out)
                                 21.10   data arrival time

                  0.00    0.00    0.00   clock clk (rise edge)
                          0.00    0.00   clock network delay (ideal)
                          0.25    0.25   clock uncertainty
                          0.00    0.25   clock reconvergence pessimism
                        -20.00  -19.75   output external delay
                                -19.75   data required time
-----------------------------------------------------------------------------
                                -19.75   data required time
                                -21.10   data arrival time
-----------------------------------------------------------------------------
                                 40.85   slack (MET)


Startpoint: mcand[15] (input port clocked by clk)
Endpoint: product[28] (output port clocked by clk)
Path Group: clk
Path Type: min

Fanout     Cap    Slew   Delay    Time   Description
-----------------------------------------------------------------------------
                  0.00    0.00    0.00   clock clk (rise edge)
                          0.00    0.00   clock network delay (ideal)
                         20.00   20.00 v input external delay
                  0.04    0.03   20.03 v mcand[15] (in)
     5    0.02                           mcand[15] (net)
                  0.04    0.00   20.03 v _2063_/A (sky130_fd_sc_hd__buf_1)
                  0.23    0.23   20.26 v _2063_/X (sky130_fd_sc_hd__buf_1)
    10    0.04                           _1108_ (net)
                  0.23    0.00   20.26 v _2660_/B (sky130_fd_sc_hd__nand2_2)
                  0.07    0.15   20.41 ^ _2660_/Y (sky130_fd_sc_hd__nand2_2)
     1    0.01                           _0384_ (net)
                  0.07    0.00   20.41 ^ _2661_/B (sky130_fd_sc_hd__xor2_2)
                  0.04    0.06   20.47 v _2661_/X (sky130_fd_sc_hd__xor2_2)
     2    0.01                           _0385_ (net)
                  0.04    0.00   20.47 v _2662_/B (sky130_fd_sc_hd__nor2_2)
                  0.11    0.10   20.57 ^ _2662_/Y (sky130_fd_sc_hd__nor2_2)
     3    0.01                           _0387_ (net)
                  0.11    0.00   20.57 ^ _2697_/A (sky130_fd_sc_hd__nand2_2)
                  0.05    0.07   20.64 v _2697_/Y (sky130_fd_sc_hd__nand2_2)
     3    0.01                           _0424_ (net)
                  0.05    0.00   20.64 v _2725_/A1 (sky130_fd_sc_hd__a21oi_2)
                  0.11    0.13   20.77 ^ _2725_/Y (sky130_fd_sc_hd__a21oi_2)
     2    0.01                           _0454_ (net)
                  0.11    0.00   20.77 ^ _2727_/A (sky130_fd_sc_hd__or2_2)
                  0.11    0.17   20.94 ^ _2727_/X (sky130_fd_sc_hd__or2_2)
     3    0.02                           _0456_ (net)
                  0.11    0.00   20.94 ^ _2733_/A (sky130_fd_sc_hd__xor2_2)
                  0.10    0.16   21.10 v _2733_/X (sky130_fd_sc_hd__xor2_2)
     1    0.03                           product[28] (net)
                  0.10    0.00   21.10 v product[28] (out)
                                 21.10   data arrival time

                  0.00    0.00    0.00   clock clk (rise edge)
                          0.00    0.00   clock network delay (ideal)
                          0.25    0.25   clock uncertainty
                          0.00    0.25   clock reconvergence pessimism
                        -20.00  -19.75   output external delay
                                -19.75   data required time
-----------------------------------------------------------------------------
                                -19.75   data required time
                                -21.10   data arrival time
-----------------------------------------------------------------------------
                                 40.85   slack (MET)


Startpoint: mcand[5] (input port clocked by clk)
Endpoint: product[7] (output port clocked by clk)
Path Group: clk
Path Type: min

Fanout     Cap    Slew   Delay    Time   Description
-----------------------------------------------------------------------------
                  0.00    0.00    0.00   clock clk (rise edge)
                          0.00    0.00   clock network delay (ideal)
                         20.00   20.00 v input external delay
                  0.05    0.04   20.04 v mcand[5] (in)
     8    0.02                           mcand[5] (net)
                  0.05    0.00   20.04 v _1467_/B (sky130_fd_sc_hd__nand2_2)
                  0.06    0.08   20.11 ^ _1467_/Y (sky130_fd_sc_hd__nand2_2)
     1    0.01                           _0511_ (net)
                  0.06    0.00   20.11 ^ _1468_/B (sky130_fd_sc_hd__xnor2_2)
                  0.05    0.07   20.18 v _1468_/Y (sky130_fd_sc_hd__xnor2_2)
     3    0.01                           _0512_ (net)
                  0.05    0.00   20.18 v _1478_/A (sky130_fd_sc_hd__nand3_2)
                  0.05    0.06   20.24 ^ _1478_/Y (sky130_fd_sc_hd__nand3_2)
     2    0.01                           _0522_ (net)
                  0.05    0.00   20.24 ^ _1482_/A1 (sky130_fd_sc_hd__a21oi_2)
                  0.03    0.06   20.30 v _1482_/Y (sky130_fd_sc_hd__a21oi_2)
     3    0.01                           _0526_ (net)
                  0.03    0.00   20.30 v _1484_/A2 (sky130_fd_sc_hd__o21ai_2)
                  0.07    0.12   20.42 ^ _1484_/Y (sky130_fd_sc_hd__o21ai_2)
     2    0.01                           _0528_ (net)
                  0.07    0.00   20.42 ^ _1486_/B (sky130_fd_sc_hd__nand3_2)
                  0.10    0.10   20.53 v _1486_/Y (sky130_fd_sc_hd__nand3_2)
     5    0.01                           _0530_ (net)
                  0.10    0.00   20.53 v _1574_/A (sky130_fd_sc_hd__nand2_2)
                  0.06    0.09   20.61 ^ _1574_/Y (sky130_fd_sc_hd__nand2_2)
     1    0.01                           _0617_ (net)
                  0.06    0.00   20.61 ^ _1575_/B (sky130_fd_sc_hd__xnor2_2)
                  0.05    0.10   20.72 ^ _1575_/Y (sky130_fd_sc_hd__xnor2_2)
     2    0.01                           _0618_ (net)
                  0.05    0.00   20.72 ^ _2761_/B (sky130_fd_sc_hd__nand2_2)
                  0.02    0.04   20.75 v _2761_/Y (sky130_fd_sc_hd__nand2_2)
     1    0.00                           _0489_ (net)
                  0.02    0.00   20.75 v _2762_/B (sky130_fd_sc_hd__and2_2)
                  0.03    0.16   20.91 v _2762_/X (sky130_fd_sc_hd__and2_2)
     1    0.00                           _0491_ (net)
                  0.03    0.00   20.91 v _2763_/A (sky130_fd_sc_hd__buf_1)
                  0.19    0.20   21.12 v _2763_/X (sky130_fd_sc_hd__buf_1)
     1    0.03                           product[7] (net)
                  0.19    0.00   21.12 v product[7] (out)
                                 21.12   data arrival time

                  0.00    0.00    0.00   clock clk (rise edge)
                          0.00    0.00   clock network delay (ideal)
                          0.25    0.25   clock uncertainty
                          0.00    0.25   clock reconvergence pessimism
                        -20.00  -19.75   output external delay
                                -19.75   data required time
-----------------------------------------------------------------------------
                                -19.75   data required time
                                -21.12   data arrival time
-----------------------------------------------------------------------------
                                 40.87   slack (MET)


Startpoint: mplier[2] (input port clocked by clk)
Endpoint: product[12] (output port clocked by clk)
Path Group: clk
Path Type: min

Fanout     Cap    Slew   Delay    Time   Description
-----------------------------------------------------------------------------
                  0.00    0.00    0.00   clock clk (rise edge)
                          0.00    0.00   clock network delay (ideal)
                         20.00   20.00 ^ input external delay
                  0.03    0.02   20.02 ^ mplier[2] (in)
     3    0.01                           mplier[2] (net)
                  0.03    0.00   20.02 ^ _1532_/A (sky130_fd_sc_hd__and4_2)
                  0.06    0.19   20.20 ^ _1532_/X (sky130_fd_sc_hd__and4_2)
     3    0.01                           _0575_ (net)
                  0.06    0.00   20.20 ^ _1585_/A (sky130_fd_sc_hd__or2_2)
                  0.07    0.13   20.33 ^ _1585_/X (sky130_fd_sc_hd__or2_2)
     2    0.01                           _0627_ (net)
                  0.07    0.00   20.33 ^ _1641_/A (sky130_fd_sc_hd__and2_2)
                  0.05    0.14   20.47 ^ _1641_/X (sky130_fd_sc_hd__and2_2)
     2    0.01                           _0682_ (net)
                  0.05    0.00   20.47 ^ _1648_/A2 (sky130_fd_sc_hd__o21ai_2)
                  0.04    0.06   20.53 v _1648_/Y (sky130_fd_sc_hd__o21ai_2)
     3    0.01                           _0689_ (net)
                  0.04    0.00   20.53 v _1762_/B1 (sky130_fd_sc_hd__o21ai_2)
                  0.07    0.07   20.59 ^ _1762_/Y (sky130_fd_sc_hd__o21ai_2)
     3    0.01                           _0802_ (net)
                  0.07    0.00   20.59 ^ _1775_/C1 (sky130_fd_sc_hd__o211a_2)
                  0.08    0.19   20.79 ^ _1775_/X (sky130_fd_sc_hd__o211a_2)
     3    0.01                           _0814_ (net)
                  0.08    0.00   20.79 ^ _1838_/B1 (sky130_fd_sc_hd__a21oi_2)
                  0.04    0.05   20.83 v _1838_/Y (sky130_fd_sc_hd__a21oi_2)
     2    0.01                           _0877_ (net)
                  0.04    0.00   20.83 v _1839_/B (sky130_fd_sc_hd__nor2_2)
                  0.14    0.12   20.95 ^ _1839_/Y (sky130_fd_sc_hd__nor2_2)
     2    0.01                           _0878_ (net)
                  0.14    0.00   20.95 ^ _1840_/B (sky130_fd_sc_hd__xnor2_2)
                  0.16    0.16   21.12 v _1840_/Y (sky130_fd_sc_hd__xnor2_2)
     1    0.03                           product[12] (net)
                  0.16    0.00   21.12 v product[12] (out)
                                 21.12   data arrival time

                  0.00    0.00    0.00   clock clk (rise edge)
                          0.00    0.00   clock network delay (ideal)
                          0.25    0.25   clock uncertainty
                          0.00    0.25   clock reconvergence pessimism
                        -20.00  -19.75   output external delay
                                -19.75   data required time
-----------------------------------------------------------------------------
                                -19.75   data required time
                                -21.12   data arrival time
-----------------------------------------------------------------------------
                                 40.87   slack (MET)


Startpoint: mplier[2] (input port clocked by clk)
Endpoint: product[13] (output port clocked by clk)
Path Group: clk
Path Type: min

Fanout     Cap    Slew   Delay    Time   Description
-----------------------------------------------------------------------------
                  0.00    0.00    0.00   clock clk (rise edge)
                          0.00    0.00   clock network delay (ideal)
                         20.00   20.00 ^ input external delay
                  0.03    0.02   20.02 ^ mplier[2] (in)
     3    0.01                           mplier[2] (net)
                  0.03    0.00   20.02 ^ _1532_/A (sky130_fd_sc_hd__and4_2)
                  0.06    0.19   20.20 ^ _1532_/X (sky130_fd_sc_hd__and4_2)
     3    0.01                           _0575_ (net)
                  0.06    0.00   20.20 ^ _1585_/A (sky130_fd_sc_hd__or2_2)
                  0.07    0.13   20.33 ^ _1585_/X (sky130_fd_sc_hd__or2_2)
     2    0.01                           _0627_ (net)
                  0.07    0.00   20.33 ^ _1641_/A (sky130_fd_sc_hd__and2_2)
                  0.05    0.14   20.47 ^ _1641_/X (sky130_fd_sc_hd__and2_2)
     2    0.01                           _0682_ (net)
                  0.05    0.00   20.47 ^ _1648_/A2 (sky130_fd_sc_hd__o21ai_2)
                  0.04    0.06   20.53 v _1648_/Y (sky130_fd_sc_hd__o21ai_2)
     3    0.01                           _0689_ (net)
                  0.04    0.00   20.53 v _1762_/B1 (sky130_fd_sc_hd__o21ai_2)
                  0.07    0.07   20.59 ^ _1762_/Y (sky130_fd_sc_hd__o21ai_2)
     3    0.01                           _0802_ (net)
                  0.07    0.00   20.59 ^ _1775_/C1 (sky130_fd_sc_hd__o211a_2)
                  0.08    0.19   20.79 ^ _1775_/X (sky130_fd_sc_hd__o211a_2)
     3    0.01                           _0814_ (net)
                  0.08    0.00   20.79 ^ _1838_/B1 (sky130_fd_sc_hd__a21oi_2)
                  0.04    0.05   20.83 v _1838_/Y (sky130_fd_sc_hd__a21oi_2)
     2    0.01                           _0877_ (net)
                  0.04    0.00   20.83 v _1841_/A2 (sky130_fd_sc_hd__o21bai_2)
                  0.07    0.14   20.97 ^ _1841_/Y (sky130_fd_sc_hd__o21bai_2)
     1    0.01                           _0879_ (net)
                  0.07    0.00   20.97 ^ _1911_/A (sky130_fd_sc_hd__xor2_2)
                  0.10    0.15   21.12 v _1911_/X (sky130_fd_sc_hd__xor2_2)
     1    0.03                           product[13] (net)
                  0.10    0.00   21.12 v product[13] (out)
                                 21.12   data arrival time

                  0.00    0.00    0.00   clock clk (rise edge)
                          0.00    0.00   clock network delay (ideal)
                          0.25    0.25   clock uncertainty
                          0.00    0.25   clock reconvergence pessimism
                        -20.00  -19.75   output external delay
                                -19.75   data required time
-----------------------------------------------------------------------------
                                -19.75   data required time
                                -21.12   data arrival time
-----------------------------------------------------------------------------
                                 40.87   slack (MET)


Startpoint: mplier[11] (input port clocked by clk)
Endpoint: product[27] (output port clocked by clk)
Path Group: clk
Path Type: min

Fanout     Cap    Slew   Delay    Time   Description
-----------------------------------------------------------------------------
                  0.00    0.00    0.00   clock clk (rise edge)
                          0.00    0.00   clock network delay (ideal)
                         20.00   20.00 v input external delay
                  0.03    0.02   20.02 v mplier[11] (in)
     5    0.01                           mplier[11] (net)
                  0.03    0.00   20.02 v _2234_/A (sky130_fd_sc_hd__buf_1)
                  0.18    0.19   20.21 v _2234_/X (sky130_fd_sc_hd__buf_1)
    10    0.03                           _1293_ (net)
                  0.18    0.00   20.21 v _2481_/A (sky130_fd_sc_hd__buf_1)
                  0.16    0.24   20.44 v _2481_/X (sky130_fd_sc_hd__buf_1)
    10    0.03                           _0192_ (net)
                  0.16    0.00   20.44 v _2681_/A (sky130_fd_sc_hd__nand3_2)
                  0.05    0.09   20.54 ^ _2681_/Y (sky130_fd_sc_hd__nand3_2)
     2    0.00                           _0406_ (net)
                  0.05    0.00   20.54 ^ _2700_/A2 (sky130_fd_sc_hd__a21o_2)
                  0.07    0.14   20.68 ^ _2700_/X (sky130_fd_sc_hd__a21o_2)
     3    0.01                           _0427_ (net)
                  0.07    0.00   20.68 ^ _2701_/A (sky130_fd_sc_hd__inv_2)
                  0.02    0.04   20.71 v _2701_/Y (sky130_fd_sc_hd__inv_2)
     2    0.01                           _0428_ (net)
                  0.02    0.00   20.71 v _2702_/C1 (sky130_fd_sc_hd__a211oi_2)
                  0.12    0.12   20.84 ^ _2702_/Y (sky130_fd_sc_hd__a211oi_2)
     2    0.00                           _0430_ (net)
                  0.12    0.00   20.84 ^ _2704_/A (sky130_fd_sc_hd__or2_2)
                  0.07    0.14   20.98 ^ _2704_/X (sky130_fd_sc_hd__or2_2)
     2    0.01                           _0432_ (net)
                  0.07    0.00   20.98 ^ _2706_/A (sky130_fd_sc_hd__xnor2_2)
                  0.15    0.15   21.13 v _2706_/Y (sky130_fd_sc_hd__xnor2_2)
     1    0.03                           product[27] (net)
                  0.15    0.00   21.13 v product[27] (out)
                                 21.13   data arrival time

                  0.00    0.00    0.00   clock clk (rise edge)
                          0.00    0.00   clock network delay (ideal)
                          0.25    0.25   clock uncertainty
                          0.00    0.25   clock reconvergence pessimism
                        -20.00  -19.75   output external delay
                                -19.75   data required time
-----------------------------------------------------------------------------
                                -19.75   data required time
                                -21.13   data arrival time
-----------------------------------------------------------------------------
                                 40.88   slack (MET)


Startpoint: mcand[15] (input port clocked by clk)
Endpoint: product[26] (output port clocked by clk)
Path Group: clk
Path Type: min

Fanout     Cap    Slew   Delay    Time   Description
-----------------------------------------------------------------------------
                  0.00    0.00    0.00   clock clk (rise edge)
                          0.00    0.00   clock network delay (ideal)
                         20.00   20.00 v input external delay
                  0.04    0.03   20.03 v mcand[15] (in)
     5    0.02                           mcand[15] (net)
                  0.04    0.00   20.03 v _2344_/B (sky130_fd_sc_hd__nand2_2)
                  0.06    0.07   20.10 ^ _2344_/Y (sky130_fd_sc_hd__nand2_2)
     1    0.01                           _0045_ (net)
                  0.06    0.00   20.10 ^ _2345_/B (sky130_fd_sc_hd__xnor2_2)
                  0.05    0.11   20.21 ^ _2345_/Y (sky130_fd_sc_hd__xnor2_2)
     2    0.01                           _0046_ (net)
                  0.05    0.00   20.21 ^ _2387_/A (sky130_fd_sc_hd__nand3_2)
                  0.08    0.08   20.29 v _2387_/Y (sky130_fd_sc_hd__nand3_2)
     3    0.01                           _0092_ (net)
                  0.08    0.00   20.29 v _2455_/C1 (sky130_fd_sc_hd__o211ai_2)
                  0.06    0.07   20.35 ^ _2455_/Y (sky130_fd_sc_hd__o211ai_2)
     2    0.00                           _0165_ (net)
                  0.06    0.00   20.35 ^ _2514_/A2 (sky130_fd_sc_hd__a21o_2)
                  0.08    0.15   20.50 ^ _2514_/X (sky130_fd_sc_hd__a21o_2)
     3    0.01                           _0229_ (net)
                  0.08    0.00   20.50 ^ _2515_/B (sky130_fd_sc_hd__xnor2_2)
                  0.05    0.07   20.57 v _2515_/Y (sky130_fd_sc_hd__xnor2_2)
     3    0.01                           _0230_ (net)
                  0.05    0.00   20.57 v _2600_/A (sky130_fd_sc_hd__nand2_2)
                  0.05    0.06   20.63 ^ _2600_/Y (sky130_fd_sc_hd__nand2_2)
     2    0.01                           _0321_ (net)
                  0.05    0.00   20.63 ^ _2601_/C (sky130_fd_sc_hd__or3_2)
                  0.03    0.09   20.72 ^ _2601_/X (sky130_fd_sc_hd__or3_2)
     1    0.00                           _0322_ (net)
                  0.03    0.00   20.72 ^ _2605_/A2 (sky130_fd_sc_hd__o21a_2)
                  0.10    0.15   20.87 ^ _2605_/X (sky130_fd_sc_hd__o21a_2)
     4    0.02                           _0327_ (net)
                  0.10    0.00   20.87 ^ _2675_/A1 (sky130_fd_sc_hd__o21ai_2)
                  0.05    0.08   20.96 v _2675_/Y (sky130_fd_sc_hd__o21ai_2)
     2    0.01                           _0401_ (net)
                  0.05    0.00   20.96 v _2676_/B (sky130_fd_sc_hd__xor2_2)
                  0.10    0.20   21.15 v _2676_/X (sky130_fd_sc_hd__xor2_2)
     1    0.03                           product[26] (net)
                  0.10    0.00   21.15 v product[26] (out)
                                 21.15   data arrival time

                  0.00    0.00    0.00   clock clk (rise edge)
                          0.00    0.00   clock network delay (ideal)
                          0.25    0.25   clock uncertainty
                          0.00    0.25   clock reconvergence pessimism
                        -20.00  -19.75   output external delay
                                -19.75   data required time
-----------------------------------------------------------------------------
                                -19.75   data required time
                                -21.15   data arrival time
-----------------------------------------------------------------------------
                                 40.90   slack (MET)


Startpoint: mplier[2] (input port clocked by clk)
Endpoint: product[14] (output port clocked by clk)
Path Group: clk
Path Type: min

Fanout     Cap    Slew   Delay    Time   Description
-----------------------------------------------------------------------------
                  0.00    0.00    0.00   clock clk (rise edge)
                          0.00    0.00   clock network delay (ideal)
                         20.00   20.00 ^ input external delay
                  0.03    0.02   20.02 ^ mplier[2] (in)
     3    0.01                           mplier[2] (net)
                  0.03    0.00   20.02 ^ _1532_/A (sky130_fd_sc_hd__and4_2)
                  0.06    0.19   20.20 ^ _1532_/X (sky130_fd_sc_hd__and4_2)
     3    0.01                           _0575_ (net)
                  0.06    0.00   20.20 ^ _1585_/A (sky130_fd_sc_hd__or2_2)
                  0.07    0.13   20.33 ^ _1585_/X (sky130_fd_sc_hd__or2_2)
     2    0.01                           _0627_ (net)
                  0.07    0.00   20.33 ^ _1641_/A (sky130_fd_sc_hd__and2_2)
                  0.05    0.14   20.47 ^ _1641_/X (sky130_fd_sc_hd__and2_2)
     2    0.01                           _0682_ (net)
                  0.05    0.00   20.47 ^ _1648_/A2 (sky130_fd_sc_hd__o21ai_2)
                  0.04    0.06   20.53 v _1648_/Y (sky130_fd_sc_hd__o21ai_2)
     3    0.01                           _0689_ (net)
                  0.04    0.00   20.53 v _1762_/B1 (sky130_fd_sc_hd__o21ai_2)
                  0.07    0.07   20.59 ^ _1762_/Y (sky130_fd_sc_hd__o21ai_2)
     3    0.01                           _0802_ (net)
                  0.07    0.00   20.59 ^ _1775_/C1 (sky130_fd_sc_hd__o211a_2)
                  0.08    0.19   20.79 ^ _1775_/X (sky130_fd_sc_hd__o211a_2)
     3    0.01                           _0814_ (net)
                  0.08    0.00   20.79 ^ _1981_/A1 (sky130_fd_sc_hd__a21boi_2)
                  0.04    0.05   20.84 v _1981_/Y (sky130_fd_sc_hd__a21boi_2)
     1    0.00                           _1020_ (net)
                  0.04    0.00   20.84 v _1982_/B (sky130_fd_sc_hd__nor2_2)
                  0.06    0.07   20.90 ^ _1982_/Y (sky130_fd_sc_hd__nor2_2)
     2    0.00                           _1022_ (net)
                  0.06    0.00   20.90 ^ _1983_/B (sky130_fd_sc_hd__or2_2)
                  0.08    0.13   21.04 ^ _1983_/X (sky130_fd_sc_hd__or2_2)
     2    0.01                           _1023_ (net)
                  0.08    0.00   21.04 ^ _1984_/B (sky130_fd_sc_hd__xor2_2)
                  0.10    0.14   21.18 v _1984_/X (sky130_fd_sc_hd__xor2_2)
     1    0.03                           product[14] (net)
                  0.10    0.00   21.18 v product[14] (out)
                                 21.18   data arrival time

                  0.00    0.00    0.00   clock clk (rise edge)
                          0.00    0.00   clock network delay (ideal)
                          0.25    0.25   clock uncertainty
                          0.00    0.25   clock reconvergence pessimism
                        -20.00  -19.75   output external delay
                                -19.75   data required time
-----------------------------------------------------------------------------
                                -19.75   data required time
                                -21.18   data arrival time
-----------------------------------------------------------------------------
                                 40.93   slack (MET)



