Instance name,  X location,  Y location,  Voltage 
FILLER_0_59_321, 152.11, 168.64, 2.6261e-05
_2056_, 152.11, 141.44, 1.57858e-05
_2127_, 152.11, 141.44, 1.57858e-05
_1971_, 152.11, 136, 6.28126e-06
_2057_, 152.11, 136, 6.28126e-06
_1973_, 152.11, 130.56, 1.28989e-05
_1975_, 152.11, 130.56, 1.28989e-05
FILLER_0_44_309, 152.11, 130.56, 1.28989e-05
_1915_, 152.11, 125.12, 1.2163e-05
_1974_, 152.11, 125.12, 1.2163e-05
_1977_, 152.11, 125.12, 1.2163e-05
FILLER_0_42_323, 152.11, 125.12, 1.2163e-05
_1901_, 152.11, 119.68, 8.24384e-06
_1913_, 152.11, 119.68, 8.24384e-06
_1914_, 152.11, 119.68, 8.24384e-06
max_cap2, 152.11, 119.68, 8.24384e-06
FILLER_0_40_309, 152.11, 119.68, 8.24384e-06
FILLER_0_41_317, 152.11, 119.68, 8.24384e-06
_1896_, 152.11, 114.24, 4.60364e-06
_1897_, 152.11, 114.24, 4.60364e-06
_1899_, 152.11, 114.24, 4.60364e-06
_1900_, 152.11, 114.24, 4.60364e-06
FILLER_0_38_315, 152.11, 114.24, 4.60364e-06
FILLER_0_38_323, 152.11, 114.24, 4.60364e-06
_1845_, 152.11, 108.8, 2.27064e-06
_1863_, 152.11, 108.8, 2.27064e-06
_1864_, 152.11, 108.8, 2.27064e-06
_1865_, 152.11, 108.8, 2.27064e-06
FILLER_0_36_315, 152.11, 108.8, 2.27064e-06
FILLER_0_37_316, 152.11, 108.8, 2.27064e-06
_1791_, 152.11, 103.36, 2.34856e-06
_1823_, 152.11, 103.36, 2.34856e-06
FILLER_0_35_313, 152.11, 103.36, 2.34856e-06
_1848_, 152.11, 97.92, 1.9871e-06
_1866_, 152.11, 97.92, 1.9871e-06
_1822_, 152.11, 92.48, 4.41035e-06
_1904_, 152.11, 92.48, 4.41035e-06
FILLER_0_30_317, 152.11, 92.48, 4.41035e-06
FILLER_0_30_325, 152.11, 92.48, 4.41035e-06
_1748_, 152.11, 87.04, 5.40047e-06
_1751_, 152.11, 87.04, 5.40047e-06
_1844_, 152.11, 87.04, 5.40047e-06
_1903_, 152.11, 87.04, 5.40047e-06
FILLER_0_28_317, 152.11, 87.04, 5.40047e-06
FILLER_0_29_318, 152.11, 87.04, 5.40047e-06
_1795_, 152.11, 81.6, 5.2156e-06
_1711_, 152.11, 76.16, 4.5903e-06
_1713_, 152.11, 76.16, 4.5903e-06
_1777_, 152.11, 70.72, 6.29098e-06
_1833_, 152.11, 70.72, 6.29098e-06
FILLER_0_22_321, 152.11, 70.72, 6.29098e-06
_1756_, 152.11, 65.28, 6.5174e-06
_1757_, 152.11, 65.28, 6.5174e-06
_1776_, 152.11, 59.84, 1.11532e-05
_1835_, 152.11, 59.84, 1.11532e-05
FILLER_0_18_309, 152.11, 59.84, 1.11532e-05
_1689_, 152.11, 54.4, 1.06773e-05
_1700_, 152.11, 54.4, 1.06773e-05
_1759_, 152.11, 54.4, 1.06773e-05
_1760_, 152.11, 54.4, 1.06773e-05
_1761_, 152.11, 54.4, 1.06773e-05
_1762_, 152.11, 54.4, 1.06773e-05
FILLER_0_16_328, 152.11, 54.4, 1.06773e-05
FILLER_0_17_312, 152.11, 54.4, 1.06773e-05
_1699_, 152.11, 48.96, 1.22396e-05
_1763_, 152.11, 48.96, 1.22396e-05
_1764_, 152.11, 48.96, 1.22396e-05
FILLER_0_14_316, 152.11, 48.96, 1.22396e-05
FILLER_0_15_312, 152.11, 48.96, 1.22396e-05
_1697_, 152.11, 38.08, 1.63169e-05
_1766_, 152.11, 38.08, 1.63169e-05
_1771_, 152.11, 38.08, 1.63169e-05
FILLER_0_10_322, 152.11, 38.08, 1.63169e-05
_1698_, 152.11, 32.64, 6.22498e-06
_1768_, 152.11, 32.64, 6.22498e-06
_1636_, 152.11, 27.2, 3.4417e-06
FILLER_0_6_317, 152.11, 27.2, 3.4417e-06
_1571_, 152.11, 21.76, 7.45185e-06
_1573_, 152.11, 21.76, 7.45185e-06
_1634_, 152.11, 21.76, 7.45185e-06
_1635_, 152.11, 21.76, 7.45185e-06
FILLER_0_4_317, 152.11, 21.76, 7.45185e-06
input24, 152.11, 10.88, 8.19111e-06
FILLER_0_0_328, 152.11, 10.88, 8.19111e-06
_2272_, 111.17, 168.64, 2.56066e-05
_2334_, 111.17, 168.64, 2.56066e-05
input29, 111.17, 168.64, 2.56066e-05
FILLER_0_58_234, 111.17, 168.64, 2.56066e-05
_2335_, 111.17, 163.2, 2.30951e-05
_2399_, 111.17, 163.2, 2.30951e-05
_2403_, 111.17, 163.2, 2.30951e-05
_1998_, 111.17, 157.76, 7.7011e-06
_2402_, 111.17, 157.76, 7.7011e-06
_2000_, 111.17, 152.32, 6.59964e-06
_2066_, 111.17, 152.32, 6.59964e-06
_2009_, 111.17, 146.88, 6.38479e-06
_2010_, 111.17, 146.88, 6.38479e-06
_2011_, 111.17, 146.88, 6.38479e-06
_2005_, 111.17, 141.44, 6.77661e-06
_2008_, 111.17, 141.44, 6.77661e-06
_2084_, 111.17, 141.44, 6.77661e-06
_2001_, 111.17, 136, 3.71739e-06
FILLER_0_46_223, 111.17, 136, 3.71739e-06
_1924_, 111.17, 130.56, 4.26627e-06
_2002_, 111.17, 130.56, 4.26627e-06
_2003_, 111.17, 130.56, 4.26627e-06
FILLER_0_44_233, 111.17, 130.56, 4.26627e-06
FILLER_0_45_232, 111.17, 130.56, 4.26627e-06
_1856_, 111.17, 125.12, 3.97576e-06
_1857_, 111.17, 125.12, 3.97576e-06
_1929_, 111.17, 125.12, 3.97576e-06
FILLER_0_42_238, 111.17, 125.12, 3.97576e-06
FILLER_0_43_225, 111.17, 125.12, 3.97576e-06
_1855_, 111.17, 119.68, 3.38393e-06
_1925_, 111.17, 119.68, 3.38393e-06
_1926_, 111.17, 119.68, 3.38393e-06
FILLER_0_40_244, 111.17, 119.68, 3.38393e-06
_1580_, 111.17, 114.24, 3.32296e-06
_1642_, 111.17, 114.24, 3.32296e-06
_1662_, 111.17, 114.24, 3.32296e-06
_1879_, 111.17, 108.8, 2.45682e-06
_1882_, 111.17, 108.8, 2.45682e-06
_1944_, 111.17, 108.8, 2.45682e-06
_1808_, 111.17, 103.36, 2.24221e-06
_1939_, 111.17, 103.36, 2.24221e-06
_1945_, 111.17, 103.36, 2.24221e-06
FILLER_0_34_234, 111.17, 103.36, 2.24221e-06
FILLER_0_35_232, 111.17, 103.36, 2.24221e-06
FILLER_0_35_240, 111.17, 103.36, 2.24221e-06
_1871_, 111.17, 97.92, 1.85899e-06
_1943_, 111.17, 97.92, 1.85899e-06
_1869_, 111.17, 92.48, 2.42188e-06
FILLER_0_30_222, 111.17, 92.48, 2.42188e-06
_1665_, 111.17, 87.04, 2.89258e-06
FILLER_0_28_222, 111.17, 87.04, 2.89258e-06
_1666_, 111.17, 81.6, 2.90776e-06
_1667_, 111.17, 81.6, 2.90776e-06
_1668_, 111.17, 81.6, 2.90776e-06
FILLER_0_26_226, 111.17, 81.6, 2.90776e-06
_1459_, 111.17, 76.16, 3.08951e-06
_1703_, 111.17, 76.16, 3.08951e-06
_1704_, 111.17, 76.16, 3.08951e-06
_1705_, 111.17, 76.16, 3.08951e-06
_1708_, 111.17, 76.16, 3.08951e-06
FILLER_0_24_238, 111.17, 76.16, 3.08951e-06
FILLER_0_25_225, 111.17, 76.16, 3.08951e-06
FILLER_0_25_237, 111.17, 76.16, 3.08951e-06
_1655_, 111.17, 70.72, 2.8888e-06
_1656_, 111.17, 70.72, 2.8888e-06
_1590_, 111.17, 65.28, 3.44891e-06
_1591_, 111.17, 65.28, 3.44891e-06
_1652_, 111.17, 65.28, 3.44891e-06
FILLER_0_19_229, 111.17, 65.28, 3.44891e-06
FILLER_0_21_217, 111.17, 65.28, 3.44891e-06
_1371_, 111.17, 59.84, 4.32398e-06
_1514_, 111.17, 59.84, 4.32398e-06
_1538_, 111.17, 59.84, 4.32398e-06
_1541_, 111.17, 59.84, 4.32398e-06
_1592_, 111.17, 59.84, 4.32398e-06
FILLER_0_18_228, 111.17, 59.84, 4.32398e-06
FILLER_0_19_221, 111.17, 59.84, 4.32398e-06
_1531_, 111.17, 54.4, 3.81826e-06
_1533_, 111.17, 54.4, 3.81826e-06
_1542_, 111.17, 54.4, 3.81826e-06
FILLER_0_16_227, 111.17, 54.4, 3.81826e-06
FILLER_0_17_221, 111.17, 54.4, 3.81826e-06
FILLER_0_17_232, 111.17, 54.4, 3.81826e-06
_1379_, 111.17, 48.96, 5.07812e-06
_1530_, 111.17, 48.96, 5.07812e-06
FILLER_0_15_221, 111.17, 48.96, 5.07812e-06
_1504_, 111.17, 43.52, 4.75061e-06
_1507_, 111.17, 43.52, 4.75061e-06
_1508_, 111.17, 43.52, 4.75061e-06
_1543_, 111.17, 38.08, 5.44923e-06
_1544_, 111.17, 38.08, 5.44923e-06
_1550_, 111.17, 38.08, 5.44923e-06
FILLER_0_10_231, 111.17, 38.08, 5.44923e-06
_1470_, 111.17, 32.64, 3.73225e-06
_1498_, 111.17, 32.64, 3.73225e-06
_1502_, 111.17, 32.64, 3.73225e-06
_1503_, 111.17, 32.64, 3.73225e-06
_1549_, 111.17, 32.64, 3.73225e-06
FILLER_0_9_231, 111.17, 32.64, 3.73225e-06
FILLER_0_9_241, 111.17, 32.64, 3.73225e-06
FILLER_0_6_229, 111.17, 27.2, 2.58161e-06
_1488_, 111.17, 21.76, 6.68134e-06
_1490_, 111.17, 21.76, 6.68134e-06
input14, 111.17, 10.88, 5.34679e-06
_2260_, 70.23, 168.64, 2.29764e-05
FILLER_0_58_136, 70.23, 168.64, 2.29764e-05
FILLER_0_56_141, 70.23, 163.2, 1.29444e-05
_2162_, 70.23, 157.76, 7.93251e-06
_2207_, 70.23, 157.76, 7.93251e-06
FILLER_0_51_140, 70.23, 152.32, 5.30836e-06
FILLER_0_52_136, 70.23, 152.32, 5.30836e-06
FILLER_0_53_138, 70.23, 152.32, 5.30836e-06
_2156_, 70.23, 146.88, 7.4494e-06
_2157_, 70.23, 146.88, 7.4494e-06
_2154_, 70.23, 141.44, 5.06936e-06
_2155_, 70.23, 141.44, 5.06936e-06
_2151_, 70.23, 136, 4.24085e-06
_2152_, 70.23, 136, 4.24085e-06
_2254_, 70.23, 136, 4.24085e-06
FILLER_0_46_130, 70.23, 136, 4.24085e-06
FILLER_0_47_142, 70.23, 136, 4.24085e-06
_2149_, 70.23, 130.56, 3.1994e-06
_2284_, 70.23, 130.56, 3.1994e-06
FILLER_0_45_137, 70.23, 130.56, 3.1994e-06
_1805_, 70.23, 125.12, 3.91878e-06
_2173_, 70.23, 125.12, 3.91878e-06
FILLER_0_42_141, 70.23, 125.12, 3.91878e-06
FILLER_0_43_137, 70.23, 125.12, 3.91878e-06
_2172_, 70.23, 119.68, 3.16326e-06
_2219_, 70.23, 119.68, 3.16326e-06
FILLER_0_40_137, 70.23, 119.68, 3.16326e-06
FILLER_0_41_139, 70.23, 119.68, 3.16326e-06
_2290_, 70.23, 114.24, 3.17867e-06
_2181_, 70.23, 108.8, 2.89123e-06
_2182_, 70.23, 108.8, 2.89123e-06
_2249_, 70.23, 108.8, 2.89123e-06
FILLER_0_36_152, 70.23, 108.8, 2.89123e-06
FILLER_0_37_134, 70.23, 108.8, 2.89123e-06
FILLER_0_37_142, 70.23, 108.8, 2.89123e-06
_2174_, 70.23, 103.36, 2.95551e-06
_2178_, 70.23, 103.36, 2.95551e-06
_2231_, 70.23, 103.36, 2.95551e-06
_2232_, 70.23, 103.36, 2.95551e-06
_1740_, 70.23, 97.92, 2.22011e-06
_2234_, 70.23, 97.92, 2.22011e-06
FILLER_0_31_140, 70.23, 97.92, 2.22011e-06
FILLER_0_32_135, 70.23, 97.92, 2.22011e-06
FILLER_0_32_149, 70.23, 97.92, 2.22011e-06
_2165_, 70.23, 92.48, 2.15627e-06
_2167_, 70.23, 92.48, 2.15627e-06
_2166_, 70.23, 87.04, 3.33793e-06
_2309_, 70.23, 87.04, 3.33793e-06
_2243_, 70.23, 81.6, 2.8425e-06
FILLER_0_26_146, 70.23, 81.6, 2.8425e-06
_2244_, 70.23, 76.16, 2.66683e-06
_2245_, 70.23, 76.16, 2.66683e-06
_2246_, 70.23, 76.16, 2.66683e-06
_2308_, 70.23, 76.16, 2.66683e-06
_1582_, 70.23, 70.72, 2.927e-06
_1644_, 70.23, 70.72, 2.927e-06
_1719_, 70.23, 70.72, 2.927e-06
_2302_, 70.23, 70.72, 2.927e-06
_2570_, 70.23, 70.72, 2.927e-06
FILLER_0_22_141, 70.23, 70.72, 2.927e-06
_1706_, 70.23, 65.28, 3.24999e-06
_1707_, 70.23, 65.28, 3.24999e-06
FILLER_0_19_140, 70.23, 65.28, 3.24999e-06
FILLER_0_20_135, 70.23, 65.28, 3.24999e-06
FILLER_0_20_141, 70.23, 65.28, 3.24999e-06
FILLER_0_21_144, 70.23, 65.28, 3.24999e-06
_1783_, 70.23, 59.84, 2.97691e-06
_2571_, 70.23, 59.84, 2.97691e-06
_2573_, 70.23, 59.84, 2.97691e-06
_2613_, 70.23, 59.84, 2.97691e-06
_1436_, 70.23, 54.4, 3.52134e-06
_1437_, 70.23, 54.4, 3.52134e-06
FILLER_0_16_141, 70.23, 54.4, 3.52134e-06
_1424_, 70.23, 43.52, 2.96517e-06
FILLER_0_12_141, 70.23, 43.52, 2.96517e-06
_2712_, 70.23, 38.08, 2.60371e-06
_2713_, 70.23, 38.08, 2.60371e-06
_2741_, 70.23, 38.08, 2.60371e-06
_2715_, 70.23, 32.64, 3.09468e-06
FILLER_0_8_132, 70.23, 32.64, 3.09468e-06
_1450_, 70.23, 27.2, 2.48526e-06
_1451_, 70.23, 27.2, 2.48526e-06
FILLER_0_7_141, 70.23, 27.2, 2.48526e-06
FILLER_0_5_143, 70.23, 21.76, 5.45398e-06
FILLER_0_0_135, 70.23, 10.88, 1.04072e-05
FILLER_0_57_51, 29.29, 168.64, 1.9981e-05
FILLER_0_59_49, 29.29, 168.64, 1.9981e-05
FILLER_0_55_51, 29.29, 163.2, 6.73015e-06
_2462_, 29.29, 157.76, 1.35734e-05
FILLER_0_53_51, 29.29, 157.76, 1.35734e-05
FILLER_0_54_63, 29.29, 157.76, 1.35734e-05
_2458_, 29.29, 146.88, 1.52133e-05
_2460_, 29.29, 146.88, 1.52133e-05
_2457_, 29.29, 141.44, 1.14094e-05
_2518_, 29.29, 141.44, 1.14094e-05
FILLER_0_48_54, 29.29, 141.44, 1.14094e-05
FILLER_0_49_52, 29.29, 141.44, 1.14094e-05
_2388_, 29.29, 136, 1.03624e-05
_2389_, 29.29, 136, 1.03624e-05
_2456_, 29.29, 136, 1.03624e-05
FILLER_0_46_47, 29.29, 136, 1.03624e-05
FILLER_0_46_55, 29.29, 136, 1.03624e-05
FILLER_0_47_47, 29.29, 136, 1.03624e-05
_2467_, 29.29, 125.12, 1.08514e-05
_2452_, 29.29, 119.68, 7.33023e-06
_2383_, 29.29, 114.24, 4.96454e-06
_2451_, 29.29, 114.24, 4.96454e-06
FILLER_0_38_52, 29.29, 114.24, 4.96454e-06
_2361_, 29.29, 108.8, 5.27642e-06
_2414_, 29.29, 108.8, 5.27642e-06
_2446_, 29.29, 108.8, 5.27642e-06
_2449_, 29.29, 108.8, 5.27642e-06
FILLER_0_36_42, 29.29, 108.8, 5.27642e-06
FILLER_0_36_54, 29.29, 108.8, 5.27642e-06
FILLER_0_37_53, 29.29, 108.8, 5.27642e-06
FILLER_0_37_57, 29.29, 108.8, 5.27642e-06
_2433_, 29.29, 103.36, 6.66105e-06
_2434_, 29.29, 103.36, 6.66105e-06
FILLER_0_34_49, 29.29, 103.36, 6.66105e-06
FILLER_0_35_52, 29.29, 103.36, 6.66105e-06
_2444_, 29.29, 97.92, 4.53245e-06
_2445_, 29.29, 97.92, 4.53245e-06
FILLER_0_33_50, 29.29, 97.92, 4.53245e-06
_2478_, 29.29, 92.48, 2.76585e-06
_2477_, 29.29, 87.04, 6.41795e-06
_2479_, 29.29, 87.04, 6.41795e-06
FILLER_0_28_49, 29.29, 87.04, 6.41795e-06
_2490_, 29.29, 81.6, 4.95936e-06
FILLER_0_26_56, 29.29, 81.6, 4.95936e-06
_2523_, 29.29, 76.16, 2.83867e-06
_2524_, 29.29, 76.16, 2.83867e-06
_2525_, 29.29, 76.16, 2.83867e-06
_2585_, 29.29, 76.16, 2.83867e-06
_2532_, 29.29, 70.72, 2.85951e-06
_2533_, 29.29, 70.72, 2.85951e-06
_2578_, 29.29, 70.72, 2.85951e-06
FILLER_0_22_61, 29.29, 70.72, 2.85951e-06
FILLER_0_23_53, 29.29, 70.72, 2.85951e-06
FILLER_0_23_57, 29.29, 70.72, 2.85951e-06
_2531_, 29.29, 65.28, 4.3065e-06
_2623_, 29.29, 65.28, 4.3065e-06
_2470_, 29.29, 59.84, 3.87145e-06
_2567_, 29.29, 59.84, 3.87145e-06
FILLER_0_18_53, 29.29, 59.84, 3.87145e-06
FILLER_0_17_52, 29.29, 54.4, 9.38564e-06
FILLER_0_17_57, 29.29, 54.4, 9.38564e-06
_2625_, 29.29, 48.96, 3.69594e-06
_2626_, 29.29, 48.96, 3.69594e-06
_2666_, 29.29, 48.96, 3.69594e-06
FILLER_0_14_55, 29.29, 48.96, 3.69594e-06
_2657_, 29.29, 43.52, 4.06735e-06
_2679_, 29.29, 43.52, 4.06735e-06
FILLER_0_13_49, 29.29, 43.52, 4.06735e-06
_2554_, 29.29, 38.08, 3.30949e-06
_2659_, 29.29, 38.08, 3.30949e-06
_2681_, 29.29, 38.08, 3.30949e-06
FILLER_0_10_48, 29.29, 38.08, 3.30949e-06
FILLER_0_11_57, 29.29, 38.08, 3.30949e-06
_2680_, 29.29, 32.64, 8.48827e-06
_2699_, 29.29, 32.64, 8.48827e-06
_2700_, 29.29, 32.64, 8.48827e-06
_2702_, 29.29, 32.64, 8.48827e-06
FILLER_0_9_50, 29.29, 32.64, 8.48827e-06
_2701_, 29.29, 27.2, 4.86823e-06
FILLER_0_7_52, 29.29, 27.2, 4.86823e-06
_2749_, 29.29, 21.76, 9.24742e-06
FILLER_0_3_51, 29.29, 21.76, 9.24742e-06
FILLER_0_4_57, 29.29, 21.76, 9.24742e-06
FILLER_0_5_50, 29.29, 21.76, 9.24742e-06
output52, 29.29, 10.88, 1.96542e-05
FILLER_0_0_47, 29.29, 10.88, 1.96542e-05
FILLER_0_1_53, 29.29, 10.88, 1.96542e-05
PHY_EDGE_ROW_59_Left_119, 5.52, 174.08, 1.75687e-06
PHY_EDGE_ROW_59_Right_59, 169.28, 174.08, 1.63151e-06
FILLER_0_59_153, 73.14, 174.08, 2.92293e-06
FILLER_0_59_221, 104.42, 174.08, 2.45746e-06
FILLER_0_59_243, 114.54, 174.08, 2.01285e-06
output60, 60.185, 174.08, 3.41813e-06
_2273_, 83.566, 174.08, 3.54978e-06
FILLER_0_59_169, 83.566, 174.08, 3.54978e-06
input18, 93.993, 174.08, 3.09143e-06
FILLER_0_59_337, 160.695, 174.08, 1.6315e-06
PHY_EDGE_ROW_57_Left_117, 5.52, 168.64, 3.88994e-05
PHY_EDGE_ROW_58_Left_118, 5.52, 168.64, 3.88994e-05
input7, 5.52, 168.64, 3.88994e-05
output37, 5.52, 168.64, 3.88994e-05
PHY_EDGE_ROW_57_Right_57, 169.28, 168.64, 4.4467e-05
PHY_EDGE_ROW_58_Right_58, 169.28, 168.64, 4.4467e-05
input27, 9.66, 168.64, 3.58855e-05
ANTENNA_4, 9.66, 168.64, 3.58855e-05
ANTENNA_5, 9.66, 168.64, 3.58855e-05
FILLER_0_59_7, 9.66, 168.64, 3.58855e-05
FILLER_0_58_17, 15.18, 168.64, 3.1672e-05
FILLER_0_58_25, 15.18, 168.64, 3.1672e-05
_1432_, 20.7, 168.64, 2.74586e-05
output59, 20.7, 168.64, 2.74586e-05
FILLER_0_58_29, 20.7, 168.64, 2.74586e-05
FILLER_0_58_73, 40.02, 168.64, 3.06016e-05
FILLER_0_58_81, 40.02, 168.64, 3.06016e-05
FILLER_0_59_75, 40.02, 168.64, 3.06016e-05
_2331_, 45.54, 168.64, 3.60481e-05
output41, 45.54, 168.64, 3.60481e-05
FILLER_0_58_85, 45.54, 168.64, 3.60481e-05
_2394_, 51.06, 168.64, 3.44955e-05
FILLER_0_59_103, 51.06, 168.64, 3.44955e-05
output34, 143.06, 168.64, 3.35218e-05
FILLER_0_58_305, 143.06, 168.64, 3.35218e-05
FILLER_0_59_303, 143.06, 168.64, 3.35218e-05
output40, 163.3, 168.64, 4.4467e-05
output46, 163.3, 168.64, 4.4467e-05
input6, 30.82, 168.64, 2.15239e-05
_2191_, 79.12, 168.64, 3.28515e-05
_2194_, 79.12, 168.64, 3.28515e-05
input5, 79.12, 168.64, 3.28515e-05
FILLER_0_58_166, 79.12, 168.64, 3.28515e-05
FILLER_0_59_161, 79.12, 168.64, 3.28515e-05
output39, 132.02, 168.64, 3.94417e-05
FILLER_0_59_277, 132.02, 168.64, 3.94417e-05
output58, 155.94, 168.64, 3.26595e-05
FILLER_0_59_329, 155.94, 168.64, 3.26595e-05
input23, 161.46, 168.64, 4.15592e-05
_2259_, 60.645, 168.64, 3.13696e-05
_2332_, 60.645, 168.64, 3.13696e-05
input12, 60.645, 168.64, 3.13696e-05
_2195_, 89.803, 168.64, 4.28047e-05
_2263_, 89.803, 168.64, 4.28047e-05
_2264_, 89.803, 168.64, 4.28047e-05
output42, 89.803, 168.64, 4.28047e-05
FILLER_0_57_191, 89.803, 168.64, 4.28047e-05
FILLER_0_58_185, 89.803, 168.64, 4.28047e-05
FILLER_0_59_187, 89.803, 168.64, 4.28047e-05
_2267_, 100.486, 168.64, 3.69507e-05
_2274_, 100.486, 168.64, 3.69507e-05
_2400_, 100.486, 168.64, 3.69507e-05
_2198_, 121.595, 168.64, 3.62091e-05
_2203_, 121.595, 168.64, 3.62091e-05
_2265_, 121.595, 168.64, 3.62091e-05
input13, 121.595, 168.64, 3.62091e-05
FILLER_0_58_253, 121.595, 168.64, 3.62091e-05
PHY_EDGE_ROW_55_Left_115, 5.52, 163.2, 1.41469e-05
PHY_EDGE_ROW_56_Left_116, 5.52, 163.2, 1.41469e-05
output63, 5.52, 163.2, 1.41469e-05
PHY_EDGE_ROW_55_Right_55, 169.28, 163.2, 1.16874e-05
PHY_EDGE_ROW_56_Right_56, 169.28, 163.2, 1.16874e-05
FILLER_0_56_21, 15.18, 163.2, 1.11328e-05
FILLER_0_56_77, 40.02, 163.2, 1.06013e-05
FILLER_0_56_85, 40.02, 163.2, 1.06013e-05
_2395_, 60.26, 163.2, 1.51398e-05
FILLER_0_57_119, 60.26, 163.2, 1.51398e-05
_2190_, 72.22, 163.2, 1.50074e-05
FILLER_0_57_143, 72.22, 163.2, 1.50074e-05
_2257_, 77.74, 163.2, 2.0381e-05
_2258_, 77.74, 163.2, 2.0381e-05
FILLER_0_56_164, 77.74, 163.2, 2.0381e-05
_2333_, 98.9, 163.2, 3.70656e-05
_2337_, 98.9, 163.2, 3.70656e-05
_2401_, 98.9, 163.2, 3.70656e-05
FILLER_0_56_197, 98.9, 163.2, 3.70656e-05
FILLER_0_55_221, 104.42, 163.2, 3.07806e-05
_2199_, 117.3, 163.2, 2.69642e-05
_2266_, 117.3, 163.2, 2.69642e-05
_2336_, 117.3, 163.2, 2.69642e-05
FILLER_0_56_249, 117.3, 163.2, 2.69642e-05
FILLER_0_57_243, 117.3, 163.2, 2.69642e-05
_2200_, 122.82, 163.2, 2.79647e-05
_2270_, 122.82, 163.2, 2.79647e-05
FILLER_0_56_253, 122.82, 163.2, 2.79647e-05
FILLER_0_56_303, 145.82, 163.2, 1.56004e-05
FILLER_0_57_317, 151.34, 163.2, 1.10924e-05
_2132_, 156.86, 163.2, 1.15531e-05
input19, 163.3, 163.2, 1.16873e-05
FILLER_0_56_345, 163.3, 163.2, 1.16873e-05
FILLER_0_57_349, 163.3, 163.2, 1.16873e-05
_2210_, 61.64, 163.2, 1.51549e-05
_2329_, 61.64, 163.2, 1.51549e-05
_2330_, 61.64, 163.2, 1.51549e-05
FILLER_0_55_125, 61.64, 163.2, 1.51549e-05
FILLER_0_56_128, 61.64, 163.2, 1.51549e-05
_2261_, 89.7, 163.2, 3.06774e-05
_2262_, 89.7, 163.2, 3.06774e-05
FILLER_0_56_189, 89.7, 163.2, 3.06774e-05
FILLER_0_57_325, 155.94, 163.2, 1.13421e-05
_2328_, 50.14, 163.2, 1.42523e-05
_2128_, 131.56, 163.2, 2.72459e-05
_2268_, 131.56, 163.2, 2.72459e-05
_2269_, 131.56, 163.2, 2.72459e-05
FILLER_0_55_275, 131.56, 163.2, 2.72459e-05
FILLER_0_56_275, 131.56, 163.2, 2.72459e-05
FILLER_0_57_274, 131.56, 163.2, 2.72459e-05
PHY_EDGE_ROW_53_Left_113, 5.52, 157.76, 1.36891e-05
PHY_EDGE_ROW_54_Left_114, 5.52, 157.76, 1.36891e-05
PHY_EDGE_ROW_53_Right_53, 169.28, 157.76, 5.0742e-06
PHY_EDGE_ROW_54_Right_54, 169.28, 157.76, 5.0742e-06
_2064_, 26.22, 157.76, 1.36891e-05
FILLER_0_54_41, 26.22, 157.76, 1.36891e-05
_2206_, 66.24, 157.76, 1.04168e-05
_2208_, 66.24, 157.76, 1.04168e-05
_2209_, 66.24, 157.76, 1.04168e-05
_2275_, 66.24, 157.76, 1.04168e-05
_2325_, 66.24, 157.76, 1.04168e-05
_2139_, 89.24, 157.76, 8.77401e-06
FILLER_0_54_179, 89.24, 157.76, 8.77401e-06
FILLER_0_55_182, 89.24, 157.76, 8.77401e-06
_2137_, 94.76, 157.76, 8.67888e-06
_2138_, 94.76, 157.76, 8.67888e-06
_2204_, 94.76, 157.76, 8.67888e-06
FILLER_0_54_304, 143.52, 157.76, 8.82607e-06
FILLER_0_54_345, 163.3, 157.76, 5.07419e-06
FILLER_0_55_349, 163.3, 157.76, 5.07419e-06
_2076_, 78.2, 157.76, 8.45873e-06
_2136_, 78.2, 157.76, 8.45873e-06
FILLER_0_55_163, 78.2, 157.76, 8.45873e-06
_2078_, 83.72, 157.76, 8.74485e-06
_2140_, 83.72, 157.76, 8.74485e-06
_2141_, 83.72, 157.76, 8.74485e-06
FILLER_0_55_169, 83.72, 157.76, 8.74485e-06
_1997_, 102.58, 157.76, 8.22414e-06
FILLER_0_54_217, 102.58, 157.76, 8.22414e-06
_2071_, 111.32, 157.76, 7.76893e-06
_2271_, 111.32, 157.76, 7.76893e-06
FILLER_0_54_236, 111.32, 157.76, 7.76893e-06
_2123_, 127.88, 157.76, 1.24368e-05
_2134_, 127.88, 157.76, 1.24368e-05
_2202_, 127.88, 157.76, 1.24368e-05
FILLER_0_55_261, 127.88, 157.76, 1.24368e-05
_2125_, 137.08, 157.76, 1.16389e-05
_2201_, 137.08, 157.76, 1.16389e-05
_2327_, 41.606, 157.76, 2.13213e-05
_2390_, 41.606, 157.76, 2.13213e-05
_2391_, 41.606, 157.76, 2.13213e-05
_2393_, 41.606, 157.76, 2.13213e-05
_2396_, 41.606, 157.76, 2.13213e-05
_2397_, 41.606, 157.76, 2.13213e-05
_2398_, 41.606, 157.76, 2.13213e-05
FILLER_0_53_76, 41.606, 157.76, 2.13213e-05
FILLER_0_54_85, 41.606, 157.76, 2.13213e-05
_2255_, 53.923, 157.76, 1.68984e-05
_2326_, 53.923, 157.76, 1.68984e-05
FILLER_0_53_109, 53.923, 157.76, 1.68984e-05
FILLER_0_54_96, 53.923, 157.76, 1.68984e-05
FILLER_0_55_109, 53.923, 157.76, 1.68984e-05
_2135_, 119.6, 157.76, 1.01663e-05
PHY_EDGE_ROW_51_Left_111, 5.52, 152.32, 7.7064e-06
PHY_EDGE_ROW_52_Left_112, 5.52, 152.32, 7.7064e-06
PHY_EDGE_ROW_51_Right_51, 169.28, 152.32, 5.43953e-06
PHY_EDGE_ROW_52_Right_52, 169.28, 152.32, 5.43953e-06
_1996_, 103.5, 152.32, 7.87182e-06
_1999_, 103.5, 152.32, 7.87182e-06
_2120_, 103.5, 152.32, 7.87182e-06
_2067_, 117.76, 152.32, 8.88729e-06
_2068_, 117.76, 152.32, 8.88729e-06
FILLER_0_52_241, 117.76, 152.32, 8.88729e-06
FILLER_0_52_249, 117.76, 152.32, 8.88729e-06
_2069_, 123.28, 152.32, 1.06353e-05
_2122_, 123.28, 152.32, 1.06353e-05
_2197_, 123.28, 152.32, 1.06353e-05
FILLER_0_52_253, 123.28, 152.32, 1.06353e-05
_2196_, 128.8, 152.32, 1.06639e-05
FILLER_0_51_274, 128.8, 152.32, 1.06639e-05
FILLER_0_52_278, 128.8, 152.32, 1.06639e-05
FILLER_0_53_277, 128.8, 152.32, 1.06639e-05
_2126_, 140.3, 152.32, 1.00407e-05
FILLER_0_53_330, 156.86, 152.32, 5.4395e-06
FILLER_0_52_345, 163.3, 152.32, 5.43952e-06
FILLER_0_53_349, 163.3, 152.32, 5.43952e-06
FILLER_0_51_21, 15.18, 152.32, 7.70638e-06
_2601_, 21.62, 152.32, 7.70637e-06
_2604_, 21.62, 152.32, 7.70637e-06
_2463_, 27.14, 152.32, 7.10747e-06
_2406_, 32.66, 152.32, 7.71679e-06
_2459_, 32.66, 152.32, 7.71679e-06
_2461_, 32.66, 152.32, 7.71679e-06
FILLER_0_52_65, 32.66, 152.32, 7.71679e-06
FILLER_0_53_66, 32.66, 152.32, 7.71679e-06
_2229_, 59.8, 152.32, 7.78396e-06
_2230_, 59.8, 152.32, 7.78396e-06
_2256_, 59.8, 152.32, 7.78396e-06
_2205_, 65.32, 152.32, 6.49346e-06
_2075_, 73.14, 152.32, 5.84395e-06
_2158_, 73.14, 152.32, 5.84395e-06
_2159_, 73.14, 152.32, 5.84395e-06
_2160_, 73.14, 152.32, 5.84395e-06
_2161_, 73.14, 152.32, 5.84395e-06
_2089_, 89.7, 152.32, 7.53854e-06
_2090_, 89.7, 152.32, 7.53854e-06
_2070_, 113.62, 152.32, 7.48462e-06
_2072_, 113.62, 152.32, 7.48462e-06
FILLER_0_53_233, 113.62, 152.32, 7.48462e-06
wire1, 143.98, 152.32, 8.72598e-06
_2278_, 46.23, 152.32, 8.8153e-06
_2279_, 46.23, 152.32, 8.8153e-06
_2280_, 46.23, 152.32, 8.8153e-06
_2281_, 46.23, 152.32, 8.8153e-06
_2338_, 46.23, 152.32, 8.8153e-06
FILLER_0_51_87, 46.23, 152.32, 8.8153e-06
FILLER_0_52_74, 46.23, 152.32, 8.8153e-06
FILLER_0_53_84, 46.23, 152.32, 8.8153e-06
_2077_, 81.42, 152.32, 6.77695e-06
_2142_, 81.42, 152.32, 6.77695e-06
FILLER_0_52_160, 81.42, 152.32, 6.77695e-06
FILLER_0_52_168, 81.42, 152.32, 6.77695e-06
_2091_, 96.6, 152.32, 7.96552e-06
_2092_, 96.6, 152.32, 7.96552e-06
_2093_, 96.6, 152.32, 7.96552e-06
FILLER_0_51_197, 96.6, 152.32, 7.96552e-06
FILLER_0_52_203, 96.6, 152.32, 7.96552e-06
FILLER_0_53_200, 96.6, 152.32, 7.96552e-06
PHY_EDGE_ROW_49_Left_109, 5.52, 146.88, 2.04509e-05
PHY_EDGE_ROW_50_Left_110, 5.52, 146.88, 2.04509e-05
input22, 5.52, 146.88, 2.04509e-05
FILLER_0_50_3, 5.52, 146.88, 2.04509e-05
PHY_EDGE_ROW_49_Right_49, 169.28, 146.88, 1.55345e-05
PHY_EDGE_ROW_50_Right_50, 169.28, 146.88, 1.55345e-05
_2063_, 9.66, 146.88, 2.03397e-05
FILLER_0_49_27, 15.18, 146.88, 1.99857e-05
FILLER_0_50_17, 15.18, 146.88, 1.99857e-05
FILLER_0_50_25, 15.18, 146.88, 1.99857e-05
_2392_, 34.5, 146.88, 1.68807e-05
_2405_, 34.5, 146.88, 1.68807e-05
FILLER_0_50_66, 34.5, 146.88, 1.68807e-05
FILLER_0_51_69, 34.5, 146.88, 1.68807e-05
_2144_, 60.26, 146.88, 1.19034e-05
_2145_, 60.26, 146.88, 1.19034e-05
_2146_, 60.26, 146.88, 1.19034e-05
FILLER_0_51_119, 60.26, 146.88, 1.19034e-05
_2147_, 65.78, 146.88, 9.47979e-06
_2148_, 65.78, 146.88, 9.47979e-06
FILLER_0_50_133, 65.78, 146.88, 9.47979e-06
_2211_, 71.3, 146.88, 7.59589e-06
_2074_, 76.82, 146.88, 8.25127e-06
_2119_, 99.82, 146.88, 8.77359e-06
_2193_, 99.82, 146.88, 8.77359e-06
FILLER_0_50_197, 99.82, 146.88, 8.77359e-06
_2192_, 105.34, 146.88, 7.65583e-06
FILLER_0_51_219, 105.34, 146.88, 7.65583e-06
output45, 163.3, 146.88, 1.55345e-05
FILLER_0_49_349, 163.3, 146.88, 1.55345e-05
FILLER_0_50_345, 163.3, 146.88, 1.55345e-05
_2216_, 53.82, 146.88, 1.45946e-05
_2217_, 53.82, 146.88, 1.45946e-05
_2228_, 53.82, 146.88, 1.45946e-05
_2277_, 53.82, 146.88, 1.45946e-05
FILLER_0_51_97, 53.82, 146.88, 1.45946e-05
_2086_, 83.72, 146.88, 8.98643e-06
_2087_, 83.72, 146.88, 8.98643e-06
_2088_, 83.72, 146.88, 8.98643e-06
_2117_, 89.24, 146.88, 9.34842e-06
_2189_, 89.24, 146.88, 9.34842e-06
FILLER_0_50_188, 89.24, 146.88, 9.34842e-06
FILLER_0_51_180, 89.24, 146.88, 9.34842e-06
FILLER_0_49_225, 108.1, 146.88, 7.0541e-06
FILLER_0_51_225, 108.1, 146.88, 7.0541e-06
FILLER_0_50_303, 150.42, 146.88, 9.28281e-06
_2464_, 22.235, 146.88, 1.95333e-05
_2516_, 22.235, 146.88, 1.95333e-05
_2603_, 22.235, 146.88, 1.95333e-05
_2605_, 22.235, 146.88, 1.95333e-05
FILLER_0_50_41, 22.235, 146.88, 1.95333e-05
_1781_, 44.16, 146.88, 1.81015e-05
_2213_, 44.16, 146.88, 1.81015e-05
_2404_, 44.16, 146.88, 1.81015e-05
FILLER_0_50_85, 44.16, 146.88, 1.81015e-05
FILLER_0_50_93, 44.16, 146.88, 1.81015e-05
_2014_, 124.253, 146.88, 9.66948e-06
_2015_, 124.253, 146.88, 9.66948e-06
_2121_, 124.253, 146.88, 9.66948e-06
FILLER_0_50_261, 124.253, 146.88, 9.66948e-06
_1988_, 137.336, 146.88, 1.10796e-05
_1993_, 137.336, 146.88, 1.10796e-05
_2124_, 137.336, 146.88, 1.10796e-05
_2133_, 137.336, 146.88, 1.10796e-05
FILLER_0_50_273, 137.336, 146.88, 1.10796e-05
FILLER_0_50_282, 137.336, 146.88, 1.10796e-05
PHY_EDGE_ROW_47_Left_107, 5.52, 141.44, 1.61228e-05
PHY_EDGE_ROW_48_Left_108, 5.52, 141.44, 1.61228e-05
PHY_EDGE_ROW_47_Right_47, 169.28, 141.44, 2.37682e-05
PHY_EDGE_ROW_48_Right_48, 169.28, 141.44, 2.37682e-05
_2515_, 14.26, 141.44, 1.61228e-05
FILLER_0_48_15, 14.26, 141.44, 1.61228e-05
_2214_, 45.08, 141.44, 9.98203e-06
_2276_, 45.08, 141.44, 9.98203e-06
_2339_, 45.08, 141.44, 9.98203e-06
FILLER_0_47_92, 45.08, 141.44, 9.98203e-06
FILLER_0_48_85, 45.08, 141.44, 9.98203e-06
_1849_, 68.08, 141.44, 5.60657e-06
FILLER_0_48_137, 68.08, 141.44, 5.60657e-06
_2083_, 79.12, 141.44, 6.22177e-06
_2153_, 79.12, 141.44, 6.22177e-06
FILLER_0_48_151, 79.12, 141.44, 6.22177e-06
FILLER_0_49_161, 79.12, 141.44, 6.22177e-06
_2082_, 86.02, 141.44, 6.98388e-06
_2085_, 86.02, 141.44, 6.98388e-06
_2116_, 86.02, 141.44, 6.98388e-06
FILLER_0_48_174, 86.02, 141.44, 6.98388e-06
_2044_, 96.14, 141.44, 7.59111e-06
_2118_, 96.14, 141.44, 7.59111e-06
FILLER_0_48_191, 96.14, 141.44, 7.59111e-06
FILLER_0_48_197, 96.14, 141.44, 7.59111e-06
_2004_, 111.78, 141.44, 7.04602e-06
_2007_, 111.78, 141.44, 7.04602e-06
_2051_, 140.76, 141.44, 1.67655e-05
_2054_, 140.76, 141.44, 1.67655e-05
_2053_, 146.28, 141.44, 1.66204e-05
_2055_, 146.28, 141.44, 1.66204e-05
FILLER_0_48_304, 146.28, 141.44, 1.66204e-05
FILLER_0_48_309, 146.28, 141.44, 1.66204e-05
_2514_, 21.62, 141.44, 1.50785e-05
_2517_, 21.62, 141.44, 1.50785e-05
_2600_, 21.62, 141.44, 1.50785e-05
FILLER_0_48_41, 21.62, 141.44, 1.50785e-05
_1930_, 118.68, 141.44, 1.00366e-05
_2012_, 118.68, 141.44, 1.00366e-05
_2013_, 118.68, 141.44, 1.00366e-05
FILLER_0_49_240, 118.68, 141.44, 1.00366e-05
_2048_, 124.66, 141.44, 1.23601e-05
FILLER_0_49_261, 124.66, 141.44, 1.23601e-05
_2052_, 139.84, 141.44, 1.66467e-05
_2343_, 37.185, 141.44, 1.09528e-05
_2344_, 37.185, 141.44, 1.09528e-05
_2345_, 37.185, 141.44, 1.09528e-05
_2408_, 37.185, 141.44, 1.09528e-05
FILLER_0_47_63, 37.185, 141.44, 1.09528e-05
FILLER_0_48_77, 37.185, 141.44, 1.09528e-05
FILLER_0_49_69, 37.185, 141.44, 1.09528e-05
FILLER_0_49_75, 37.185, 141.44, 1.09528e-05
_2215_, 56.58, 141.44, 8.20287e-06
_2225_, 56.58, 141.44, 8.20287e-06
_2226_, 56.58, 141.44, 8.20287e-06
_2227_, 56.58, 141.44, 8.20287e-06
_2282_, 56.58, 141.44, 8.20287e-06
FILLER_0_48_102, 56.58, 141.44, 8.20287e-06
FILLER_0_48_121, 56.58, 141.44, 8.20287e-06
_2045_, 103.655, 141.44, 7.42197e-06
_2046_, 103.655, 141.44, 7.42197e-06
FILLER_0_47_213, 103.655, 141.44, 7.42197e-06
FILLER_0_47_221, 103.655, 141.44, 7.42197e-06
_2049_, 132.25, 141.44, 1.4929e-05
_2050_, 132.25, 141.44, 1.4929e-05
_2065_, 132.25, 141.44, 1.4929e-05
FILLER_0_47_273, 132.25, 141.44, 1.4929e-05
_2059_, 160.695, 141.44, 2.37682e-05
_2061_, 160.695, 141.44, 2.37682e-05
_2062_, 160.695, 141.44, 2.37682e-05
_2131_, 160.695, 141.44, 2.37682e-05
FILLER_0_48_336, 160.695, 141.44, 2.37682e-05
FILLER_0_48_346, 160.695, 141.44, 2.37682e-05
PHY_EDGE_ROW_45_Left_105, 5.52, 136, 1.77817e-05
PHY_EDGE_ROW_46_Left_106, 5.52, 136, 1.77817e-05
input20, 5.52, 136, 1.77817e-05
PHY_EDGE_ROW_45_Right_45, 169.28, 136, 7.8347e-06
PHY_EDGE_ROW_46_Right_46, 169.28, 136, 7.8347e-06
FILLER_0_46_349, 169.28, 136, 7.8347e-06
_2513_, 9.66, 136, 1.7705e-05
FILLER_0_46_15, 9.66, 136, 1.7705e-05
_2455_, 21.16, 136, 1.67467e-05
_2561_, 21.16, 136, 1.67467e-05
_2562_, 21.16, 136, 1.67467e-05
_2222_, 60.26, 136, 6.45953e-06
_2223_, 60.26, 136, 6.45953e-06
_2224_, 60.26, 136, 6.45953e-06
_2285_, 60.26, 136, 6.45953e-06
_1932_, 124.66, 136, 6.16341e-06
_1933_, 124.66, 136, 6.16341e-06
_1935_, 124.66, 136, 6.16341e-06
_2047_, 124.66, 136, 6.16341e-06
FILLER_0_46_259, 124.66, 136, 6.16341e-06
FILLER_0_47_263, 124.66, 136, 6.16341e-06
_2060_, 156.86, 136, 7.83467e-06
_2129_, 156.86, 136, 7.83467e-06
_2130_, 156.86, 136, 7.83467e-06
FILLER_0_46_330, 156.86, 136, 7.83467e-06
_2387_, 39.56, 136, 9.43241e-06
_2407_, 39.56, 136, 9.43241e-06
FILLER_0_45_74, 39.56, 136, 9.43241e-06
FILLER_0_46_80, 39.56, 136, 9.43241e-06
_1653_, 52.9, 136, 7.75681e-06
_2301_, 52.9, 136, 7.75681e-06
FILLER_0_45_102, 52.9, 136, 7.75681e-06
FILLER_0_47_105, 52.9, 136, 7.75681e-06
_2188_, 87.4, 136, 4.99121e-06
FILLER_0_45_184, 87.4, 136, 4.99121e-06
FILLER_0_47_181, 87.4, 136, 4.99121e-06
_1921_, 101.66, 136, 4.63946e-06
_1923_, 101.66, 136, 4.63946e-06
_1989_, 101.66, 136, 4.63946e-06
_2043_, 101.66, 136, 4.63946e-06
FILLER_0_46_215, 101.66, 136, 4.63946e-06
_1931_, 114.54, 136, 4.39447e-06
_2006_, 114.54, 136, 4.39447e-06
FILLER_0_47_237, 114.54, 136, 4.39447e-06
_2058_, 154.56, 136, 7.22852e-06
_2079_, 78.815, 136, 4.8756e-06
_2187_, 78.815, 136, 4.8756e-06
_2252_, 78.815, 136, 4.8756e-06
_2253_, 78.815, 136, 4.8756e-06
FILLER_0_45_160, 78.815, 136, 4.8756e-06
FILLER_0_46_158, 78.815, 136, 4.8756e-06
_2040_, 94.53, 136, 4.99893e-06
_2041_, 94.53, 136, 4.99893e-06
_2115_, 94.53, 136, 4.99893e-06
FILLER_0_45_196, 94.53, 136, 4.99893e-06
_1934_, 133.81, 136, 6.64898e-06
_1990_, 133.81, 136, 6.64898e-06
_1992_, 133.81, 136, 6.64898e-06
FILLER_0_46_277, 133.81, 136, 6.64898e-06
_1991_, 142.96, 136, 6.67418e-06
_1994_, 142.96, 136, 6.67418e-06
FILLER_0_46_302, 142.96, 136, 6.67418e-06
PHY_EDGE_ROW_43_Left_103, 5.52, 130.56, 8.10074e-06
PHY_EDGE_ROW_44_Left_104, 5.52, 130.56, 8.10074e-06
PHY_EDGE_ROW_43_Right_43, 169.28, 130.56, 2.65885e-05
PHY_EDGE_ROW_44_Right_44, 169.28, 130.56, 2.65885e-05
output48, 169.28, 130.56, 2.65885e-05
FILLER_0_44_348, 169.28, 130.56, 2.65885e-05
FILLER_0_45_15, 9.66, 130.56, 8.10074e-06
_2324_, 40.48, 130.56, 6.93494e-06
FILLER_0_44_77, 40.48, 130.56, 6.93494e-06
_2288_, 46, 130.56, 6.83219e-06
_2300_, 46, 130.56, 6.83219e-06
_2322_, 46, 130.56, 6.83219e-06
_2323_, 46, 130.56, 6.83219e-06
FILLER_0_44_85, 46, 130.56, 6.83219e-06
FILLER_0_44_95, 46, 130.56, 6.83219e-06
_1927_, 117.76, 130.56, 6.71526e-06
_1928_, 117.76, 130.56, 6.71526e-06
FILLER_0_44_241, 117.76, 130.56, 6.71526e-06
FILLER_0_44_249, 117.76, 130.56, 6.71526e-06
_2560_, 15.18, 130.56, 8.10072e-06
_2602_, 15.18, 130.56, 8.10072e-06
FILLER_0_45_40, 21.62, 130.56, 6.87572e-06
_2413_, 27.14, 130.56, 5.82571e-06
_2454_, 27.14, 130.56, 5.82571e-06
FILLER_0_45_49, 27.14, 130.56, 5.82571e-06
_2340_, 32.66, 130.56, 6.07403e-06
_2385_, 32.66, 130.56, 6.07403e-06
_2411_, 32.66, 130.56, 6.07403e-06
FILLER_0_45_57, 32.66, 130.56, 6.07403e-06
_2386_, 38.18, 130.56, 6.74517e-06
_1643_, 73.14, 130.56, 3.62261e-06
_2080_, 73.14, 130.56, 3.62261e-06
_2081_, 73.14, 130.56, 3.62261e-06
_2186_, 73.14, 130.56, 3.62261e-06
FILLER_0_43_151, 73.14, 130.56, 3.62261e-06
FILLER_0_44_159, 73.14, 130.56, 3.62261e-06
_2016_, 124.66, 130.56, 9.16596e-06
_2042_, 124.66, 130.56, 9.16596e-06
FILLER_0_43_263, 124.66, 130.56, 9.16596e-06
FILLER_0_44_265, 124.66, 130.56, 9.16596e-06
_2342_, 58.115, 130.56, 5.09188e-06
_2113_, 85.816, 130.56, 4.64032e-06
_2114_, 85.816, 130.56, 4.64032e-06
_2184_, 85.816, 130.56, 4.64032e-06
FILLER_0_43_178, 85.816, 130.56, 4.64032e-06
FILLER_0_44_188, 85.816, 130.56, 4.64032e-06
_1920_, 98.493, 130.56, 4.66713e-06
_1922_, 98.493, 130.56, 4.66713e-06
_2035_, 98.493, 130.56, 4.66713e-06
_2038_, 98.493, 130.56, 4.66713e-06
_2039_, 98.493, 130.56, 4.66713e-06
FILLER_0_43_200, 98.493, 130.56, 4.66713e-06
_1916_, 133.81, 130.56, 1.19777e-05
_1936_, 133.81, 130.56, 1.19777e-05
_1967_, 133.81, 130.56, 1.19777e-05
_1968_, 133.81, 130.56, 1.19777e-05
FILLER_0_44_287, 133.81, 130.56, 1.19777e-05
FILLER_0_45_270, 133.81, 130.56, 1.19777e-05
_1937_, 142.96, 130.56, 1.36681e-05
_1969_, 142.96, 130.56, 1.36681e-05
_1972_, 142.96, 130.56, 1.36681e-05
FILLER_0_44_301, 142.96, 130.56, 1.36681e-05
_1976_, 160.695, 130.56, 2.14715e-05
_1983_, 160.695, 130.56, 2.14715e-05
_1986_, 160.695, 130.56, 2.14715e-05
_1987_, 160.695, 130.56, 2.14715e-05
FILLER_0_45_337, 160.695, 130.56, 2.14715e-05
PHY_EDGE_ROW_41_Left_101, 5.52, 125.12, 3.27305e-05
PHY_EDGE_ROW_42_Left_102, 5.52, 125.12, 3.27305e-05
output38, 5.52, 125.12, 3.27305e-05
PHY_EDGE_ROW_41_Right_41, 169.28, 125.12, 2.01343e-05
PHY_EDGE_ROW_42_Right_42, 169.28, 125.12, 2.01343e-05
FILLER_0_42_9, 9.66, 125.12, 2.95731e-05
FILLER_0_43_15, 9.66, 125.12, 2.95731e-05
_2511_, 15.18, 125.12, 2.53632e-05
_2558_, 15.18, 125.12, 2.53632e-05
_2559_, 15.18, 125.12, 2.53632e-05
FILLER_0_42_25, 15.18, 125.12, 2.53632e-05
_1854_, 119.14, 125.12, 6.15966e-06
_1858_, 119.14, 125.12, 6.15966e-06
FILLER_0_41_253, 119.14, 125.12, 6.15966e-06
FILLER_0_42_253, 119.14, 125.12, 6.15966e-06
FILLER_0_43_250, 119.14, 125.12, 6.15966e-06
_1860_, 131.56, 125.12, 9.35806e-06
_1962_, 131.56, 125.12, 9.35806e-06
_1965_, 131.56, 125.12, 9.35806e-06
_1966_, 131.56, 125.12, 9.35806e-06
FILLER_0_42_276, 131.56, 125.12, 9.35806e-06
_1917_, 137.54, 125.12, 1.03639e-05
FILLER_0_42_287, 137.54, 125.12, 1.03639e-05
FILLER_0_43_285, 137.54, 125.12, 1.03639e-05
_1861_, 143.06, 125.12, 1.1233e-05
FILLER_0_42_301, 143.06, 125.12, 1.1233e-05
_1970_, 148.58, 125.12, 1.19601e-05
FILLER_0_42_309, 148.58, 125.12, 1.19601e-05
_2466_, 29.44, 125.12, 1.08358e-05
_2410_, 39.1, 125.12, 9.78348e-06
_2465_, 39.1, 125.12, 9.78348e-06
FILLER_0_42_79, 39.1, 125.12, 9.78348e-06
_2286_, 57.5, 125.12, 6.82176e-06
_2287_, 57.5, 125.12, 6.82176e-06
_2295_, 57.5, 125.12, 6.82176e-06
FILLER_0_43_107, 57.5, 125.12, 6.82176e-06
_2150_, 63.02, 125.12, 5.60672e-06
_2221_, 63.02, 125.12, 5.60672e-06
FILLER_0_42_131, 63.02, 125.12, 5.60672e-06
FILLER_0_43_121, 63.02, 125.12, 5.60672e-06
_1581_, 79.58, 125.12, 4.55704e-06
_1853_, 85.1, 125.12, 4.75734e-06
_2185_, 85.1, 125.12, 4.75734e-06
FILLER_0_41_179, 85.1, 125.12, 4.75734e-06
_2032_, 90.62, 125.12, 4.77335e-06
_2036_, 90.62, 125.12, 4.77335e-06
_2112_, 90.62, 125.12, 4.77335e-06
FILLER_0_42_191, 90.62, 125.12, 4.77335e-06
_1919_, 98.9, 125.12, 4.56189e-06
_1957_, 104.42, 125.12, 4.35342e-06
_1958_, 104.42, 125.12, 4.35342e-06
FILLER_0_42_221, 104.42, 125.12, 4.35342e-06
FILLER_0_43_214, 104.42, 125.12, 4.35342e-06
FILLER_0_44_215, 104.42, 125.12, 4.35342e-06
_2412_, 22.235, 125.12, 1.85401e-05
_2512_, 22.235, 125.12, 1.85401e-05
FILLER_0_42_36, 22.235, 125.12, 1.85401e-05
_2298_, 48.3, 125.12, 8.56844e-06
_2299_, 48.3, 125.12, 8.56844e-06
_2364_, 48.3, 125.12, 8.56844e-06
_2365_, 48.3, 125.12, 8.56844e-06
FILLER_0_42_92, 48.3, 125.12, 8.56844e-06
FILLER_0_43_94, 48.3, 125.12, 8.56844e-06
_1978_, 160.695, 125.12, 2.01343e-05
_1984_, 160.695, 125.12, 2.01343e-05
FILLER_0_43_331, 160.695, 125.12, 2.01343e-05
FILLER_0_43_337, 160.695, 125.12, 2.01343e-05
PHY_EDGE_ROW_39_Left_99, 5.52, 119.68, 1.04719e-05
PHY_EDGE_ROW_40_Left_100, 5.52, 119.68, 1.04719e-05
PHY_EDGE_ROW_39_Right_39, 169.28, 119.68, 1.34803e-05
PHY_EDGE_ROW_40_Right_40, 169.28, 119.68, 1.34803e-05
input9, 169.28, 119.68, 1.34803e-05
_2366_, 41.86, 119.68, 6.83378e-06
_2368_, 41.86, 119.68, 6.83378e-06
_2382_, 41.86, 119.68, 6.83378e-06
FILLER_0_40_73, 41.86, 119.68, 6.83378e-06
_2367_, 47.38, 119.68, 6.3281e-06
FILLER_0_40_96, 47.38, 119.68, 6.3281e-06
_2296_, 52.9, 119.68, 5.80327e-06
_2297_, 52.9, 119.68, 5.80327e-06
_2362_, 52.9, 119.68, 5.80327e-06
_2220_, 65.78, 119.68, 3.91238e-06
_2289_, 65.78, 119.68, 3.91238e-06
FILLER_0_40_129, 65.78, 119.68, 3.91238e-06
_1851_, 80.04, 119.68, 3.9173e-06
FILLER_0_39_9, 9.66, 119.68, 1.04719e-05
_2505_, 15.18, 119.68, 1.04719e-05
FILLER_0_39_21, 15.18, 119.68, 1.04719e-05
FILLER_0_41_27, 15.18, 119.68, 1.04719e-05
_2381_, 29.9, 119.68, 7.38627e-06
_2409_, 29.9, 119.68, 7.38627e-06
_2415_, 29.9, 119.68, 7.38627e-06
wire66, 29.9, 119.68, 7.38627e-06
FILLER_0_41_57, 29.9, 119.68, 7.38627e-06
_2293_, 56.12, 119.68, 5.35968e-06
_2294_, 56.12, 119.68, 5.35968e-06
FILLER_0_39_109, 56.12, 119.68, 5.35968e-06
_2212_, 77.74, 119.68, 3.76628e-06
FILLER_0_41_159, 77.74, 119.68, 3.76628e-06
_1852_, 83.26, 119.68, 4.10633e-06
_2108_, 83.26, 119.68, 4.10633e-06
FILLER_0_40_175, 83.26, 119.68, 4.10633e-06
_1953_, 98.9, 119.68, 4.26175e-06
_1954_, 98.9, 119.68, 4.26175e-06
_2025_, 98.9, 119.68, 4.26175e-06
_2037_, 98.9, 119.68, 4.26175e-06
FILLER_0_39_199, 98.9, 119.68, 4.26175e-06
FILLER_0_41_220, 107.18, 119.68, 3.66939e-06
FILLER_0_41_225, 107.18, 119.68, 3.66939e-06
_1885_, 124.66, 119.68, 6.02868e-06
_1960_, 124.66, 119.68, 6.02868e-06
_1961_, 124.66, 119.68, 6.02868e-06
_1963_, 124.66, 119.68, 6.02868e-06
FILLER_0_40_265, 124.66, 119.68, 6.02868e-06
_2450_, 22.235, 119.68, 1.04502e-05
_2453_, 22.235, 119.68, 1.04502e-05
_2509_, 22.235, 119.68, 1.04502e-05
_2510_, 22.235, 119.68, 1.04502e-05
FILLER_0_40_36, 22.235, 119.68, 1.04502e-05
_2033_, 91.08, 119.68, 4.29849e-06
_2034_, 91.08, 119.68, 4.29849e-06
_2218_, 91.08, 119.68, 4.29849e-06
FILLER_0_40_189, 91.08, 119.68, 4.29849e-06
_1887_, 133.81, 119.68, 7.32256e-06
_1892_, 133.81, 119.68, 7.32256e-06
_1964_, 133.81, 119.68, 7.32256e-06
FILLER_0_40_274, 133.81, 119.68, 7.32256e-06
_1895_, 142.96, 119.68, 8.1884e-06
_1938_, 142.96, 119.68, 8.1884e-06
FILLER_0_40_292, 142.96, 119.68, 8.1884e-06
FILLER_0_40_303, 142.96, 119.68, 8.1884e-06
_1979_, 160.695, 119.68, 1.31895e-05
_1985_, 160.695, 119.68, 1.31895e-05
max_cap67, 160.695, 119.68, 1.31895e-05
FILLER_0_39_332, 160.695, 119.68, 1.31895e-05
FILLER_0_41_332, 160.695, 119.68, 1.31895e-05
FILLER_0_41_337, 160.695, 119.68, 1.31895e-05
PHY_EDGE_ROW_37_Left_97, 5.52, 114.24, 7.84946e-06
PHY_EDGE_ROW_38_Left_98, 5.52, 114.24, 7.84946e-06
input8, 5.52, 114.24, 7.84946e-06
PHY_EDGE_ROW_37_Right_37, 169.28, 114.24, 5.7167e-06
PHY_EDGE_ROW_38_Right_38, 169.28, 114.24, 5.7167e-06
_2506_, 9.66, 114.24, 7.73683e-06
_2103_, 77.28, 114.24, 3.78116e-06
_2164_, 77.28, 114.24, 3.78116e-06
FILLER_0_38_153, 77.28, 114.24, 3.78116e-06
_1739_, 103.96, 114.24, 3.92303e-06
_1785_, 103.96, 114.24, 3.92303e-06
_2024_, 103.96, 114.24, 3.92303e-06
FILLER_0_38_215, 103.96, 114.24, 3.92303e-06
_1788_, 114.08, 114.24, 3.65344e-06
ANTENNA_3, 114.08, 114.24, 3.65344e-06
FILLER_0_39_233, 114.08, 114.24, 3.65344e-06
_1786_, 119.6, 114.24, 4.21962e-06
_1787_, 119.6, 114.24, 4.21962e-06
_1789_, 119.6, 114.24, 4.21962e-06
_1859_, 119.6, 114.24, 4.21962e-06
_1886_, 125.12, 114.24, 4.59832e-06
_1959_, 125.12, 114.24, 4.59832e-06
FILLER_0_38_256, 125.12, 114.24, 4.59832e-06
_1883_, 130.64, 114.24, 4.90765e-06
_1888_, 130.64, 114.24, 4.90765e-06
FILLER_0_38_278, 130.64, 114.24, 4.90765e-06
_1890_, 137.54, 114.24, 5.16853e-06
_1891_, 137.54, 114.24, 5.16853e-06
_1893_, 137.54, 114.24, 5.16853e-06
FILLER_0_38_293, 137.54, 114.24, 5.16853e-06
_1898_, 143.06, 114.24, 5.09191e-06
_1902_, 163.3, 114.24, 5.68805e-06
_2251_, 60.72, 114.24, 4.55397e-06
_2291_, 60.72, 114.24, 4.55397e-06
_2292_, 60.72, 114.24, 4.55397e-06
_2369_, 60.72, 114.24, 4.55397e-06
FILLER_0_38_126, 60.72, 114.24, 4.55397e-06
_2170_, 73.14, 114.24, 3.49517e-06
_2171_, 73.14, 114.24, 3.49517e-06
_2183_, 73.14, 114.24, 3.49517e-06
_1956_, 92.46, 114.24, 4.16165e-06
_2073_, 92.46, 114.24, 4.16165e-06
FILLER_0_37_186, 92.46, 114.24, 4.16165e-06
input21, 165.14, 114.24, 5.7167e-06
FILLER_0_37_349, 165.14, 114.24, 5.7167e-06
_2507_, 19.475, 114.24, 7.24143e-06
_2508_, 19.475, 114.24, 7.24143e-06
FILLER_0_38_24, 19.475, 114.24, 7.24143e-06
FILLER_0_38_38, 19.475, 114.24, 7.24143e-06
FILLER_0_39_33, 19.475, 114.24, 7.24143e-06
_2377_, 39.766, 114.24, 5.69672e-06
_2378_, 39.766, 114.24, 5.69672e-06
_2379_, 39.766, 114.24, 5.69672e-06
_2380_, 39.766, 114.24, 5.69672e-06
_2384_, 39.766, 114.24, 5.69672e-06
FILLER_0_37_66, 39.766, 114.24, 5.69672e-06
FILLER_0_38_65, 39.766, 114.24, 5.69672e-06
_2370_, 50.243, 114.24, 5.27491e-06
_2375_, 50.243, 114.24, 5.27491e-06
_2376_, 50.243, 114.24, 5.27491e-06
FILLER_0_37_91, 50.243, 114.24, 5.27491e-06
FILLER_0_38_91, 50.243, 114.24, 5.27491e-06
_1884_, 84.87, 114.24, 4.17905e-06
_2107_, 84.87, 114.24, 4.17905e-06
_2109_, 84.87, 114.24, 4.17905e-06
_2111_, 84.87, 114.24, 4.17905e-06
FILLER_0_37_177, 84.87, 114.24, 4.17905e-06
PHY_EDGE_ROW_35_Left_95, 5.52, 108.8, 9.59102e-06
PHY_EDGE_ROW_36_Left_96, 5.52, 108.8, 9.59102e-06
FILLER_0_36_3, 5.52, 108.8, 9.59102e-06
PHY_EDGE_ROW_35_Right_35, 169.28, 108.8, 2.34825e-06
PHY_EDGE_ROW_36_Right_36, 169.28, 108.8, 2.34825e-06
FILLER_0_36_350, 169.28, 108.8, 2.34825e-06
_2555_, 9.66, 108.8, 9.59101e-06
_2556_, 9.66, 108.8, 9.59101e-06
_2557_, 9.66, 108.8, 9.59101e-06
FILLER_0_37_15, 9.66, 108.8, 9.59101e-06
_2248_, 63.48, 108.8, 3.94333e-06
_2250_, 63.48, 108.8, 3.94333e-06
FILLER_0_35_132, 63.48, 108.8, 3.94333e-06
FILLER_0_36_126, 63.48, 108.8, 3.94333e-06
FILLER_0_37_126, 63.48, 108.8, 3.94333e-06
_1881_, 105.34, 108.8, 3.00011e-06
_1952_, 105.34, 108.8, 3.00011e-06
_2017_, 105.34, 108.8, 3.00011e-06
FILLER_0_36_208, 105.34, 108.8, 3.00011e-06
FILLER_0_37_220, 105.34, 108.8, 3.00011e-06
_1814_, 130.64, 108.8, 3.07294e-06
FILLER_0_35_277, 130.64, 108.8, 3.07294e-06
FILLER_0_36_278, 130.64, 108.8, 3.07294e-06
_1818_, 143.52, 108.8, 2.80527e-06
_1821_, 143.52, 108.8, 2.80527e-06
_1862_, 143.52, 108.8, 2.80527e-06
FILLER_0_37_305, 143.52, 108.8, 2.80527e-06
_1846_, 160.08, 108.8, 2.34823e-06
FILLER_0_36_342, 160.08, 108.8, 2.34823e-06
FILLER_0_37_330, 160.08, 108.8, 2.34823e-06
_2448_, 19.475, 108.8, 8.02305e-06
_2502_, 19.475, 108.8, 8.02305e-06
_2504_, 19.475, 108.8, 8.02305e-06
_2553_, 19.475, 108.8, 8.02305e-06
FILLER_0_37_27, 19.475, 108.8, 8.02305e-06
_2360_, 40.686, 108.8, 5.66531e-06
_2428_, 40.686, 108.8, 5.66531e-06
_2431_, 40.686, 108.8, 5.66531e-06
FILLER_0_36_70, 40.686, 108.8, 5.66531e-06
FILLER_0_36_80, 40.686, 108.8, 5.66531e-06
FILLER_0_36_85, 40.686, 108.8, 5.66531e-06
FILLER_0_37_83, 40.686, 108.8, 5.66531e-06
_1850_, 52.083, 108.8, 5.44458e-06
_2319_, 52.083, 108.8, 5.44458e-06
_2320_, 52.083, 108.8, 5.44458e-06
_2321_, 52.083, 108.8, 5.44458e-06
FILLER_0_35_93, 52.083, 108.8, 5.44458e-06
FILLER_0_36_107, 52.083, 108.8, 5.44458e-06
FILLER_0_37_101, 52.083, 108.8, 5.44458e-06
FILLER_0_37_109, 52.083, 108.8, 5.44458e-06
_2102_, 81.933, 108.8, 3.58259e-06
_2179_, 81.933, 108.8, 3.58259e-06
_2180_, 81.933, 108.8, 3.58259e-06
FILLER_0_36_166, 81.933, 108.8, 3.58259e-06
FILLER_0_36_174, 81.933, 108.8, 3.58259e-06
FILLER_0_37_162, 81.933, 108.8, 3.58259e-06
FILLER_0_37_169, 81.933, 108.8, 3.58259e-06
_1671_, 93.636, 108.8, 3.64468e-06
_1951_, 93.636, 108.8, 3.64468e-06
_2022_, 93.636, 108.8, 3.64468e-06
_2023_, 93.636, 108.8, 3.64468e-06
FILLER_0_35_187, 93.636, 108.8, 3.64468e-06
FILLER_0_36_190, 93.636, 108.8, 3.64468e-06
_1784_, 120.905, 108.8, 3.1531e-06
_1946_, 120.905, 108.8, 3.1531e-06
_1947_, 120.905, 108.8, 3.1531e-06
_1995_, 120.905, 108.8, 3.1531e-06
FILLER_0_35_252, 120.905, 108.8, 3.1531e-06
FILLER_0_36_248, 120.905, 108.8, 3.1531e-06
_2552_, 5.52, 103.36, 1.68409e-05
PHY_EDGE_ROW_33_Left_93, 5.52, 103.36, 1.68409e-05
PHY_EDGE_ROW_34_Left_94, 5.52, 103.36, 1.68409e-05
output54, 5.52, 103.36, 1.68409e-05
PHY_EDGE_ROW_33_Right_33, 169.28, 103.36, 2.69551e-06
PHY_EDGE_ROW_34_Right_34, 169.28, 103.36, 2.69551e-06
FILLER_0_34_63, 34.5, 103.36, 6.49039e-06
FILLER_0_35_60, 34.5, 103.36, 6.49039e-06
FILLER_0_35_68, 34.5, 103.36, 6.49039e-06
_2374_, 40.02, 103.36, 6.30956e-06
_2430_, 40.02, 103.36, 6.30956e-06
_2432_, 40.02, 103.36, 6.30956e-06
_2503_, 40.02, 103.36, 6.30956e-06
FILLER_0_33_81, 40.02, 103.36, 6.30956e-06
_2283_, 53.36, 103.36, 5.28453e-06
_2373_, 53.36, 103.36, 5.28453e-06
FILLER_0_34_109, 53.36, 103.36, 5.28453e-06
FILLER_0_35_104, 53.36, 103.36, 5.28453e-06
_2176_, 74.06, 103.36, 3.1923e-06
_2177_, 74.06, 103.36, 3.1923e-06
FILLER_0_34_149, 74.06, 103.36, 3.1923e-06
FILLER_0_35_151, 74.06, 103.36, 3.1923e-06
_2104_, 79.58, 103.36, 3.50084e-06
_2175_, 79.58, 103.36, 3.50084e-06
_1811_, 137.54, 103.36, 3.34141e-06
_1815_, 137.54, 103.36, 3.34141e-06
_1816_, 137.54, 103.36, 3.34141e-06
_1819_, 137.54, 103.36, 3.34141e-06
_1889_, 137.54, 103.36, 3.34141e-06
FILLER_0_34_274, 137.54, 103.36, 3.34141e-06
FILLER_0_34_284, 137.54, 103.36, 3.34141e-06
_1820_, 143.06, 103.36, 3.12154e-06
_1894_, 143.06, 103.36, 3.12154e-06
FILLER_0_34_294, 143.06, 103.36, 3.12154e-06
input16, 163.3, 103.36, 2.6955e-06
FILLER_0_35_343, 163.3, 103.36, 2.6955e-06
_2447_, 25.3, 103.36, 8.96636e-06
_2498_, 25.3, 103.36, 8.96636e-06
_2499_, 25.3, 103.36, 8.96636e-06
_1806_, 83.72, 103.36, 3.63527e-06
_2099_, 83.72, 103.36, 3.63527e-06
_2101_, 83.72, 103.36, 3.63527e-06
FILLER_0_35_172, 83.72, 103.36, 3.63527e-06
_2094_, 89.24, 103.36, 3.63536e-06
_2100_, 89.24, 103.36, 3.63536e-06
_2143_, 89.24, 103.36, 3.63536e-06
_1877_, 103.5, 103.36, 2.87349e-06
_1942_, 103.5, 103.36, 2.87349e-06
_1792_, 157.32, 103.36, 2.57564e-06
_2500_, 15.41, 103.36, 1.38337e-05
_2501_, 15.41, 103.36, 1.38337e-05
_2548_, 15.41, 103.36, 1.38337e-05
_2550_, 15.41, 103.36, 1.38337e-05
FILLER_0_33_18, 15.41, 103.36, 1.38337e-05
_2238_, 61.795, 103.36, 4.38054e-06
_2239_, 61.795, 103.36, 4.38054e-06
_2241_, 61.795, 103.36, 4.38054e-06
_2242_, 61.795, 103.36, 4.38054e-06
FILLER_0_33_130, 61.795, 103.36, 4.38054e-06
FILLER_0_34_126, 61.795, 103.36, 4.38054e-06
_1948_, 96.37, 103.36, 3.35402e-06
_1950_, 96.37, 103.36, 3.35402e-06
_2021_, 96.37, 103.36, 3.35402e-06
FILLER_0_34_192, 96.37, 103.36, 3.35402e-06
FILLER_0_34_197, 96.37, 103.36, 3.35402e-06
_1374_, 124.355, 103.36, 3.20475e-06
_1809_, 124.355, 103.36, 3.20475e-06
_1810_, 124.355, 103.36, 3.20475e-06
_1813_, 124.355, 103.36, 3.20475e-06
FILLER_0_34_259, 124.355, 103.36, 3.20475e-06
_2549_, 5.52, 97.92, 1.02295e-05
PHY_EDGE_ROW_31_Left_91, 5.52, 97.92, 1.02295e-05
PHY_EDGE_ROW_32_Left_92, 5.52, 97.92, 1.02295e-05
PHY_EDGE_ROW_31_Right_31, 169.28, 97.92, 2.25428e-06
PHY_EDGE_ROW_32_Right_32, 169.28, 97.92, 2.25428e-06
_2540_, 9.66, 97.92, 9.98162e-06
_2551_, 9.66, 97.92, 9.98162e-06
_2592_, 9.66, 97.92, 9.98162e-06
FILLER_0_32_11, 9.66, 97.92, 9.98162e-06
_2440_, 36.8, 97.92, 4.73801e-06
_2441_, 36.8, 97.92, 4.73801e-06
_2442_, 36.8, 97.92, 4.73801e-06
_2443_, 36.8, 97.92, 4.73801e-06
_1872_, 111.78, 97.92, 1.92269e-06
FILLER_0_33_232, 111.78, 97.92, 1.92269e-06
_1868_, 117.3, 97.92, 2.43217e-06
_1873_, 117.3, 97.92, 2.43217e-06
_1874_, 117.3, 97.92, 2.43217e-06
FILLER_0_34_244, 117.3, 97.92, 2.43217e-06
_1918_, 122.82, 97.92, 2.78426e-06
_1804_, 151.34, 97.92, 2.05298e-06
FILLER_0_33_314, 151.34, 97.92, 2.05298e-06
_1825_, 156.86, 97.92, 2.25424e-06
_1826_, 156.86, 97.92, 2.25424e-06
FILLER_0_33_329, 156.86, 97.92, 2.25424e-06
FILLER_0_31_349, 163.3, 97.92, 2.25427e-06
FILLER_0_32_345, 163.3, 97.92, 2.25427e-06
FILLER_0_33_349, 163.3, 97.92, 2.25427e-06
_2427_, 21.62, 97.92, 7.01849e-06
_2496_, 21.62, 97.92, 7.01849e-06
FILLER_0_31_30, 21.62, 97.92, 7.01849e-06
FILLER_0_32_41, 21.62, 97.92, 7.01849e-06
_2240_, 59.34, 97.92, 3.45224e-06
_2307_, 59.34, 97.92, 3.45224e-06
_2318_, 59.34, 97.92, 3.45224e-06
FILLER_0_31_117, 59.34, 97.92, 3.45224e-06
FILLER_0_32_123, 59.34, 97.92, 3.45224e-06
_1949_, 98.9, 97.92, 2.49503e-06
_2020_, 98.9, 97.92, 2.49503e-06
FILLER_0_31_194, 98.9, 97.92, 2.49503e-06
FILLER_0_31_214, 104.42, 97.92, 2.2089e-06
FILLER_0_32_221, 104.42, 97.92, 2.2089e-06
FILLER_0_33_221, 104.42, 97.92, 2.2089e-06
_1875_, 124.66, 97.92, 2.87211e-06
_1876_, 124.66, 97.92, 2.87211e-06
FILLER_0_31_261, 124.66, 97.92, 2.87211e-06
FILLER_0_32_265, 124.66, 97.92, 2.87211e-06
_1824_, 143.06, 97.92, 2.56227e-06
FILLER_0_32_305, 143.06, 97.92, 2.56227e-06
FILLER_0_33_305, 143.06, 97.92, 2.56227e-06
_2317_, 48.07, 97.92, 4.44507e-06
_2363_, 48.07, 97.92, 4.44507e-06
_2371_, 48.07, 97.92, 4.44507e-06
_2372_, 48.07, 97.92, 4.44507e-06
FILLER_0_31_95, 48.07, 97.92, 4.44507e-06
_1812_, 79.786, 97.92, 2.74083e-06
_2028_, 79.786, 97.92, 2.74083e-06
_2163_, 79.786, 97.92, 2.74083e-06
FILLER_0_31_164, 79.786, 97.92, 2.74083e-06
FILLER_0_31_169, 79.786, 97.92, 2.74083e-06
FILLER_0_32_167, 79.786, 97.92, 2.74083e-06
_1732_, 89.343, 97.92, 2.88487e-06
_2029_, 89.343, 97.92, 2.88487e-06
_2031_, 89.343, 97.92, 2.88487e-06
FILLER_0_31_183, 89.343, 97.92, 2.88487e-06
FILLER_0_32_187, 89.343, 97.92, 2.88487e-06
FILLER_0_33_189, 89.343, 97.92, 2.88487e-06
_1738_, 133.86, 97.92, 2.83829e-06
_1742_, 133.86, 97.92, 2.83829e-06
_1817_, 133.86, 97.92, 2.83829e-06
FILLER_0_32_275, 133.86, 97.92, 2.83829e-06
FILLER_0_33_275, 133.86, 97.92, 2.83829e-06
_2547_, 5.52, 92.48, 4.67085e-06
PHY_EDGE_ROW_29_Left_89, 5.52, 92.48, 4.67085e-06
PHY_EDGE_ROW_30_Left_90, 5.52, 92.48, 4.67085e-06
PHY_EDGE_ROW_29_Right_29, 169.28, 92.48, 6.31467e-06
PHY_EDGE_ROW_30_Right_30, 169.28, 92.48, 6.31467e-06
output55, 169.28, 92.48, 6.31467e-06
FILLER_0_30_350, 169.28, 92.48, 6.31467e-06
_2237_, 64.86, 92.48, 2.55063e-06
FILLER_0_30_133, 64.86, 92.48, 2.55063e-06
_2027_, 75.9, 92.48, 2.62407e-06
_2098_, 75.9, 92.48, 2.62407e-06
_2169_, 75.9, 92.48, 2.62407e-06
_2233_, 75.9, 92.48, 2.62407e-06
FILLER_0_30_155, 75.9, 92.48, 2.62407e-06
_1735_, 111.78, 92.48, 2.49926e-06
_1870_, 111.78, 92.48, 2.49926e-06
_1736_, 124.2, 92.48, 3.86364e-06
_1737_, 124.2, 92.48, 3.86364e-06
_1797_, 124.2, 92.48, 3.86364e-06
_1607_, 129.72, 92.48, 4.28326e-06
_1741_, 129.72, 92.48, 4.28326e-06
FILLER_0_29_276, 129.72, 92.48, 4.28326e-06
FILLER_0_30_271, 129.72, 92.48, 4.28326e-06
_1744_, 137.54, 92.48, 4.63463e-06
_1747_, 137.54, 92.48, 4.63463e-06
FILLER_0_30_281, 137.54, 92.48, 4.63463e-06
_1743_, 143.06, 92.48, 4.72294e-06
_1746_, 143.06, 92.48, 4.72294e-06
_1749_, 143.06, 92.48, 4.72294e-06
_1803_, 143.06, 92.48, 4.72294e-06
_1847_, 143.06, 92.48, 4.72294e-06
FILLER_0_29_305, 143.06, 92.48, 4.72294e-06
FILLER_0_30_300, 143.06, 92.48, 4.72294e-06
_2541_, 14.26, 92.48, 4.38782e-06
_2545_, 14.26, 92.48, 4.38782e-06
_2546_, 14.26, 92.48, 4.38782e-06
FILLER_0_30_25, 14.26, 92.48, 4.38782e-06
FILLER_0_30_29, 14.26, 92.48, 4.38782e-06
FILLER_0_31_15, 14.26, 92.48, 4.38782e-06
FILLER_0_31_22, 14.26, 92.48, 4.38782e-06
_2480_, 26.68, 92.48, 3.2608e-06
_2494_, 26.68, 92.48, 3.2608e-06
_2495_, 26.68, 92.48, 3.2608e-06
_2497_, 26.68, 92.48, 3.2608e-06
FILLER_0_31_47, 26.68, 92.48, 3.2608e-06
_2359_, 34.04, 92.48, 3.07413e-06
_2475_, 34.04, 92.48, 3.07413e-06
_2544_, 34.04, 92.48, 3.07413e-06
FILLER_0_30_68, 34.04, 92.48, 3.07413e-06
_2026_, 47.38, 92.48, 3.28696e-06
_2304_, 47.38, 92.48, 3.28696e-06
_2316_, 47.38, 92.48, 3.28696e-06
FILLER_0_29_90, 47.38, 92.48, 3.28696e-06
FILLER_0_30_81, 47.38, 92.48, 3.28696e-06
FILLER_0_30_97, 47.38, 92.48, 3.28696e-06
FILLER_0_31_81, 47.38, 92.48, 3.28696e-06
_2314_, 58.42, 92.48, 2.91521e-06
_2315_, 58.42, 92.48, 2.91521e-06
_2236_, 63.94, 92.48, 2.6123e-06
_2019_, 87.656, 92.48, 3.10695e-06
_2030_, 87.656, 92.48, 3.10695e-06
_2097_, 87.656, 92.48, 3.10695e-06
FILLER_0_29_176, 87.656, 92.48, 3.10695e-06
_1608_, 99.413, 92.48, 3.31951e-06
_1664_, 99.413, 92.48, 3.31951e-06
_1731_, 99.413, 92.48, 3.31951e-06
_1807_, 99.413, 92.48, 3.31951e-06
_1878_, 99.413, 92.48, 3.31951e-06
_1940_, 99.413, 92.48, 3.31951e-06
_2018_, 99.413, 92.48, 3.31951e-06
FILLER_0_30_193, 99.413, 92.48, 3.31951e-06
_1912_, 160.695, 92.48, 5.92674e-06
PHY_EDGE_ROW_27_Left_87, 5.52, 87.04, 1.89911e-05
PHY_EDGE_ROW_28_Left_88, 5.52, 87.04, 1.89911e-05
output35, 5.52, 87.04, 1.89911e-05
PHY_EDGE_ROW_27_Right_27, 169.28, 87.04, 7.5174e-06
PHY_EDGE_ROW_28_Right_28, 169.28, 87.04, 7.5174e-06
_2357_, 34.5, 87.04, 6.55306e-06
_2358_, 34.5, 87.04, 6.55306e-06
_2476_, 34.5, 87.04, 6.55306e-06
FILLER_0_28_72, 34.5, 87.04, 6.55306e-06
_2235_, 60.26, 87.04, 4.69642e-06
_2311_, 60.26, 87.04, 4.69642e-06
_2312_, 60.26, 87.04, 4.69642e-06
_2313_, 60.26, 87.04, 4.69642e-06
_2347_, 60.26, 87.04, 4.69642e-06
_2168_, 72.68, 87.04, 3.64661e-06
FILLER_0_27_152, 72.68, 87.04, 3.64661e-06
FILLER_0_28_154, 72.68, 87.04, 3.64661e-06
_1798_, 89.24, 87.04, 4.55816e-06
_1802_, 89.24, 87.04, 4.55816e-06
_1880_, 89.24, 87.04, 4.55816e-06
FILLER_0_28_188, 89.24, 87.04, 4.55816e-06
_2595_, 9.66, 87.04, 1.68766e-05
FILLER_0_27_9, 9.66, 87.04, 1.68766e-05
_2594_, 15.18, 87.04, 1.39956e-05
_2543_, 21.62, 87.04, 1.06029e-05
FILLER_0_28_41, 21.62, 87.04, 1.06029e-05
_2306_, 55.2, 87.04, 5.21003e-06
FILLER_0_29_104, 55.2, 87.04, 5.21003e-06
_1717_, 115, 87.04, 3.37072e-06
_1733_, 115, 87.04, 3.37072e-06
_1734_, 115, 87.04, 3.37072e-06
FILLER_0_28_244, 115, 87.04, 3.37072e-06
_2305_, 44.85, 87.04, 6.194e-06
_2355_, 44.85, 87.04, 6.194e-06
_2429_, 44.85, 87.04, 6.194e-06
_2435_, 44.85, 87.04, 6.194e-06
FILLER_0_28_85, 44.85, 87.04, 6.194e-06
_1609_, 80.96, 87.04, 4.42778e-06
_1663_, 80.96, 87.04, 4.42778e-06
_2095_, 80.96, 87.04, 4.42778e-06
_2096_, 80.96, 87.04, 4.42778e-06
FILLER_0_28_168, 80.96, 87.04, 4.42778e-06
FILLER_0_29_159, 80.96, 87.04, 4.42778e-06
_1600_, 100.205, 87.04, 4.10068e-06
_1602_, 100.205, 87.04, 4.10068e-06
_1722_, 100.205, 87.04, 4.10068e-06
_1724_, 100.205, 87.04, 4.10068e-06
_1725_, 100.205, 87.04, 4.10068e-06
_1941_, 100.205, 87.04, 4.10068e-06
FILLER_0_28_197, 100.205, 87.04, 4.10068e-06
FILLER_0_28_206, 100.205, 87.04, 4.10068e-06
FILLER_0_29_217, 100.205, 87.04, 4.10068e-06
_1610_, 127.37, 87.04, 4.4515e-06
_1672_, 127.37, 87.04, 4.4515e-06
_1673_, 127.37, 87.04, 4.4515e-06
_1728_, 127.37, 87.04, 4.4515e-06
_1796_, 127.37, 87.04, 4.4515e-06
FILLER_0_27_266, 127.37, 87.04, 4.4515e-06
FILLER_0_28_253, 127.37, 87.04, 4.4515e-06
FILLER_0_28_262, 127.37, 87.04, 4.4515e-06
FILLER_0_28_274, 127.37, 87.04, 4.4515e-06
_1670_, 139.74, 87.04, 5.08087e-06
_1675_, 139.74, 87.04, 5.08087e-06
_1745_, 139.74, 87.04, 5.08087e-06
FILLER_0_27_288, 139.74, 87.04, 5.08087e-06
FILLER_0_28_298, 139.74, 87.04, 5.08087e-06
_1393_, 160.695, 87.04, 7.51738e-06
_1793_, 160.695, 87.04, 7.51738e-06
_1842_, 160.695, 87.04, 7.51738e-06
_1905_, 160.695, 87.04, 7.51738e-06
_1906_, 160.695, 87.04, 7.51738e-06
FILLER_0_27_344, 160.695, 87.04, 7.51738e-06
_2593_, 5.52, 81.6, 1.18745e-05
_2596_, 5.52, 81.6, 1.18745e-05
PHY_EDGE_ROW_25_Left_85, 5.52, 81.6, 1.18745e-05
PHY_EDGE_ROW_26_Left_86, 5.52, 81.6, 1.18745e-05
output57, 5.52, 81.6, 1.18745e-05
PHY_EDGE_ROW_25_Right_25, 169.28, 81.6, 9.93294e-06
PHY_EDGE_ROW_26_Right_26, 169.28, 81.6, 9.93294e-06
output64, 169.28, 81.6, 9.93294e-06
FILLER_0_26_346, 169.28, 81.6, 9.93294e-06
_2597_, 15.18, 81.6, 9.97946e-06
_2598_, 15.18, 81.6, 9.97946e-06
_2608_, 15.18, 81.6, 9.97946e-06
FILLER_0_27_23, 15.18, 81.6, 9.97946e-06
_2492_, 20.7, 81.6, 8.19653e-06
_2491_, 27.6, 81.6, 5.63941e-06
_2542_, 27.6, 81.6, 5.63941e-06
FILLER_0_27_47, 27.6, 81.6, 5.63941e-06
_1601_, 101.66, 81.6, 3.7888e-06
_1721_, 101.66, 81.6, 3.7888e-06
_1726_, 101.66, 81.6, 3.7888e-06
_1752_, 147.2, 81.6, 5.41721e-06
_1753_, 147.2, 81.6, 5.41721e-06
_1754_, 147.2, 81.6, 5.41721e-06
FILLER_0_27_313, 147.2, 81.6, 5.41721e-06
_1827_, 152.72, 81.6, 5.42929e-06
_1828_, 152.72, 81.6, 5.42929e-06
_2426_, 21.62, 81.6, 7.89612e-06
_2493_, 21.62, 81.6, 7.89612e-06
_2346_, 47.38, 81.6, 4.77111e-06
_2354_, 47.38, 81.6, 4.77111e-06
FILLER_0_26_97, 47.38, 81.6, 4.77111e-06
_2424_, 61.64, 81.6, 3.733e-06
FILLER_0_27_125, 61.64, 81.6, 3.733e-06
_2310_, 67.16, 81.6, 3.16677e-06
FILLER_0_25_215, 106.72, 81.6, 3.32003e-06
FILLER_0_27_221, 106.72, 81.6, 3.32003e-06
_1611_, 132.48, 81.6, 4.854e-06
_1729_, 132.48, 81.6, 4.854e-06
FILLER_0_25_281, 132.48, 81.6, 4.854e-06
FILLER_0_26_282, 132.48, 81.6, 4.854e-06
_1674_, 144.44, 81.6, 5.331e-06
_1677_, 144.44, 81.6, 5.331e-06
FILLER_0_27_301, 144.44, 81.6, 5.331e-06
_1843_, 159.62, 81.6, 7.31424e-06
FILLER_0_27_331, 159.62, 81.6, 7.31424e-06
_2356_, 38.335, 81.6, 5.00357e-06
_2488_, 38.335, 81.6, 5.00357e-06
_2521_, 38.335, 81.6, 5.00357e-06
_2522_, 38.335, 81.6, 5.00357e-06
ANTENNA_2, 38.335, 81.6, 5.00357e-06
FILLER_0_26_76, 38.335, 81.6, 5.00357e-06
FILLER_0_27_69, 38.335, 81.6, 5.00357e-06
_2351_, 54.51, 81.6, 4.38688e-06
_2353_, 54.51, 81.6, 4.38688e-06
_2416_, 54.51, 81.6, 4.38688e-06
_2425_, 54.51, 81.6, 4.38688e-06
FILLER_0_27_99, 54.51, 81.6, 4.38688e-06
_1782_, 80.706, 81.6, 4.00579e-06
_1955_, 80.706, 81.6, 4.00579e-06
_2105_, 80.706, 81.6, 4.00579e-06
_2106_, 80.706, 81.6, 4.00579e-06
_2110_, 80.706, 81.6, 4.00579e-06
FILLER_0_27_163, 80.706, 81.6, 4.00579e-06
_1606_, 91.183, 81.6, 4.29434e-06
_1799_, 91.183, 81.6, 4.29434e-06
_1800_, 91.183, 81.6, 4.29434e-06
_1801_, 91.183, 81.6, 4.29434e-06
_1867_, 91.183, 81.6, 4.29434e-06
FILLER_0_27_188, 91.183, 81.6, 4.29434e-06
_1669_, 121.825, 81.6, 4.17188e-06
_1709_, 121.825, 81.6, 4.17188e-06
_1727_, 121.825, 81.6, 4.17188e-06
_1780_, 121.825, 81.6, 4.17188e-06
_1790_, 121.825, 81.6, 4.17188e-06
FILLER_0_26_242, 121.825, 81.6, 4.17188e-06
FILLER_0_26_253, 121.825, 81.6, 4.17188e-06
FILLER_0_27_253, 121.825, 81.6, 4.17188e-06
PHY_EDGE_ROW_23_Left_83, 5.52, 76.16, 4.74733e-06
PHY_EDGE_ROW_24_Left_84, 5.52, 76.16, 4.74733e-06
FILLER_0_25_3, 5.52, 76.16, 4.74733e-06
PHY_EDGE_ROW_23_Right_23, 169.28, 76.16, 6.91591e-06
PHY_EDGE_ROW_24_Right_24, 169.28, 76.16, 6.91591e-06
max_cap65, 169.28, 76.16, 6.91591e-06
_2607_, 9.66, 76.16, 4.74732e-06
_2609_, 9.66, 76.16, 4.74732e-06
_2438_, 42.32, 76.16, 3.43012e-06
_2439_, 42.32, 76.16, 3.43012e-06
_2489_, 42.32, 76.16, 3.43012e-06
_2519_, 42.32, 76.16, 3.43012e-06
FILLER_0_24_67, 42.32, 76.16, 3.43012e-06
_2436_, 47.84, 76.16, 3.41557e-06
_2348_, 53.36, 76.16, 3.32785e-06
_2349_, 53.36, 76.16, 3.32785e-06
FILLER_0_24_104, 53.36, 76.16, 3.32785e-06
FILLER_0_24_112, 53.36, 76.16, 3.32785e-06
_2352_, 63.48, 76.16, 3.01615e-06
FILLER_0_25_127, 63.48, 76.16, 3.01615e-06
_1605_, 129.26, 76.16, 4.66361e-06
_1612_, 129.26, 76.16, 4.66361e-06
_1676_, 129.26, 76.16, 4.66361e-06
FILLER_0_24_270, 129.26, 76.16, 4.66361e-06
FILLER_0_25_271, 129.26, 76.16, 4.66361e-06
_1613_, 137.54, 76.16, 4.97705e-06
_1678_, 137.54, 76.16, 4.97705e-06
FILLER_0_24_291, 137.54, 76.16, 4.97705e-06
_1679_, 143.06, 76.16, 5.0264e-06
_1680_, 143.06, 76.16, 5.0264e-06
_1712_, 143.06, 76.16, 5.0264e-06
_1750_, 143.06, 76.16, 5.0264e-06
FILLER_0_23_305, 143.06, 76.16, 5.0264e-06
_2587_, 15.18, 76.16, 4.3739e-06
_2350_, 50.6, 76.16, 3.37717e-06
_2247_, 66.7, 76.16, 2.90509e-06
_2303_, 66.7, 76.16, 2.90509e-06
_2765_, 76.82, 76.16, 3.45062e-06
FILLER_0_23_148, 76.82, 76.16, 3.45062e-06
FILLER_0_25_153, 76.82, 76.16, 3.45062e-06
_1378_, 82.34, 76.16, 4.00422e-06
_1389_, 82.34, 76.16, 4.00422e-06
_1718_, 82.34, 76.16, 4.00422e-06
FILLER_0_24_173, 82.34, 76.16, 4.00422e-06
_1702_, 124.66, 76.16, 4.40332e-06
_1710_, 124.66, 76.16, 4.40332e-06
_1730_, 124.66, 76.16, 4.40332e-06
FILLER_0_24_247, 124.66, 76.16, 4.40332e-06
_1778_, 155.02, 76.16, 5.46307e-06
_1830_, 155.02, 76.16, 5.46307e-06
FILLER_0_23_326, 155.02, 76.16, 5.46307e-06
FILLER_0_25_330, 155.02, 76.16, 5.46307e-06
_1794_, 160.54, 76.16, 6.83112e-06
_1829_, 160.54, 76.16, 6.83112e-06
_1908_, 160.54, 76.16, 6.83112e-06
FILLER_0_23_333, 160.54, 76.16, 6.83112e-06
FILLER_0_24_343, 160.54, 76.16, 6.83112e-06
_2520_, 22.235, 76.16, 3.85982e-06
_2536_, 22.235, 76.16, 3.85982e-06
_2539_, 22.235, 76.16, 3.85982e-06
FILLER_0_24_39, 22.235, 76.16, 3.85982e-06
_1460_, 91.95, 76.16, 4.35908e-06
_1598_, 91.95, 76.16, 4.35908e-06
ANTENNA_1, 91.95, 76.16, 4.35908e-06
FILLER_0_23_187, 91.95, 76.16, 4.35908e-06
FILLER_0_24_181, 91.95, 76.16, 4.35908e-06
FILLER_0_24_197, 91.95, 76.16, 4.35908e-06
FILLER_0_25_190, 91.95, 76.16, 4.35908e-06
_1595_, 101.56, 76.16, 4.18533e-06
_1596_, 101.56, 76.16, 4.18533e-06
_1597_, 101.56, 76.16, 4.18533e-06
_1603_, 101.56, 76.16, 4.18533e-06
_1604_, 101.56, 76.16, 4.18533e-06
_2589_, 5.52, 70.72, 4.26329e-06
PHY_EDGE_ROW_21_Left_81, 5.52, 70.72, 4.26329e-06
PHY_EDGE_ROW_22_Left_82, 5.52, 70.72, 4.26329e-06
FILLER_0_22_3, 5.52, 70.72, 4.26329e-06
PHY_EDGE_ROW_21_Right_21, 169.28, 70.72, 1.09101e-05
PHY_EDGE_ROW_22_Right_22, 169.28, 70.72, 1.09101e-05
_2586_, 13.34, 70.72, 4.23878e-06
_2588_, 13.34, 70.72, 4.23878e-06
_2634_, 13.34, 70.72, 4.23878e-06
FILLER_0_22_22, 13.34, 70.72, 4.23878e-06
_2534_, 18.86, 70.72, 3.95978e-06
_2535_, 18.86, 70.72, 3.95978e-06
_2538_, 18.86, 70.72, 3.95978e-06
_2537_, 24.38, 70.72, 3.44549e-06
_2584_, 24.38, 70.72, 3.44549e-06
FILLER_0_23_45, 24.38, 70.72, 3.44549e-06
_1515_, 111.78, 70.72, 2.98177e-06
_1657_, 111.78, 70.72, 2.98177e-06
_1658_, 111.78, 70.72, 2.98177e-06
FILLER_0_23_239, 111.78, 70.72, 2.98177e-06
_1380_, 90.62, 70.72, 4.13268e-06
_1382_, 90.62, 70.72, 4.13268e-06
_1390_, 90.62, 70.72, 4.13268e-06
_1391_, 90.62, 70.72, 4.13268e-06
_1392_, 90.62, 70.72, 4.13268e-06
FILLER_0_22_191, 90.62, 70.72, 4.13268e-06
_1599_, 98.9, 70.72, 3.81561e-06
_1654_, 98.9, 70.72, 3.81561e-06
_1723_, 98.9, 70.72, 3.81561e-06
FILLER_0_22_209, 98.9, 70.72, 3.81561e-06
_1701_, 130.64, 70.72, 5.03305e-06
FILLER_0_23_275, 130.64, 70.72, 5.03305e-06
_1681_, 136.16, 70.72, 5.52563e-06
_1682_, 141.68, 70.72, 5.89787e-06
FILLER_0_22_302, 141.68, 70.72, 5.89787e-06
_1714_, 150.42, 70.72, 6.25489e-06
_2481_, 39.525, 70.72, 3.4634e-06
_2486_, 39.525, 70.72, 3.4634e-06
_2487_, 39.525, 70.72, 3.4634e-06
FILLER_0_22_85, 39.525, 70.72, 3.4634e-06
FILLER_0_23_65, 39.525, 70.72, 3.4634e-06
_2437_, 49.76, 70.72, 3.56911e-06
_2484_, 49.76, 70.72, 3.56911e-06
_2527_, 49.76, 70.72, 3.56911e-06
_2418_, 59.995, 70.72, 3.45212e-06
_2419_, 59.995, 70.72, 3.45212e-06
_2421_, 59.995, 70.72, 3.45212e-06
_2422_, 59.995, 70.72, 3.45212e-06
_2423_, 59.995, 70.72, 3.45212e-06
FILLER_0_21_113, 59.995, 70.72, 3.45212e-06
FILLER_0_21_119, 59.995, 70.72, 3.45212e-06
FILLER_0_22_109, 59.995, 70.72, 3.45212e-06
_1370_, 80.425, 70.72, 3.81925e-06
_1384_, 80.425, 70.72, 3.81925e-06
_1385_, 80.425, 70.72, 3.81925e-06
_1387_, 80.425, 70.72, 3.81925e-06
_2764_, 80.425, 70.72, 3.81925e-06
FILLER_0_22_156, 80.425, 70.72, 3.81925e-06
FILLER_0_22_169, 80.425, 70.72, 3.81925e-06
_1659_, 121.21, 70.72, 4.17358e-06
_1660_, 121.21, 70.72, 4.17358e-06
_1716_, 121.21, 70.72, 4.17358e-06
FILLER_0_21_252, 121.21, 70.72, 4.17358e-06
FILLER_0_23_250, 121.21, 70.72, 4.17358e-06
_1832_, 160.695, 70.72, 1.09101e-05
_1907_, 160.695, 70.72, 1.09101e-05
_1909_, 160.695, 70.72, 1.09101e-05
_2590_, 5.52, 65.28, 1.00828e-05
PHY_EDGE_ROW_19_Left_79, 5.52, 65.28, 1.00828e-05
PHY_EDGE_ROW_20_Left_80, 5.52, 65.28, 1.00828e-05
output62, 5.52, 65.28, 1.00828e-05
FILLER_0_20_9, 5.52, 65.28, 1.00828e-05
PHY_EDGE_ROW_19_Right_19, 169.28, 65.28, 1.05702e-05
PHY_EDGE_ROW_20_Right_20, 169.28, 65.28, 1.05702e-05
_2473_, 17.48, 65.28, 7.4469e-06
_2581_, 17.48, 65.28, 7.4469e-06
_2582_, 17.48, 65.28, 7.4469e-06
_2472_, 23, 65.28, 6.05583e-06
_2474_, 23, 65.28, 6.05583e-06
_2577_, 28.52, 65.28, 4.53726e-06
_2579_, 28.52, 65.28, 4.53726e-06
_2530_, 35.88, 65.28, 4.68786e-06
_2580_, 35.88, 65.28, 4.68786e-06
FILLER_0_20_64, 35.88, 65.28, 4.68786e-06
FILLER_0_21_68, 35.88, 65.28, 4.68786e-06
_2471_, 52.9, 65.28, 4.56446e-06
_2482_, 52.9, 65.28, 4.56446e-06
FILLER_0_19_109, 52.9, 65.28, 4.56446e-06
FILLER_0_20_103, 52.9, 65.28, 4.56446e-06
FILLER_0_21_104, 52.9, 65.28, 4.56446e-06
_2420_, 63.48, 65.28, 3.90862e-06
_1381_, 87.4, 65.28, 4.96134e-06
_1386_, 87.4, 65.28, 4.96134e-06
_1409_, 87.4, 65.28, 4.96134e-06
_1410_, 87.4, 65.28, 4.96134e-06
_1411_, 87.4, 65.28, 4.96134e-06
FILLER_0_20_173, 87.4, 65.28, 4.96134e-06
FILLER_0_20_190, 87.4, 65.28, 4.96134e-06
_1588_, 119.6, 65.28, 4.71001e-06
_1645_, 119.6, 65.28, 4.71001e-06
_1646_, 119.6, 65.28, 4.71001e-06
FILLER_0_20_253, 119.6, 65.28, 4.71001e-06
_1647_, 125.12, 65.28, 5.45533e-06
_1661_, 125.12, 65.28, 5.45533e-06
_1615_, 130.64, 65.28, 6.03598e-06
_1616_, 130.64, 65.28, 6.03598e-06
FILLER_0_20_275, 130.64, 65.28, 6.03598e-06
_1617_, 137.54, 65.28, 6.60044e-06
_1618_, 137.54, 65.28, 6.60044e-06
_1683_, 137.54, 65.28, 6.60044e-06
FILLER_0_20_286, 137.54, 65.28, 6.60044e-06
_1684_, 146.74, 65.28, 6.83574e-06
_1715_, 146.74, 65.28, 6.83574e-06
_1755_, 146.74, 65.28, 6.83574e-06
FILLER_0_20_305, 146.74, 65.28, 6.83574e-06
FILLER_0_20_309, 146.74, 65.28, 6.83574e-06
FILLER_0_21_308, 146.74, 65.28, 6.83574e-06
_1758_, 152.26, 65.28, 6.58139e-06
_1779_, 152.26, 65.28, 6.58139e-06
FILLER_0_19_325, 152.26, 65.28, 6.58139e-06
FILLER_0_20_328, 152.26, 65.28, 6.58139e-06
FILLER_0_21_327, 152.26, 65.28, 6.58139e-06
_1831_, 163.3, 65.28, 1.05702e-05
_1834_, 163.3, 65.28, 1.05702e-05
_1982_, 163.3, 65.28, 1.05702e-05
input2, 163.3, 65.28, 1.05702e-05
FILLER_0_19_349, 163.3, 65.28, 1.05702e-05
_2417_, 64.86, 65.28, 3.81232e-06
_2569_, 64.86, 65.28, 3.81232e-06
FILLER_0_19_132, 64.86, 65.28, 3.81232e-06
FILLER_0_21_269, 129.26, 65.28, 5.89082e-06
_2483_, 44.39, 65.28, 4.8428e-06
_2485_, 44.39, 65.28, 4.8428e-06
_2528_, 44.39, 65.28, 4.8428e-06
_2529_, 44.39, 65.28, 4.8428e-06
_2574_, 44.39, 65.28, 4.8428e-06
FILLER_0_19_83, 44.39, 65.28, 4.8428e-06
FILLER_0_20_85, 44.39, 65.28, 4.8428e-06
_1388_, 78.815, 65.28, 4.30225e-06
_1400_, 78.815, 65.28, 4.30225e-06
_1401_, 78.815, 65.28, 4.30225e-06
FILLER_0_20_161, 78.815, 65.28, 4.30225e-06
_1396_, 99.285, 65.28, 5.02964e-06
_1398_, 99.285, 65.28, 5.02964e-06
_1413_, 99.285, 65.28, 5.02964e-06
_1587_, 99.285, 65.28, 5.02964e-06
_1589_, 99.285, 65.28, 5.02964e-06
_1651_, 99.285, 65.28, 5.02964e-06
FILLER_0_20_197, 99.285, 65.28, 5.02964e-06
FILLER_0_20_209, 99.285, 65.28, 5.02964e-06
_2591_, 5.52, 59.84, 1.03961e-05
PHY_EDGE_ROW_17_Left_77, 5.52, 59.84, 1.03961e-05
PHY_EDGE_ROW_18_Left_78, 5.52, 59.84, 1.03961e-05
PHY_EDGE_ROW_17_Right_17, 169.28, 59.84, 1.86442e-05
PHY_EDGE_ROW_18_Right_18, 169.28, 59.84, 1.86442e-05
input17, 169.28, 59.84, 1.86442e-05
_1593_, 120.98, 59.84, 7.34943e-06
_1640_, 120.98, 59.84, 7.34943e-06
_2583_, 9.66, 59.84, 1.01599e-05
_2599_, 9.66, 59.84, 1.01599e-05
_2632_, 9.66, 59.84, 1.01599e-05
_2763_, 9.66, 59.84, 1.01599e-05
FILLER_0_18_15, 9.66, 59.84, 1.01599e-05
_2568_, 27.14, 59.84, 4.57617e-06
_2566_, 37.72, 59.84, 4.07113e-06
FILLER_0_18_76, 37.72, 59.84, 4.07113e-06
FILLER_0_19_72, 37.72, 59.84, 4.07113e-06
_1369_, 118.68, 59.84, 6.70434e-06
_1585_, 118.68, 59.84, 6.70434e-06
_2526_, 48.556, 59.84, 4.02534e-06
_2646_, 48.556, 59.84, 4.02534e-06
_2647_, 48.556, 59.84, 4.02534e-06
FILLER_0_17_96, 48.556, 59.84, 4.02534e-06
FILLER_0_18_85, 48.556, 59.84, 4.02534e-06
FILLER_0_18_100, 48.556, 59.84, 4.02534e-06
_2468_, 59.393, 59.84, 3.79318e-06
_2469_, 59.393, 59.84, 3.79318e-06
_2610_, 59.393, 59.84, 3.79318e-06
_2611_, 59.393, 59.84, 3.79318e-06
_2651_, 59.393, 59.84, 3.79318e-06
_2652_, 59.393, 59.84, 3.79318e-06
FILLER_0_17_123, 59.393, 59.84, 3.79318e-06
FILLER_0_18_108, 59.393, 59.84, 3.79318e-06
_1403_, 80.465, 59.84, 3.8859e-06
_1404_, 80.465, 59.84, 3.8859e-06
_1405_, 80.465, 59.84, 3.8859e-06
_1426_, 80.465, 59.84, 3.8859e-06
FILLER_0_17_169, 80.465, 59.84, 3.8859e-06
_1397_, 90.7, 59.84, 4.44029e-06
_1399_, 90.7, 59.84, 4.44029e-06
_1433_, 90.7, 59.84, 4.44029e-06
FILLER_0_17_191, 90.7, 59.84, 4.44029e-06
FILLER_0_18_177, 90.7, 59.84, 4.44029e-06
FILLER_0_18_191, 90.7, 59.84, 4.44029e-06
FILLER_0_19_184, 90.7, 59.84, 4.44029e-06
_1395_, 100.935, 59.84, 4.76597e-06
_1539_, 100.935, 59.84, 4.76597e-06
_1586_, 100.935, 59.84, 4.76597e-06
_1720_, 100.935, 59.84, 4.76597e-06
FILLER_0_17_213, 100.935, 59.84, 4.76597e-06
FILLER_0_18_197, 100.935, 59.84, 4.76597e-06
FILLER_0_18_210, 100.935, 59.84, 4.76597e-06
_1620_, 131.356, 59.84, 9.98147e-06
_1623_, 131.356, 59.84, 9.98147e-06
_1648_, 131.356, 59.84, 9.98147e-06
_1649_, 131.356, 59.84, 9.98147e-06
_1621_, 141.733, 59.84, 1.16569e-05
_1650_, 141.733, 59.84, 1.16569e-05
_1685_, 141.733, 59.84, 1.16569e-05
_1686_, 141.733, 59.84, 1.16569e-05
_1687_, 141.733, 59.84, 1.16569e-05
FILLER_0_18_305, 141.733, 59.84, 1.16569e-05
FILLER_0_19_293, 141.733, 59.84, 1.16569e-05
_1911_, 160.695, 59.84, 1.85769e-05
FILLER_0_19_333, 160.695, 59.84, 1.85769e-05
PHY_EDGE_ROW_15_Left_75, 5.52, 54.4, 2.67702e-05
PHY_EDGE_ROW_16_Left_76, 5.52, 54.4, 2.67702e-05
output50, 5.52, 54.4, 2.67702e-05
PHY_EDGE_ROW_15_Right_15, 169.28, 54.4, 1.64738e-05
PHY_EDGE_ROW_16_Right_16, 169.28, 54.4, 1.64738e-05
FILLER_0_17_347, 169.28, 54.4, 1.64738e-05
_2638_, 19.78, 54.4, 1.80486e-05
_2639_, 19.78, 54.4, 1.80486e-05
_2640_, 19.78, 54.4, 1.80486e-05
FILLER_0_16_25, 19.78, 54.4, 1.80486e-05
FILLER_0_17_31, 19.78, 54.4, 1.80486e-05
_2572_, 69.46, 54.4, 3.6937e-06
_2612_, 69.46, 54.4, 3.6937e-06
_2644_, 69.46, 54.4, 3.6937e-06
FILLER_0_16_136, 69.46, 54.4, 3.6937e-06
FILLER_0_17_131, 69.46, 54.4, 3.6937e-06
FILLER_0_17_139, 69.46, 54.4, 3.6937e-06
_1407_, 90.62, 54.4, 4.53891e-06
_1408_, 90.62, 54.4, 4.53891e-06
_1435_, 90.62, 54.4, 4.53891e-06
_1458_, 90.62, 54.4, 4.53891e-06
_1462_, 90.62, 54.4, 4.53891e-06
FILLER_0_15_194, 90.62, 54.4, 4.53891e-06
FILLER_0_16_174, 90.62, 54.4, 4.53891e-06
FILLER_0_16_182, 90.62, 54.4, 4.53891e-06
FILLER_0_17_183, 90.62, 54.4, 4.53891e-06
_1641_, 126.5, 54.4, 7.34755e-06
_1688_, 138.92, 54.4, 9.45331e-06
FILLER_0_16_296, 138.92, 54.4, 9.45331e-06
FILLER_0_16_304, 138.92, 54.4, 9.45331e-06
_2636_, 9.66, 54.4, 2.4748e-05
_2641_, 9.66, 54.4, 2.4748e-05
_2674_, 9.66, 54.4, 2.4748e-05
_2575_, 21.62, 54.4, 1.64892e-05
_2621_, 21.62, 54.4, 1.64892e-05
FILLER_0_15_37, 21.62, 54.4, 1.64892e-05
_2563_, 57.96, 54.4, 6.04301e-06
_2682_, 57.96, 54.4, 6.04301e-06
FILLER_0_15_107, 57.96, 54.4, 6.04301e-06
FILLER_0_16_120, 57.96, 54.4, 6.04301e-06
FILLER_0_17_108, 57.96, 54.4, 6.04301e-06
_1517_, 124.66, 54.4, 6.97525e-06
_1594_, 124.66, 54.4, 6.97525e-06
FILLER_0_17_257, 124.66, 54.4, 6.97525e-06
_1583_, 133.4, 54.4, 8.71019e-06
_1622_, 133.4, 54.4, 8.71019e-06
FILLER_0_15_277, 133.4, 54.4, 8.71019e-06
_2565_, 38.846, 54.4, 8.64619e-06
_2617_, 38.846, 54.4, 8.64619e-06
_2618_, 38.846, 54.4, 8.64619e-06
FILLER_0_16_63, 38.846, 54.4, 8.64619e-06
FILLER_0_16_79, 38.846, 54.4, 8.64619e-06
_2341_, 48.403, 54.4, 7.69797e-06
_2616_, 48.403, 54.4, 7.69797e-06
_2648_, 48.403, 54.4, 7.69797e-06
_2649_, 48.403, 54.4, 7.69797e-06
_2650_, 48.403, 54.4, 7.69797e-06
_2691_, 48.403, 54.4, 7.69797e-06
FILLER_0_15_96, 48.403, 54.4, 7.69797e-06
FILLER_0_16_85, 48.403, 54.4, 7.69797e-06
_1402_, 80.425, 54.4, 4.13654e-06
_1406_, 80.425, 54.4, 4.13654e-06
_1415_, 80.425, 54.4, 4.13654e-06
FILLER_0_15_169, 80.425, 54.4, 4.13654e-06
FILLER_0_16_166, 80.425, 54.4, 4.13654e-06
FILLER_0_17_152, 80.425, 54.4, 4.13654e-06
FILLER_0_17_160, 80.425, 54.4, 4.13654e-06
_1375_, 100.895, 54.4, 4.43681e-06
_1394_, 100.895, 54.4, 4.43681e-06
_1434_, 100.895, 54.4, 4.43681e-06
_1461_, 100.895, 54.4, 4.43681e-06
_1540_, 100.895, 54.4, 4.43681e-06
FILLER_0_16_210, 100.895, 54.4, 4.43681e-06
FILLER_0_16_218, 100.895, 54.4, 4.43681e-06
FILLER_0_17_200, 100.895, 54.4, 4.43681e-06
_1836_, 160.695, 54.4, 1.64737e-05
_1838_, 160.695, 54.4, 1.64737e-05
_1910_, 160.695, 54.4, 1.64737e-05
FILLER_0_17_331, 160.695, 54.4, 1.64737e-05
PHY_EDGE_ROW_13_Left_73, 5.52, 48.96, 6.72191e-06
PHY_EDGE_ROW_14_Left_74, 5.52, 48.96, 6.72191e-06
FILLER_0_15_3, 5.52, 48.96, 6.72191e-06
PHY_EDGE_ROW_13_Right_13, 169.28, 48.96, 1.90822e-05
PHY_EDGE_ROW_14_Right_14, 169.28, 48.96, 1.90822e-05
_2637_, 14.72, 48.96, 6.30257e-06
_2576_, 25.3, 48.96, 4.52838e-06
_2667_, 25.3, 48.96, 4.52838e-06
FILLER_0_14_44, 25.3, 48.96, 4.52838e-06
_2564_, 34.5, 48.96, 3.83245e-06
_2619_, 34.5, 48.96, 3.83245e-06
_2624_, 34.5, 48.96, 3.83245e-06
FILLER_0_14_70, 34.5, 48.96, 3.83245e-06
_1516_, 117.76, 48.96, 7.17262e-06
_1518_, 117.76, 48.96, 7.17262e-06
_1532_, 117.76, 48.96, 7.17262e-06
_1535_, 117.76, 48.96, 7.17262e-06
_1536_, 117.76, 48.96, 7.17262e-06
FILLER_0_13_250, 117.76, 48.96, 7.17262e-06
FILLER_0_14_247, 117.76, 48.96, 7.17262e-06
FILLER_0_14_253, 117.76, 48.96, 7.17262e-06
_1537_, 128.8, 48.96, 1.01923e-05
_1579_, 128.8, 48.96, 1.01923e-05
_1584_, 128.8, 48.96, 1.01923e-05
FILLER_0_14_275, 128.8, 48.96, 1.01923e-05
FILLER_0_15_269, 128.8, 48.96, 1.01923e-05
_1775_, 155.48, 48.96, 1.47179e-05
_1837_, 155.48, 48.96, 1.47179e-05
FILLER_0_15_326, 155.48, 48.96, 1.47179e-05
_2635_, 9.66, 48.96, 6.7219e-06
_2673_, 9.66, 48.96, 6.7219e-06
_2628_, 15.18, 48.96, 6.23342e-06
FILLER_0_13_26, 15.18, 48.96, 6.23342e-06
_2615_, 47.38, 48.96, 3.80629e-06
_2645_, 47.38, 48.96, 3.80629e-06
FILLER_0_13_90, 47.38, 48.96, 3.80629e-06
FILLER_0_14_80, 47.38, 48.96, 3.80629e-06
FILLER_0_14_97, 47.38, 48.96, 3.80629e-06
_2614_, 60.26, 48.96, 3.61537e-06
_2687_, 60.26, 48.96, 3.61537e-06
_2688_, 60.26, 48.96, 3.61537e-06
FILLER_0_14_125, 60.26, 48.96, 3.61537e-06
FILLER_0_15_119, 60.26, 48.96, 3.61537e-06
_1414_, 73.14, 48.96, 3.62763e-06
_1425_, 73.14, 48.96, 3.62763e-06
FILLER_0_15_145, 73.14, 48.96, 3.62763e-06
_1416_, 78.66, 48.96, 4.53268e-06
_1454_, 78.66, 48.96, 4.53268e-06
FILLER_0_13_157, 78.66, 48.96, 4.53268e-06
FILLER_0_14_165, 78.66, 48.96, 4.53268e-06
FILLER_0_15_159, 78.66, 48.96, 4.53268e-06
_1412_, 98.9, 48.96, 5.76742e-06
_1465_, 98.9, 48.96, 5.76742e-06
_1505_, 98.9, 48.96, 5.76742e-06
_1506_, 98.9, 48.96, 5.76742e-06
FILLER_0_13_215, 98.9, 48.96, 5.76742e-06
_1534_, 111.78, 48.96, 5.27797e-06
FILLER_0_14_237, 111.78, 48.96, 5.27797e-06
FILLER_0_15_231, 111.78, 48.96, 5.27797e-06
_1368_, 88.78, 48.96, 5.93391e-06
_1427_, 88.78, 48.96, 5.93391e-06
_1429_, 88.78, 48.96, 5.93391e-06
_1430_, 88.78, 48.96, 5.93391e-06
_1431_, 88.78, 48.96, 5.93391e-06
_1457_, 88.78, 48.96, 5.93391e-06
FILLER_0_13_190, 88.78, 48.96, 5.93391e-06
FILLER_0_14_191, 88.78, 48.96, 5.93391e-06
_1626_, 140.455, 48.96, 1.29093e-05
_1639_, 140.455, 48.96, 1.29093e-05
_1690_, 140.455, 48.96, 1.29093e-05
_1691_, 140.455, 48.96, 1.29093e-05
_1692_, 140.455, 48.96, 1.29093e-05
FILLER_0_13_287, 140.455, 48.96, 1.29093e-05
FILLER_0_13_297, 140.455, 48.96, 1.29093e-05
FILLER_0_15_296, 140.455, 48.96, 1.29093e-05
_1373_, 162.38, 48.96, 1.90822e-05
_1839_, 162.38, 48.96, 1.90822e-05
_1841_, 162.38, 48.96, 1.90822e-05
_1980_, 162.38, 48.96, 1.90822e-05
_1981_, 162.38, 48.96, 1.90822e-05
_2633_, 5.52, 43.52, 7.16475e-06
PHY_EDGE_ROW_11_Left_71, 5.52, 43.52, 7.16475e-06
PHY_EDGE_ROW_12_Left_72, 5.52, 43.52, 7.16475e-06
FILLER_0_13_3, 5.52, 43.52, 7.16475e-06
PHY_EDGE_ROW_11_Right_11, 169.28, 43.52, 1.4709e-05
PHY_EDGE_ROW_12_Right_12, 169.28, 43.52, 1.4709e-05
output33, 169.28, 43.52, 1.4709e-05
_2642_, 12.42, 43.52, 6.77481e-06
_2643_, 12.42, 43.52, 6.77481e-06
_1422_, 79.12, 43.52, 3.90073e-06
_1423_, 79.12, 43.52, 3.90073e-06
FILLER_0_13_165, 79.12, 43.52, 3.90073e-06
_1693_, 147.66, 43.52, 1.18193e-05
FILLER_0_12_303, 147.66, 43.52, 1.18193e-05
_2661_, 34.96, 43.52, 4.44509e-06
FILLER_0_13_69, 34.96, 43.52, 4.44509e-06
_2620_, 40.48, 43.52, 4.73769e-06
_2658_, 40.48, 43.52, 4.73769e-06
_2662_, 40.48, 43.52, 4.73769e-06
FILLER_0_13_81, 40.48, 43.52, 4.73769e-06
_2653_, 54.74, 43.52, 4.47193e-06
_2654_, 54.74, 43.52, 4.47193e-06
_2683_, 54.74, 43.52, 4.47193e-06
_2684_, 54.74, 43.52, 4.47193e-06
FILLER_0_12_113, 54.74, 43.52, 4.47193e-06
FILLER_0_13_106, 54.74, 43.52, 4.47193e-06
FILLER_0_13_113, 54.74, 43.52, 4.47193e-06
_1417_, 85.56, 43.52, 4.44417e-06
_1428_, 85.56, 43.52, 4.44417e-06
FILLER_0_12_180, 85.56, 43.52, 4.44417e-06
FILLER_0_13_176, 85.56, 43.52, 4.44417e-06
_1547_, 111.32, 43.52, 4.79737e-06
_1614_, 111.32, 43.52, 4.79737e-06
_1548_, 116.84, 43.52, 6.43852e-06
_1551_, 116.84, 43.52, 6.43852e-06
_1619_, 116.84, 43.52, 6.43852e-06
FILLER_0_12_248, 116.84, 43.52, 6.43852e-06
_1556_, 128.8, 43.52, 9.36201e-06
_1578_, 128.8, 43.52, 9.36201e-06
FILLER_0_13_274, 128.8, 43.52, 9.36201e-06
_1372_, 134.32, 43.52, 1.05848e-05
_1624_, 134.32, 43.52, 1.05848e-05
_1627_, 134.32, 43.52, 1.05848e-05
FILLER_0_12_286, 134.32, 43.52, 1.05848e-05
FILLER_0_11_315, 150.42, 43.52, 1.15546e-05
_1765_, 155.94, 43.52, 1.44672e-05
_1774_, 155.94, 43.52, 1.44672e-05
_1840_, 155.94, 43.52, 1.44672e-05
FILLER_0_13_332, 155.94, 43.52, 1.44672e-05
_2622_, 20.855, 43.52, 5.88985e-06
_2627_, 20.855, 43.52, 5.88985e-06
_2629_, 20.855, 43.52, 5.88985e-06
_2630_, 20.855, 43.52, 5.88985e-06
_2631_, 20.855, 43.52, 5.88985e-06
_2677_, 20.855, 43.52, 5.88985e-06
FILLER_0_11_33, 20.855, 43.52, 5.88985e-06
_2655_, 47.61, 43.52, 4.77827e-06
_2656_, 47.61, 43.52, 4.77827e-06
_2692_, 47.61, 43.52, 4.77827e-06
FILLER_0_12_85, 47.61, 43.52, 4.77827e-06
FILLER_0_12_93, 47.61, 43.52, 4.77827e-06
_2686_, 62.485, 43.52, 3.88092e-06
_2689_, 62.485, 43.52, 3.88092e-06
_2690_, 62.485, 43.52, 3.88092e-06
_2714_, 62.485, 43.52, 3.88092e-06
FILLER_0_11_123, 62.485, 43.52, 3.88092e-06
FILLER_0_12_121, 62.485, 43.52, 3.88092e-06
FILLER_0_12_132, 62.485, 43.52, 3.88092e-06
_1376_, 98.365, 43.52, 5.11742e-06
_1383_, 98.365, 43.52, 5.11742e-06
_1464_, 98.365, 43.52, 5.11742e-06
_1466_, 98.365, 43.52, 5.11742e-06
_1467_, 98.365, 43.52, 5.11742e-06
_1513_, 98.365, 43.52, 5.11742e-06
FILLER_0_12_193, 98.365, 43.52, 5.11742e-06
FILLER_0_12_213, 98.365, 43.52, 5.11742e-06
PHY_EDGE_ROW_9_Left_69, 5.52, 38.08, 5.60178e-06
PHY_EDGE_ROW_10_Left_70, 5.52, 38.08, 5.60178e-06
input4, 5.52, 38.08, 5.60178e-06
PHY_EDGE_ROW_9_Right_9, 169.28, 38.08, 1.96188e-05
PHY_EDGE_ROW_10_Right_10, 169.28, 38.08, 1.96188e-05
FILLER_0_10_349, 169.28, 38.08, 1.96188e-05
_2660_, 35.88, 38.08, 3.65416e-06
_2663_, 35.88, 38.08, 3.65416e-06
_2664_, 35.88, 38.08, 3.65416e-06
FILLER_0_10_62, 35.88, 38.08, 3.65416e-06
_2693_, 41.4, 38.08, 3.65063e-06
_2694_, 41.4, 38.08, 3.65063e-06
FILLER_0_11_84, 41.4, 38.08, 3.65063e-06
_2723_, 46.92, 38.08, 3.53222e-06
FILLER_0_10_85, 46.92, 38.08, 3.53222e-06
FILLER_0_10_96, 46.92, 38.08, 3.53222e-06
_2722_, 52.44, 38.08, 3.37556e-06
_2736_, 52.44, 38.08, 3.37556e-06
FILLER_0_9_108, 52.44, 38.08, 3.37556e-06
FILLER_0_10_104, 52.44, 38.08, 3.37556e-06
_2685_, 60.26, 38.08, 3.08754e-06
FILLER_0_10_123, 60.26, 38.08, 3.08754e-06
FILLER_0_11_144, 72.22, 38.08, 2.90621e-06
_1545_, 103.04, 38.08, 5.35129e-06
_1546_, 103.04, 38.08, 5.35129e-06
FILLER_0_9_218, 103.04, 38.08, 5.35129e-06
FILLER_0_10_209, 103.04, 38.08, 5.35129e-06
FILLER_0_11_218, 103.04, 38.08, 5.35129e-06
_1519_, 124.2, 38.08, 1.11716e-05
_1520_, 124.2, 38.08, 1.11716e-05
_1552_, 124.2, 38.08, 1.11716e-05
_1553_, 124.2, 38.08, 1.11716e-05
_1555_, 124.2, 38.08, 1.11716e-05
FILLER_0_10_245, 124.2, 38.08, 1.11716e-05
FILLER_0_10_253, 124.2, 38.08, 1.11716e-05
_1557_, 129.72, 38.08, 1.32126e-05
_1558_, 129.72, 38.08, 1.32126e-05
_1625_, 129.72, 38.08, 1.32126e-05
FILLER_0_9_9, 9.66, 38.08, 5.47119e-06
_2665_, 15.18, 38.08, 5.29708e-06
_2668_, 15.18, 38.08, 5.29708e-06
FILLER_0_11_21, 15.18, 38.08, 5.29708e-06
FILLER_0_11_41, 24.84, 38.08, 3.93634e-06
_1421_, 73.14, 38.08, 3.04607e-06
_1449_, 73.14, 38.08, 3.04607e-06
_1367_, 89.24, 38.08, 4.87423e-06
_1377_, 89.24, 38.08, 4.87423e-06
_1468_, 89.24, 38.08, 4.87423e-06
FILLER_0_10_188, 89.24, 38.08, 4.87423e-06
_1469_, 98.9, 38.08, 5.22753e-06
FILLER_0_11_203, 98.9, 38.08, 5.22753e-06
_1628_, 138.92, 38.08, 1.54622e-05
_1694_, 138.92, 38.08, 1.54622e-05
_1696_, 138.92, 38.08, 1.54622e-05
_1769_, 138.92, 38.08, 1.54622e-05
FILLER_0_10_296, 138.92, 38.08, 1.54622e-05
_1419_, 81.19, 38.08, 4.05873e-06
_1420_, 81.19, 38.08, 4.05873e-06
_1444_, 81.19, 38.08, 4.05873e-06
FILLER_0_9_161, 81.19, 38.08, 4.05873e-06
FILLER_0_11_169, 81.19, 38.08, 4.05873e-06
_1767_, 160.695, 38.08, 1.96188e-05
_1770_, 160.695, 38.08, 1.96188e-05
_1773_, 160.695, 38.08, 1.96188e-05
FILLER_0_11_345, 160.695, 38.08, 1.96188e-05
PHY_EDGE_ROW_7_Left_67, 5.52, 32.64, 2.54152e-05
PHY_EDGE_ROW_8_Left_68, 5.52, 32.64, 2.54152e-05
output36, 5.52, 32.64, 2.54152e-05
PHY_EDGE_ROW_7_Right_7, 169.28, 32.64, 6.53339e-06
PHY_EDGE_ROW_8_Right_8, 169.28, 32.64, 6.53339e-06
_2669_, 9.66, 32.64, 2.28268e-05
_2670_, 15.18, 32.64, 1.92528e-05
_2729_, 15.18, 32.64, 1.92528e-05
FILLER_0_7_27, 15.18, 32.64, 1.92528e-05
FILLER_0_9_27, 15.18, 32.64, 1.92528e-05
_2695_, 42.78, 32.64, 7.45457e-06
_2696_, 42.78, 32.64, 7.45457e-06
_2721_, 42.78, 32.64, 7.45457e-06
FILLER_0_8_73, 42.78, 32.64, 7.45457e-06
FILLER_0_8_81, 42.78, 32.64, 7.45457e-06
_2707_, 50.6, 32.64, 6.36996e-06
_2751_, 50.6, 32.64, 6.36996e-06
FILLER_0_8_98, 50.6, 32.64, 6.36996e-06
_1472_, 102.58, 32.64, 4.07246e-06
_1496_, 102.58, 32.64, 4.07246e-06
_1630_, 142.6, 32.64, 7.37231e-06
_1695_, 142.6, 32.64, 7.37231e-06
FILLER_0_8_288, 142.6, 32.64, 7.37231e-06
FILLER_0_8_302, 142.6, 32.64, 7.37231e-06
FILLER_0_8_309, 148.12, 32.64, 6.70636e-06
FILLER_0_9_305, 148.12, 32.64, 6.70636e-06
FILLER_0_9_313, 148.12, 32.64, 6.70636e-06
_1638_, 153.64, 32.64, 6.40198e-06
_1772_, 153.64, 32.64, 6.40198e-06
FILLER_0_7_328, 153.64, 32.64, 6.40198e-06
input10, 163.3, 32.64, 6.53338e-06
FILLER_0_8_345, 163.3, 32.64, 6.53338e-06
FILLER_0_9_342, 163.3, 32.64, 6.53338e-06
_1447_, 73.14, 32.64, 3.35775e-06
_1448_, 73.14, 32.64, 3.35775e-06
FILLER_0_8_153, 73.14, 32.64, 3.35775e-06
FILLER_0_9_151, 73.14, 32.64, 3.35775e-06
_2678_, 22.235, 32.64, 1.41696e-05
_2703_, 22.235, 32.64, 1.41696e-05
_2730_, 22.235, 32.64, 1.41696e-05
FILLER_0_8_29, 22.235, 32.64, 1.41696e-05
FILLER_0_8_37, 22.235, 32.64, 1.41696e-05
_2708_, 60.415, 32.64, 4.85622e-06
_2709_, 60.415, 32.64, 4.85622e-06
_2735_, 60.415, 32.64, 4.85622e-06
_2737_, 60.415, 32.64, 4.85622e-06
FILLER_0_9_125, 60.415, 32.64, 4.85622e-06
_1418_, 82.953, 32.64, 4.01772e-06
_1440_, 82.953, 32.64, 4.01772e-06
_1441_, 82.953, 32.64, 4.01772e-06
_1442_, 82.953, 32.64, 4.01772e-06
_1446_, 82.953, 32.64, 4.01772e-06
FILLER_0_8_164, 82.953, 32.64, 4.01772e-06
FILLER_0_9_174, 82.953, 32.64, 4.01772e-06
_1471_, 92.766, 32.64, 4.28846e-06
_1473_, 92.766, 32.64, 4.28846e-06
_1474_, 92.766, 32.64, 4.28846e-06
_1476_, 92.766, 32.64, 4.28846e-06
_1477_, 92.766, 32.64, 4.28846e-06
_1500_, 92.766, 32.64, 4.28846e-06
FILLER_0_8_187, 92.766, 32.64, 4.28846e-06
FILLER_0_9_187, 92.766, 32.64, 4.28846e-06
_1509_, 121.646, 32.64, 6.03322e-06
_1511_, 121.646, 32.64, 6.03322e-06
_1521_, 121.646, 32.64, 6.03322e-06
_1522_, 121.646, 32.64, 6.03322e-06
_1554_, 121.646, 32.64, 6.03322e-06
_1559_, 132.123, 32.64, 7.3903e-06
_1560_, 132.123, 32.64, 7.3903e-06
_1561_, 132.123, 32.64, 7.3903e-06
_1562_, 132.123, 32.64, 7.3903e-06
FILLER_0_8_268, 132.123, 32.64, 7.3903e-06
FILLER_0_9_276, 132.123, 32.64, 7.3903e-06
PHY_EDGE_ROW_5_Left_65, 5.52, 27.2, 9.33727e-06
PHY_EDGE_ROW_6_Left_66, 5.52, 27.2, 9.33727e-06
FILLER_0_6_3, 5.52, 27.2, 9.33727e-06
PHY_EDGE_ROW_5_Right_5, 169.28, 27.2, 3.66559e-06
PHY_EDGE_ROW_6_Right_6, 169.28, 27.2, 3.66559e-06
_2724_, 40.94, 27.2, 5.28145e-06
_2734_, 40.94, 27.2, 5.28145e-06
FILLER_0_5_83, 40.94, 27.2, 5.28145e-06
_2719_, 50.6, 27.2, 4.60491e-06
_2720_, 50.6, 27.2, 4.60491e-06
_2711_, 68.54, 27.2, 2.74133e-06
_2716_, 68.54, 27.2, 2.74133e-06
_2717_, 68.54, 27.2, 2.74133e-06
_2718_, 68.54, 27.2, 2.74133e-06
FILLER_0_6_137, 68.54, 27.2, 2.74133e-06
_1443_, 86.02, 27.2, 3.09641e-06
_1475_, 86.02, 27.2, 3.09641e-06
_1499_, 111.78, 27.2, 2.70176e-06
_1501_, 111.78, 27.2, 2.70176e-06
FILLER_0_6_248, 117.3, 27.2, 3.69973e-06
FILLER_0_7_243, 117.3, 27.2, 3.69973e-06
_1632_, 145.82, 27.2, 4.76367e-06
_1637_, 145.82, 27.2, 4.76367e-06
FILLER_0_5_311, 145.82, 27.2, 4.76367e-06
_2704_, 24.38, 27.2, 6.86752e-06
_2706_, 24.38, 27.2, 6.86752e-06
_2698_, 29.9, 27.2, 4.91404e-06
_2726_, 29.9, 27.2, 4.91404e-06
FILLER_0_5_57, 29.9, 27.2, 4.91404e-06
FILLER_0_6_59, 29.9, 27.2, 4.91404e-06
FILLER_0_7_57, 29.9, 27.2, 4.91404e-06
_2697_, 40.48, 27.2, 5.30078e-06
_2725_, 40.48, 27.2, 5.30078e-06
_2727_, 40.48, 27.2, 5.30078e-06
_2752_, 54.28, 27.2, 4.27448e-06
_2753_, 54.28, 27.2, 4.27448e-06
FILLER_0_5_104, 54.28, 27.2, 4.27448e-06
FILLER_0_5_113, 54.28, 27.2, 4.27448e-06
FILLER_0_6_112, 54.28, 27.2, 4.27448e-06
FILLER_0_7_108, 54.28, 27.2, 4.27448e-06
_1438_, 89.24, 27.2, 3.08304e-06
FILLER_0_5_181, 89.24, 27.2, 3.08304e-06
FILLER_0_6_188, 89.24, 27.2, 3.08304e-06
_1484_, 102.58, 27.2, 2.94199e-06
FILLER_0_7_217, 102.58, 27.2, 2.94199e-06
_1439_, 108.1, 27.2, 2.7692e-06
_1497_, 116.84, 27.2, 3.6194e-06
_1523_, 131.1, 27.2, 5.18441e-06
_1567_, 131.1, 27.2, 5.18441e-06
FILLER_0_5_277, 131.1, 27.2, 5.18441e-06
FILLER_0_6_279, 131.1, 27.2, 5.18441e-06
_1568_, 141.22, 27.2, 5.07091e-06
_1629_, 141.22, 27.2, 5.07091e-06
_1633_, 159.16, 27.2, 3.66556e-06
FILLER_0_5_349, 164.68, 27.2, 3.66558e-06
FILLER_0_7_349, 164.68, 27.2, 3.66558e-06
_2671_, 14.95, 27.2, 9.33725e-06
_2672_, 14.95, 27.2, 9.33725e-06
_2675_, 14.95, 27.2, 9.33725e-06
_2728_, 14.95, 27.2, 9.33725e-06
_2731_, 14.95, 27.2, 9.33725e-06
_2710_, 61.41, 27.2, 3.56398e-06
_2738_, 61.41, 27.2, 3.56398e-06
_2739_, 61.41, 27.2, 3.56398e-06
FILLER_0_6_128, 61.41, 27.2, 3.56398e-06
FILLER_0_7_125, 61.41, 27.2, 3.56398e-06
_1445_, 78.125, 27.2, 2.97966e-06
_1480_, 78.125, 27.2, 2.97966e-06
_1485_, 78.125, 27.2, 2.97966e-06
FILLER_0_6_161, 78.125, 27.2, 2.97966e-06
FILLER_0_7_161, 78.125, 27.2, 2.97966e-06
_1512_, 124.2, 27.2, 4.90452e-06
_1524_, 124.2, 27.2, 4.90452e-06
_1525_, 124.2, 27.2, 4.90452e-06
_1526_, 124.2, 27.2, 4.90452e-06
FILLER_0_6_253, 124.2, 27.2, 4.90452e-06
FILLER_0_7_264, 124.2, 27.2, 4.90452e-06
PHY_EDGE_ROW_3_Left_63, 5.52, 21.76, 1.73312e-05
PHY_EDGE_ROW_4_Left_64, 5.52, 21.76, 1.73312e-05
input1, 5.52, 21.76, 1.73312e-05
FILLER_0_5_3, 5.52, 21.76, 1.73312e-05
PHY_EDGE_ROW_3_Right_3, 169.28, 21.76, 7.71689e-06
PHY_EDGE_ROW_4_Right_4, 169.28, 21.76, 7.71689e-06
_2676_, 9.66, 21.76, 1.72648e-05
_2732_, 15.18, 21.76, 1.64786e-05
FILLER_0_4_19, 15.18, 21.76, 1.64786e-05
_2606_, 20.7, 21.76, 1.5267e-05
_2750_, 26.22, 21.76, 1.15954e-05
FILLER_0_4_41, 26.22, 21.76, 1.15954e-05
_2747_, 40.48, 21.76, 9.07065e-06
_2748_, 40.48, 21.76, 9.07065e-06
_2757_, 40.48, 21.76, 9.07065e-06
_2758_, 40.48, 21.76, 9.07065e-06
FILLER_0_4_64, 40.48, 21.76, 9.07065e-06
FILLER_0_5_65, 40.48, 21.76, 9.07065e-06
_2745_, 50.6, 21.76, 8.22095e-06
_2755_, 50.6, 21.76, 8.22095e-06
_2760_, 50.6, 21.76, 8.22095e-06
_2740_, 61.64, 21.76, 6.82303e-06
_2742_, 61.64, 21.76, 6.82303e-06
_2743_, 61.64, 21.76, 6.82303e-06
_2754_, 61.64, 21.76, 6.82303e-06
FILLER_0_4_119, 61.64, 21.76, 6.82303e-06
_2744_, 67.16, 21.76, 5.96549e-06
FILLER_0_4_137, 67.16, 21.76, 5.96549e-06
_1453_, 78.2, 21.76, 7.54723e-06
FILLER_0_5_163, 78.2, 21.76, 7.54723e-06
_1456_, 86.02, 21.76, 8.63744e-06
_1455_, 91.54, 21.76, 8.80477e-06
_1478_, 91.54, 21.76, 8.80477e-06
_1479_, 91.54, 21.76, 8.80477e-06
_1482_, 91.54, 21.76, 8.80477e-06
_1463_, 97.06, 21.76, 8.67144e-06
_1481_, 97.06, 21.76, 8.67144e-06
_1487_, 97.06, 21.76, 8.67144e-06
_1510_, 97.06, 21.76, 8.67144e-06
FILLER_0_4_197, 97.06, 21.76, 8.67144e-06
_1563_, 137.54, 21.76, 1.09224e-05
_1565_, 137.54, 21.76, 1.09224e-05
_1631_, 137.54, 21.76, 1.09224e-05
FILLER_0_5_281, 137.54, 21.76, 1.09224e-05
input31, 163.3, 21.76, 7.71688e-06
FILLER_0_3_349, 163.3, 21.76, 7.71688e-06
FILLER_0_4_344, 163.3, 21.76, 7.71688e-06
_2705_, 11.5, 21.76, 1.70997e-05
_1452_, 73.14, 21.76, 6.30855e-06
_1492_, 117.76, 21.76, 9.22985e-06
_1574_, 117.76, 21.76, 9.22985e-06
_1575_, 117.76, 21.76, 9.22985e-06
_2762_, 117.76, 21.76, 9.22985e-06
FILLER_0_5_249, 117.76, 21.76, 9.22985e-06
_1486_, 104.115, 21.76, 7.83777e-06
_1495_, 104.115, 21.76, 7.83777e-06
FILLER_0_3_214, 104.115, 21.76, 7.83777e-06
FILLER_0_4_220, 104.115, 21.76, 7.83777e-06
FILLER_0_5_217, 104.115, 21.76, 7.83777e-06
_1527_, 127.65, 21.76, 1.09574e-05
_1528_, 127.65, 21.76, 1.09574e-05
_1529_, 127.65, 21.76, 1.09574e-05
FILLER_0_4_258, 127.65, 21.76, 1.09574e-05
FILLER_0_5_269, 127.65, 21.76, 1.09574e-05
_1566_, 144.825, 21.76, 9.80933e-06
_1570_, 144.825, 21.76, 9.80933e-06
_1572_, 144.825, 21.76, 9.80933e-06
PHY_EDGE_ROW_1_Left_61, 5.52, 16.32, 2.95833e-06
PHY_EDGE_ROW_2_Left_62, 5.52, 16.32, 2.95833e-06
PHY_EDGE_ROW_1_Right_1, 169.28, 16.32, 6.68026e-06
PHY_EDGE_ROW_2_Right_2, 169.28, 16.32, 6.68026e-06
_2733_, 34.5, 16.32, 3.19072e-06
FILLER_0_2_77, 40.02, 16.32, 3.16777e-06
_2746_, 45.54, 16.32, 3.14481e-06
FILLER_0_3_82, 45.54, 16.32, 3.14481e-06
FILLER_0_2_133, 65.78, 16.32, 2.41479e-06
FILLER_0_2_189, 91.54, 16.32, 2.78439e-06
_1483_, 102.58, 16.32, 3.09074e-06
_1491_, 111.78, 16.32, 3.26781e-06
_1493_, 111.78, 16.32, 3.26781e-06
FILLER_0_1_237, 111.78, 16.32, 3.26781e-06
FILLER_0_2_233, 111.78, 16.32, 3.26781e-06
_1576_, 121.44, 16.32, 4.74073e-06
FILLER_0_2_242, 121.44, 16.32, 4.74073e-06
_1564_, 126.96, 16.32, 5.52108e-06
FILLER_0_2_265, 126.96, 16.32, 5.52108e-06
FILLER_0_3_263, 126.96, 16.32, 5.52108e-06
FILLER_0_2_302, 143.06, 16.32, 6.88681e-06
FILLER_0_3_310, 148.58, 16.32, 7.01182e-06
FILLER_0_1_45, 27.14, 16.32, 2.95829e-06
FILLER_0_3_57, 32.66, 16.32, 3.10864e-06
_2759_, 52.9, 16.32, 2.99821e-06
_2756_, 58.42, 16.32, 2.78157e-06
FILLER_0_1_161, 78.66, 16.32, 2.42697e-06
FILLER_0_3_164, 78.66, 16.32, 2.42697e-06
FILLER_0_3_205, 98.9, 16.32, 2.98863e-06
FILLER_0_1_217, 104.42, 16.32, 3.11468e-06
_1489_, 109.94, 16.32, 3.1865e-06
_2761_, 124.66, 16.32, 5.22259e-06
_1569_, 141.68, 16.32, 6.85555e-06
_1577_, 150.42, 16.32, 7.05349e-06
FILLER_0_1_329, 155.94, 16.32, 6.47616e-06
input3, 161.46, 16.32, 6.68025e-06
FILLER_0_2_345, 161.46, 16.32, 6.68025e-06
PHY_EDGE_ROW_0_Left_60, 5.52, 10.88, 4.25403e-05
output44, 5.52, 10.88, 4.25403e-05
output51, 5.52, 10.88, 4.25403e-05
PHY_EDGE_ROW_0_Right_0, 169.28, 10.88, 1.35554e-05
FILLER_0_0_347, 169.28, 10.88, 1.35554e-05
input11, 38.18, 10.88, 1.93383e-05
FILLER_0_0_77, 38.18, 10.88, 1.93383e-05
FILLER_0_0_109, 52.9, 10.88, 1.85919e-05
FILLER_0_1_105, 52.9, 10.88, 1.85919e-05
input26, 73.14, 10.88, 1.02703e-05
FILLER_0_0_153, 73.14, 10.88, 1.02703e-05
input32, 92.92, 10.88, 8.1782e-06
FILLER_0_0_214, 101.2, 10.88, 6.8936e-06
_1494_, 117.3, 10.88, 6.7395e-06
output61, 117.3, 10.88, 6.7395e-06
FILLER_0_0_249, 117.3, 10.88, 6.7395e-06
input28, 127.42, 10.88, 7.23793e-06
FILLER_0_0_271, 127.42, 10.88, 7.23793e-06
FILLER_0_1_270, 127.42, 10.88, 7.23793e-06
FILLER_0_0_293, 137.54, 10.88, 7.65829e-06
input15, 14.95, 10.88, 3.83067e-05
output43, 14.95, 10.88, 3.83067e-05
ANTENNA_6, 14.95, 10.88, 3.83067e-05
ANTENNA_7, 14.95, 10.88, 3.83067e-05
FILLER_0_0_21, 14.95, 10.88, 3.83067e-05
output47, 61.565, 10.88, 1.81525e-05
output53, 61.565, 10.88, 1.81525e-05
FILLER_0_0_119, 61.565, 10.88, 1.81525e-05
output56, 83.03, 10.88, 9.59401e-06
FILLER_0_0_161, 83.03, 10.88, 9.59401e-06
FILLER_0_0_169, 83.03, 10.88, 9.59401e-06
input25, 144.825, 10.88, 7.96089e-06
FILLER_0_0_300, 144.825, 10.88, 7.96089e-06
FILLER_0_0_309, 144.825, 10.88, 7.96089e-06
input30, 160.695, 10.88, 1.35554e-05
output49, 160.695, 10.88, 1.35554e-05
FILLER_0_1_337, 160.695, 10.88, 1.35554e-05

