Instance name,  X location,  Y location,  Voltage 
_2053_, 148.81, 144.16, 1.79999
_2055_, 148.81, 138.72, 1.79998
_2127_, 148.81, 138.72, 1.79998
FILLER_0_48_309, 148.81, 138.72, 1.79998
_1971_, 148.81, 133.28, 1.79999
_1972_, 148.81, 133.28, 1.79999
_1975_, 148.81, 133.28, 1.79999
_1970_, 148.81, 127.84, 1.79999
_1973_, 148.81, 127.84, 1.79999
_1974_, 148.81, 127.84, 1.79999
FILLER_0_44_301, 148.81, 127.84, 1.79999
FILLER_0_44_309, 148.81, 127.84, 1.79999
_1913_, 148.81, 122.4, 1.8
_1915_, 148.81, 122.4, 1.8
FILLER_0_41_317, 148.81, 122.4, 1.8
_1896_, 148.81, 116.96, 1.79999
_1899_, 148.81, 116.96, 1.79999
_1901_, 148.81, 116.96, 1.79999
_1862_, 148.81, 111.52, 1.8
_1864_, 148.81, 111.52, 1.8
_1897_, 148.81, 111.52, 1.8
FILLER_0_37_316, 148.81, 111.52, 1.8
FILLER_0_38_315, 148.81, 111.52, 1.8
_1791_, 148.81, 106.08, 1.8
_1821_, 148.81, 106.08, 1.8
_1845_, 148.81, 106.08, 1.8
_1863_, 148.81, 106.08, 1.8
FILLER_0_35_313, 148.81, 106.08, 1.8
FILLER_0_36_315, 148.81, 106.08, 1.8
_1823_, 148.81, 100.64, 1.8
_1824_, 148.81, 100.64, 1.8
_1866_, 148.81, 100.64, 1.8
FILLER_0_33_314, 148.81, 100.64, 1.8
_1804_, 148.81, 95.2, 1.8
_1847_, 148.81, 95.2, 1.8
_1748_, 148.81, 89.76, 1.79999
_1749_, 148.81, 89.76, 1.79999
_1822_, 148.81, 89.76, 1.79999
FILLER_0_29_318, 148.81, 89.76, 1.79999
_1751_, 148.81, 84.32, 1.79999
_1752_, 148.81, 84.32, 1.79999
_1828_, 148.81, 84.32, 1.79999
_1844_, 148.81, 84.32, 1.79999
FILLER_0_27_313, 148.81, 84.32, 1.79999
FILLER_0_28_317, 148.81, 84.32, 1.79999
_1753_, 148.81, 78.88, 1.8
_1714_, 148.81, 73.44, 1.79999
_1715_, 148.81, 68, 1.79999
_1755_, 148.81, 68, 1.79999
_1756_, 148.81, 68, 1.79999
FILLER_0_21_308, 148.81, 68, 1.79999
_1650_, 148.81, 57.12, 1.79998
_1700_, 148.81, 57.12, 1.79998
_1760_, 148.81, 57.12, 1.79998
FILLER_0_17_312, 148.81, 57.12, 1.79998
_1689_, 148.81, 51.68, 1.79999
_1692_, 148.81, 51.68, 1.79999
_1759_, 148.81, 51.68, 1.79999
_1761_, 148.81, 51.68, 1.79999
_1764_, 148.81, 51.68, 1.79999
FILLER_0_15_312, 148.81, 51.68, 1.79999
FILLER_0_16_304, 148.81, 51.68, 1.79999
_1693_, 148.81, 46.24, 1.79999
_1699_, 148.81, 46.24, 1.79999
_1766_, 148.81, 40.8, 1.79998
FILLER_0_11_315, 148.81, 40.8, 1.79998
_1695_, 148.81, 35.36, 1.79999
_1768_, 148.81, 35.36, 1.79999
_1772_, 148.81, 35.36, 1.79999
FILLER_0_9_305, 148.81, 35.36, 1.79999
FILLER_0_9_313, 148.81, 35.36, 1.79999
FILLER_0_10_322, 148.81, 35.36, 1.79999
_1571_, 148.81, 24.48, 1.8
_1635_, 148.81, 24.48, 1.8
FILLER_0_5_311, 148.81, 24.48, 1.8
_1572_, 148.81, 19.04, 1.79999
FILLER_0_3_310, 148.81, 19.04, 1.79999
input29, 107.87, 171.36, 1.79998
FILLER_0_59_221, 107.87, 171.36, 1.79998
_2272_, 107.87, 165.92, 1.79998
_2334_, 107.87, 165.92, 1.79998
_2335_, 107.87, 165.92, 1.79998
_2399_, 107.87, 165.92, 1.79998
_2402_, 107.87, 160.48, 1.79998
FILLER_0_55_221, 107.87, 160.48, 1.79998
_1996_, 107.87, 155.04, 1.79999
_1998_, 107.87, 155.04, 1.79999
_2000_, 107.87, 155.04, 1.79999
_2066_, 107.87, 155.04, 1.79999
_1999_, 107.87, 149.6, 1.79999
FILLER_0_51_219, 107.87, 149.6, 1.79999
_2008_, 107.87, 144.16, 1.79999
_2084_, 107.87, 144.16, 1.79999
FILLER_0_49_225, 107.87, 144.16, 1.79999
FILLER_0_47_221, 107.87, 138.72, 1.79999
_1923_, 107.87, 133.28, 1.8
_2001_, 107.87, 133.28, 1.8
_2002_, 107.87, 133.28, 1.8
FILLER_0_46_223, 107.87, 133.28, 1.8
_1929_, 107.87, 127.84, 1.8
_2003_, 107.87, 127.84, 1.8
FILLER_0_43_225, 107.87, 127.84, 1.8
_1856_, 107.87, 122.4, 1.8
_1857_, 107.87, 122.4, 1.8
FILLER_0_41_225, 107.87, 122.4, 1.8
_1642_, 107.87, 116.96, 1.8
_1785_, 107.87, 116.96, 1.8
_1926_, 107.87, 116.96, 1.8
FILLER_0_39_233, 107.87, 116.96, 1.8
_1580_, 107.87, 111.52, 1.8
_1662_, 107.87, 111.52, 1.8
_1882_, 107.87, 111.52, 1.8
FILLER_0_37_220, 107.87, 111.52, 1.8
_1879_, 107.87, 106.08, 1.8
_1945_, 107.87, 106.08, 1.8
FILLER_0_35_232, 107.87, 106.08, 1.8
_1808_, 107.87, 100.64, 1.8
_1877_, 107.87, 100.64, 1.8
_1943_, 107.87, 100.64, 1.8
FILLER_0_33_221, 107.87, 100.64, 1.8
_1871_, 107.87, 95.2, 1.8
FILLER_0_30_222, 107.87, 95.2, 1.8
FILLER_0_31_214, 107.87, 95.2, 1.8
FILLER_0_32_221, 107.87, 95.2, 1.8
_1869_, 107.87, 89.76, 1.8
_1940_, 107.87, 89.76, 1.8
FILLER_0_28_222, 107.87, 89.76, 1.8
FILLER_0_29_217, 107.87, 89.76, 1.8
_1666_, 107.87, 84.32, 1.8
_1667_, 107.87, 84.32, 1.8
_1703_, 107.87, 78.88, 1.8
FILLER_0_25_225, 107.87, 78.88, 1.8
FILLER_0_26_226, 107.87, 78.88, 1.8
_1459_, 107.87, 73.44, 1.8
_1595_, 107.87, 73.44, 1.8
_1655_, 107.87, 73.44, 1.8
_1656_, 107.87, 68, 1.8
FILLER_0_21_217, 107.87, 68, 1.8
_1514_, 107.87, 62.56, 1.8
_1541_, 107.87, 62.56, 1.8
_1589_, 107.87, 62.56, 1.8
_1590_, 107.87, 62.56, 1.8
_1720_, 107.87, 62.56, 1.8
FILLER_0_19_221, 107.87, 62.56, 1.8
FILLER_0_19_229, 107.87, 62.56, 1.8
_1371_, 107.87, 57.12, 1.79999
_1538_, 107.87, 57.12, 1.79999
_1542_, 107.87, 57.12, 1.79999
_1586_, 107.87, 57.12, 1.79999
FILLER_0_17_213, 107.87, 57.12, 1.79999
FILLER_0_17_221, 107.87, 57.12, 1.79999
FILLER_0_17_232, 107.87, 57.12, 1.79999
FILLER_0_18_228, 107.87, 57.12, 1.79999
_1375_, 107.87, 51.68, 1.79999
_1379_, 107.87, 51.68, 1.79999
_1531_, 107.87, 51.68, 1.79999
FILLER_0_15_221, 107.87, 51.68, 1.79999
FILLER_0_16_218, 107.87, 51.68, 1.79999
_1507_, 107.87, 46.24, 1.8
_1508_, 107.87, 46.24, 1.8
_1530_, 107.87, 46.24, 1.8
FILLER_0_13_215, 107.87, 46.24, 1.8
_1504_, 107.87, 40.8, 1.79999
_1543_, 107.87, 40.8, 1.79999
_1547_, 107.87, 40.8, 1.79999
FILLER_0_11_218, 107.87, 40.8, 1.79999
FILLER_0_12_213, 107.87, 40.8, 1.79999
_1470_, 107.87, 35.36, 1.8
_1544_, 107.87, 35.36, 1.8
_1546_, 107.87, 35.36, 1.8
FILLER_0_9_218, 107.87, 35.36, 1.8
FILLER_0_9_231, 107.87, 35.36, 1.8
FILLER_0_10_231, 107.87, 35.36, 1.8
FILLER_0_7_217, 107.87, 29.92, 1.8
_1495_, 107.87, 24.48, 1.8
FILLER_0_5_217, 107.87, 24.48, 1.8
FILLER_0_4_220, 107.87, 19.04, 1.79999
FILLER_0_1_217, 107.87, 13.6, 1.79999
_2259_, 66.93, 171.36, 1.79998
_2210_, 66.93, 165.92, 1.79999
FILLER_0_57_143, 66.93, 165.92, 1.79999
FILLER_0_58_136, 66.93, 165.92, 1.79999
_2209_, 66.93, 160.48, 1.79999
_2275_, 66.93, 160.48, 1.79999
_2330_, 66.93, 160.48, 1.79999
FILLER_0_56_128, 66.93, 160.48, 1.79999
FILLER_0_53_138, 66.93, 155.04, 1.79999
_2146_, 66.93, 149.6, 1.79999
_2148_, 66.93, 149.6, 1.79999
_2205_, 66.93, 149.6, 1.79999
FILLER_0_51_140, 66.93, 149.6, 1.79999
FILLER_0_52_136, 66.93, 149.6, 1.79999
_2156_, 66.93, 144.16, 1.79999
FILLER_0_50_133, 66.93, 144.16, 1.79999
_2152_, 66.93, 133.28, 1.8
_2284_, 66.93, 133.28, 1.8
FILLER_0_45_137, 66.93, 133.28, 1.8
FILLER_0_46_130, 66.93, 133.28, 1.8
_1643_, 66.93, 127.84, 1.8
_2149_, 66.93, 127.84, 1.8
FILLER_0_43_137, 66.93, 127.84, 1.8
_1805_, 66.93, 122.4, 1.8
_2220_, 66.93, 122.4, 1.8
_2221_, 66.93, 122.4, 1.8
FILLER_0_41_139, 66.93, 122.4, 1.8
FILLER_0_42_131, 66.93, 122.4, 1.8
FILLER_0_42_141, 66.93, 122.4, 1.8
_2290_, 66.93, 116.96, 1.8
FILLER_0_40_137, 66.93, 116.96, 1.8
_2249_, 66.93, 111.52, 1.8
FILLER_0_37_126, 66.93, 111.52, 1.8
FILLER_0_37_134, 66.93, 111.52, 1.8
FILLER_0_37_142, 66.93, 111.52, 1.8
_2178_, 66.93, 106.08, 1.8
_2248_, 66.93, 106.08, 1.8
FILLER_0_35_132, 66.93, 106.08, 1.8
_2174_, 66.93, 100.64, 1.8
_2231_, 66.93, 100.64, 1.8
_2232_, 66.93, 100.64, 1.8
_2238_, 66.93, 100.64, 1.8
FILLER_0_33_130, 66.93, 100.64, 1.8
_2167_, 66.93, 95.2, 1.8
FILLER_0_31_140, 66.93, 95.2, 1.8
FILLER_0_32_135, 66.93, 95.2, 1.8
_2165_, 66.93, 89.76, 1.8
_2166_, 66.93, 89.76, 1.8
FILLER_0_30_133, 66.93, 89.76, 1.8
_2308_, 66.93, 78.88, 1.8
_1582_, 66.93, 73.44, 1.8
_2245_, 66.93, 73.44, 1.8
_2302_, 66.93, 73.44, 1.8
_2303_, 66.93, 73.44, 1.8
_1719_, 66.93, 68, 1.8
_2569_, 66.93, 68, 1.8
_2570_, 66.93, 68, 1.8
FILLER_0_21_144, 66.93, 68, 1.8
FILLER_0_22_141, 66.93, 68, 1.8
_2571_, 66.93, 62.56, 1.8
FILLER_0_19_132, 66.93, 62.56, 1.8
FILLER_0_19_140, 66.93, 62.56, 1.8
FILLER_0_20_135, 66.93, 62.56, 1.8
FILLER_0_20_141, 66.93, 62.56, 1.8
_2572_, 66.93, 57.12, 1.8
_2573_, 66.93, 57.12, 1.8
_2613_, 66.93, 57.12, 1.8
FILLER_0_17_131, 66.93, 57.12, 1.8
FILLER_0_17_139, 66.93, 57.12, 1.8
_2612_, 66.93, 51.68, 1.8
_2644_, 66.93, 51.68, 1.8
FILLER_0_16_136, 66.93, 51.68, 1.8
_2687_, 66.93, 46.24, 1.8
_2688_, 66.93, 46.24, 1.8
_2689_, 66.93, 46.24, 1.8
_2686_, 66.93, 40.8, 1.8
_2690_, 66.93, 40.8, 1.8
_2713_, 66.93, 40.8, 1.8
_2714_, 66.93, 40.8, 1.8
FILLER_0_11_123, 66.93, 40.8, 1.8
FILLER_0_12_132, 66.93, 40.8, 1.8
_2712_, 66.93, 35.36, 1.8
_2715_, 66.93, 35.36, 1.8
_2741_, 66.93, 35.36, 1.8
_2710_, 66.93, 29.92, 1.8
_2711_, 66.93, 29.92, 1.8
_2716_, 66.93, 29.92, 1.8
_2717_, 66.93, 29.92, 1.8
FILLER_0_7_125, 66.93, 29.92, 1.8
FILLER_0_7_141, 66.93, 29.92, 1.8
FILLER_0_8_132, 66.93, 29.92, 1.8
_2718_, 66.93, 24.48, 1.8
_2743_, 66.93, 24.48, 1.8
FILLER_0_6_128, 66.93, 24.48, 1.8
_2744_, 66.93, 19.04, 1.8
FILLER_0_0_135, 66.93, 13.6, 1.79999
FILLER_0_2_133, 66.93, 13.6, 1.79999
FILLER_0_59_49, 25.99, 171.36, 1.79999
_2064_, 25.99, 155.04, 1.79999
FILLER_0_54_41, 25.99, 155.04, 1.79999
_2458_, 25.99, 149.6, 1.79999
_2463_, 25.99, 149.6, 1.79999
_2464_, 25.99, 149.6, 1.79999
_2601_, 25.99, 149.6, 1.79999
_2604_, 25.99, 149.6, 1.79999
_2460_, 25.99, 144.16, 1.79998
_2516_, 25.99, 144.16, 1.79998
_2518_, 25.99, 144.16, 1.79998
FILLER_0_49_52, 25.99, 144.16, 1.79998
FILLER_0_50_41, 25.99, 144.16, 1.79998
_2456_, 25.99, 138.72, 1.79999
_2457_, 25.99, 138.72, 1.79999
_2514_, 25.99, 138.72, 1.79999
FILLER_0_47_47, 25.99, 138.72, 1.79999
FILLER_0_48_41, 25.99, 138.72, 1.79999
_2454_, 25.99, 133.28, 1.79999
_2455_, 25.99, 133.28, 1.79999
FILLER_0_45_40, 25.99, 133.28, 1.79999
_2413_, 25.99, 127.84, 1.8
_2412_, 25.99, 122.4, 1.79999
_2452_, 25.99, 122.4, 1.79999
FILLER_0_42_36, 25.99, 122.4, 1.79999
_2450_, 25.99, 116.96, 1.79999
_2453_, 25.99, 116.96, 1.79999
FILLER_0_40_36, 25.99, 116.96, 1.79999
_2449_, 25.99, 111.52, 1.8
_2451_, 25.99, 111.52, 1.8
_2502_, 25.99, 111.52, 1.8
FILLER_0_37_53, 25.99, 111.52, 1.8
FILLER_0_38_38, 25.99, 111.52, 1.8
FILLER_0_38_52, 25.99, 111.52, 1.8
_2433_, 25.99, 106.08, 1.79999
_2446_, 25.99, 106.08, 1.79999
_2447_, 25.99, 106.08, 1.79999
FILLER_0_35_52, 25.99, 106.08, 1.79999
FILLER_0_36_54, 25.99, 106.08, 1.79999
_2498_, 25.99, 100.64, 1.79999
FILLER_0_33_50, 25.99, 100.64, 1.79999
FILLER_0_34_49, 25.99, 100.64, 1.79999
_2496_, 25.99, 95.2, 1.8
_2497_, 25.99, 95.2, 1.8
FILLER_0_32_41, 25.99, 95.2, 1.8
_2480_, 25.99, 89.76, 1.79999
_2494_, 25.99, 89.76, 1.79999
_2479_, 25.99, 84.32, 1.8
_2542_, 25.99, 84.32, 1.8
FILLER_0_27_47, 25.99, 84.32, 1.8
FILLER_0_28_41, 25.99, 84.32, 1.8
FILLER_0_28_49, 25.99, 84.32, 1.8
_2426_, 25.99, 78.88, 1.8
_2491_, 25.99, 78.88, 1.8
_2520_, 25.99, 78.88, 1.8
_2536_, 25.99, 73.44, 1.8
_2537_, 25.99, 73.44, 1.8
FILLER_0_23_45, 25.99, 73.44, 1.8
FILLER_0_23_53, 25.99, 73.44, 1.8
FILLER_0_24_39, 25.99, 73.44, 1.8
_2531_, 25.99, 68, 1.8
_2532_, 25.99, 68, 1.8
_2533_, 25.99, 68, 1.8
_2578_, 25.99, 68, 1.8
_2579_, 25.99, 68, 1.8
_2577_, 25.99, 62.56, 1.79999
_2568_, 25.99, 57.12, 1.79999
FILLER_0_17_52, 25.99, 57.12, 1.79999
_2576_, 25.99, 51.68, 1.79999
_2621_, 25.99, 51.68, 1.79999
_2666_, 25.99, 51.68, 1.79999
_2626_, 25.99, 46.24, 1.8
FILLER_0_13_49, 25.99, 46.24, 1.8
FILLER_0_14_44, 25.99, 46.24, 1.8
_2657_, 25.99, 40.8, 1.8
_2659_, 25.99, 40.8, 1.8
_2679_, 25.99, 40.8, 1.8
_2554_, 25.99, 35.36, 1.79999
FILLER_0_9_50, 25.99, 35.36, 1.79999
FILLER_0_10_48, 25.99, 35.36, 1.79999
_2702_, 25.99, 29.92, 1.8
_2706_, 25.99, 24.48, 1.79999
FILLER_0_5_50, 25.99, 24.48, 1.79999
_2750_, 25.99, 19.04, 1.8
FILLER_0_4_41, 25.99, 19.04, 1.8
FILLER_0_0_47, 25.99, 13.6, 1.79998
FILLER_0_1_45, 25.99, 13.6, 1.79998
FILLER_0_1_53, 25.99, 13.6, 1.79998
PHY_EDGE_ROW_58_Left_118, 5.52, 171.36, 1.79999
PHY_EDGE_ROW_59_Left_119, 5.52, 171.36, 1.79999
input7, 5.52, 171.36, 1.79999
input27, 5.52, 171.36, 1.79999
FILLER_0_59_7, 5.52, 171.36, 1.79999
PHY_EDGE_ROW_58_Right_58, 169.28, 171.36, 1.79997
PHY_EDGE_ROW_59_Right_59, 169.28, 171.36, 1.79997
input6, 30.82, 171.36, 1.79999
input5, 79.12, 171.36, 1.79998
FILLER_0_58_166, 79.12, 171.36, 1.79998
FILLER_0_59_161, 79.12, 171.36, 1.79998
FILLER_0_59_169, 79.12, 171.36, 1.79998
output39, 132.02, 171.36, 1.79997
FILLER_0_59_277, 132.02, 171.36, 1.79997
output34, 143.06, 171.36, 1.79997
FILLER_0_59_303, 143.06, 171.36, 1.79997
FILLER_0_59_321, 150.42, 171.36, 1.79998
output58, 155.94, 171.36, 1.79997
FILLER_0_59_329, 155.94, 171.36, 1.79997
input23, 161.46, 171.36, 1.79997
output40, 161.46, 171.36, 1.79997
FILLER_0_59_337, 161.46, 171.36, 1.79997
output59, 15.64, 171.36, 1.79999
FILLER_0_58_25, 15.64, 171.36, 1.79999
FILLER_0_59_75, 37.26, 171.36, 1.79998
output41, 50.14, 171.36, 1.79998
FILLER_0_59_103, 50.14, 171.36, 1.79998
_2260_, 73.14, 171.36, 1.79998
FILLER_0_59_153, 73.14, 171.36, 1.79998
_2267_, 104.42, 171.36, 1.79998
_2400_, 104.42, 171.36, 1.79998
input13, 114.54, 171.36, 1.79998
FILLER_0_58_234, 114.54, 171.36, 1.79998
FILLER_0_59_243, 114.54, 171.36, 1.79998
_2203_, 124.66, 171.36, 1.79997
FILLER_0_58_253, 124.66, 171.36, 1.79997
_2332_, 58.535, 171.36, 1.79998
input12, 58.535, 171.36, 1.79998
output60, 58.535, 171.36, 1.79998
_2264_, 91.77, 171.36, 1.79997
_2273_, 91.77, 171.36, 1.79997
input18, 91.77, 171.36, 1.79997
output42, 91.77, 171.36, 1.79997
FILLER_0_59_187, 91.77, 171.36, 1.79997
PHY_EDGE_ROW_56_Left_116, 5.52, 165.92, 1.79998
PHY_EDGE_ROW_57_Left_117, 5.52, 165.92, 1.79998
output37, 5.52, 165.92, 1.79998
PHY_EDGE_ROW_56_Right_56, 169.28, 165.92, 1.79997
PHY_EDGE_ROW_57_Right_57, 169.28, 165.92, 1.79997
ANTENNA_5, 12.42, 165.92, 1.79998
FILLER_0_58_17, 12.42, 165.92, 1.79998
FILLER_0_57_51, 27.14, 165.92, 1.79999
FILLER_0_58_73, 38.18, 165.92, 1.79999
_2329_, 61.64, 165.92, 1.79999
_2395_, 61.64, 165.92, 1.79999
FILLER_0_57_119, 61.64, 165.92, 1.79999
_2195_, 89.7, 165.92, 1.79997
_2262_, 89.7, 165.92, 1.79997
_2263_, 89.7, 165.92, 1.79997
FILLER_0_57_191, 89.7, 165.92, 1.79997
FILLER_0_58_185, 89.7, 165.92, 1.79997
FILLER_0_57_317, 150.42, 165.92, 1.79998
_2132_, 155.94, 165.92, 1.79998
FILLER_0_57_325, 155.94, 165.92, 1.79998
ANTENNA_4, 9.66, 165.92, 1.79998
FILLER_0_56_21, 15.18, 165.92, 1.79998
_1432_, 20.7, 165.92, 1.79999
FILLER_0_58_29, 20.7, 165.92, 1.79999
FILLER_0_58_81, 40.02, 165.92, 1.79999
_2331_, 45.54, 165.92, 1.79998
FILLER_0_56_85, 45.54, 165.92, 1.79998
FILLER_0_58_85, 45.54, 165.92, 1.79998
_2394_, 51.06, 165.92, 1.79998
FILLER_0_58_305, 143.06, 165.92, 1.79998
output46, 163.3, 165.92, 1.79997
FILLER_0_57_349, 163.3, 165.92, 1.79997
_2191_, 78.315, 165.92, 1.79998
_2194_, 78.315, 165.92, 1.79998
_2258_, 78.315, 165.92, 1.79998
FILLER_0_56_164, 78.315, 165.92, 1.79998
_2274_, 98.785, 165.92, 1.79997
_2333_, 98.785, 165.92, 1.79997
_2401_, 98.785, 165.92, 1.79997
FILLER_0_56_197, 98.785, 165.92, 1.79997
_2198_, 117.76, 165.92, 1.79997
_2199_, 117.76, 165.92, 1.79997
_2265_, 117.76, 165.92, 1.79997
_2266_, 117.76, 165.92, 1.79997
_2336_, 117.76, 165.92, 1.79997
FILLER_0_56_249, 117.76, 165.92, 1.79997
FILLER_0_57_243, 117.76, 165.92, 1.79997
_2200_, 127.65, 165.92, 1.79997
_2268_, 127.65, 165.92, 1.79997
_2270_, 127.65, 165.92, 1.79997
FILLER_0_57_274, 127.65, 165.92, 1.79997
PHY_EDGE_ROW_54_Left_114, 5.52, 160.48, 1.79998
PHY_EDGE_ROW_55_Left_115, 5.52, 160.48, 1.79998
output63, 5.52, 160.48, 1.79998
PHY_EDGE_ROW_54_Right_54, 169.28, 160.48, 1.79999
PHY_EDGE_ROW_55_Right_55, 169.28, 160.48, 1.79999
_2257_, 78.2, 160.48, 1.79998
FILLER_0_55_163, 78.2, 160.48, 1.79998
_2140_, 83.72, 160.48, 1.79998
_2141_, 83.72, 160.48, 1.79998
_2261_, 83.72, 160.48, 1.79998
FILLER_0_55_169, 83.72, 160.48, 1.79998
_2271_, 111.32, 160.48, 1.79998
_2403_, 111.32, 160.48, 1.79998
_2202_, 127.88, 160.48, 1.79998
_2269_, 127.88, 160.48, 1.79998
FILLER_0_55_261, 127.88, 160.48, 1.79998
FILLER_0_55_275, 127.88, 160.48, 1.79998
FILLER_0_56_275, 127.88, 160.48, 1.79998
_2128_, 137.08, 160.48, 1.79998
_2201_, 137.08, 160.48, 1.79998
FILLER_0_55_51, 26.22, 160.48, 1.79999
_2393_, 34.5, 160.48, 1.79998
FILLER_0_54_63, 34.5, 160.48, 1.79998
_2390_, 40.02, 160.48, 1.79998
_2396_, 40.02, 160.48, 1.79998
_2397_, 40.02, 160.48, 1.79998
_2398_, 40.02, 160.48, 1.79998
FILLER_0_56_77, 40.02, 160.48, 1.79998
_2325_, 60.26, 160.48, 1.79998
FILLER_0_55_109, 60.26, 160.48, 1.79998
FILLER_0_55_125, 60.26, 160.48, 1.79998
_2190_, 72.22, 160.48, 1.79998
_2207_, 72.22, 160.48, 1.79998
FILLER_0_56_141, 72.22, 160.48, 1.79998
_2337_, 98.9, 160.48, 1.79998
FILLER_0_54_217, 104.42, 160.48, 1.79998
_2135_, 122.82, 160.48, 1.79998
FILLER_0_56_253, 122.82, 160.48, 1.79998
FILLER_0_54_304, 145.82, 160.48, 1.79999
FILLER_0_56_303, 145.82, 160.48, 1.79999
input19, 163.3, 160.48, 1.79999
FILLER_0_55_349, 163.3, 160.48, 1.79999
FILLER_0_56_345, 163.3, 160.48, 1.79999
_2326_, 50.14, 160.48, 1.79998
_2327_, 50.14, 160.48, 1.79998
_2328_, 50.14, 160.48, 1.79998
FILLER_0_54_96, 50.14, 160.48, 1.79998
_2137_, 91.31, 160.48, 1.79998
_2139_, 91.31, 160.48, 1.79998
_2204_, 91.31, 160.48, 1.79998
FILLER_0_55_182, 91.31, 160.48, 1.79998
FILLER_0_56_189, 91.31, 160.48, 1.79998
PHY_EDGE_ROW_52_Left_112, 5.52, 155.04, 1.79999
PHY_EDGE_ROW_53_Left_113, 5.52, 155.04, 1.79999
PHY_EDGE_ROW_52_Right_52, 169.28, 155.04, 1.79999
PHY_EDGE_ROW_53_Right_53, 169.28, 155.04, 1.79999
_2462_, 27.14, 155.04, 1.79999
FILLER_0_53_51, 27.14, 155.04, 1.79999
_2461_, 32.66, 155.04, 1.79999
FILLER_0_53_66, 32.66, 155.04, 1.79999
_2255_, 59.8, 155.04, 1.79999
_2256_, 59.8, 155.04, 1.79999
FILLER_0_53_109, 59.8, 155.04, 1.79999
_2208_, 65.32, 155.04, 1.79999
_2160_, 73.14, 155.04, 1.79999
_2161_, 73.14, 155.04, 1.79999
_2162_, 73.14, 155.04, 1.79999
_2067_, 113.62, 155.04, 1.79999
_2070_, 113.62, 155.04, 1.79999
_2071_, 113.62, 155.04, 1.79999
FILLER_0_53_233, 113.62, 155.04, 1.79999
FILLER_0_54_236, 113.62, 155.04, 1.79999
FILLER_0_53_330, 155.94, 155.04, 1.79999
_2206_, 66.24, 155.04, 1.79999
FILLER_0_54_179, 89.24, 155.04, 1.79999
_1997_, 94.76, 155.04, 1.79999
_2091_, 94.76, 155.04, 1.79999
_2138_, 94.76, 155.04, 1.79999
FILLER_0_53_200, 94.76, 155.04, 1.79999
FILLER_0_53_349, 163.3, 155.04, 1.79999
FILLER_0_54_345, 163.3, 155.04, 1.79999
_2278_, 46.23, 155.04, 1.79999
_2281_, 46.23, 155.04, 1.79999
_2338_, 46.23, 155.04, 1.79999
_2391_, 46.23, 155.04, 1.79999
FILLER_0_53_76, 46.23, 155.04, 1.79999
FILLER_0_53_84, 46.23, 155.04, 1.79999
FILLER_0_54_85, 46.23, 155.04, 1.79999
_2076_, 81.19, 155.04, 1.79999
_2077_, 81.19, 155.04, 1.79999
_2078_, 81.19, 155.04, 1.79999
_2136_, 81.19, 155.04, 1.79999
_2068_, 123.586, 155.04, 1.79998
_2069_, 123.586, 155.04, 1.79998
_2122_, 123.586, 155.04, 1.79998
_2123_, 123.586, 155.04, 1.79998
_2197_, 123.586, 155.04, 1.79998
_2125_, 133.553, 155.04, 1.79998
_2126_, 133.553, 155.04, 1.79998
_2134_, 133.553, 155.04, 1.79998
FILLER_0_52_278, 133.553, 155.04, 1.79998
FILLER_0_53_277, 133.553, 155.04, 1.79998
PHY_EDGE_ROW_50_Left_110, 5.52, 149.6, 1.79999
PHY_EDGE_ROW_51_Left_111, 5.52, 149.6, 1.79999
input22, 5.52, 149.6, 1.79999
PHY_EDGE_ROW_50_Right_50, 169.28, 149.6, 1.79998
PHY_EDGE_ROW_51_Right_51, 169.28, 149.6, 1.79998
_2228_, 53.82, 149.6, 1.79999
_2229_, 53.82, 149.6, 1.79999
_2230_, 53.82, 149.6, 1.79999
_2277_, 53.82, 149.6, 1.79999
FILLER_0_51_97, 53.82, 149.6, 1.79999
_2074_, 78.2, 149.6, 1.79999
_2075_, 78.2, 149.6, 1.79999
_2158_, 78.2, 149.6, 1.79999
_2159_, 78.2, 149.6, 1.79999
FILLER_0_52_160, 78.2, 149.6, 1.79999
_2087_, 83.72, 149.6, 1.79999
_2088_, 83.72, 149.6, 1.79999
_2142_, 83.72, 149.6, 1.79999
FILLER_0_52_168, 83.72, 149.6, 1.79999
_2089_, 89.24, 149.6, 1.79999
_2090_, 89.24, 149.6, 1.79999
FILLER_0_50_188, 89.24, 149.6, 1.79999
FILLER_0_51_180, 89.24, 149.6, 1.79999
_2010_, 108.1, 149.6, 1.79999
_2072_, 108.1, 149.6, 1.79999
FILLER_0_51_225, 108.1, 149.6, 1.79999
FILLER_0_50_17, 12.42, 149.6, 1.79999
FILLER_0_51_21, 12.42, 149.6, 1.79999
_2120_, 103.5, 149.6, 1.79999
_2192_, 103.5, 149.6, 1.79999
_2009_, 117.76, 149.6, 1.79999
_2011_, 117.76, 149.6, 1.79999
FILLER_0_52_241, 117.76, 149.6, 1.79999
FILLER_0_52_249, 117.76, 149.6, 1.79999
_2015_, 123.28, 149.6, 1.79999
FILLER_0_52_253, 123.28, 149.6, 1.79999
_2121_, 128.8, 149.6, 1.79999
_2196_, 128.8, 149.6, 1.79999
FILLER_0_51_274, 128.8, 149.6, 1.79999
_2133_, 140.3, 149.6, 1.79999
wire1, 145.82, 149.6, 1.79999
FILLER_0_50_303, 145.82, 149.6, 1.79999
output45, 163.3, 149.6, 1.79998
FILLER_0_52_345, 163.3, 149.6, 1.79998
_2392_, 35.266, 149.6, 1.79998
_2404_, 35.266, 149.6, 1.79998
_2406_, 35.266, 149.6, 1.79998
_2459_, 35.266, 149.6, 1.79998
FILLER_0_50_66, 35.266, 149.6, 1.79998
FILLER_0_51_69, 35.266, 149.6, 1.79998
FILLER_0_52_65, 35.266, 149.6, 1.79998
FILLER_0_52_74, 35.266, 149.6, 1.79998
_1781_, 44.543, 149.6, 1.79999
_2279_, 44.543, 149.6, 1.79999
_2280_, 44.543, 149.6, 1.79999
FILLER_0_50_85, 44.543, 149.6, 1.79999
FILLER_0_51_87, 44.543, 149.6, 1.79999
_2092_, 96.37, 149.6, 1.79999
_2093_, 96.37, 149.6, 1.79999
_2119_, 96.37, 149.6, 1.79999
_2193_, 96.37, 149.6, 1.79999
FILLER_0_50_197, 96.37, 149.6, 1.79999
FILLER_0_51_197, 96.37, 149.6, 1.79999
FILLER_0_52_203, 96.37, 149.6, 1.79999
PHY_EDGE_ROW_48_Left_108, 5.52, 144.16, 1.79998
PHY_EDGE_ROW_49_Left_109, 5.52, 144.16, 1.79998
FILLER_0_50_3, 5.52, 144.16, 1.79998
PHY_EDGE_ROW_48_Right_48, 169.28, 144.16, 1.79999
PHY_EDGE_ROW_49_Right_49, 169.28, 144.16, 1.79999
_2063_, 9.66, 144.16, 1.79998
_2517_, 21.62, 144.16, 1.79998
_2600_, 21.62, 144.16, 1.79998
_2603_, 21.62, 144.16, 1.79998
_2605_, 21.62, 144.16, 1.79998
_2007_, 118.68, 144.16, 1.79999
_2012_, 118.68, 144.16, 1.79999
_2013_, 118.68, 144.16, 1.79999
FILLER_0_49_240, 118.68, 144.16, 1.79999
_2014_, 124.66, 144.16, 1.79999
FILLER_0_49_261, 124.66, 144.16, 1.79999
FILLER_0_50_261, 124.66, 144.16, 1.79999
_2051_, 139.84, 144.16, 1.79999
_2052_, 139.84, 144.16, 1.79999
_2124_, 139.84, 144.16, 1.79999
FILLER_0_49_27, 15.18, 144.16, 1.79998
FILLER_0_50_25, 15.18, 144.16, 1.79998
_2344_, 34.5, 144.16, 1.79999
_2345_, 34.5, 144.16, 1.79999
_2405_, 34.5, 144.16, 1.79999
FILLER_0_48_54, 34.5, 144.16, 1.79999
FILLER_0_49_69, 34.5, 144.16, 1.79999
FILLER_0_49_75, 34.5, 144.16, 1.79999
_2144_, 60.26, 144.16, 1.79999
_2145_, 60.26, 144.16, 1.79999
FILLER_0_48_121, 60.26, 144.16, 1.79999
FILLER_0_51_119, 60.26, 144.16, 1.79999
_1849_, 65.78, 144.16, 1.79999
_2147_, 65.78, 144.16, 1.79999
_2154_, 71.3, 144.16, 1.79999
_2155_, 71.3, 144.16, 1.79999
_2157_, 71.3, 144.16, 1.79999
_2211_, 71.3, 144.16, 1.79999
_2153_, 76.82, 144.16, 1.79999
FILLER_0_48_151, 76.82, 144.16, 1.79999
FILLER_0_49_161, 76.82, 144.16, 1.79999
_2118_, 99.82, 144.16, 1.79999
_2046_, 105.34, 144.16, 1.79999
_2056_, 151.8, 144.16, 1.79999
_2059_, 157.32, 144.16, 1.79999
FILLER_0_48_346, 163.3, 144.16, 1.79999
FILLER_0_49_349, 163.3, 144.16, 1.79999
FILLER_0_50_345, 163.3, 144.16, 1.79999
_2213_, 47.38, 144.16, 1.79999
_2214_, 47.38, 144.16, 1.79999
_2216_, 47.38, 144.16, 1.79999
_2276_, 47.38, 144.16, 1.79999
FILLER_0_50_93, 47.38, 144.16, 1.79999
_2085_, 88.32, 144.16, 1.79999
_2086_, 88.32, 144.16, 1.79999
_2117_, 88.32, 144.16, 1.79999
_2189_, 88.32, 144.16, 1.79999
_1988_, 132.25, 144.16, 1.79999
_1993_, 132.25, 144.16, 1.79999
_2049_, 132.25, 144.16, 1.79999
_2050_, 132.25, 144.16, 1.79999
_2065_, 132.25, 144.16, 1.79999
FILLER_0_50_273, 132.25, 144.16, 1.79999
FILLER_0_50_282, 132.25, 144.16, 1.79999
PHY_EDGE_ROW_46_Left_106, 5.52, 138.72, 1.79998
PHY_EDGE_ROW_47_Left_107, 5.52, 138.72, 1.79998
input20, 5.52, 138.72, 1.79998
PHY_EDGE_ROW_46_Right_46, 169.28, 138.72, 1.79997
PHY_EDGE_ROW_47_Right_47, 169.28, 138.72, 1.79997
FILLER_0_46_349, 169.28, 138.72, 1.79997
_2343_, 39.56, 138.72, 1.79999
_2407_, 39.56, 138.72, 1.79999
_2408_, 39.56, 138.72, 1.79999
FILLER_0_46_80, 39.56, 138.72, 1.79999
FILLER_0_47_63, 39.56, 138.72, 1.79999
FILLER_0_48_77, 39.56, 138.72, 1.79999
_1653_, 52.9, 138.72, 1.79999
_2215_, 52.9, 138.72, 1.79999
_2217_, 52.9, 138.72, 1.79999
_2282_, 52.9, 138.72, 1.79999
FILLER_0_47_105, 52.9, 138.72, 1.79999
FILLER_0_48_102, 52.9, 138.72, 1.79999
_2223_, 58.42, 138.72, 1.79999
_2224_, 58.42, 138.72, 1.79999
_2225_, 58.42, 138.72, 1.79999
_2226_, 58.42, 138.72, 1.79999
_2227_, 58.42, 138.72, 1.79999
_2115_, 87.4, 138.72, 1.79999
_2116_, 87.4, 138.72, 1.79999
_2188_, 87.4, 138.72, 1.79999
FILLER_0_47_181, 87.4, 138.72, 1.79999
_2043_, 101.66, 138.72, 1.79999
_2045_, 101.66, 138.72, 1.79999
FILLER_0_46_215, 101.66, 138.72, 1.79999
FILLER_0_47_213, 101.66, 138.72, 1.79999
_1930_, 114.54, 138.72, 1.79999
_2004_, 114.54, 138.72, 1.79999
FILLER_0_47_237, 114.54, 138.72, 1.79999
_2057_, 154.56, 138.72, 1.79998
_2058_, 154.56, 138.72, 1.79998
_2060_, 154.56, 138.72, 1.79998
_2513_, 14.26, 138.72, 1.79998
_2515_, 14.26, 138.72, 1.79998
_2562_, 14.26, 138.72, 1.79998
FILLER_0_46_15, 14.26, 138.72, 1.79998
FILLER_0_48_15, 14.26, 138.72, 1.79998
_2339_, 45.08, 138.72, 1.79999
FILLER_0_47_92, 45.08, 138.72, 1.79999
FILLER_0_48_85, 45.08, 138.72, 1.79999
_2151_, 68.08, 138.72, 1.79999
_2254_, 68.08, 138.72, 1.79999
FILLER_0_47_142, 68.08, 138.72, 1.79999
FILLER_0_48_137, 68.08, 138.72, 1.79999
_2083_, 79.12, 138.72, 1.79999
FILLER_0_45_160, 79.12, 138.72, 1.79999
FILLER_0_46_158, 79.12, 138.72, 1.79999
_2082_, 86.02, 138.72, 1.79999
FILLER_0_48_174, 86.02, 138.72, 1.79999
_2041_, 96.14, 138.72, 1.79999
_2044_, 96.14, 138.72, 1.79999
FILLER_0_48_191, 96.14, 138.72, 1.79999
FILLER_0_48_197, 96.14, 138.72, 1.79999
_2005_, 111.78, 138.72, 1.79999
_1992_, 140.76, 138.72, 1.79998
_1994_, 140.76, 138.72, 1.79998
_2054_, 140.76, 138.72, 1.79998
FILLER_0_46_302, 146.28, 138.72, 1.79998
FILLER_0_48_304, 146.28, 138.72, 1.79998
_1932_, 127.65, 138.72, 1.79999
_1934_, 127.65, 138.72, 1.79999
_1935_, 127.65, 138.72, 1.79999
_2047_, 127.65, 138.72, 1.79999
_2048_, 127.65, 138.72, 1.79999
FILLER_0_47_263, 127.65, 138.72, 1.79999
FILLER_0_47_273, 127.65, 138.72, 1.79999
_2061_, 161.92, 138.72, 1.79997
_2062_, 161.92, 138.72, 1.79997
_2130_, 161.92, 138.72, 1.79997
_2131_, 161.92, 138.72, 1.79997
FILLER_0_48_336, 161.92, 138.72, 1.79997
PHY_EDGE_ROW_44_Left_104, 5.52, 133.28, 1.79999
PHY_EDGE_ROW_45_Left_105, 5.52, 133.28, 1.79999
PHY_EDGE_ROW_44_Right_44, 169.28, 133.28, 1.79998
PHY_EDGE_ROW_45_Right_45, 169.28, 133.28, 1.79998
output48, 169.28, 133.28, 1.79998
FILLER_0_44_348, 169.28, 133.28, 1.79998
FILLER_0_45_15, 9.66, 133.28, 1.79999
_2560_, 15.18, 133.28, 1.79999
_2602_, 15.18, 133.28, 1.79999
FILLER_0_45_49, 27.14, 133.28, 1.79999
FILLER_0_46_47, 27.14, 133.28, 1.79999
_2385_, 32.66, 133.28, 1.79999
_2387_, 32.66, 133.28, 1.79999
_2388_, 32.66, 133.28, 1.79999
_2389_, 32.66, 133.28, 1.79999
FILLER_0_45_57, 32.66, 133.28, 1.79999
FILLER_0_46_55, 32.66, 133.28, 1.79999
_2324_, 38.18, 133.28, 1.79999
_2386_, 38.18, 133.28, 1.79999
FILLER_0_45_74, 38.18, 133.28, 1.79999
_2081_, 73.14, 133.28, 1.79999
_2186_, 73.14, 133.28, 1.79999
_2187_, 73.14, 133.28, 1.79999
_2252_, 73.14, 133.28, 1.79999
_2253_, 73.14, 133.28, 1.79999
_1933_, 124.66, 133.28, 1.79999
_2016_, 124.66, 133.28, 1.79999
FILLER_0_45_270, 124.66, 133.28, 1.79999
FILLER_0_46_259, 124.66, 133.28, 1.79999
_2561_, 21.16, 133.28, 1.79999
_2222_, 60.26, 133.28, 1.79999
_2285_, 60.26, 133.28, 1.79999
_1986_, 156.86, 133.28, 1.79998
_2129_, 156.86, 133.28, 1.79998
FILLER_0_45_337, 156.86, 133.28, 1.79998
FILLER_0_46_330, 156.86, 133.28, 1.79998
_2288_, 49.22, 133.28, 1.79999
_2301_, 49.22, 133.28, 1.79999
_2322_, 49.22, 133.28, 1.79999
_2323_, 49.22, 133.28, 1.79999
FILLER_0_44_95, 49.22, 133.28, 1.79999
FILLER_0_45_102, 49.22, 133.28, 1.79999
_2079_, 84.716, 133.28, 1.79999
_2113_, 84.716, 133.28, 1.79999
_2114_, 84.716, 133.28, 1.79999
FILLER_0_45_184, 84.716, 133.28, 1.79999
_1921_, 96.293, 133.28, 1.79999
_1989_, 96.293, 133.28, 1.79999
_2039_, 96.293, 133.28, 1.79999
_2040_, 96.293, 133.28, 1.79999
FILLER_0_45_196, 96.293, 133.28, 1.79999
_1924_, 116.265, 133.28, 1.79999
_1927_, 116.265, 133.28, 1.79999
_1928_, 116.265, 133.28, 1.79999
_1931_, 116.265, 133.28, 1.79999
_2006_, 116.265, 133.28, 1.79999
FILLER_0_44_233, 116.265, 133.28, 1.79999
FILLER_0_44_241, 116.265, 133.28, 1.79999
FILLER_0_45_232, 116.265, 133.28, 1.79999
_1936_, 136.735, 133.28, 1.79999
_1967_, 136.735, 133.28, 1.79999
_1990_, 136.735, 133.28, 1.79999
_1991_, 136.735, 133.28, 1.79999
FILLER_0_44_287, 136.735, 133.28, 1.79999
FILLER_0_46_277, 136.735, 133.28, 1.79999
PHY_EDGE_ROW_42_Left_102, 5.52, 127.84, 1.79999
PHY_EDGE_ROW_43_Left_103, 5.52, 127.84, 1.79999
PHY_EDGE_ROW_42_Right_42, 169.28, 127.84, 1.79998
PHY_EDGE_ROW_43_Right_43, 169.28, 127.84, 1.79998
_2411_, 29.44, 127.84, 1.8
_2467_, 29.44, 127.84, 1.8
_2340_, 39.1, 127.84, 1.8
_2286_, 57.5, 127.84, 1.8
_2287_, 57.5, 127.84, 1.8
_2342_, 57.5, 127.84, 1.8
FILLER_0_43_107, 57.5, 127.84, 1.8
_2150_, 63.02, 127.84, 1.8
FILLER_0_43_121, 63.02, 127.84, 1.8
_1581_, 79.58, 127.84, 1.8
_2080_, 79.58, 127.84, 1.8
FILLER_0_43_151, 79.58, 127.84, 1.8
FILLER_0_44_159, 79.58, 127.84, 1.8
_2185_, 85.1, 127.84, 1.8
FILLER_0_43_178, 85.1, 127.84, 1.8
_2036_, 90.62, 127.84, 1.8
_2038_, 90.62, 127.84, 1.8
_2112_, 90.62, 127.84, 1.8
_2184_, 90.62, 127.84, 1.8
FILLER_0_44_188, 90.62, 127.84, 1.8
_1919_, 98.9, 127.84, 1.8
_1920_, 98.9, 127.84, 1.8
_2035_, 98.9, 127.84, 1.8
FILLER_0_43_200, 98.9, 127.84, 1.8
_1922_, 104.42, 127.84, 1.8
FILLER_0_43_214, 104.42, 127.84, 1.8
FILLER_0_44_215, 104.42, 127.84, 1.8
FILLER_0_42_9, 9.66, 127.84, 1.79999
FILLER_0_43_15, 9.66, 127.84, 1.79999
FILLER_0_44_77, 40.48, 127.84, 1.8
_2299_, 46, 127.84, 1.8
_2300_, 46, 127.84, 1.8
_2365_, 46, 127.84, 1.8
FILLER_0_42_92, 46, 127.84, 1.8
FILLER_0_43_94, 46, 127.84, 1.8
FILLER_0_44_85, 46, 127.84, 1.8
_1854_, 117.76, 127.84, 1.79999
_1858_, 117.76, 127.84, 1.79999
_2042_, 117.76, 127.84, 1.79999
FILLER_0_42_238, 117.76, 127.84, 1.79999
FILLER_0_43_250, 117.76, 127.84, 1.79999
FILLER_0_44_249, 117.76, 127.84, 1.79999
_2511_, 17.825, 127.84, 1.79999
_2512_, 17.825, 127.84, 1.79999
_2559_, 17.825, 127.84, 1.79999
FILLER_0_42_25, 17.825, 127.84, 1.79999
_1962_, 128.11, 127.84, 1.79999
_1965_, 128.11, 127.84, 1.79999
_1966_, 128.11, 127.84, 1.79999
_1968_, 128.11, 127.84, 1.79999
FILLER_0_43_263, 128.11, 127.84, 1.79999
FILLER_0_44_265, 128.11, 127.84, 1.79999
_1861_, 138.46, 127.84, 1.79999
_1916_, 138.46, 127.84, 1.79999
_1917_, 138.46, 127.84, 1.79999
_1937_, 138.46, 127.84, 1.79999
_1969_, 138.46, 127.84, 1.79999
FILLER_0_43_285, 138.46, 127.84, 1.79999
_1976_, 159.045, 127.84, 1.79998
_1977_, 159.045, 127.84, 1.79998
_1983_, 159.045, 127.84, 1.79998
_1984_, 159.045, 127.84, 1.79998
_1987_, 159.045, 127.84, 1.79998
FILLER_0_43_331, 159.045, 127.84, 1.79998
FILLER_0_43_337, 159.045, 127.84, 1.79998
PHY_EDGE_ROW_40_Left_100, 5.52, 122.4, 1.79997
PHY_EDGE_ROW_41_Left_101, 5.52, 122.4, 1.79997
output38, 5.52, 122.4, 1.79997
PHY_EDGE_ROW_40_Right_40, 169.28, 122.4, 1.79999
PHY_EDGE_ROW_41_Right_41, 169.28, 122.4, 1.79999
input9, 169.28, 122.4, 1.79999
_2509_, 15.18, 122.4, 1.79998
_2558_, 15.18, 122.4, 1.79998
FILLER_0_41_27, 15.18, 122.4, 1.79998
_2409_, 29.9, 122.4, 1.79999
_2466_, 29.9, 122.4, 1.79999
FILLER_0_41_57, 29.9, 122.4, 1.79999
_2295_, 56.12, 122.4, 1.79999
_2296_, 56.12, 122.4, 1.79999
_2297_, 56.12, 122.4, 1.79999
_2298_, 56.12, 122.4, 1.79999
_1851_, 77.74, 122.4, 1.8
_2172_, 77.74, 122.4, 1.8
_2173_, 77.74, 122.4, 1.8
_2212_, 77.74, 122.4, 1.8
FILLER_0_41_159, 77.74, 122.4, 1.8
_1852_, 83.26, 122.4, 1.8
_1853_, 83.26, 122.4, 1.8
FILLER_0_40_175, 83.26, 122.4, 1.8
_1954_, 98.9, 122.4, 1.8
_1958_, 98.9, 122.4, 1.8
_2037_, 98.9, 122.4, 1.8
_1957_, 107.18, 122.4, 1.8
FILLER_0_41_220, 107.18, 122.4, 1.8
FILLER_0_42_221, 107.18, 122.4, 1.8
_1960_, 124.66, 122.4, 1.8
_1961_, 124.66, 122.4, 1.8
_1963_, 124.66, 122.4, 1.8
_1855_, 119.14, 122.4, 1.8
FILLER_0_41_253, 119.14, 122.4, 1.8
FILLER_0_42_253, 119.14, 122.4, 1.8
_1860_, 131.56, 122.4, 1.8
FILLER_0_40_274, 131.56, 122.4, 1.8
FILLER_0_42_276, 131.56, 122.4, 1.8
_1892_, 137.54, 122.4, 1.8
FILLER_0_42_287, 137.54, 122.4, 1.8
_1938_, 143.06, 122.4, 1.79999
FILLER_0_40_303, 143.06, 122.4, 1.79999
FILLER_0_42_301, 143.06, 122.4, 1.79999
FILLER_0_40_309, 148.58, 122.4, 1.8
FILLER_0_42_309, 148.58, 122.4, 1.8
_2364_, 43.01, 122.4, 1.79999
_2366_, 43.01, 122.4, 1.79999
_2410_, 43.01, 122.4, 1.79999
_2465_, 43.01, 122.4, 1.79999
FILLER_0_42_79, 43.01, 122.4, 1.79999
_2032_, 91.08, 122.4, 1.8
_2033_, 91.08, 122.4, 1.8
_2034_, 91.08, 122.4, 1.8
FILLER_0_41_179, 91.08, 122.4, 1.8
FILLER_0_42_191, 91.08, 122.4, 1.8
_1914_, 159.045, 122.4, 1.79999
_1978_, 159.045, 122.4, 1.79999
_1985_, 159.045, 122.4, 1.79999
FILLER_0_41_332, 159.045, 122.4, 1.79999
FILLER_0_41_337, 159.045, 122.4, 1.79999
FILLER_0_42_323, 159.045, 122.4, 1.79999
PHY_EDGE_ROW_38_Left_98, 5.52, 116.96, 1.79999
PHY_EDGE_ROW_39_Left_99, 5.52, 116.96, 1.79999
input8, 5.52, 116.96, 1.79999
PHY_EDGE_ROW_38_Right_38, 169.28, 116.96, 1.79999
PHY_EDGE_ROW_39_Right_39, 169.28, 116.96, 1.79999
FILLER_0_39_9, 9.66, 116.96, 1.79999
_2292_, 60.72, 116.96, 1.8
_2293_, 60.72, 116.96, 1.8
_2294_, 60.72, 116.96, 1.8
_2170_, 73.14, 116.96, 1.8
_2171_, 73.14, 116.96, 1.8
_2219_, 73.14, 116.96, 1.8
_1956_, 92.46, 116.96, 1.8
_2073_, 92.46, 116.96, 1.8
_2218_, 92.46, 116.96, 1.8
FILLER_0_40_189, 92.46, 116.96, 1.8
input21, 165.14, 116.96, 1.79999
_2368_, 41.86, 116.96, 1.79999
_2377_, 41.86, 116.96, 1.79999
_2380_, 41.86, 116.96, 1.79999
FILLER_0_40_73, 41.86, 116.96, 1.79999
_2367_, 47.38, 116.96, 1.79999
_2375_, 47.38, 116.96, 1.79999
FILLER_0_38_91, 47.38, 116.96, 1.79999
FILLER_0_40_96, 47.38, 116.96, 1.79999
_2362_, 52.9, 116.96, 1.79999
_2370_, 52.9, 116.96, 1.79999
FILLER_0_39_109, 52.9, 116.96, 1.79999
_2289_, 65.78, 116.96, 1.8
_2291_, 65.78, 116.96, 1.8
FILLER_0_38_126, 65.78, 116.96, 1.8
FILLER_0_40_129, 65.78, 116.96, 1.8
_2103_, 80.04, 116.96, 1.8
_2107_, 80.04, 116.96, 1.8
_2108_, 80.04, 116.96, 1.8
_2109_, 80.04, 116.96, 1.8
_2505_, 17.825, 116.96, 1.79999
_2507_, 17.825, 116.96, 1.79999
_2510_, 17.825, 116.96, 1.79999
FILLER_0_39_21, 17.825, 116.96, 1.79999
FILLER_0_39_33, 17.825, 116.96, 1.79999
_2381_, 33.925, 116.96, 1.79999
_2382_, 33.925, 116.96, 1.79999
_2383_, 33.925, 116.96, 1.79999
_2384_, 33.925, 116.96, 1.79999
_2415_, 33.925, 116.96, 1.79999
wire66, 33.925, 116.96, 1.79999
_1739_, 100.165, 116.96, 1.8
_1953_, 100.165, 116.96, 1.8
_2024_, 100.165, 116.96, 1.8
_2025_, 100.165, 116.96, 1.8
FILLER_0_39_199, 100.165, 116.96, 1.8
_1786_, 118.105, 116.96, 1.79999
_1787_, 118.105, 116.96, 1.79999
_1859_, 118.105, 116.96, 1.79999
_1925_, 118.105, 116.96, 1.79999
ANTENNA_3, 118.105, 116.96, 1.79999
FILLER_0_40_244, 118.105, 116.96, 1.79999
_1885_, 128.34, 116.96, 1.79999
_1887_, 128.34, 116.96, 1.79999
_1888_, 128.34, 116.96, 1.79999
_1959_, 128.34, 116.96, 1.79999
FILLER_0_40_265, 128.34, 116.96, 1.79999
_1891_, 138.575, 116.96, 1.79999
_1895_, 138.575, 116.96, 1.79999
_1964_, 138.575, 116.96, 1.79999
FILLER_0_38_293, 138.575, 116.96, 1.79999
FILLER_0_40_292, 138.575, 116.96, 1.79999
_1900_, 156.975, 116.96, 1.79999
_1979_, 156.975, 116.96, 1.79999
max_cap67, 156.975, 116.96, 1.79999
max_cap2, 156.975, 116.96, 1.79999
FILLER_0_38_323, 156.975, 116.96, 1.79999
FILLER_0_39_332, 156.975, 116.96, 1.79999
PHY_EDGE_ROW_36_Left_96, 5.52, 111.52, 1.79999
PHY_EDGE_ROW_37_Left_97, 5.52, 111.52, 1.79999
PHY_EDGE_ROW_36_Right_36, 169.28, 111.52, 1.8
PHY_EDGE_ROW_37_Right_37, 169.28, 111.52, 1.8
FILLER_0_36_350, 169.28, 111.52, 1.8
_1883_, 130.64, 111.52, 1.8
FILLER_0_36_278, 130.64, 111.52, 1.8
FILLER_0_38_278, 130.64, 111.52, 1.8
_1898_, 143.52, 111.52, 1.8
FILLER_0_37_305, 143.52, 111.52, 1.8
_1902_, 160.08, 111.52, 1.8
FILLER_0_37_330, 160.08, 111.52, 1.8
_2506_, 9.66, 111.52, 1.79999
FILLER_0_37_15, 9.66, 111.52, 1.79999
_2164_, 77.28, 111.52, 1.8
_2179_, 77.28, 111.52, 1.8
_2180_, 77.28, 111.52, 1.8
_2183_, 77.28, 111.52, 1.8
FILLER_0_37_162, 77.28, 111.52, 1.8
FILLER_0_38_153, 77.28, 111.52, 1.8
_1671_, 103.96, 111.52, 1.8
FILLER_0_38_215, 103.96, 111.52, 1.8
_1788_, 114.08, 111.52, 1.8
_1944_, 114.08, 111.52, 1.8
_1789_, 119.6, 111.52, 1.8
_1947_, 119.6, 111.52, 1.8
FILLER_0_36_248, 119.6, 111.52, 1.8
_1886_, 125.12, 111.52, 1.8
FILLER_0_38_256, 125.12, 111.52, 1.8
_1815_, 137.54, 111.52, 1.8
_1890_, 137.54, 111.52, 1.8
_1893_, 137.54, 111.52, 1.8
FILLER_0_37_349, 163.3, 111.52, 1.8
_2448_, 17.825, 111.52, 1.79999
_2504_, 17.825, 111.52, 1.79999
_2508_, 17.825, 111.52, 1.79999
_2555_, 17.825, 111.52, 1.79999
FILLER_0_37_27, 17.825, 111.52, 1.79999
FILLER_0_38_24, 17.825, 111.52, 1.79999
_2360_, 36.225, 111.52, 1.79999
_2361_, 36.225, 111.52, 1.79999
_2379_, 36.225, 111.52, 1.79999
_2414_, 36.225, 111.52, 1.79999
FILLER_0_37_57, 36.225, 111.52, 1.79999
FILLER_0_37_66, 36.225, 111.52, 1.79999
FILLER_0_38_65, 36.225, 111.52, 1.79999
_2376_, 46.46, 111.52, 1.79999
_2378_, 46.46, 111.52, 1.79999
_2428_, 46.46, 111.52, 1.79999
FILLER_0_36_85, 46.46, 111.52, 1.79999
FILLER_0_37_83, 46.46, 111.52, 1.79999
FILLER_0_37_91, 46.46, 111.52, 1.79999
_2251_, 56.695, 111.52, 1.8
_2319_, 56.695, 111.52, 1.8
_2369_, 56.695, 111.52, 1.8
FILLER_0_36_107, 56.695, 111.52, 1.8
FILLER_0_37_101, 56.695, 111.52, 1.8
FILLER_0_37_109, 56.695, 111.52, 1.8
_1884_, 90.62, 111.52, 1.8
_2023_, 90.62, 111.52, 1.8
_2111_, 90.62, 111.52, 1.8
FILLER_0_36_190, 90.62, 111.52, 1.8
FILLER_0_37_177, 90.62, 111.52, 1.8
FILLER_0_37_186, 90.62, 111.52, 1.8
PHY_EDGE_ROW_34_Left_94, 5.52, 106.08, 1.79999
PHY_EDGE_ROW_35_Left_95, 5.52, 106.08, 1.79999
FILLER_0_36_3, 5.52, 106.08, 1.79999
PHY_EDGE_ROW_34_Right_34, 169.28, 106.08, 1.8
PHY_EDGE_ROW_35_Right_35, 169.28, 106.08, 1.8
_2499_, 25.3, 106.08, 1.79999
FILLER_0_36_42, 25.3, 106.08, 1.79999
_1806_, 83.72, 106.08, 1.8
_2101_, 83.72, 106.08, 1.8
FILLER_0_35_172, 83.72, 106.08, 1.8
FILLER_0_36_166, 83.72, 106.08, 1.8
FILLER_0_36_174, 83.72, 106.08, 1.8
FILLER_0_37_169, 83.72, 106.08, 1.8
_2102_, 89.24, 106.08, 1.8
_2143_, 89.24, 106.08, 1.8
FILLER_0_35_187, 89.24, 106.08, 1.8
_2017_, 103.5, 106.08, 1.8
FILLER_0_36_208, 103.5, 106.08, 1.8
_1792_, 157.32, 106.08, 1.8
_1865_, 157.32, 106.08, 1.8
_1846_, 162.84, 106.08, 1.8
FILLER_0_35_343, 162.84, 106.08, 1.8
FILLER_0_36_342, 162.84, 106.08, 1.8
_2552_, 9.66, 106.08, 1.79999
_2556_, 9.66, 106.08, 1.79999
_2557_, 9.66, 106.08, 1.79999
_2242_, 63.48, 106.08, 1.8
_2250_, 63.48, 106.08, 1.8
FILLER_0_34_126, 63.48, 106.08, 1.8
FILLER_0_36_126, 63.48, 106.08, 1.8
_1881_, 105.34, 106.08, 1.8
_2500_, 17.48, 106.08, 1.79999
_2550_, 17.48, 106.08, 1.79999
_2553_, 17.48, 106.08, 1.79999
_2431_, 38.486, 106.08, 1.79999
_2432_, 38.486, 106.08, 1.79999
_2503_, 38.486, 106.08, 1.79999
FILLER_0_35_60, 38.486, 106.08, 1.79999
FILLER_0_35_68, 38.486, 106.08, 1.79999
FILLER_0_36_70, 38.486, 106.08, 1.79999
FILLER_0_36_80, 38.486, 106.08, 1.79999
_1850_, 50.983, 106.08, 1.79999
_2320_, 50.983, 106.08, 1.79999
_2321_, 50.983, 106.08, 1.79999
FILLER_0_35_93, 50.983, 106.08, 1.79999
FILLER_0_35_104, 50.983, 106.08, 1.79999
_2104_, 75.325, 106.08, 1.8
_2176_, 75.325, 106.08, 1.8
_2177_, 75.325, 106.08, 1.8
_2181_, 75.325, 106.08, 1.8
_2182_, 75.325, 106.08, 1.8
FILLER_0_35_151, 75.325, 106.08, 1.8
FILLER_0_36_152, 75.325, 106.08, 1.8
_1950_, 96.37, 106.08, 1.8
_1951_, 96.37, 106.08, 1.8
_1952_, 96.37, 106.08, 1.8
_2022_, 96.37, 106.08, 1.8
FILLER_0_34_192, 96.37, 106.08, 1.8
FILLER_0_34_197, 96.37, 106.08, 1.8
_1784_, 118.105, 106.08, 1.8
_1810_, 118.105, 106.08, 1.8
_1946_, 118.105, 106.08, 1.8
_1995_, 118.105, 106.08, 1.8
FILLER_0_34_244, 118.105, 106.08, 1.8
FILLER_0_35_240, 118.105, 106.08, 1.8
FILLER_0_35_252, 118.105, 106.08, 1.8
_1374_, 128.34, 106.08, 1.8
_1813_, 128.34, 106.08, 1.8
_1814_, 128.34, 106.08, 1.8
FILLER_0_34_274, 128.34, 106.08, 1.8
FILLER_0_35_277, 128.34, 106.08, 1.8
_1816_, 138.575, 106.08, 1.8
_1818_, 138.575, 106.08, 1.8
_1889_, 138.575, 106.08, 1.8
_1894_, 138.575, 106.08, 1.8
FILLER_0_34_294, 138.575, 106.08, 1.8
_2549_, 5.52, 100.64, 1.79999
PHY_EDGE_ROW_32_Left_92, 5.52, 100.64, 1.79999
PHY_EDGE_ROW_33_Left_93, 5.52, 100.64, 1.79999
output54, 5.52, 100.64, 1.79999
PHY_EDGE_ROW_32_Right_32, 169.28, 100.64, 1.8
PHY_EDGE_ROW_33_Right_33, 169.28, 100.64, 1.8
_2427_, 21.62, 100.64, 1.79999
_2239_, 59.34, 100.64, 1.8
_2240_, 59.34, 100.64, 1.8
_2241_, 59.34, 100.64, 1.8
_2283_, 59.34, 100.64, 1.8
_1948_, 98.9, 100.64, 1.8
_2020_, 98.9, 100.64, 1.8
_2021_, 98.9, 100.64, 1.8
_1942_, 104.42, 100.64, 1.8
_1809_, 124.66, 100.64, 1.8
_1875_, 124.66, 100.64, 1.8
_1876_, 124.66, 100.64, 1.8
_1918_, 124.66, 100.64, 1.8
FILLER_0_32_265, 124.66, 100.64, 1.8
FILLER_0_34_259, 124.66, 100.64, 1.8
_1820_, 143.06, 100.64, 1.8
FILLER_0_32_305, 143.06, 100.64, 1.8
FILLER_0_33_305, 143.06, 100.64, 1.8
FILLER_0_33_329, 161.46, 100.64, 1.8
_2434_, 34.5, 100.64, 1.79999
_2443_, 34.5, 100.64, 1.79999
FILLER_0_34_63, 34.5, 100.64, 1.79999
_2374_, 40.02, 100.64, 1.8
_2430_, 40.02, 100.64, 1.8
_2440_, 40.02, 100.64, 1.8
FILLER_0_33_81, 40.02, 100.64, 1.8
_2317_, 53.36, 100.64, 1.8
_2318_, 53.36, 100.64, 1.8
_2373_, 53.36, 100.64, 1.8
FILLER_0_34_109, 53.36, 100.64, 1.8
_1740_, 74.06, 100.64, 1.8
FILLER_0_32_149, 74.06, 100.64, 1.8
FILLER_0_34_149, 74.06, 100.64, 1.8
_2028_, 79.58, 100.64, 1.8
_2099_, 79.58, 100.64, 1.8
_2175_, 79.58, 100.64, 1.8
FILLER_0_32_167, 79.58, 100.64, 1.8
_1811_, 137.54, 100.64, 1.8
_1819_, 137.54, 100.64, 1.8
FILLER_0_33_275, 137.54, 100.64, 1.8
FILLER_0_34_284, 137.54, 100.64, 1.8
input16, 163.3, 100.64, 1.8
FILLER_0_33_349, 163.3, 100.64, 1.8
_2501_, 13.57, 100.64, 1.79999
_2540_, 13.57, 100.64, 1.79999
_2551_, 13.57, 100.64, 1.79999
FILLER_0_33_18, 13.57, 100.64, 1.79999
_2031_, 89.24, 100.64, 1.8
_2094_, 89.24, 100.64, 1.8
_2100_, 89.24, 100.64, 1.8
FILLER_0_32_187, 89.24, 100.64, 1.8
FILLER_0_33_189, 89.24, 100.64, 1.8
_1868_, 116.265, 100.64, 1.8
_1873_, 116.265, 100.64, 1.8
_1939_, 116.265, 100.64, 1.8
FILLER_0_33_232, 116.265, 100.64, 1.8
FILLER_0_34_234, 116.265, 100.64, 1.8
PHY_EDGE_ROW_30_Left_90, 5.52, 95.2, 1.8
PHY_EDGE_ROW_31_Left_91, 5.52, 95.2, 1.8
PHY_EDGE_ROW_30_Right_30, 169.28, 95.2, 1.79999
PHY_EDGE_ROW_31_Right_31, 169.28, 95.2, 1.79999
FILLER_0_30_350, 169.28, 95.2, 1.79999
_2541_, 14.26, 95.2, 1.8
_2548_, 14.26, 95.2, 1.8
FILLER_0_31_15, 14.26, 95.2, 1.8
FILLER_0_31_22, 14.26, 95.2, 1.8
FILLER_0_31_30, 14.26, 95.2, 1.8
_2445_, 26.68, 95.2, 1.8
_2478_, 26.68, 95.2, 1.8
FILLER_0_31_47, 26.68, 95.2, 1.8
_2444_, 34.04, 95.2, 1.8
_2475_, 34.04, 95.2, 1.8
_2026_, 47.38, 95.2, 1.8
_2363_, 47.38, 95.2, 1.8
_2371_, 47.38, 95.2, 1.8
_2372_, 47.38, 95.2, 1.8
FILLER_0_30_97, 47.38, 95.2, 1.8
FILLER_0_31_81, 47.38, 95.2, 1.8
FILLER_0_31_95, 47.38, 95.2, 1.8
_2307_, 58.42, 95.2, 1.8
_2315_, 58.42, 95.2, 1.8
FILLER_0_31_117, 58.42, 95.2, 1.8
_2234_, 63.94, 95.2, 1.8
_2236_, 63.94, 95.2, 1.8
_2237_, 63.94, 95.2, 1.8
FILLER_0_32_123, 63.94, 95.2, 1.8
_2592_, 9.66, 95.2, 1.8
FILLER_0_32_11, 9.66, 95.2, 1.8
_2359_, 36.8, 95.2, 1.8
_2441_, 36.8, 95.2, 1.8
_2442_, 36.8, 95.2, 1.8
FILLER_0_30_68, 36.8, 95.2, 1.8
_1872_, 111.78, 95.2, 1.8
_1735_, 117.3, 95.2, 1.8
_1874_, 117.3, 95.2, 1.8
_1736_, 122.82, 95.2, 1.8
_1741_, 122.82, 95.2, 1.8
_1797_, 122.82, 95.2, 1.8
FILLER_0_31_261, 122.82, 95.2, 1.8
_1848_, 151.34, 95.2, 1.8
FILLER_0_30_317, 151.34, 95.2, 1.8
_1825_, 156.86, 95.2, 1.79999
_1826_, 156.86, 95.2, 1.79999
_1904_, 156.86, 95.2, 1.79999
FILLER_0_30_325, 156.86, 95.2, 1.79999
_1912_, 163.3, 95.2, 1.79999
FILLER_0_31_349, 163.3, 95.2, 1.79999
FILLER_0_32_345, 163.3, 95.2, 1.79999
_1812_, 77.165, 95.2, 1.8
_2027_, 77.165, 95.2, 1.8
_2098_, 77.165, 95.2, 1.8
_2163_, 77.165, 95.2, 1.8
_2169_, 77.165, 95.2, 1.8
FILLER_0_30_155, 77.165, 95.2, 1.8
FILLER_0_31_164, 77.165, 95.2, 1.8
_1732_, 87.4, 95.2, 1.8
_2019_, 87.4, 95.2, 1.8
_2029_, 87.4, 95.2, 1.8
_2030_, 87.4, 95.2, 1.8
FILLER_0_31_169, 87.4, 95.2, 1.8
FILLER_0_31_183, 87.4, 95.2, 1.8
_1731_, 97.635, 95.2, 1.8
_1807_, 97.635, 95.2, 1.8
_1878_, 97.635, 95.2, 1.8
_1949_, 97.635, 95.2, 1.8
FILLER_0_31_194, 97.635, 95.2, 1.8
_1738_, 135.815, 95.2, 1.8
_1742_, 135.815, 95.2, 1.8
_1743_, 135.815, 95.2, 1.8
_1744_, 135.815, 95.2, 1.8
_1817_, 135.815, 95.2, 1.8
FILLER_0_30_281, 135.815, 95.2, 1.8
FILLER_0_32_275, 135.815, 95.2, 1.8
_2547_, 5.52, 89.76, 1.79998
PHY_EDGE_ROW_28_Left_88, 5.52, 89.76, 1.79998
PHY_EDGE_ROW_29_Left_89, 5.52, 89.76, 1.79998
output35, 5.52, 89.76, 1.79998
_1393_, 169.28, 89.76, 1.79999
PHY_EDGE_ROW_28_Right_28, 169.28, 89.76, 1.79999
PHY_EDGE_ROW_29_Right_29, 169.28, 89.76, 1.79999
output55, 169.28, 89.76, 1.79999
_2546_, 9.66, 89.76, 1.79998
_2595_, 9.66, 89.76, 1.79998
_2545_, 15.18, 89.76, 1.79999
_2594_, 15.18, 89.76, 1.79999
FILLER_0_30_25, 15.18, 89.76, 1.79999
_2495_, 21.62, 89.76, 1.79999
_2543_, 21.62, 89.76, 1.79999
FILLER_0_30_29, 21.62, 89.76, 1.79999
_2306_, 55.2, 89.76, 1.8
_2314_, 55.2, 89.76, 1.8
_2316_, 55.2, 89.76, 1.8
FILLER_0_29_104, 55.2, 89.76, 1.8
_1733_, 115, 89.76, 1.8
_1734_, 115, 89.76, 1.8
_2235_, 64.86, 89.76, 1.8
_2313_, 64.86, 89.76, 1.8
_2096_, 75.9, 89.76, 1.8
_2233_, 75.9, 89.76, 1.8
FILLER_0_28_154, 75.9, 89.76, 1.8
FILLER_0_29_159, 75.9, 89.76, 1.8
_1665_, 111.78, 89.76, 1.8
_1870_, 111.78, 89.76, 1.8
_1737_, 124.2, 89.76, 1.8
_1796_, 124.2, 89.76, 1.8
FILLER_0_28_262, 124.2, 89.76, 1.8
_1607_, 129.72, 89.76, 1.8
_1672_, 129.72, 89.76, 1.8
FILLER_0_29_276, 129.72, 89.76, 1.8
FILLER_0_30_271, 129.72, 89.76, 1.8
_1670_, 137.54, 89.76, 1.79999
_1745_, 137.54, 89.76, 1.79999
_1747_, 137.54, 89.76, 1.79999
_1746_, 143.06, 89.76, 1.79999
_1803_, 143.06, 89.76, 1.79999
FILLER_0_28_298, 143.06, 89.76, 1.79999
FILLER_0_29_305, 143.06, 89.76, 1.79999
FILLER_0_30_300, 143.06, 89.76, 1.79999
_2357_, 35.726, 89.76, 1.79999
_2358_, 35.726, 89.76, 1.79999
_2429_, 35.726, 89.76, 1.79999
_2544_, 35.726, 89.76, 1.79999
FILLER_0_28_72, 35.726, 89.76, 1.79999
_2304_, 45.463, 89.76, 1.79999
FILLER_0_28_85, 45.463, 89.76, 1.79999
FILLER_0_29_90, 45.463, 89.76, 1.79999
FILLER_0_30_81, 45.463, 89.76, 1.79999
_1609_, 86.556, 89.76, 1.8
_1802_, 86.556, 89.76, 1.8
_1880_, 86.556, 89.76, 1.8
_2095_, 86.556, 89.76, 1.8
_2097_, 86.556, 89.76, 1.8
FILLER_0_29_176, 86.556, 89.76, 1.8
_1608_, 97.213, 89.76, 1.8
_1664_, 97.213, 89.76, 1.8
_1941_, 97.213, 89.76, 1.8
_2018_, 97.213, 89.76, 1.8
FILLER_0_28_197, 97.213, 89.76, 1.8
FILLER_0_30_193, 97.213, 89.76, 1.8
_1842_, 159.045, 89.76, 1.79999
_1903_, 159.045, 89.76, 1.79999
_1906_, 159.045, 89.76, 1.79999
PHY_EDGE_ROW_26_Left_86, 5.52, 84.32, 1.8
PHY_EDGE_ROW_27_Left_87, 5.52, 84.32, 1.8
output57, 5.52, 84.32, 1.8
PHY_EDGE_ROW_26_Right_26, 169.28, 84.32, 1.79999
PHY_EDGE_ROW_27_Right_27, 169.28, 84.32, 1.79999
output64, 169.28, 84.32, 1.79999
_2492_, 21.62, 84.32, 1.8
_2493_, 21.62, 84.32, 1.8
_2305_, 47.38, 84.32, 1.8
_2346_, 47.38, 84.32, 1.8
_2353_, 47.38, 84.32, 1.8
_2354_, 47.38, 84.32, 1.8
_2355_, 47.38, 84.32, 1.8
_2435_, 47.38, 84.32, 1.8
FILLER_0_27_99, 47.38, 84.32, 1.8
_2311_, 61.64, 84.32, 1.8
FILLER_0_27_125, 61.64, 84.32, 1.8
_2310_, 67.16, 84.32, 1.8
_1722_, 106.72, 84.32, 1.8
_1726_, 106.72, 84.32, 1.8
FILLER_0_27_221, 106.72, 84.32, 1.8
_1610_, 132.48, 84.32, 1.79999
_1611_, 132.48, 84.32, 1.79999
_1673_, 132.48, 84.32, 1.79999
FILLER_0_27_266, 132.48, 84.32, 1.79999
FILLER_0_27_288, 132.48, 84.32, 1.79999
FILLER_0_28_274, 132.48, 84.32, 1.79999
_1674_, 144.44, 84.32, 1.79999
_1675_, 144.44, 84.32, 1.79999
FILLER_0_27_301, 144.44, 84.32, 1.79999
_1793_, 159.62, 84.32, 1.79999
_1905_, 159.62, 84.32, 1.79999
FILLER_0_27_331, 159.62, 84.32, 1.79999
FILLER_0_27_344, 159.62, 84.32, 1.79999
_2356_, 34.5, 84.32, 1.8
_2476_, 34.5, 84.32, 1.8
_2477_, 34.5, 84.32, 1.8
ANTENNA_2, 34.5, 84.32, 1.8
FILLER_0_26_56, 34.5, 84.32, 1.8
FILLER_0_27_69, 34.5, 84.32, 1.8
_2312_, 60.26, 84.32, 1.8
_2347_, 60.26, 84.32, 1.8
_2168_, 72.68, 84.32, 1.8
_2243_, 72.68, 84.32, 1.8
_2309_, 72.68, 84.32, 1.8
FILLER_0_26_146, 72.68, 84.32, 1.8
FILLER_0_27_152, 72.68, 84.32, 1.8
_1798_, 89.24, 84.32, 1.8
_1800_, 89.24, 84.32, 1.8
_1801_, 89.24, 84.32, 1.8
FILLER_0_27_188, 89.24, 84.32, 1.8
FILLER_0_28_188, 89.24, 84.32, 1.8
_2597_, 13.57, 84.32, 1.8
_2608_, 13.57, 84.32, 1.8
FILLER_0_27_9, 13.57, 84.32, 1.8
FILLER_0_27_23, 13.57, 84.32, 1.8
_1663_, 80.96, 84.32, 1.8
_1782_, 80.96, 84.32, 1.8
_2105_, 80.96, 84.32, 1.8
FILLER_0_27_163, 80.96, 84.32, 1.8
FILLER_0_28_168, 80.96, 84.32, 1.8
_1600_, 97.98, 84.32, 1.8
_1601_, 97.98, 84.32, 1.8
_1602_, 97.98, 84.32, 1.8
_1606_, 97.98, 84.32, 1.8
_1724_, 97.98, 84.32, 1.8
_1725_, 97.98, 84.32, 1.8
FILLER_0_28_206, 97.98, 84.32, 1.8
_1669_, 120.175, 84.32, 1.8
_1717_, 120.175, 84.32, 1.8
_1727_, 120.175, 84.32, 1.8
_1728_, 120.175, 84.32, 1.8
FILLER_0_26_253, 120.175, 84.32, 1.8
FILLER_0_27_253, 120.175, 84.32, 1.8
FILLER_0_28_244, 120.175, 84.32, 1.8
FILLER_0_28_253, 120.175, 84.32, 1.8
_2593_, 5.52, 78.88, 1.79999
PHY_EDGE_ROW_24_Left_84, 5.52, 78.88, 1.79999
PHY_EDGE_ROW_25_Left_85, 5.52, 78.88, 1.79999
FILLER_0_25_3, 5.52, 78.88, 1.79999
PHY_EDGE_ROW_24_Right_24, 169.28, 78.88, 1.79999
PHY_EDGE_ROW_25_Right_25, 169.28, 78.88, 1.79999
_2596_, 9.66, 78.88, 1.79999
_2607_, 9.66, 78.88, 1.79999
_2609_, 9.66, 78.88, 1.79999
_2598_, 15.18, 78.88, 1.79999
_2348_, 50.6, 78.88, 1.8
_2350_, 50.6, 78.88, 1.8
_2351_, 50.6, 78.88, 1.8
_2436_, 50.6, 78.88, 1.8
FILLER_0_26_97, 50.6, 78.88, 1.8
_2247_, 66.7, 78.88, 1.8
FILLER_0_25_127, 66.7, 78.88, 1.8
_2106_, 76.82, 78.88, 1.8
_2244_, 76.82, 78.88, 1.8
_2246_, 76.82, 78.88, 1.8
FILLER_0_25_153, 76.82, 78.88, 1.8
_1378_, 82.34, 78.88, 1.8
_1718_, 82.34, 78.88, 1.8
_1955_, 82.34, 78.88, 1.8
_2110_, 82.34, 78.88, 1.8
FILLER_0_24_173, 82.34, 78.88, 1.8
_1710_, 124.66, 78.88, 1.8
_1729_, 124.66, 78.88, 1.8
_1730_, 124.66, 78.88, 1.8
_1780_, 124.66, 78.88, 1.8
_1790_, 124.66, 78.88, 1.8
FILLER_0_25_271, 124.66, 78.88, 1.8
_1827_, 155.02, 78.88, 1.79999
_1830_, 155.02, 78.88, 1.79999
FILLER_0_25_330, 155.02, 78.88, 1.79999
_1794_, 160.54, 78.88, 1.79999
_1829_, 160.54, 78.88, 1.79999
_1843_, 160.54, 78.88, 1.79999
FILLER_0_24_343, 160.54, 78.88, 1.79999
FILLER_0_26_346, 160.54, 78.88, 1.79999
_2490_, 27.6, 78.88, 1.8
_2523_, 27.6, 78.88, 1.8
_2524_, 27.6, 78.88, 1.8
_2585_, 27.6, 78.88, 1.8
_1596_, 101.66, 78.88, 1.8
_1597_, 101.66, 78.88, 1.8
_1721_, 101.66, 78.88, 1.8
FILLER_0_25_215, 101.66, 78.88, 1.8
_1711_, 147.2, 78.88, 1.8
_1712_, 147.2, 78.88, 1.8
_1754_, 147.2, 78.88, 1.8
_1795_, 152.72, 78.88, 1.79999
_2438_, 39.1, 78.88, 1.8
_2488_, 39.1, 78.88, 1.8
_2489_, 39.1, 78.88, 1.8
_2521_, 39.1, 78.88, 1.8
_2522_, 39.1, 78.88, 1.8
FILLER_0_26_76, 39.1, 78.88, 1.8
_2352_, 58.65, 78.88, 1.8
_2416_, 58.65, 78.88, 1.8
_2424_, 58.65, 78.88, 1.8
_2425_, 58.65, 78.88, 1.8
FILLER_0_24_112, 58.65, 78.88, 1.8
_1460_, 92, 78.88, 1.8
_1799_, 92, 78.88, 1.8
_1867_, 92, 78.88, 1.8
FILLER_0_25_190, 92, 78.88, 1.8
_1668_, 116.265, 78.88, 1.8
_1705_, 116.265, 78.88, 1.8
_1708_, 116.265, 78.88, 1.8
_1709_, 116.265, 78.88, 1.8
FILLER_0_24_238, 116.265, 78.88, 1.8
FILLER_0_25_237, 116.265, 78.88, 1.8
FILLER_0_26_242, 116.265, 78.88, 1.8
_1677_, 135.93, 78.88, 1.8
_1678_, 135.93, 78.88, 1.8
_1750_, 135.93, 78.88, 1.8
FILLER_0_25_281, 135.93, 78.88, 1.8
FILLER_0_26_282, 135.93, 78.88, 1.8
PHY_EDGE_ROW_22_Left_82, 5.52, 73.44, 1.8
PHY_EDGE_ROW_23_Left_83, 5.52, 73.44, 1.8
PHY_EDGE_ROW_22_Right_22, 169.28, 73.44, 1.79999
PHY_EDGE_ROW_23_Right_23, 169.28, 73.44, 1.79999
max_cap65, 169.28, 73.44, 1.79999
_1391_, 90.62, 73.44, 1.8
_1392_, 90.62, 73.44, 1.8
_1598_, 90.62, 73.44, 1.8
ANTENNA_1, 90.62, 73.44, 1.8
FILLER_0_22_191, 90.62, 73.44, 1.8
FILLER_0_23_187, 90.62, 73.44, 1.8
FILLER_0_24_181, 90.62, 73.44, 1.8
_1599_, 98.9, 73.44, 1.8
_1603_, 98.9, 73.44, 1.8
_1604_, 98.9, 73.44, 1.8
_1654_, 98.9, 73.44, 1.8
FILLER_0_22_209, 98.9, 73.44, 1.8
FILLER_0_24_197, 98.9, 73.44, 1.8
_1515_, 111.32, 73.44, 1.8
_1704_, 111.32, 73.44, 1.8
FILLER_0_23_239, 111.32, 73.44, 1.8
_1612_, 130.64, 73.44, 1.79999
_1676_, 130.64, 73.44, 1.79999
FILLER_0_23_275, 130.64, 73.44, 1.79999
_1613_, 136.16, 73.44, 1.79999
_1680_, 141.68, 73.44, 1.79999
_1713_, 150.42, 73.44, 1.79999
_1777_, 150.42, 73.44, 1.79999
FILLER_0_22_321, 150.42, 73.44, 1.79999
_2586_, 9.66, 73.44, 1.8
_2589_, 9.66, 73.44, 1.8
_2634_, 9.66, 73.44, 1.8
_2439_, 42.32, 73.44, 1.8
_2519_, 42.32, 73.44, 1.8
FILLER_0_22_85, 42.32, 73.44, 1.8
_2437_, 47.84, 73.44, 1.8
_2484_, 47.84, 73.44, 1.8
_2349_, 53.36, 73.44, 1.8
_2418_, 53.36, 73.44, 1.8
_2423_, 53.36, 73.44, 1.8
FILLER_0_22_109, 53.36, 73.44, 1.8
FILLER_0_24_104, 53.36, 73.44, 1.8
_2419_, 63.48, 73.44, 1.8
_2422_, 63.48, 73.44, 1.8
_1605_, 129.26, 73.44, 1.79999
FILLER_0_24_270, 129.26, 73.44, 1.79999
FILLER_0_24_291, 137.54, 73.44, 1.79999
_1679_, 143.06, 73.44, 1.79999
FILLER_0_22_302, 143.06, 73.44, 1.79999
FILLER_0_23_305, 143.06, 73.44, 1.79999
_2538_, 17.825, 73.44, 1.8
_2539_, 17.825, 73.44, 1.8
_2587_, 17.825, 73.44, 1.8
FILLER_0_22_22, 17.825, 73.44, 1.8
_2481_, 34.155, 73.44, 1.8
_2487_, 34.155, 73.44, 1.8
_2525_, 34.155, 73.44, 1.8
FILLER_0_22_61, 34.155, 73.44, 1.8
FILLER_0_23_57, 34.155, 73.44, 1.8
FILLER_0_23_65, 34.155, 73.44, 1.8
FILLER_0_24_67, 34.155, 73.44, 1.8
_1384_, 78.775, 73.44, 1.8
_1389_, 78.775, 73.44, 1.8
_2764_, 78.775, 73.44, 1.8
_2765_, 78.775, 73.44, 1.8
FILLER_0_23_148, 78.775, 73.44, 1.8
_1659_, 120.29, 73.44, 1.8
_1702_, 120.29, 73.44, 1.8
_1716_, 120.29, 73.44, 1.8
FILLER_0_23_250, 120.29, 73.44, 1.8
FILLER_0_24_247, 120.29, 73.44, 1.8
_1778_, 159.85, 73.44, 1.79999
_1907_, 159.85, 73.44, 1.79999
_1908_, 159.85, 73.44, 1.79999
_1909_, 159.85, 73.44, 1.79999
FILLER_0_23_326, 159.85, 73.44, 1.79999
FILLER_0_23_333, 159.85, 73.44, 1.79999
_2590_, 5.52, 68, 1.8
PHY_EDGE_ROW_20_Left_80, 5.52, 68, 1.8
PHY_EDGE_ROW_21_Left_81, 5.52, 68, 1.8
FILLER_0_22_3, 5.52, 68, 1.8
_1834_, 169.28, 68, 1.79999
PHY_EDGE_ROW_20_Right_20, 169.28, 68, 1.79999
PHY_EDGE_ROW_21_Right_21, 169.28, 68, 1.79999
_2417_, 64.86, 68, 1.8
_2421_, 64.86, 68, 1.8
FILLER_0_21_119, 64.86, 68, 1.8
_1616_, 129.26, 68, 1.79999
_1661_, 129.26, 68, 1.79999
_1701_, 129.26, 68, 1.79999
FILLER_0_21_269, 129.26, 68, 1.79999
_2582_, 13.34, 68, 1.8
_2588_, 13.34, 68, 1.8
_2473_, 18.86, 68, 1.8
_2534_, 18.86, 68, 1.8
_2535_, 18.86, 68, 1.8
_2584_, 24.38, 68, 1.8
_1591_, 111.78, 68, 1.8
_1652_, 111.78, 68, 1.8
_1657_, 111.78, 68, 1.8
_1658_, 111.78, 68, 1.8
_2483_, 38.946, 68, 1.8
_2486_, 38.946, 68, 1.8
_2528_, 38.946, 68, 1.8
FILLER_0_21_68, 38.946, 68, 1.8
_2482_, 51.903, 68, 1.8
_2527_, 51.903, 68, 1.8
FILLER_0_21_104, 51.903, 68, 1.8
FILLER_0_21_113, 51.903, 68, 1.8
_1370_, 77.165, 68, 1.8
_1388_, 77.165, 68, 1.8
_1644_, 77.165, 68, 1.8
_1706_, 77.165, 68, 1.8
FILLER_0_22_156, 77.165, 68, 1.8
_1382_, 87.4, 68, 1.8
_1385_, 87.4, 68, 1.8
_1386_, 87.4, 68, 1.8
_1387_, 87.4, 68, 1.8
_1390_, 87.4, 68, 1.8
FILLER_0_22_169, 87.4, 68, 1.8
_1380_, 97.635, 68, 1.8
_1587_, 97.635, 68, 1.8
_1651_, 97.635, 68, 1.8
_1723_, 97.635, 68, 1.8
_1646_, 120.52, 68, 1.8
_1660_, 120.52, 68, 1.8
FILLER_0_20_253, 120.52, 68, 1.8
FILLER_0_21_252, 120.52, 68, 1.8
_1618_, 139.035, 68, 1.79999
_1681_, 139.035, 68, 1.79999
_1682_, 139.035, 68, 1.79999
_1683_, 139.035, 68, 1.79999
_1779_, 159.045, 68, 1.79999
_1831_, 159.045, 68, 1.79999
_1832_, 159.045, 68, 1.79999
_1833_, 159.045, 68, 1.79999
FILLER_0_20_328, 159.045, 68, 1.79999
FILLER_0_21_327, 159.045, 68, 1.79999
_2591_, 5.52, 62.56, 1.79999
PHY_EDGE_ROW_18_Left_78, 5.52, 62.56, 1.79999
PHY_EDGE_ROW_19_Left_79, 5.52, 62.56, 1.79999
output62, 5.52, 62.56, 1.79999
PHY_EDGE_ROW_18_Right_18, 169.28, 62.56, 1.79999
PHY_EDGE_ROW_19_Right_19, 169.28, 62.56, 1.79999
_2583_, 9.66, 62.56, 1.79999
_2632_, 9.66, 62.56, 1.79999
FILLER_0_20_9, 9.66, 62.56, 1.79999
_2474_, 21.62, 62.56, 1.79999
_2574_, 37.72, 62.56, 1.79999
FILLER_0_18_76, 37.72, 62.56, 1.79999
FILLER_0_19_72, 37.72, 62.56, 1.79999
_1588_, 118.68, 62.56, 1.8
_1592_, 118.68, 62.56, 1.8
_1645_, 118.68, 62.56, 1.8
_2581_, 17.48, 62.56, 1.79999
_2599_, 17.48, 62.56, 1.79999
_2472_, 23, 62.56, 1.79999
_2470_, 28.52, 62.56, 1.79999
_2567_, 28.52, 62.56, 1.79999
_2623_, 28.52, 62.56, 1.79999
FILLER_0_18_53, 28.52, 62.56, 1.79999
_2530_, 35.88, 62.56, 1.79999
_2580_, 35.88, 62.56, 1.79999
FILLER_0_20_64, 35.88, 62.56, 1.79999
_2469_, 52.9, 62.56, 1.8
_2471_, 52.9, 62.56, 1.8
FILLER_0_18_100, 52.9, 62.56, 1.8
FILLER_0_18_108, 52.9, 62.56, 1.8
FILLER_0_19_109, 52.9, 62.56, 1.8
FILLER_0_20_103, 52.9, 62.56, 1.8
_2420_, 63.48, 62.56, 1.8
_2611_, 63.48, 62.56, 1.8
_1381_, 87.4, 62.56, 1.8
_1399_, 87.4, 62.56, 1.8
_1404_, 87.4, 62.56, 1.8
_1409_, 87.4, 62.56, 1.8
_1410_, 87.4, 62.56, 1.8
_1411_, 87.4, 62.56, 1.8
FILLER_0_18_177, 87.4, 62.56, 1.8
FILLER_0_19_184, 87.4, 62.56, 1.8
FILLER_0_20_173, 87.4, 62.56, 1.8
_1640_, 125.12, 62.56, 1.8
_1647_, 125.12, 62.56, 1.8
_1649_, 125.12, 62.56, 1.8
_1615_, 130.64, 62.56, 1.8
_1648_, 130.64, 62.56, 1.8
FILLER_0_20_275, 130.64, 62.56, 1.8
_1617_, 137.54, 62.56, 1.79999
_1621_, 137.54, 62.56, 1.79999
_1685_, 137.54, 62.56, 1.79999
FILLER_0_19_293, 137.54, 62.56, 1.79999
FILLER_0_20_286, 137.54, 62.56, 1.79999
_1684_, 146.74, 62.56, 1.8
FILLER_0_18_305, 146.74, 62.56, 1.8
FILLER_0_18_309, 146.74, 62.56, 1.8
FILLER_0_20_305, 146.74, 62.56, 1.8
FILLER_0_20_309, 146.74, 62.56, 1.8
_1757_, 152.26, 62.56, 1.79999
_1758_, 152.26, 62.56, 1.79999
_1776_, 152.26, 62.56, 1.79999
_1835_, 152.26, 62.56, 1.79999
FILLER_0_19_325, 152.26, 62.56, 1.79999
_1982_, 163.3, 62.56, 1.79999
input2, 163.3, 62.56, 1.79999
FILLER_0_19_333, 163.3, 62.56, 1.79999
FILLER_0_19_349, 163.3, 62.56, 1.79999
_2485_, 45.31, 62.56, 1.79999
_2526_, 45.31, 62.56, 1.79999
_2529_, 45.31, 62.56, 1.79999
FILLER_0_18_85, 45.31, 62.56, 1.79999
FILLER_0_19_83, 45.31, 62.56, 1.79999
FILLER_0_20_85, 45.31, 62.56, 1.79999
_1400_, 77.165, 62.56, 1.8
_1401_, 77.165, 62.56, 1.8
_1707_, 77.165, 62.56, 1.8
_1783_, 77.165, 62.56, 1.8
FILLER_0_20_161, 77.165, 62.56, 1.8
_1395_, 97.635, 62.56, 1.8
_1396_, 97.635, 62.56, 1.8
_1398_, 97.635, 62.56, 1.8
_1413_, 97.635, 62.56, 1.8
_1539_, 97.635, 62.56, 1.8
FILLER_0_20_190, 97.635, 62.56, 1.8
FILLER_0_20_197, 97.635, 62.56, 1.8
FILLER_0_20_209, 97.635, 62.56, 1.8
PHY_EDGE_ROW_16_Left_76, 5.52, 57.12, 1.79998
PHY_EDGE_ROW_17_Left_77, 5.52, 57.12, 1.79998
output50, 5.52, 57.12, 1.79998
PHY_EDGE_ROW_16_Right_16, 169.28, 57.12, 1.79997
PHY_EDGE_ROW_17_Right_17, 169.28, 57.12, 1.79997
input17, 169.28, 57.12, 1.79997
FILLER_0_17_347, 169.28, 57.12, 1.79997
_2641_, 9.66, 57.12, 1.79998
_2763_, 9.66, 57.12, 1.79998
FILLER_0_18_15, 9.66, 57.12, 1.79998
_2575_, 21.62, 57.12, 1.79999
_2639_, 21.62, 57.12, 1.79999
FILLER_0_17_31, 21.62, 57.12, 1.79999
_2468_, 57.96, 57.12, 1.79999
_2563_, 57.96, 57.12, 1.79999
_2610_, 57.96, 57.12, 1.79999
_2648_, 57.96, 57.12, 1.79999
_2651_, 57.96, 57.12, 1.79999
_2652_, 57.96, 57.12, 1.79999
FILLER_0_17_108, 57.96, 57.12, 1.79999
FILLER_0_17_123, 57.96, 57.12, 1.79999
_1594_, 124.66, 57.12, 1.79999
FILLER_0_17_257, 124.66, 57.12, 1.79999
_1620_, 133.4, 57.12, 1.79998
_1622_, 133.4, 57.12, 1.79998
_1623_, 133.4, 57.12, 1.79998
FILLER_0_15_277, 133.4, 57.12, 1.79998
_1686_, 138.92, 57.12, 1.79998
_1687_, 138.92, 57.12, 1.79998
_1369_, 120.98, 57.12, 1.79999
_1593_, 120.98, 57.12, 1.79999
_2566_, 36.646, 57.12, 1.79999
FILLER_0_16_63, 36.646, 57.12, 1.79999
FILLER_0_17_57, 36.646, 57.12, 1.79999
_2341_, 47.303, 57.12, 1.79999
_2616_, 47.303, 57.12, 1.79999
_2646_, 47.303, 57.12, 1.79999
_2647_, 47.303, 57.12, 1.79999
FILLER_0_16_85, 47.303, 57.12, 1.79999
FILLER_0_17_96, 47.303, 57.12, 1.79999
_1402_, 77.165, 57.12, 1.8
_1403_, 77.165, 57.12, 1.8
_1405_, 77.165, 57.12, 1.8
_1436_, 77.165, 57.12, 1.8
FILLER_0_17_152, 77.165, 57.12, 1.8
FILLER_0_17_160, 77.165, 57.12, 1.8
_1397_, 87.4, 57.12, 1.79999
_1406_, 87.4, 57.12, 1.79999
_1407_, 87.4, 57.12, 1.79999
_1408_, 87.4, 57.12, 1.79999
_1426_, 87.4, 57.12, 1.79999
FILLER_0_16_174, 87.4, 57.12, 1.79999
FILLER_0_17_169, 87.4, 57.12, 1.79999
FILLER_0_17_183, 87.4, 57.12, 1.79999
_1433_, 97.635, 57.12, 1.79999
_1461_, 97.635, 57.12, 1.79999
_1540_, 97.635, 57.12, 1.79999
FILLER_0_17_191, 97.635, 57.12, 1.79999
FILLER_0_17_200, 97.635, 57.12, 1.79999
FILLER_0_18_191, 97.635, 57.12, 1.79999
FILLER_0_18_197, 97.635, 57.12, 1.79999
FILLER_0_18_210, 97.635, 57.12, 1.79999
_1762_, 159.045, 57.12, 1.79997
_1836_, 159.045, 57.12, 1.79997
_1910_, 159.045, 57.12, 1.79997
_1911_, 159.045, 57.12, 1.79997
FILLER_0_17_331, 159.045, 57.12, 1.79997
PHY_EDGE_ROW_14_Left_74, 5.52, 51.68, 1.79999
PHY_EDGE_ROW_15_Left_75, 5.52, 51.68, 1.79999
FILLER_0_15_3, 5.52, 51.68, 1.79999
_1981_, 169.28, 51.68, 1.79998
PHY_EDGE_ROW_14_Right_14, 169.28, 51.68, 1.79998
PHY_EDGE_ROW_15_Right_15, 169.28, 51.68, 1.79998
_2636_, 9.66, 51.68, 1.79999
_2673_, 9.66, 51.68, 1.79999
_2637_, 15.18, 51.68, 1.79999
_2638_, 15.18, 51.68, 1.79999
_2640_, 15.18, 51.68, 1.79999
_2674_, 15.18, 51.68, 1.79999
FILLER_0_16_25, 15.18, 51.68, 1.79999
_2615_, 47.38, 51.68, 1.8
_2649_, 47.38, 51.68, 1.8
_2650_, 47.38, 51.68, 1.8
_2691_, 47.38, 51.68, 1.8
FILLER_0_15_96, 47.38, 51.68, 1.8
_2614_, 60.26, 51.68, 1.8
_2682_, 60.26, 51.68, 1.8
FILLER_0_14_125, 60.26, 51.68, 1.8
FILLER_0_15_119, 60.26, 51.68, 1.8
FILLER_0_16_120, 60.26, 51.68, 1.8
_1414_, 73.14, 51.68, 1.8
_1437_, 73.14, 51.68, 1.8
FILLER_0_15_145, 73.14, 51.68, 1.8
_1415_, 78.66, 51.68, 1.8
_1416_, 78.66, 51.68, 1.8
FILLER_0_14_165, 78.66, 51.68, 1.8
FILLER_0_15_159, 78.66, 51.68, 1.8
FILLER_0_15_169, 78.66, 51.68, 1.8
FILLER_0_16_166, 78.66, 51.68, 1.8
_1394_, 98.9, 51.68, 1.79999
_1412_, 98.9, 51.68, 1.79999
_1434_, 98.9, 51.68, 1.79999
_1465_, 98.9, 51.68, 1.79999
_1506_, 98.9, 51.68, 1.79999
FILLER_0_16_210, 98.9, 51.68, 1.79999
_1533_, 111.78, 51.68, 1.79999
_1534_, 111.78, 51.68, 1.79999
FILLER_0_15_231, 111.78, 51.68, 1.79999
FILLER_0_16_227, 111.78, 51.68, 1.79999
_2628_, 19.78, 51.68, 1.79999
_2667_, 19.78, 51.68, 1.79999
FILLER_0_15_37, 19.78, 51.68, 1.79999
FILLER_0_16_141, 69.46, 51.68, 1.8
_1368_, 90.62, 51.68, 1.79999
_1429_, 90.62, 51.68, 1.79999
_1431_, 90.62, 51.68, 1.79999
_1435_, 90.62, 51.68, 1.79999
_1458_, 90.62, 51.68, 1.79999
_1462_, 90.62, 51.68, 1.79999
FILLER_0_14_191, 90.62, 51.68, 1.79999
FILLER_0_15_194, 90.62, 51.68, 1.79999
FILLER_0_16_182, 90.62, 51.68, 1.79999
_1536_, 126.5, 51.68, 1.79999
_1537_, 126.5, 51.68, 1.79999
_1641_, 126.5, 51.68, 1.79999
FILLER_0_15_269, 126.5, 51.68, 1.79999
_1583_, 138.92, 51.68, 1.79999
_1688_, 138.92, 51.68, 1.79999
_1690_, 138.92, 51.68, 1.79999
FILLER_0_15_296, 138.92, 51.68, 1.79999
FILLER_0_16_296, 138.92, 51.68, 1.79999
_2564_, 36.685, 51.68, 1.79999
_2565_, 36.685, 51.68, 1.79999
_2617_, 36.685, 51.68, 1.79999
_2618_, 36.685, 51.68, 1.79999
_2625_, 36.685, 51.68, 1.79999
FILLER_0_14_70, 36.685, 51.68, 1.79999
FILLER_0_16_79, 36.685, 51.68, 1.79999
_1517_, 119.14, 51.68, 1.79999
_1532_, 119.14, 51.68, 1.79999
_1535_, 119.14, 51.68, 1.79999
_1585_, 119.14, 51.68, 1.79999
FILLER_0_14_247, 119.14, 51.68, 1.79999
FILLER_0_14_253, 119.14, 51.68, 1.79999
_1837_, 159.045, 51.68, 1.79998
_1838_, 159.045, 51.68, 1.79998
_1841_, 159.045, 51.68, 1.79998
FILLER_0_15_326, 159.045, 51.68, 1.79998
FILLER_0_16_328, 159.045, 51.68, 1.79998
_2635_, 5.52, 46.24, 1.8
PHY_EDGE_ROW_12_Left_72, 5.52, 46.24, 1.8
PHY_EDGE_ROW_13_Left_73, 5.52, 46.24, 1.8
FILLER_0_13_3, 5.52, 46.24, 1.8
_1373_, 169.28, 46.24, 1.79999
_1839_, 169.28, 46.24, 1.79999
PHY_EDGE_ROW_12_Right_12, 169.28, 46.24, 1.79999
PHY_EDGE_ROW_13_Right_13, 169.28, 46.24, 1.79999
FILLER_0_13_69, 34.96, 46.24, 1.8
_2619_, 40.48, 46.24, 1.8
_2620_, 40.48, 46.24, 1.8
_2658_, 40.48, 46.24, 1.8
FILLER_0_13_81, 40.48, 46.24, 1.8
FILLER_0_14_80, 40.48, 46.24, 1.8
_2653_, 54.74, 46.24, 1.8
_2654_, 54.74, 46.24, 1.8
FILLER_0_13_106, 54.74, 46.24, 1.8
FILLER_0_13_113, 54.74, 46.24, 1.8
FILLER_0_15_107, 54.74, 46.24, 1.8
_1427_, 85.56, 46.24, 1.8
_1428_, 85.56, 46.24, 1.8
_1430_, 85.56, 46.24, 1.8
_1454_, 85.56, 46.24, 1.8
_1457_, 85.56, 46.24, 1.8
FILLER_0_13_176, 85.56, 46.24, 1.8
_1516_, 116.84, 46.24, 1.79999
FILLER_0_14_237, 116.84, 46.24, 1.79999
_1578_, 128.8, 46.24, 1.79999
_1579_, 128.8, 46.24, 1.79999
FILLER_0_13_274, 128.8, 46.24, 1.79999
_1372_, 134.32, 46.24, 1.79999
_1584_, 134.32, 46.24, 1.79999
_1639_, 134.32, 46.24, 1.79999
FILLER_0_13_287, 134.32, 46.24, 1.79999
FILLER_0_14_275, 134.32, 46.24, 1.79999
_1763_, 150.42, 46.24, 1.79999
FILLER_0_14_316, 150.42, 46.24, 1.79999
_1775_, 155.94, 46.24, 1.79999
_1980_, 155.94, 46.24, 1.79999
FILLER_0_13_332, 155.94, 46.24, 1.79999
_2642_, 14.72, 46.24, 1.8
FILLER_0_13_26, 14.72, 46.24, 1.8
_2627_, 25.3, 46.24, 1.8
_2624_, 34.5, 46.24, 1.8
FILLER_0_14_55, 34.5, 46.24, 1.8
_1425_, 70.84, 46.24, 1.8
FILLER_0_12_141, 70.84, 46.24, 1.8
_1518_, 117.76, 46.24, 1.79999
FILLER_0_13_250, 117.76, 46.24, 1.79999
_2645_, 47.61, 46.24, 1.8
_2655_, 47.61, 46.24, 1.8
_2656_, 47.61, 46.24, 1.8
FILLER_0_12_93, 47.61, 46.24, 1.8
FILLER_0_13_90, 47.61, 46.24, 1.8
FILLER_0_14_97, 47.61, 46.24, 1.8
_1422_, 78.2, 46.24, 1.8
FILLER_0_13_157, 78.2, 46.24, 1.8
FILLER_0_13_165, 78.2, 46.24, 1.8
_1376_, 96.715, 46.24, 1.8
_1383_, 96.715, 46.24, 1.8
_1505_, 96.715, 46.24, 1.8
_1513_, 96.715, 46.24, 1.8
FILLER_0_12_193, 96.715, 46.24, 1.8
FILLER_0_13_190, 96.715, 46.24, 1.8
_1626_, 141.565, 46.24, 1.79999
_1691_, 141.565, 46.24, 1.79999
FILLER_0_13_297, 141.565, 46.24, 1.79999
PHY_EDGE_ROW_10_Left_70, 5.52, 40.8, 1.79999
PHY_EDGE_ROW_11_Left_71, 5.52, 40.8, 1.79999
input4, 5.52, 40.8, 1.79999
PHY_EDGE_ROW_10_Right_10, 169.28, 40.8, 1.79996
PHY_EDGE_ROW_11_Right_11, 169.28, 40.8, 1.79996
output33, 169.28, 40.8, 1.79996
FILLER_0_10_349, 169.28, 40.8, 1.79996
FILLER_0_11_345, 169.28, 40.8, 1.79996
_2633_, 9.66, 40.8, 1.79999
_2643_, 9.66, 40.8, 1.79999
_2630_, 15.18, 40.8, 1.79999
_2631_, 15.18, 40.8, 1.79999
_2665_, 15.18, 40.8, 1.79999
FILLER_0_11_21, 15.18, 40.8, 1.79999
_2622_, 24.84, 40.8, 1.8
_2629_, 24.84, 40.8, 1.8
_2677_, 24.84, 40.8, 1.8
FILLER_0_11_33, 24.84, 40.8, 1.8
FILLER_0_11_41, 24.84, 40.8, 1.8
_1424_, 73.14, 40.8, 1.8
_1449_, 73.14, 40.8, 1.8
FILLER_0_11_144, 73.14, 40.8, 1.8
_1377_, 89.24, 40.8, 1.79999
_1417_, 89.24, 40.8, 1.79999
_1467_, 89.24, 40.8, 1.79999
_1468_, 89.24, 40.8, 1.79999
FILLER_0_12_180, 89.24, 40.8, 1.79999
_1464_, 98.9, 40.8, 1.79999
_1466_, 98.9, 40.8, 1.79999
_1545_, 98.9, 40.8, 1.79999
FILLER_0_11_203, 98.9, 40.8, 1.79999
_1624_, 138.92, 40.8, 1.79998
_1627_, 138.92, 40.8, 1.79998
_1628_, 138.92, 40.8, 1.79998
_1696_, 138.92, 40.8, 1.79998
FILLER_0_10_296, 138.92, 40.8, 1.79998
FILLER_0_12_286, 138.92, 40.8, 1.79998
_1423_, 79.12, 40.8, 1.8
_1444_, 79.12, 40.8, 1.8
FILLER_0_11_169, 79.12, 40.8, 1.8
_1697_, 147.66, 40.8, 1.79998
_1769_, 147.66, 40.8, 1.79998
FILLER_0_12_303, 147.66, 40.8, 1.79998
_2661_, 36.225, 40.8, 1.79999
_2662_, 36.225, 40.8, 1.79999
_2663_, 36.225, 40.8, 1.79999
_2664_, 36.225, 40.8, 1.79999
FILLER_0_11_57, 36.225, 40.8, 1.79999
_2692_, 46.46, 40.8, 1.8
_2693_, 46.46, 40.8, 1.8
_2722_, 46.46, 40.8, 1.8
_2723_, 46.46, 40.8, 1.8
FILLER_0_10_85, 46.46, 40.8, 1.8
FILLER_0_11_84, 46.46, 40.8, 1.8
FILLER_0_12_85, 46.46, 40.8, 1.8
_2683_, 56.695, 40.8, 1.8
_2684_, 56.695, 40.8, 1.8
_2736_, 56.695, 40.8, 1.8
FILLER_0_12_113, 56.695, 40.8, 1.8
FILLER_0_12_121, 56.695, 40.8, 1.8
_1548_, 118.22, 40.8, 1.79999
_1551_, 118.22, 40.8, 1.79999
_1553_, 118.22, 40.8, 1.79999
_1614_, 118.22, 40.8, 1.79999
_1619_, 118.22, 40.8, 1.79999
FILLER_0_10_245, 118.22, 40.8, 1.79999
FILLER_0_12_248, 118.22, 40.8, 1.79999
_1552_, 128.57, 40.8, 1.79998
_1555_, 128.57, 40.8, 1.79998
_1556_, 128.57, 40.8, 1.79998
_1557_, 128.57, 40.8, 1.79998
_1765_, 159.045, 40.8, 1.79996
_1771_, 159.045, 40.8, 1.79996
_1773_, 159.045, 40.8, 1.79996
_1774_, 159.045, 40.8, 1.79996
_1840_, 159.045, 40.8, 1.79996
PHY_EDGE_ROW_8_Left_68, 5.52, 35.36, 1.79998
PHY_EDGE_ROW_9_Left_69, 5.52, 35.36, 1.79998
output36, 5.52, 35.36, 1.79998
PHY_EDGE_ROW_8_Right_8, 169.28, 35.36, 1.79999
PHY_EDGE_ROW_9_Right_9, 169.28, 35.36, 1.79999
input10, 169.28, 35.36, 1.79999
_2669_, 9.66, 35.36, 1.79998
FILLER_0_9_9, 9.66, 35.36, 1.79998
_2668_, 15.18, 35.36, 1.79998
_2670_, 15.18, 35.36, 1.79998
_2729_, 15.18, 35.36, 1.79998
FILLER_0_9_27, 15.18, 35.36, 1.79998
_1420_, 73.14, 35.36, 1.8
_1421_, 73.14, 35.36, 1.8
FILLER_0_9_151, 73.14, 35.36, 1.8
_1767_, 161.46, 35.36, 1.79999
_1770_, 161.46, 35.36, 1.79999
FILLER_0_9_342, 161.46, 35.36, 1.79999
_2678_, 25.76, 35.36, 1.79999
_2660_, 35.88, 35.36, 1.79999
_2680_, 35.88, 35.36, 1.79999
_2681_, 35.88, 35.36, 1.79999
_2696_, 35.88, 35.36, 1.79999
_2699_, 35.88, 35.36, 1.79999
FILLER_0_10_62, 35.88, 35.36, 1.79999
_2694_, 41.4, 35.36, 1.79999
_2707_, 46.92, 35.36, 1.79999
FILLER_0_10_96, 46.92, 35.36, 1.79999
_2751_, 52.44, 35.36, 1.79999
FILLER_0_9_108, 52.44, 35.36, 1.79999
FILLER_0_10_104, 52.44, 35.36, 1.79999
_2685_, 60.26, 35.36, 1.8
_2708_, 60.26, 35.36, 1.8
_2735_, 60.26, 35.36, 1.8
FILLER_0_9_125, 60.26, 35.36, 1.8
FILLER_0_10_123, 60.26, 35.36, 1.8
_1472_, 103.04, 35.36, 1.8
FILLER_0_10_209, 103.04, 35.36, 1.8
_1519_, 124.2, 35.36, 1.79999
_1520_, 124.2, 35.36, 1.79999
_1521_, 124.2, 35.36, 1.79999
FILLER_0_10_253, 124.2, 35.36, 1.79999
_1558_, 129.72, 35.36, 1.79999
_1625_, 129.72, 35.36, 1.79999
FILLER_0_8_268, 129.72, 35.36, 1.79999
FILLER_0_9_276, 129.72, 35.36, 1.79999
_1559_, 137.54, 35.36, 1.79999
_1694_, 137.54, 35.36, 1.79999
FILLER_0_8_288, 137.54, 35.36, 1.79999
_1418_, 83.106, 35.36, 1.8
_1419_, 83.106, 35.36, 1.8
_1441_, 83.106, 35.36, 1.8
FILLER_0_8_164, 83.106, 35.36, 1.8
FILLER_0_9_161, 83.106, 35.36, 1.8
FILLER_0_9_174, 83.106, 35.36, 1.8
_1367_, 93.073, 35.36, 1.8
_1469_, 93.073, 35.36, 1.8
_1471_, 93.073, 35.36, 1.8
_1473_, 93.073, 35.36, 1.8
_1500_, 93.073, 35.36, 1.8
FILLER_0_8_187, 93.073, 35.36, 1.8
FILLER_0_9_187, 93.073, 35.36, 1.8
FILLER_0_10_188, 93.073, 35.36, 1.8
_1502_, 116.035, 35.36, 1.79999
_1503_, 116.035, 35.36, 1.79999
_1509_, 116.035, 35.36, 1.79999
_1550_, 116.035, 35.36, 1.79999
FILLER_0_9_241, 116.035, 35.36, 1.79999
PHY_EDGE_ROW_6_Left_66, 5.52, 29.92, 1.79999
PHY_EDGE_ROW_7_Left_67, 5.52, 29.92, 1.79999
PHY_EDGE_ROW_6_Right_6, 169.28, 29.92, 1.79999
PHY_EDGE_ROW_7_Right_7, 169.28, 29.92, 1.79999
_2703_, 24.38, 29.92, 1.8
_2704_, 24.38, 29.92, 1.8
_2730_, 24.38, 29.92, 1.8
FILLER_0_8_37, 24.38, 29.92, 1.8
_2698_, 29.9, 29.92, 1.8
_2700_, 29.9, 29.92, 1.8
_2701_, 29.9, 29.92, 1.8
_2726_, 29.9, 29.92, 1.8
FILLER_0_7_52, 29.9, 29.92, 1.8
FILLER_0_7_57, 29.9, 29.92, 1.8
_2697_, 40.48, 29.92, 1.8
_2725_, 40.48, 29.92, 1.8
FILLER_0_8_73, 40.48, 29.92, 1.8
_2709_, 54.28, 29.92, 1.8
_2737_, 54.28, 29.92, 1.8
_2752_, 54.28, 29.92, 1.8
FILLER_0_7_108, 54.28, 29.92, 1.8
_1438_, 89.24, 29.92, 1.8
_1440_, 89.24, 29.92, 1.8
_1442_, 89.24, 29.92, 1.8
_1475_, 89.24, 29.92, 1.8
_1476_, 89.24, 29.92, 1.8
_1477_, 89.24, 29.92, 1.8
FILLER_0_6_188, 89.24, 29.92, 1.8
_1474_, 102.58, 29.92, 1.8
_1496_, 102.58, 29.92, 1.8
_1439_, 108.1, 29.92, 1.8
_1498_, 108.1, 29.92, 1.8
_1501_, 108.1, 29.92, 1.8
_1549_, 108.1, 29.92, 1.8
_1497_, 116.84, 29.92, 1.79999
_1511_, 116.84, 29.92, 1.79999
FILLER_0_7_243, 116.84, 29.92, 1.79999
_1523_, 131.1, 29.92, 1.79999
_1560_, 131.1, 29.92, 1.79999
_1561_, 131.1, 29.92, 1.79999
_1562_, 131.1, 29.92, 1.79999
_1629_, 141.22, 29.92, 1.79999
_1630_, 141.22, 29.92, 1.79999
_1638_, 159.16, 29.92, 1.79999
FILLER_0_7_349, 164.68, 29.92, 1.79999
FILLER_0_8_345, 164.68, 29.92, 1.79999
_2675_, 15.18, 29.92, 1.79999
_2728_, 15.18, 29.92, 1.79999
FILLER_0_7_27, 15.18, 29.92, 1.79999
FILLER_0_8_29, 15.18, 29.92, 1.79999
_2695_, 42.78, 29.92, 1.8
_2721_, 42.78, 29.92, 1.8
_2724_, 42.78, 29.92, 1.8
FILLER_0_8_81, 42.78, 29.92, 1.8
FILLER_0_8_98, 50.6, 29.92, 1.8
_1632_, 142.6, 29.92, 1.79999
FILLER_0_8_302, 142.6, 29.92, 1.79999
_1637_, 148.12, 29.92, 1.79999
FILLER_0_8_309, 148.12, 29.92, 1.79999
_1636_, 153.64, 29.92, 1.79999
_1698_, 153.64, 29.92, 1.79999
FILLER_0_6_317, 153.64, 29.92, 1.79999
FILLER_0_7_328, 153.64, 29.92, 1.79999
_1445_, 78.085, 29.92, 1.8
_1446_, 78.085, 29.92, 1.8
_1447_, 78.085, 29.92, 1.8
_1448_, 78.085, 29.92, 1.8
_1480_, 78.085, 29.92, 1.8
FILLER_0_6_161, 78.085, 29.92, 1.8
FILLER_0_7_161, 78.085, 29.92, 1.8
FILLER_0_8_153, 78.085, 29.92, 1.8
_1512_, 123.97, 29.92, 1.79999
_1522_, 123.97, 29.92, 1.79999
_1554_, 123.97, 29.92, 1.79999
FILLER_0_6_253, 123.97, 29.92, 1.79999
FILLER_0_7_264, 123.97, 29.92, 1.79999
PHY_EDGE_ROW_4_Left_64, 5.52, 24.48, 1.79998
PHY_EDGE_ROW_5_Left_65, 5.52, 24.48, 1.79998
FILLER_0_5_3, 5.52, 24.48, 1.79998
FILLER_0_6_3, 5.52, 24.48, 1.79998
PHY_EDGE_ROW_4_Right_4, 169.28, 24.48, 1.8
PHY_EDGE_ROW_5_Right_5, 169.28, 24.48, 1.8
_2671_, 11.5, 24.48, 1.79998
_2672_, 11.5, 24.48, 1.79998
_2676_, 11.5, 24.48, 1.79998
_2705_, 11.5, 24.48, 1.79998
_2732_, 11.5, 24.48, 1.79998
_2606_, 21.62, 24.48, 1.79999
_2731_, 21.62, 24.48, 1.79999
_1451_, 73.14, 24.48, 1.8
_1452_, 73.14, 24.48, 1.8
_1485_, 73.14, 24.48, 1.8
FILLER_0_5_143, 73.14, 24.48, 1.8
_1526_, 117.76, 24.48, 1.8
FILLER_0_5_249, 117.76, 24.48, 1.8
FILLER_0_6_248, 117.76, 24.48, 1.8
_1633_, 161, 24.48, 1.8
_2734_, 40.94, 24.48, 1.79999
_2747_, 40.94, 24.48, 1.79999
FILLER_0_5_83, 40.94, 24.48, 1.79999
_2719_, 50.6, 24.48, 1.79999
_2720_, 50.6, 24.48, 1.79999
FILLER_0_5_104, 50.6, 24.48, 1.79999
_1450_, 68.54, 24.48, 1.8
FILLER_0_4_137, 68.54, 24.48, 1.8
FILLER_0_6_137, 68.54, 24.48, 1.8
_1443_, 86.02, 24.48, 1.8
FILLER_0_5_163, 86.02, 24.48, 1.8
FILLER_0_5_181, 86.02, 24.48, 1.8
_1490_, 111.78, 24.48, 1.8
_1499_, 111.78, 24.48, 1.8
FILLER_0_6_229, 111.78, 24.48, 1.8
_1568_, 145.82, 24.48, 1.8
FILLER_0_5_349, 163.3, 24.48, 1.8
_2727_, 33.465, 24.48, 1.79999
_2748_, 33.465, 24.48, 1.79999
_2749_, 33.465, 24.48, 1.79999
FILLER_0_4_64, 33.465, 24.48, 1.79999
FILLER_0_5_57, 33.465, 24.48, 1.79999
FILLER_0_5_65, 33.465, 24.48, 1.79999
FILLER_0_6_59, 33.465, 24.48, 1.79999
_2738_, 58.765, 24.48, 1.79999
_2739_, 58.765, 24.48, 1.79999
_2740_, 58.765, 24.48, 1.79999
_2753_, 58.765, 24.48, 1.79999
FILLER_0_5_113, 58.765, 24.48, 1.79999
FILLER_0_6_112, 58.765, 24.48, 1.79999
_1463_, 96.945, 24.48, 1.8
_1478_, 96.945, 24.48, 1.8
_1479_, 96.945, 24.48, 1.8
_1481_, 96.945, 24.48, 1.8
_1484_, 96.945, 24.48, 1.8
_1510_, 96.945, 24.48, 1.8
FILLER_0_4_197, 96.945, 24.48, 1.8
_1524_, 127.113, 24.48, 1.79999
_1525_, 127.113, 24.48, 1.79999
_1527_, 127.113, 24.48, 1.79999
FILLER_0_5_269, 127.113, 24.48, 1.79999
_1563_, 136.466, 24.48, 1.8
_1567_, 136.466, 24.48, 1.8
FILLER_0_5_277, 136.466, 24.48, 1.8
FILLER_0_5_281, 136.466, 24.48, 1.8
FILLER_0_6_279, 136.466, 24.48, 1.8
PHY_EDGE_ROW_2_Left_62, 5.52, 19.04, 1.8
PHY_EDGE_ROW_3_Left_63, 5.52, 19.04, 1.8
input1, 5.52, 19.04, 1.8
PHY_EDGE_ROW_2_Right_2, 169.28, 19.04, 1.79999
PHY_EDGE_ROW_3_Right_3, 169.28, 19.04, 1.79999
FILLER_0_4_19, 15.18, 19.04, 1.8
FILLER_0_3_51, 27.14, 19.04, 1.8
_2733_, 32.66, 19.04, 1.8
FILLER_0_3_57, 32.66, 19.04, 1.8
FILLER_0_4_57, 32.66, 19.04, 1.8
_2758_, 38.18, 19.04, 1.79999
_2745_, 47.38, 19.04, 1.79999
_2746_, 47.38, 19.04, 1.79999
_2757_, 47.38, 19.04, 1.79999
_2755_, 52.9, 19.04, 1.79999
_2759_, 52.9, 19.04, 1.79999
_2754_, 58.42, 19.04, 1.8
_2756_, 58.42, 19.04, 1.8
_2742_, 63.94, 19.04, 1.8
FILLER_0_3_164, 78.66, 19.04, 1.79999
_1483_, 98.9, 19.04, 1.79999
_1487_, 98.9, 19.04, 1.79999
FILLER_0_3_205, 98.9, 19.04, 1.79999
_1486_, 104.42, 19.04, 1.79999
FILLER_0_3_214, 104.42, 19.04, 1.79999
_1488_, 109.94, 19.04, 1.79999
_1489_, 109.94, 19.04, 1.79999
_1491_, 109.94, 19.04, 1.79999
_1528_, 124.66, 19.04, 1.79999
_1576_, 124.66, 19.04, 1.79999
_2761_, 124.66, 19.04, 1.79999
_2762_, 124.66, 19.04, 1.79999
FILLER_0_3_263, 124.66, 19.04, 1.79999
FILLER_0_4_258, 124.66, 19.04, 1.79999
_1529_, 136.16, 19.04, 1.79999
_1565_, 136.16, 19.04, 1.79999
_1566_, 141.68, 19.04, 1.79999
_1569_, 141.68, 19.04, 1.79999
_1570_, 141.68, 19.04, 1.79999
_1577_, 150.42, 19.04, 1.79999
_1634_, 150.42, 19.04, 1.79999
FILLER_0_4_317, 150.42, 19.04, 1.79999
_1573_, 155.94, 19.04, 1.79999
FILLER_0_2_77, 40.48, 19.04, 1.79999
FILLER_0_3_82, 40.48, 19.04, 1.79999
_2760_, 50.6, 19.04, 1.79999
FILLER_0_4_119, 61.64, 19.04, 1.8
_1453_, 78.2, 19.04, 1.79999
_1456_, 86.02, 19.04, 1.79999
_1455_, 91.54, 19.04, 1.79999
_1482_, 91.54, 19.04, 1.79999
_1631_, 137.54, 19.04, 1.79999
input31, 163.3, 19.04, 1.79999
FILLER_0_2_345, 163.3, 19.04, 1.79999
FILLER_0_3_349, 163.3, 19.04, 1.79999
FILLER_0_4_344, 163.3, 19.04, 1.79999
_1492_, 117.3, 19.04, 1.79999
_1574_, 117.3, 19.04, 1.79999
_1575_, 117.3, 19.04, 1.79999
PHY_EDGE_ROW_0_Left_60, 5.52, 13.6, 1.79997
PHY_EDGE_ROW_1_Left_61, 5.52, 13.6, 1.79997
output44, 5.52, 13.6, 1.79997
output51, 5.52, 13.6, 1.79997
PHY_EDGE_ROW_0_Right_0, 169.28, 13.6, 1.79998
PHY_EDGE_ROW_1_Right_1, 169.28, 13.6, 1.79998
FILLER_0_0_109, 52.9, 13.6, 1.79998
FILLER_0_1_105, 52.9, 13.6, 1.79998
FILLER_0_2_189, 92.92, 13.6, 1.79999
_1494_, 117.3, 13.6, 1.79999
FILLER_0_2_242, 117.3, 13.6, 1.79999
_1564_, 127.42, 13.6, 1.79999
input28, 127.42, 13.6, 1.79999
FILLER_0_0_271, 127.42, 13.6, 1.79999
FILLER_0_1_270, 127.42, 13.6, 1.79999
FILLER_0_2_265, 127.42, 13.6, 1.79999
FILLER_0_0_293, 137.54, 13.6, 1.79999
input15, 12.42, 13.6, 1.79997
ANTENNA_6, 12.42, 13.6, 1.79997
ANTENNA_7, 12.42, 13.6, 1.79997
FILLER_0_0_21, 12.42, 13.6, 1.79997
output43, 17.94, 13.6, 1.79997
output52, 34.5, 13.6, 1.79998
input11, 40.02, 13.6, 1.79998
FILLER_0_0_77, 40.02, 13.6, 1.79998
output53, 60.26, 13.6, 1.79999
FILLER_0_0_119, 60.26, 13.6, 1.79999
output47, 65.78, 13.6, 1.79999
input26, 76.82, 13.6, 1.79999
FILLER_0_0_153, 76.82, 13.6, 1.79999
FILLER_0_0_161, 76.82, 13.6, 1.79999
FILLER_0_1_161, 76.82, 13.6, 1.79999
output56, 86.02, 13.6, 1.79999
FILLER_0_0_169, 86.02, 13.6, 1.79999
input32, 97.06, 13.6, 1.79999
FILLER_0_0_214, 102.58, 13.6, 1.79999
_1493_, 111.78, 13.6, 1.79999
input14, 111.78, 13.6, 1.79999
FILLER_0_1_237, 111.78, 13.6, 1.79999
FILLER_0_2_233, 111.78, 13.6, 1.79999
output61, 121.44, 13.6, 1.79999
FILLER_0_0_249, 121.44, 13.6, 1.79999
input25, 143.06, 13.6, 1.79999
FILLER_0_0_300, 143.06, 13.6, 1.79999
FILLER_0_2_302, 143.06, 13.6, 1.79999
FILLER_0_0_309, 148.58, 13.6, 1.79999
input24, 154.1, 13.6, 1.79999
FILLER_0_0_328, 154.1, 13.6, 1.79999
FILLER_0_1_329, 154.1, 13.6, 1.79999
input3, 161.69, 13.6, 1.79998
input30, 161.69, 13.6, 1.79998
output49, 161.69, 13.6, 1.79998
FILLER_0_0_347, 161.69, 13.6, 1.79998
FILLER_0_1_337, 161.69, 13.6, 1.79998

