
===========================================================================
 report_power
============================================================================
======================= Fastest Corner ===================================

Group                  Internal  Switching    Leakage      Total
                          Power      Power      Power      Power (Watts)
----------------------------------------------------------------
Sequential             1.50e-04   6.71e-05   6.05e-10   2.17e-04  24.4%
Combinational          3.17e-04   3.55e-04   3.39e-09   6.72e-04  75.6%
Macro                  0.00e+00   0.00e+00   0.00e+00   0.00e+00   0.0%
Pad                    0.00e+00   0.00e+00   0.00e+00   0.00e+00   0.0%
----------------------------------------------------------------
Total                  4.66e-04   4.23e-04   4.00e-09   8.89e-04 100.0%
                          52.5%      47.5%       0.0%

======================= Slowest Corner ===================================

Group                  Internal  Switching    Leakage      Total
                          Power      Power      Power      Power (Watts)
----------------------------------------------------------------
Sequential             1.03e-04   4.44e-05   5.92e-07   1.48e-04  23.8%
Combinational          2.36e-04   2.35e-04   1.45e-06   4.73e-04  76.2%
Macro                  0.00e+00   0.00e+00   0.00e+00   0.00e+00   0.0%
Pad                    0.00e+00   0.00e+00   0.00e+00   0.00e+00   0.0%
----------------------------------------------------------------
Total                  3.39e-04   2.80e-04   2.04e-06   6.21e-04 100.0%
                          54.6%      45.1%       0.3%

======================= Typical Corner ===================================

Group                  Internal  Switching    Leakage      Total
                          Power      Power      Power      Power (Watts)
----------------------------------------------------------------
Sequential             1.30e-04   5.66e-05   3.38e-10   1.87e-04  24.1%
Combinational          2.88e-04   3.00e-04   1.67e-09   5.88e-04  75.9%
Macro                  0.00e+00   0.00e+00   0.00e+00   0.00e+00   0.0%
Pad                    0.00e+00   0.00e+00   0.00e+00   0.00e+00   0.0%
----------------------------------------------------------------
Total                  4.18e-04   3.57e-04   2.01e-09   7.75e-04 100.0%
                          54.0%      46.0%       0.0%

