Thu Dec 07 20:15:10 UTC 2023 - Executing "{openroad -exit -no_init -python /openlane/scripts/odbpy/lefutil.py get_metal_layers -o /openlane/designs/mult_comb_16x16/runs/first_run/tmp/layers.list /home/brunoayala/.volare/sky130A/libs.ref/sky130_fd_sc_hd/techlef/sky130_fd_sc_hd__nom.tlef}"

Thu Dec 07 20:15:10 UTC 2023 - Executing "{/openlane/scripts/mergeLef.py -o /openlane/designs/mult_comb_16x16/runs/first_run/tmp/merged.nom.lef -i /home/brunoayala/.volare/sky130A/libs.ref/sky130_fd_sc_hd/techlef/sky130_fd_sc_hd__nom.tlef {/home/brunoayala/.volare/sky130A/libs.ref/sky130_fd_sc_hd/lef/sky130_ef_sc_hd.lef /home/brunoayala/.volare/sky130A/libs.ref/sky130_fd_sc_hd/lef/sky130_fd_sc_hd.lef} |& tee /dev/null}"

Thu Dec 07 20:15:11 UTC 2023 - Executing "{/openlane/scripts/mergeLef.py -o /openlane/designs/mult_comb_16x16/runs/first_run/tmp/merged.min.lef -i /home/brunoayala/.volare/sky130A/libs.ref/sky130_fd_sc_hd/techlef/sky130_fd_sc_hd__min.tlef {/home/brunoayala/.volare/sky130A/libs.ref/sky130_fd_sc_hd/lef/sky130_ef_sc_hd.lef /home/brunoayala/.volare/sky130A/libs.ref/sky130_fd_sc_hd/lef/sky130_fd_sc_hd.lef} |& tee /dev/null}"

Thu Dec 07 20:15:11 UTC 2023 - Executing "{/openlane/scripts/mergeLef.py -o /openlane/designs/mult_comb_16x16/runs/first_run/tmp/merged.max.lef -i /home/brunoayala/.volare/sky130A/libs.ref/sky130_fd_sc_hd/techlef/sky130_fd_sc_hd__max.tlef {/home/brunoayala/.volare/sky130A/libs.ref/sky130_fd_sc_hd/lef/sky130_ef_sc_hd.lef /home/brunoayala/.volare/sky130A/libs.ref/sky130_fd_sc_hd/lef/sky130_fd_sc_hd.lef} |& tee /dev/null}"

Thu Dec 07 20:15:11 UTC 2023 - Executing "{python3 /openlane/scripts/mergeLib.py --output /openlane/designs/mult_comb_16x16/runs/first_run/tmp/synthesis/merged.lib --name sky130A_merged /home/brunoayala/.volare/sky130A/libs.ref/sky130_fd_sc_hd/lib/sky130_fd_sc_hd__tt_025C_1v80.lib}"

Thu Dec 07 20:15:11 UTC 2023 - Executing "{python3 /openlane/scripts/libtrim.py --cell-file /openlane/designs/mult_comb_16x16/runs/first_run/tmp/synthesis/trimmed.lib.exclude.list --output /openlane/designs/mult_comb_16x16/runs/first_run/tmp/synthesis/trimmed.lib /openlane/designs/mult_comb_16x16/runs/first_run/tmp/synthesis/merged.lib}"

Thu Dec 07 20:15:12 UTC 2023 - Executing "{python3 /openlane/scripts/libtrim.py --cell-file /openlane/designs/mult_comb_16x16/runs/first_run/tmp/cts/cts.lib.exclude.list --output /openlane/designs/mult_comb_16x16/runs/first_run/tmp/cts/cts.lib /home/brunoayala/.volare/sky130A/libs.ref/sky130_fd_sc_hd/lib/sky130_fd_sc_hd__tt_025C_1v80.lib}"

Thu Dec 07 20:15:12 UTC 2023 - Executing "{python3 /openlane/scripts/libtrim.py --cell-file /openlane/designs/mult_comb_16x16/runs/first_run/tmp/cts/cts-fastest.lib.exclude.list --output /openlane/designs/mult_comb_16x16/runs/first_run/tmp/cts/cts-fastest.lib /home/brunoayala/.volare/sky130A/libs.ref/sky130_fd_sc_hd/lib/sky130_fd_sc_hd__ff_n40C_1v95.lib}"

Thu Dec 07 20:15:13 UTC 2023 - Executing "{python3 /openlane/scripts/libtrim.py --cell-file /openlane/designs/mult_comb_16x16/runs/first_run/tmp/cts/cts-slowest.lib.exclude.list --output /openlane/designs/mult_comb_16x16/runs/first_run/tmp/cts/cts-slowest.lib /home/brunoayala/.volare/sky130A/libs.ref/sky130_fd_sc_hd/lib/sky130_fd_sc_hd__ss_100C_1v60.lib}"

Thu Dec 07 20:15:13 UTC 2023 - Executing "{python3 /openlane/scripts/new_tracks.py -i /home/brunoayala/.volare/sky130A/libs.tech/openlane/sky130_fd_sc_hd/tracks.info -o /openlane/designs/mult_comb_16x16/runs/first_run/tmp/routing/config.tracks}"

Thu Dec 07 20:15:13 UTC 2023 - Executing "{echo {OpenLane 2264b1240bacca90f8dfd74b8f5d62b7d618038e} > /openlane/designs/mult_comb_16x16/runs/first_run/OPENLANE_VERSION}"

Thu Dec 07 20:15:14 UTC 2023 - Executing "{yosys -c /openlane/scripts/yosys/blackbox.tcl}"

Thu Dec 07 20:15:14 UTC 2023 - Executing "{verilator -Wall --lint-only --Wno-DECLFILENAME --top-module mult_comb_16x16 /openlane/designs/mult_comb_16x16/runs/first_run/tmp/synthesis/blackbox/sky130_fd_sc_hd__blackbox.v /openlane/designs/mult_comb_16x16/src/mult_comb_16x16.v -Wno-fatal --relative-includes |& tee /openlane/designs/mult_comb_16x16/runs/first_run/logs/synthesis/linter.log /dev/null}"

Thu Dec 07 20:15:14 UTC 2023 - Executing "{sed -E {s/^([[:space:]]+)pg_pin(.*)/\1pin\2\n\1    direction : "inout";/g} /home/brunoayala/.volare/sky130A/libs.ref/sky130_fd_sc_hd/lib/sky130_fd_sc_hd__tt_025C_1v80.lib > /openlane/designs/mult_comb_16x16/runs/first_run/tmp/synthesis/1-sky130_fd_sc_hd__tt_025C_1v80.no_pg.lib}"

Thu Dec 07 20:15:14 UTC 2023 - Executing "{sed -E {s/^([[:space:]]+)pg_pin(.*)/\1pin\2\n\1    direction : "inout";/g} /openlane/designs/mult_comb_16x16/runs/first_run/tmp/synthesis/trimmed.lib > /openlane/designs/mult_comb_16x16/runs/first_run/tmp/synthesis/1-trimmed.no_pg.lib}"

Thu Dec 07 20:15:15 UTC 2023 - Executing "yosys -c /openlane/scripts/yosys/synth.tcl |& tee /dev/null /openlane/designs/mult_comb_16x16/runs/first_run/logs/synthesis/1-synthesis.log"

Thu Dec 07 20:15:15 UTC 2023 - Executing "{yosys -c /openlane/scripts/yosys/synth.tcl |& tee /dev/null /openlane/designs/mult_comb_16x16/runs/first_run/logs/synthesis/1-synthesis.log}"

Thu Dec 07 20:15:20 UTC 2023 - Executing "{sed -i.bak -e {s/\(set ::env(CURRENT_NETLIST)\).*/\1 \/openlane\/designs\/mult_comb_16x16\/runs\/first_run\/results\/synthesis\/mult_comb_16x16.v/} /openlane/designs/mult_comb_16x16/runs/first_run/config.tcl}"

Thu Dec 07 20:15:20 UTC 2023 - Executing "{sed -i.bak /defparam/d /openlane/designs/mult_comb_16x16/runs/first_run/results/synthesis/mult_comb_16x16.v}"

Thu Dec 07 20:15:20 UTC 2023 - Executing "sta -exit -no_init /openlane/scripts/openroad/sta/multi_corner.tcl |& tee /dev/null /openlane/designs/mult_comb_16x16/runs/first_run/logs/synthesis/2-sta.log"

Thu Dec 07 20:15:20 UTC 2023 - Executing "{sta -exit -no_init /openlane/scripts/openroad/sta/multi_corner.tcl |& tee /dev/null /openlane/designs/mult_comb_16x16/runs/first_run/logs/synthesis/2-sta.log}"

Thu Dec 07 20:15:21 UTC 2023 - Executing "openroad -exit /openlane/scripts/openroad/floorplan.tcl |& tee /dev/null /openlane/designs/mult_comb_16x16/runs/first_run/logs/floorplan/3-initial_fp.log"

Thu Dec 07 20:15:21 UTC 2023 - Executing "{openroad -exit /openlane/scripts/openroad/floorplan.tcl |& tee /dev/null /openlane/designs/mult_comb_16x16/runs/first_run/logs/floorplan/3-initial_fp.log}"

Thu Dec 07 20:15:21 UTC 2023 - Executing "{openroad -exit -no_init -python /openlane/scripts/odbpy/snap_to_grid.py --output /openlane/designs/mult_comb_16x16/runs/first_run/tmp/floorplan/3-minimized_pdn.txt --input-lef /openlane/designs/mult_comb_16x16/runs/first_run/tmp/merged.nom.lef 20.47 20.400000000000002 40.94 40.800000000000004}"

Thu Dec 07 20:15:22 UTC 2023 - Executing "{openroad -exit -no_init -python /openlane/scripts/odbpy/defutil.py extract_core_dims --output-data /openlane/designs/mult_comb_16x16/runs/first_run/tmp/dimensions.txt --input-lef /openlane/designs/mult_comb_16x16/runs/first_run/tmp/merged.nom.lef /openlane/designs/mult_comb_16x16/runs/first_run/tmp/floorplan/3-initial_fp.def}"

Thu Dec 07 20:15:22 UTC 2023 - Executing "openroad -exit /openlane/scripts/openroad/ioplacer.tcl |& tee /dev/null /openlane/designs/mult_comb_16x16/runs/first_run/logs/floorplan/4-io.log"

Thu Dec 07 20:15:22 UTC 2023 - Executing "{openroad -exit /openlane/scripts/openroad/ioplacer.tcl |& tee /dev/null /openlane/designs/mult_comb_16x16/runs/first_run/logs/floorplan/4-io.log}"

Thu Dec 07 20:15:23 UTC 2023 - Executing "openroad -exit /openlane/scripts/openroad/tapcell.tcl |& tee /dev/null /openlane/designs/mult_comb_16x16/runs/first_run/logs/floorplan/5-tap.log"

Thu Dec 07 20:15:23 UTC 2023 - Executing "{openroad -exit /openlane/scripts/openroad/tapcell.tcl |& tee /dev/null /openlane/designs/mult_comb_16x16/runs/first_run/logs/floorplan/5-tap.log}"

Thu Dec 07 20:15:24 UTC 2023 - Executing "openroad -exit /openlane/scripts/openroad/pdn.tcl |& tee /dev/null /openlane/designs/mult_comb_16x16/runs/first_run/logs/floorplan/6-pdn.log"

Thu Dec 07 20:15:24 UTC 2023 - Executing "{openroad -exit /openlane/scripts/openroad/pdn.tcl |& tee /dev/null /openlane/designs/mult_comb_16x16/runs/first_run/logs/floorplan/6-pdn.log}"

Thu Dec 07 20:15:25 UTC 2023 - Executing "openroad -exit /openlane/scripts/openroad/gpl.tcl |& tee /dev/null /openlane/designs/mult_comb_16x16/runs/first_run/logs/placement/7-global.log"

Thu Dec 07 20:15:25 UTC 2023 - Executing "{openroad -exit /openlane/scripts/openroad/gpl.tcl |& tee /dev/null /openlane/designs/mult_comb_16x16/runs/first_run/logs/placement/7-global.log}"

Thu Dec 07 20:15:29 UTC 2023 - Executing "{sed -i.bak -e {s/\(set ::env(CURRENT_NETLIST)\).*/\1 \/openlane\/designs\/mult_comb_16x16\/runs\/first_run\/tmp\/placement\/7-global.nl.v/} /openlane/designs/mult_comb_16x16/runs/first_run/config.tcl}"

Thu Dec 07 20:15:29 UTC 2023 - Executing "openroad -exit /openlane/scripts/openroad/sta/multi_corner.tcl |& tee /dev/null /openlane/designs/mult_comb_16x16/runs/first_run/logs/placement/8-gpl_sta.log"

Thu Dec 07 20:15:29 UTC 2023 - Executing "{openroad -exit /openlane/scripts/openroad/sta/multi_corner.tcl |& tee /dev/null /openlane/designs/mult_comb_16x16/runs/first_run/logs/placement/8-gpl_sta.log}"

Thu Dec 07 20:15:30 UTC 2023 - Executing "openroad -exit /openlane/scripts/openroad/resizer.tcl |& tee /dev/null /openlane/designs/mult_comb_16x16/runs/first_run/logs/placement/9-resizer.log"

Thu Dec 07 20:15:30 UTC 2023 - Executing "{openroad -exit /openlane/scripts/openroad/resizer.tcl |& tee /dev/null /openlane/designs/mult_comb_16x16/runs/first_run/logs/placement/9-resizer.log}"

Thu Dec 07 20:15:33 UTC 2023 - Executing "{sed -i.bak -e {s/\(set ::env(CURRENT_NETLIST)\).*/\1 \/openlane\/designs\/mult_comb_16x16\/runs\/first_run\/tmp\/placement\/9-resizer.nl.v/} /openlane/designs/mult_comb_16x16/runs/first_run/config.tcl}"

Thu Dec 07 20:15:33 UTC 2023 - Executing "openroad -exit /openlane/scripts/openroad/dpl.tcl |& tee /dev/null /openlane/designs/mult_comb_16x16/runs/first_run/logs/placement/10-detailed.log"

Thu Dec 07 20:15:34 UTC 2023 - Executing "{openroad -exit /openlane/scripts/openroad/dpl.tcl |& tee /dev/null /openlane/designs/mult_comb_16x16/runs/first_run/logs/placement/10-detailed.log}"

Thu Dec 07 20:15:34 UTC 2023 - Executing "{sed -i.bak -e {s/\(set ::env(CURRENT_NETLIST)\).*/\1 \/openlane\/designs\/mult_comb_16x16\/runs\/first_run\/results\/placement\/mult_comb_16x16.nl.v/} /openlane/designs/mult_comb_16x16/runs/first_run/config.tcl}"

Thu Dec 07 20:15:34 UTC 2023 - Executing "openroad -exit /openlane/scripts/openroad/sta/multi_corner.tcl |& tee /dev/null /openlane/designs/mult_comb_16x16/runs/first_run/logs/placement/11-dpl_sta.log"

Thu Dec 07 20:15:34 UTC 2023 - Executing "{openroad -exit /openlane/scripts/openroad/sta/multi_corner.tcl |& tee /dev/null /openlane/designs/mult_comb_16x16/runs/first_run/logs/placement/11-dpl_sta.log}"

Thu Dec 07 20:15:35 UTC 2023 - Executing "openroad -exit /openlane/scripts/openroad/cts.tcl |& tee /dev/null /openlane/designs/mult_comb_16x16/runs/first_run/logs/cts/12-cts.log"

Thu Dec 07 20:15:35 UTC 2023 - Executing "{openroad -exit /openlane/scripts/openroad/cts.tcl |& tee /dev/null /openlane/designs/mult_comb_16x16/runs/first_run/logs/cts/12-cts.log}"

Thu Dec 07 20:16:24 UTC 2023 - Executing "openroad -exit /openlane/scripts/openroad/sta/multi_corner.tcl |& tee /dev/null /openlane/designs/mult_comb_16x16/runs/first_run/logs/cts/13-cts_sta.log"

Thu Dec 07 20:16:24 UTC 2023 - Executing "{openroad -exit /openlane/scripts/openroad/sta/multi_corner.tcl |& tee /dev/null /openlane/designs/mult_comb_16x16/runs/first_run/logs/cts/13-cts_sta.log}"

Thu Dec 07 20:16:26 UTC 2023 - Executing "openroad -exit /openlane/scripts/openroad/resizer_timing.tcl |& tee /dev/null /openlane/designs/mult_comb_16x16/runs/first_run/logs/cts/14-resizer.log"

Thu Dec 07 20:16:26 UTC 2023 - Executing "{openroad -exit /openlane/scripts/openroad/resizer_timing.tcl |& tee /dev/null /openlane/designs/mult_comb_16x16/runs/first_run/logs/cts/14-resizer.log}"

Thu Dec 07 20:16:29 UTC 2023 - Executing "{sed -i.bak -e {s/\(set ::env(CURRENT_NETLIST)\).*/\1 \/openlane\/designs\/mult_comb_16x16\/runs\/first_run\/tmp\/cts\/14-mult_comb_16x16.resized.nl.v/} /openlane/designs/mult_comb_16x16/runs/first_run/config.tcl}"

Thu Dec 07 20:16:29 UTC 2023 - Executing "openroad -exit /openlane/scripts/openroad/resizer_routing_design.tcl |& tee /dev/null /openlane/designs/mult_comb_16x16/runs/first_run/logs/routing/15-resizer_design.log"

Thu Dec 07 20:16:29 UTC 2023 - Executing "{openroad -exit /openlane/scripts/openroad/resizer_routing_design.tcl |& tee /dev/null /openlane/designs/mult_comb_16x16/runs/first_run/logs/routing/15-resizer_design.log}"

Thu Dec 07 20:16:33 UTC 2023 - Executing "{sed -i.bak -e {s/\(set ::env(CURRENT_NETLIST)\).*/\1 \/openlane\/designs\/mult_comb_16x16\/runs\/first_run\/tmp\/15-mult_comb_16x16.nl.v/} /openlane/designs/mult_comb_16x16/runs/first_run/config.tcl}"

Thu Dec 07 20:16:33 UTC 2023 - Executing "openroad -exit /openlane/scripts/openroad/sta/multi_corner.tcl |& tee /dev/null /openlane/designs/mult_comb_16x16/runs/first_run/logs/routing/16-rsz_design_sta.log"

Thu Dec 07 20:16:33 UTC 2023 - Executing "{openroad -exit /openlane/scripts/openroad/sta/multi_corner.tcl |& tee /dev/null /openlane/designs/mult_comb_16x16/runs/first_run/logs/routing/16-rsz_design_sta.log}"

Thu Dec 07 20:16:35 UTC 2023 - Executing "openroad -exit /openlane/scripts/openroad/resizer_routing_timing.tcl |& tee /dev/null /openlane/designs/mult_comb_16x16/runs/first_run/logs/routing/17-resizer_timing.log"

Thu Dec 07 20:16:35 UTC 2023 - Executing "{openroad -exit /openlane/scripts/openroad/resizer_routing_timing.tcl |& tee /dev/null /openlane/designs/mult_comb_16x16/runs/first_run/logs/routing/17-resizer_timing.log}"

Thu Dec 07 20:16:38 UTC 2023 - Executing "{sed -i.bak -e {s/\(set ::env(CURRENT_NETLIST)\).*/\1 \/openlane\/designs\/mult_comb_16x16\/runs\/first_run\/tmp\/17-mult_comb_16x16.nl.v/} /openlane/designs/mult_comb_16x16/runs/first_run/config.tcl}"

Thu Dec 07 20:16:38 UTC 2023 - Executing "openroad -exit /openlane/scripts/openroad/sta/multi_corner.tcl |& tee /dev/null /openlane/designs/mult_comb_16x16/runs/first_run/logs/routing/18-rsz_timing_sta.log"

Thu Dec 07 20:16:38 UTC 2023 - Executing "{openroad -exit /openlane/scripts/openroad/sta/multi_corner.tcl |& tee /dev/null /openlane/designs/mult_comb_16x16/runs/first_run/logs/routing/18-rsz_timing_sta.log}"

Thu Dec 07 20:16:40 UTC 2023 - Executing "openroad -exit /openlane/scripts/openroad/groute.tcl |& tee /dev/null /openlane/designs/mult_comb_16x16/runs/first_run/logs/routing/19-global.log"

Thu Dec 07 20:16:40 UTC 2023 - Executing "{openroad -exit /openlane/scripts/openroad/groute.tcl |& tee /dev/null /openlane/designs/mult_comb_16x16/runs/first_run/logs/routing/19-global.log}"

Thu Dec 07 20:16:41 UTC 2023 - Executing "openroad -exit /openlane/scripts/openroad/write_views.tcl |& tee /dev/null /openlane/designs/mult_comb_16x16/runs/first_run/logs/routing/19-global_write_netlist.log"

Thu Dec 07 20:16:41 UTC 2023 - Executing "{openroad -exit /openlane/scripts/openroad/write_views.tcl |& tee /dev/null /openlane/designs/mult_comb_16x16/runs/first_run/logs/routing/19-global_write_netlist.log}"

Thu Dec 07 20:16:42 UTC 2023 - Executing "{sed -i.bak -e {s/\(set ::env(CURRENT_NETLIST)\).*/\1 \/openlane\/designs\/mult_comb_16x16\/runs\/first_run\/tmp\/routing\/global.nl.v/} /openlane/designs/mult_comb_16x16/runs/first_run/config.tcl}"

Thu Dec 07 20:16:42 UTC 2023 - Executing "openroad -exit /openlane/scripts/openroad/sta/multi_corner.tcl |& tee /dev/null /openlane/designs/mult_comb_16x16/runs/first_run/logs/routing/21-grt_sta.log"

Thu Dec 07 20:16:42 UTC 2023 - Executing "{openroad -exit /openlane/scripts/openroad/sta/multi_corner.tcl |& tee /dev/null /openlane/designs/mult_comb_16x16/runs/first_run/logs/routing/21-grt_sta.log}"

Thu Dec 07 20:16:43 UTC 2023 - Executing "openroad -exit /openlane/scripts/openroad/fill.tcl |& tee /dev/null /openlane/designs/mult_comb_16x16/runs/first_run/logs/routing/22-fill.log"

Thu Dec 07 20:16:43 UTC 2023 - Executing "{openroad -exit /openlane/scripts/openroad/fill.tcl |& tee /dev/null /openlane/designs/mult_comb_16x16/runs/first_run/logs/routing/22-fill.log}"

Thu Dec 07 20:16:44 UTC 2023 - Executing "{sed -i.bak -e {s/\(set ::env(CURRENT_NETLIST)\).*/\1 \/openlane\/designs\/mult_comb_16x16\/runs\/first_run\/tmp\/routing\/22-fill.nl.v/} /openlane/designs/mult_comb_16x16/runs/first_run/config.tcl}"

Thu Dec 07 20:16:44 UTC 2023 - Executing "openroad -exit /openlane/scripts/openroad/droute.tcl |& tee /dev/null /openlane/designs/mult_comb_16x16/runs/first_run/logs/routing/23-detailed.log"

Thu Dec 07 20:16:44 UTC 2023 - Executing "{openroad -exit /openlane/scripts/openroad/droute.tcl |& tee /dev/null /openlane/designs/mult_comb_16x16/runs/first_run/logs/routing/23-detailed.log}"

Thu Dec 07 20:19:17 UTC 2023 - Executing "{sed -i.bak -e {s/\(set ::env(CURRENT_NETLIST)\).*/\1 \/openlane\/designs\/mult_comb_16x16\/runs\/first_run\/results\/routing\/mult_comb_16x16.nl.v/} /openlane/designs/mult_comb_16x16/runs/first_run/config.tcl}"

Thu Dec 07 20:19:17 UTC 2023 - Executing "{python3 /openlane/scripts/drc_rosetta.py tr to_klayout -o /openlane/designs/mult_comb_16x16/runs/first_run/reports/routing/drt.klayout.xml --design-name mult_comb_16x16 /openlane/designs/mult_comb_16x16/runs/first_run/reports/routing/drt.drc}"

Thu Dec 07 20:19:17 UTC 2023 - Executing "{openroad -exit -no_init -python /openlane/scripts/odbpy/wire_lengths.py --report-out /openlane/designs/mult_comb_16x16/runs/first_run/reports/routing/24-wire_lengths.csv --input-lef /openlane/designs/mult_comb_16x16/runs/first_run/tmp/merged.nom.lef --output-def /dev/null --output /openlane/designs/mult_comb_16x16/runs/first_run/results/routing/mult_comb_16x16.odb /openlane/designs/mult_comb_16x16/runs/first_run/results/routing/mult_comb_16x16.odb |& tee /dev/null /openlane/designs/mult_comb_16x16/runs/first_run/logs/routing/24-wire_lengths.log}"

Thu Dec 07 20:19:18 UTC 2023 - Executing "openroad -exit /openlane/scripts/openroad/rcx.tcl |& tee /dev/null /openlane/designs/mult_comb_16x16/runs/first_run/logs/signoff/25-parasitics_extraction.min.log"

Thu Dec 07 20:19:18 UTC 2023 - Executing "{openroad -exit /openlane/scripts/openroad/rcx.tcl |& tee /dev/null /openlane/designs/mult_comb_16x16/runs/first_run/logs/signoff/25-parasitics_extraction.min.log}"

Thu Dec 07 20:19:19 UTC 2023 - Executing "sta -exit -no_init /openlane/scripts/openroad/sta/multi_corner.tcl |& tee /dev/null /openlane/designs/mult_comb_16x16/runs/first_run/logs/signoff/26-rcx_mcsta.min.log"

Thu Dec 07 20:19:19 UTC 2023 - Executing "{sta -exit -no_init /openlane/scripts/openroad/sta/multi_corner.tcl |& tee /dev/null /openlane/designs/mult_comb_16x16/runs/first_run/logs/signoff/26-rcx_mcsta.min.log}"

Thu Dec 07 20:19:28 UTC 2023 - Executing "openroad -exit /openlane/scripts/openroad/rcx.tcl |& tee /dev/null /openlane/designs/mult_comb_16x16/runs/first_run/logs/signoff/27-parasitics_extraction.max.log"

Thu Dec 07 20:19:28 UTC 2023 - Executing "{openroad -exit /openlane/scripts/openroad/rcx.tcl |& tee /dev/null /openlane/designs/mult_comb_16x16/runs/first_run/logs/signoff/27-parasitics_extraction.max.log}"

Thu Dec 07 20:19:30 UTC 2023 - Executing "sta -exit -no_init /openlane/scripts/openroad/sta/multi_corner.tcl |& tee /dev/null /openlane/designs/mult_comb_16x16/runs/first_run/logs/signoff/28-rcx_mcsta.max.log"

Thu Dec 07 20:19:30 UTC 2023 - Executing "{sta -exit -no_init /openlane/scripts/openroad/sta/multi_corner.tcl |& tee /dev/null /openlane/designs/mult_comb_16x16/runs/first_run/logs/signoff/28-rcx_mcsta.max.log}"

Thu Dec 07 20:19:39 UTC 2023 - Executing "openroad -exit /openlane/scripts/openroad/rcx.tcl |& tee /dev/null /openlane/designs/mult_comb_16x16/runs/first_run/logs/signoff/29-parasitics_extraction.nom.log"

Thu Dec 07 20:19:39 UTC 2023 - Executing "{openroad -exit /openlane/scripts/openroad/rcx.tcl |& tee /dev/null /openlane/designs/mult_comb_16x16/runs/first_run/logs/signoff/29-parasitics_extraction.nom.log}"

Thu Dec 07 20:19:40 UTC 2023 - Executing "sta -exit -no_init /openlane/scripts/openroad/sta/multi_corner.tcl |& tee /dev/null /openlane/designs/mult_comb_16x16/runs/first_run/logs/signoff/30-rcx_mcsta.nom.log"

Thu Dec 07 20:19:40 UTC 2023 - Executing "{sta -exit -no_init /openlane/scripts/openroad/sta/multi_corner.tcl |& tee /dev/null /openlane/designs/mult_comb_16x16/runs/first_run/logs/signoff/30-rcx_mcsta.nom.log}"

Thu Dec 07 20:19:49 UTC 2023 - Executing "sta -exit -no_init /openlane/scripts/openroad/sta/multi_corner.tcl |& tee /dev/null /openlane/designs/mult_comb_16x16/runs/first_run/logs/signoff/31-rcx_sta.log"

Thu Dec 07 20:19:49 UTC 2023 - Executing "{sta -exit -no_init /openlane/scripts/openroad/sta/multi_corner.tcl |& tee /dev/null /openlane/designs/mult_comb_16x16/runs/first_run/logs/signoff/31-rcx_sta.log}"

Thu Dec 07 20:19:51 UTC 2023 - Executing "openroad -exit /openlane/scripts/openroad/irdrop.tcl |& tee /dev/null /openlane/designs/mult_comb_16x16/runs/first_run/logs/signoff/32-irdrop.log"

Thu Dec 07 20:19:51 UTC 2023 - Executing "{openroad -exit /openlane/scripts/openroad/irdrop.tcl |& tee /dev/null /openlane/designs/mult_comb_16x16/runs/first_run/logs/signoff/32-irdrop.log}"

Thu Dec 07 20:19:52 UTC 2023 - Executing "magic -noconsole -dnull -rcfile /home/brunoayala/.volare/sky130A/libs.tech/magic/sky130A.magicrc < /openlane/scripts/magic/wrapper.tcl |& tee /dev/null /openlane/designs/mult_comb_16x16/runs/first_run/logs/signoff/33-gdsii.log"

Thu Dec 07 20:19:52 UTC 2023 - Executing "{magic -noconsole -dnull -rcfile /home/brunoayala/.volare/sky130A/libs.tech/magic/sky130A.magicrc < /openlane/scripts/magic/wrapper.tcl |& tee /dev/null /openlane/designs/mult_comb_16x16/runs/first_run/logs/signoff/33-gdsii.log}"

Thu Dec 07 20:19:54 UTC 2023 - Executing "magic -noconsole -dnull -rcfile /home/brunoayala/.volare/sky130A/libs.tech/magic/sky130A.magicrc < /openlane/scripts/magic/wrapper.tcl |& tee /dev/null /openlane/designs/mult_comb_16x16/runs/first_run/logs/signoff/33-gds_ptrs.log"

Thu Dec 07 20:19:54 UTC 2023 - Executing "{magic -noconsole -dnull -rcfile /home/brunoayala/.volare/sky130A/libs.tech/magic/sky130A.magicrc < /openlane/scripts/magic/wrapper.tcl |& tee /dev/null /openlane/designs/mult_comb_16x16/runs/first_run/logs/signoff/33-gds_ptrs.log}"

Thu Dec 07 20:19:55 UTC 2023 - Executing "{sed -i.bak -n {/^<< properties >>/,/^<< end >>/p} /openlane/designs/mult_comb_16x16/runs/first_run/tmp/signoff/gds_ptrs.mag}"

Thu Dec 07 20:19:55 UTC 2023 - Executing "magic -noconsole -dnull -rcfile /home/brunoayala/.volare/sky130A/libs.tech/magic/sky130A.magicrc < /openlane/scripts/magic/wrapper.tcl |& tee /dev/null /openlane/designs/mult_comb_16x16/runs/first_run/logs/signoff/33-lef.log"

Thu Dec 07 20:19:55 UTC 2023 - Executing "{magic -noconsole -dnull -rcfile /home/brunoayala/.volare/sky130A/libs.tech/magic/sky130A.magicrc < /openlane/scripts/magic/wrapper.tcl |& tee /dev/null /openlane/designs/mult_comb_16x16/runs/first_run/logs/signoff/33-lef.log}"

Thu Dec 07 20:19:57 UTC 2023 - Executing "magic -noconsole -dnull -rcfile /home/brunoayala/.volare/sky130A/libs.tech/magic/sky130A.magicrc < /openlane/scripts/magic/wrapper.tcl |& tee /dev/null /openlane/designs/mult_comb_16x16/runs/first_run/logs/signoff/33-maglef.log"

Thu Dec 07 20:19:57 UTC 2023 - Executing "{magic -noconsole -dnull -rcfile /home/brunoayala/.volare/sky130A/libs.tech/magic/sky130A.magicrc < /openlane/scripts/magic/wrapper.tcl |& tee /dev/null /openlane/designs/mult_comb_16x16/runs/first_run/logs/signoff/33-maglef.log}"

Thu Dec 07 20:19:57 UTC 2023 - Executing "{python3 /openlane/scripts/klayout/stream_out.py --output /openlane/designs/mult_comb_16x16/runs/first_run/results/signoff/mult_comb_16x16.klayout.gds --lyt /home/brunoayala/.volare/sky130A/libs.tech/klayout/tech/sky130A.lyt --lym /home/brunoayala/.volare/sky130A/libs.tech/klayout/tech/sky130A.map --lyp /home/brunoayala/.volare/sky130A/libs.tech/klayout/tech/sky130A.lyp --top mult_comb_16x16 --with-gds-file /home/brunoayala/.volare/sky130A/libs.ref/sky130_fd_sc_hd/gds/sky130_fd_sc_hd.gds --input-lef /openlane/designs/mult_comb_16x16/runs/first_run/tmp/merged.nom.lef /openlane/designs/mult_comb_16x16/runs/first_run/results/routing/mult_comb_16x16.def |& tee /dev/null /openlane/designs/mult_comb_16x16/runs/first_run/logs/signoff/34-gdsii-klayout.log}"

Thu Dec 07 20:19:58 UTC 2023 - Executing "{klayout -b -r /openlane/scripts/klayout/xor.drc -rd a=/openlane/designs/mult_comb_16x16/runs/first_run/results/signoff/mult_comb_16x16.gds -rd b=/openlane/designs/mult_comb_16x16/runs/first_run/results/signoff/mult_comb_16x16.klayout.gds -rd jobs=1 -rd rdb_out=/openlane/designs/mult_comb_16x16/runs/first_run/reports/signoff/35-xor.xml -rd ignore=81/14 -rd rpt_out=/openlane/designs/mult_comb_16x16/runs/first_run/reports/signoff/35-xor.rpt |& tee /dev/null /openlane/designs/mult_comb_16x16/runs/first_run/logs/signoff/35-xor.log}"

Thu Dec 07 20:20:02 UTC 2023 - Executing "magic -noconsole -dnull -rcfile /home/brunoayala/.volare/sky130A/libs.tech/magic/sky130A.magicrc < /openlane/scripts/magic/wrapper.tcl |& tee /dev/null /openlane/designs/mult_comb_16x16/runs/first_run/logs/signoff/36-spice.log"

Thu Dec 07 20:20:02 UTC 2023 - Executing "{magic -noconsole -dnull -rcfile /home/brunoayala/.volare/sky130A/libs.tech/magic/sky130A.magicrc < /openlane/scripts/magic/wrapper.tcl |& tee /dev/null /openlane/designs/mult_comb_16x16/runs/first_run/logs/signoff/36-spice.log}"

Thu Dec 07 20:20:05 UTC 2023 - Executing "{openroad -exit -no_init -python /openlane/scripts/odbpy/power_utils.py write_powered_def --output /openlane/designs/mult_comb_16x16/runs/first_run/tmp/signoff/36-mult_comb_16x16.p.def --input-lef /openlane/designs/mult_comb_16x16/runs/first_run/tmp/merged.nom.lef --power-port VPWR --ground-port VGND --powered-netlist {} /openlane/designs/mult_comb_16x16/runs/first_run/results/routing/mult_comb_16x16.def |& tee /dev/null /openlane/designs/mult_comb_16x16/runs/first_run/logs/signoff/37-write_powered_def.log}"

Thu Dec 07 20:20:06 UTC 2023 - Executing "openroad -exit /openlane/scripts/openroad/write_views.tcl |& tee /dev/null /openlane/designs/mult_comb_16x16/runs/first_run/logs/signoff/37-write_powered_verilog.log"

Thu Dec 07 20:20:06 UTC 2023 - Executing "{openroad -exit /openlane/scripts/openroad/write_views.tcl |& tee /dev/null /openlane/designs/mult_comb_16x16/runs/first_run/logs/signoff/37-write_powered_verilog.log}"

Thu Dec 07 20:20:07 UTC 2023 - Executing "{sed -i.bak -e {s/\(set ::env(CURRENT_NETLIST)\).*/\1 \/openlane\/designs\/mult_comb_16x16\/runs\/first_run\/tmp\/signoff\/36-mult_comb_16x16.nl.v/} /openlane/designs/mult_comb_16x16/runs/first_run/config.tcl}"

Thu Dec 07 20:20:07 UTC 2023 - Executing "{netgen -batch source /openlane/designs/mult_comb_16x16/runs/first_run/tmp/signoff/39-setup_file.lef.lvs |& tee /dev/null /openlane/designs/mult_comb_16x16/runs/first_run/logs/signoff/39-lvs.lef.log}"

Thu Dec 07 20:20:08 UTC 2023 - Executing "magic -noconsole -dnull -rcfile /home/brunoayala/.volare/sky130A/libs.tech/magic/sky130A.magicrc < /openlane/scripts/magic/wrapper.tcl |& tee /dev/null /openlane/designs/mult_comb_16x16/runs/first_run/logs/signoff/40-drc.log"

Thu Dec 07 20:20:08 UTC 2023 - Executing "{magic -noconsole -dnull -rcfile /home/brunoayala/.volare/sky130A/libs.tech/magic/sky130A.magicrc < /openlane/scripts/magic/wrapper.tcl |& tee /dev/null /openlane/designs/mult_comb_16x16/runs/first_run/logs/signoff/40-drc.log}"

Thu Dec 07 20:20:17 UTC 2023 - Executing "{python3 /openlane/scripts/drc_rosetta.py magic to_tcl -o /openlane/designs/mult_comb_16x16/runs/first_run/reports/signoff/drc.tcl /openlane/designs/mult_comb_16x16/runs/first_run/reports/signoff/drc.rpt}"

Thu Dec 07 20:20:17 UTC 2023 - Executing "{python3 /openlane/scripts/drc_rosetta.py magic to_tr -o /openlane/designs/mult_comb_16x16/runs/first_run/reports/signoff/drc.tr /openlane/designs/mult_comb_16x16/runs/first_run/reports/signoff/drc.rpt}"

Thu Dec 07 20:20:17 UTC 2023 - Executing "{python3 /openlane/scripts/drc_rosetta.py tr to_klayout -o /openlane/designs/mult_comb_16x16/runs/first_run/reports/signoff/drc.klayout.xml --design-name mult_comb_16x16 /openlane/designs/mult_comb_16x16/runs/first_run/reports/signoff/drc.tr}"

Thu Dec 07 20:20:17 UTC 2023 - Executing "{python3 /openlane/scripts/drc_rosetta.py magic to_rdb -o /openlane/designs/mult_comb_16x16/runs/first_run/reports/signoff/drc.rdb /openlane/designs/mult_comb_16x16/runs/first_run/reports/signoff/drc.rpt}"

Thu Dec 07 20:20:17 UTC 2023 - Executing "openroad -exit /openlane/scripts/openroad/antenna_check.tcl |& tee /dev/null /openlane/designs/mult_comb_16x16/runs/first_run/logs/signoff/41-arc.log"

Thu Dec 07 20:20:17 UTC 2023 - Executing "{openroad -exit /openlane/scripts/openroad/antenna_check.tcl |& tee /dev/null /openlane/designs/mult_comb_16x16/runs/first_run/logs/signoff/41-arc.log}"

Thu Dec 07 20:20:18 UTC 2023 - Executing "{python3 /openlane/scripts/extract_antenna_violators.py --output /openlane/designs/mult_comb_16x16/runs/first_run/reports/signoff/41-antenna_violators.rpt --plain-out /openlane/designs/mult_comb_16x16/runs/first_run/reports/signoff/41-antenna_violators_pins.txt /openlane/designs/mult_comb_16x16/runs/first_run/logs/signoff/41-arc.log}"

Thu Dec 07 20:20:18 UTC 2023 - Executing "{awk -v vdd=VPWR -v gnd=VGND -f /home/brunoayala/.volare/sky130A/libs.tech/openlane/cvc/power.awk /openlane/designs/mult_comb_16x16/runs/first_run/tmp/signoff/36-mult_comb_16x16.nl.v > /openlane/designs/mult_comb_16x16/runs/first_run/tmp/signoff/mult_comb_16x16.power}"

Thu Dec 07 20:20:18 UTC 2023 - Executing "{awk -f /home/brunoayala/.volare/sky130A/libs.tech/openlane/cvc/cdl.awk /home/brunoayala/.volare/sky130A/libs.ref/sky130_fd_sc_hd/cdl/sky130_fd_sc_hd.cdl /openlane/designs/mult_comb_16x16/runs/first_run/results/signoff/mult_comb_16x16.lef.spice > /openlane/designs/mult_comb_16x16/runs/first_run/tmp/signoff/mult_comb_16x16.cdl}"

Thu Dec 07 20:20:18 UTC 2023 - Executing "{cvc_rv /home/brunoayala/.volare/sky130A/libs.tech/openlane/cvc/cvcrc |& tee /dev/null /openlane/designs/mult_comb_16x16/runs/first_run/logs/signoff/42-erc_screen.log}"

Thu Dec 07 20:20:19 UTC 2023 - Executing "{python3 /openlane/scripts/write_runtime.py --conclude --seconds --time-in 1701980419 {flow completed}}"

Thu Dec 07 20:20:19 UTC 2023 - Executing "{python3 /openlane/scripts/generate_reports.py -d /openlane/designs/mult_comb_16x16 --design_name mult_comb_16x16 --tag first_run --output_file /openlane/designs/mult_comb_16x16/runs/first_run/reports/metrics.csv --man_report /openlane/designs/mult_comb_16x16/runs/first_run/reports/manufacturability.rpt --run_path /openlane/designs/mult_comb_16x16/runs/first_run}"

