
===========================================================================
report_checks -unconstrained
===========================================================================
======================= Fastest Corner ===================================

Startpoint: mcand[10] (input port clocked by clk)
Endpoint: product[58] (output port clocked by clk)
Path Group: clk
Path Type: max
Corner: Fastest

Fanout     Cap    Slew   Delay    Time   Description
-----------------------------------------------------------------------------
                  0.00    0.00    0.00   clock clk (rise edge)
                          0.00    0.00   clock network delay (ideal)
                         20.00   20.00 ^ input external delay
                  0.01    0.01   20.01 ^ mcand[10] (in)
     1    0.00                           mcand[10] (net)
                  0.01    0.00   20.01 ^ input2/A (sky130_fd_sc_hd__buf_2)
                  0.25    0.22   20.23 ^ input2/X (sky130_fd_sc_hd__buf_2)
     4    0.07                           net2 (net)
                  0.25    0.01   20.24 ^ _06045_/A (sky130_fd_sc_hd__clkbuf_4)
                  0.12    0.21   20.44 ^ _06045_/X (sky130_fd_sc_hd__clkbuf_4)
    10    0.05                           _04063_ (net)
                  0.12    0.00   20.44 ^ _06172_/A (sky130_fd_sc_hd__buf_4)
                  0.17    0.20   20.65 ^ _06172_/X (sky130_fd_sc_hd__buf_4)
    10    0.08                           _05305_ (net)
                  0.17    0.00   20.65 ^ _09206_/A1 (sky130_fd_sc_hd__a22o_1)
                  0.15    0.19   20.84 ^ _09206_/X (sky130_fd_sc_hd__a22o_1)
     2    0.02                           _02847_ (net)
                  0.15    0.00   20.84 ^ _09208_/C (sky130_fd_sc_hd__nand4_4)
                  0.09    0.09   20.93 v _09208_/Y (sky130_fd_sc_hd__nand4_4)
     4    0.02                           _02849_ (net)
                  0.09    0.00   20.93 v _09363_/A2 (sky130_fd_sc_hd__a211o_1)
                  0.08    0.26   21.20 v _09363_/X (sky130_fd_sc_hd__a211o_1)
     4    0.02                           _03018_ (net)
                  0.08    0.00   21.20 v _09366_/A1 (sky130_fd_sc_hd__a21o_1)
                  0.04    0.14   21.33 v _09366_/X (sky130_fd_sc_hd__a21o_1)
     2    0.01                           _03021_ (net)
                  0.04    0.00   21.33 v _09367_/C (sky130_fd_sc_hd__and3_2)
                  0.07    0.19   21.52 v _09367_/X (sky130_fd_sc_hd__and3_2)
     4    0.03                           _03022_ (net)
                  0.07    0.00   21.52 v _09370_/A1 (sky130_fd_sc_hd__o211a_1)
                  0.04    0.18   21.69 v _09370_/X (sky130_fd_sc_hd__o211a_1)
     3    0.01                           _03025_ (net)
                  0.04    0.00   21.70 v _09501_/B (sky130_fd_sc_hd__or4_1)
                  0.08    0.33   22.03 v _09501_/X (sky130_fd_sc_hd__or4_1)
     2    0.01                           _03169_ (net)
                  0.08    0.00   22.03 v _09537_/A2 (sky130_fd_sc_hd__a211o_2)
                  0.07    0.27   22.30 v _09537_/X (sky130_fd_sc_hd__a211o_2)
     5    0.02                           _03208_ (net)
                  0.07    0.00   22.30 v _09605_/C (sky130_fd_sc_hd__nand4_1)
                  0.11    0.13   22.43 ^ _09605_/Y (sky130_fd_sc_hd__nand4_1)
     2    0.01                           _03282_ (net)
                  0.11    0.00   22.43 ^ _09680_/A2 (sky130_fd_sc_hd__a211o_2)
                  0.08    0.14   22.57 ^ _09680_/X (sky130_fd_sc_hd__a211o_2)
     5    0.02                           _03364_ (net)
                  0.08    0.00   22.57 ^ _09703_/C_N (sky130_fd_sc_hd__or4bb_2)
                  0.09    0.40   22.97 v _09703_/X (sky130_fd_sc_hd__or4bb_2)
     2    0.01                           _03389_ (net)
                  0.09    0.00   22.97 v _09819_/A2 (sky130_fd_sc_hd__a211oi_4)
                  0.24    0.28   23.25 ^ _09819_/Y (sky130_fd_sc_hd__a211oi_4)
     4    0.02                           _03516_ (net)
                  0.24    0.00   23.25 ^ _09821_/B (sky130_fd_sc_hd__nor3_2)
                  0.08    0.08   23.32 v _09821_/Y (sky130_fd_sc_hd__nor3_2)
     4    0.02                           _03519_ (net)
                  0.08    0.00   23.32 v _09823_/B1 (sky130_fd_sc_hd__a211oi_1)
                  0.18    0.15   23.47 ^ _09823_/Y (sky130_fd_sc_hd__a211oi_1)
     2    0.01                           _03521_ (net)
                  0.18    0.00   23.47 ^ _09825_/A_N (sky130_fd_sc_hd__and2b_1)
                  0.06    0.17   23.64 v _09825_/X (sky130_fd_sc_hd__and2b_1)
     1    0.02                           _03523_ (net)
                  0.06    0.00   23.64 v _09826_/B (sky130_fd_sc_hd__xor2_4)
                  0.40    0.36   24.00 ^ _09826_/X (sky130_fd_sc_hd__xor2_4)
     3    0.07                           _03524_ (net)
                  0.40    0.00   24.00 ^ _09829_/A (sky130_fd_sc_hd__xnor2_2)
                  0.10    0.09   24.09 v _09829_/Y (sky130_fd_sc_hd__xnor2_2)
     3    0.02                           _03527_ (net)
                  0.10    0.00   24.09 v _09954_/D (sky130_fd_sc_hd__or4_2)
                  0.10    0.38   24.47 v _09954_/X (sky130_fd_sc_hd__or4_2)
     3    0.02                           _03664_ (net)
                  0.10    0.00   24.47 v _09956_/B1 (sky130_fd_sc_hd__a21o_1)
                  0.04    0.12   24.58 v _09956_/X (sky130_fd_sc_hd__a21o_1)
     1    0.01                           _03666_ (net)
                  0.04    0.00   24.58 v _09960_/B1 (sky130_fd_sc_hd__o311ai_4)
                  0.30    0.10   24.68 ^ _09960_/Y (sky130_fd_sc_hd__o311ai_4)
     2    0.03                           _03670_ (net)
                  0.30    0.00   24.69 ^ wire129/A (sky130_fd_sc_hd__clkbuf_2)
                  0.18    0.22   24.90 ^ wire129/X (sky130_fd_sc_hd__clkbuf_2)
     1    0.04                           net129 (net)
                  0.18    0.00   24.90 ^ _10767_/B2 (sky130_fd_sc_hd__a221oi_4)
                  0.12    0.10   25.00 v _10767_/Y (sky130_fd_sc_hd__a221oi_4)
     3    0.04                           _04549_ (net)
                  0.12    0.00   25.01 v _11278_/A2 (sky130_fd_sc_hd__a2111o_1)
                  0.07    0.32   25.33 v _11278_/X (sky130_fd_sc_hd__a2111o_1)
     3    0.01                           _05103_ (net)
                  0.07    0.00   25.33 v _11282_/A (sky130_fd_sc_hd__and2_2)
                  0.05    0.15   25.48 v _11282_/X (sky130_fd_sc_hd__and2_2)
     2    0.02                           _05108_ (net)
                  0.05    0.00   25.48 v _11360_/A1 (sky130_fd_sc_hd__o21a_2)
                  0.05    0.17   25.66 v _11360_/X (sky130_fd_sc_hd__o21a_2)
     2    0.02                           _05191_ (net)
                  0.05    0.00   25.66 v _11361_/B (sky130_fd_sc_hd__xor2_4)
                  0.40    0.36   26.01 ^ _11361_/X (sky130_fd_sc_hd__xor2_4)
     3    0.07                           net118 (net)
                  0.40    0.01   26.02 ^ output118/A (sky130_fd_sc_hd__clkbuf_4)
                  0.09    0.19   26.21 ^ output118/X (sky130_fd_sc_hd__clkbuf_4)
     1    0.03                           product[58] (net)
                  0.09    0.00   26.21 ^ product[58] (out)
                                 26.21   data arrival time

                  0.00  100.00  100.00   clock clk (rise edge)
                          0.00  100.00   clock network delay (ideal)
                         -0.25   99.75   clock uncertainty
                          0.00   99.75   clock reconvergence pessimism
                        -20.00   79.75   output external delay
                                 79.75   data required time
-----------------------------------------------------------------------------
                                 79.75   data required time
                                -26.21   data arrival time
-----------------------------------------------------------------------------
                                 53.54   slack (MET)



======================= Slowest Corner ===================================

Startpoint: mcand[3] (input port clocked by clk)
Endpoint: product[63] (output port clocked by clk)
Path Group: clk
Path Type: max
Corner: Slowest

Fanout     Cap    Slew   Delay    Time   Description
-----------------------------------------------------------------------------
                  0.00    0.00    0.00   clock clk (rise edge)
                          0.00    0.00   clock network delay (ideal)
                         20.00   20.00 ^ input external delay
                  0.03    0.02   20.02 ^ mcand[3] (in)
     1    0.00                           mcand[3] (net)
                  0.03    0.00   20.02 ^ input26/A (sky130_fd_sc_hd__buf_1)
                  0.36    0.35   20.37 ^ input26/X (sky130_fd_sc_hd__buf_1)
     2    0.02                           net26 (net)
                  0.36    0.00   20.37 ^ _05700_/A (sky130_fd_sc_hd__buf_4)
                  0.35    0.56   20.94 ^ _05700_/X (sky130_fd_sc_hd__buf_4)
    10    0.08                           _00297_ (net)
                  0.35    0.00   20.94 ^ _05861_/A (sky130_fd_sc_hd__clkbuf_4)
                  0.33    0.59   21.53 ^ _05861_/X (sky130_fd_sc_hd__clkbuf_4)
    10    0.07                           _02054_ (net)
                  0.33    0.00   21.53 ^ _07613_/A (sky130_fd_sc_hd__and4_1)
                  0.13    0.49   22.02 ^ _07613_/X (sky130_fd_sc_hd__and4_1)
     2    0.00                           _01108_ (net)
                  0.13    0.00   22.02 ^ _07759_/B1_N (sky130_fd_sc_hd__o21ba_1)
                  0.14    0.38   22.39 v _07759_/X (sky130_fd_sc_hd__o21ba_1)
     2    0.01                           _01267_ (net)
                  0.14    0.00   22.39 v _07888_/A (sky130_fd_sc_hd__or3_2)
                  0.25    1.34   23.73 v _07888_/X (sky130_fd_sc_hd__or3_2)
     2    0.02                           _01408_ (net)
                  0.25    0.00   23.73 v _07904_/A1 (sky130_fd_sc_hd__a21o_2)
                  0.19    0.59   24.33 v _07904_/X (sky130_fd_sc_hd__a21o_2)
     5    0.04                           _01426_ (net)
                  0.19    0.00   24.33 v _07906_/B1 (sky130_fd_sc_hd__o211a_1)
                  0.17    0.40   24.73 v _07906_/X (sky130_fd_sc_hd__o211a_1)
     3    0.01                           _01428_ (net)
                  0.17    0.00   24.73 v _07942_/A (sky130_fd_sc_hd__or4_2)
                  0.28    1.80   26.53 v _07942_/X (sky130_fd_sc_hd__or4_2)
     2    0.01                           _01467_ (net)
                  0.28    0.00   26.53 v _07944_/B1 (sky130_fd_sc_hd__o211ai_4)
                  0.45    0.33   26.86 ^ _07944_/Y (sky130_fd_sc_hd__o211ai_4)
     5    0.03                           _01469_ (net)
                  0.45    0.00   26.86 ^ _08003_/C_N (sky130_fd_sc_hd__or4bb_2)
                  0.28    1.75   28.61 v _08003_/X (sky130_fd_sc_hd__or4bb_2)
     2    0.01                           _01533_ (net)
                  0.28    0.00   28.61 v _08112_/C1 (sky130_fd_sc_hd__o211a_1)
                  0.14    0.37   28.99 v _08112_/X (sky130_fd_sc_hd__o211a_1)
     3    0.01                           _01653_ (net)
                  0.14    0.00   28.99 v _08113_/D (sky130_fd_sc_hd__or4_1)
                  0.25    1.13   30.12 v _08113_/X (sky130_fd_sc_hd__or4_1)
     2    0.01                           _01654_ (net)
                  0.25    0.00   30.12 v _08115_/B1 (sky130_fd_sc_hd__o211a_1)
                  0.13    0.39   30.51 v _08115_/X (sky130_fd_sc_hd__o211a_1)
     3    0.01                           _01656_ (net)
                  0.13    0.00   30.51 v _08117_/B (sky130_fd_sc_hd__or3_2)
                  0.22    1.23   31.74 v _08117_/X (sky130_fd_sc_hd__or3_2)
     2    0.01                           _01658_ (net)
                  0.22    0.00   31.74 v _08120_/A1 (sky130_fd_sc_hd__a211o_1)
                  0.13    0.63   32.37 v _08120_/X (sky130_fd_sc_hd__a211o_1)
     2    0.01                           _01661_ (net)
                  0.13    0.00   32.37 v _08121_/C (sky130_fd_sc_hd__nand3_2)
                  0.18    0.22   32.60 ^ _08121_/Y (sky130_fd_sc_hd__nand3_2)
     3    0.02                           _01663_ (net)
                  0.18    0.00   32.60 ^ _08123_/A (sky130_fd_sc_hd__nand2_2)
                  0.21    0.26   32.85 v _08123_/Y (sky130_fd_sc_hd__nand2_2)
     4    0.02                           _01665_ (net)
                  0.21    0.00   32.85 v _08789_/B1 (sky130_fd_sc_hd__a2111oi_2)
                  0.73    0.91   33.76 ^ _08789_/Y (sky130_fd_sc_hd__a2111oi_2)
     1    0.01                           _02392_ (net)
                  0.73    0.00   33.76 ^ wire130/A (sky130_fd_sc_hd__buf_1)
                  0.20    0.46   34.22 ^ wire130/X (sky130_fd_sc_hd__buf_1)
     3    0.01                           net130 (net)
                  0.20    0.00   34.22 ^ _08790_/B (sky130_fd_sc_hd__and2_1)
                  0.12    0.32   34.54 ^ _08790_/X (sky130_fd_sc_hd__and2_1)
     1    0.01                           _02393_ (net)
                  0.12    0.00   34.54 ^ _08796_/A2 (sky130_fd_sc_hd__a211o_4)
                  0.33    0.49   35.03 ^ _08796_/X (sky130_fd_sc_hd__a211o_4)
     6    0.08                           _02400_ (net)
                  0.33    0.02   35.05 ^ _10762_/D_N (sky130_fd_sc_hd__or4b_2)
                  0.32    1.75   36.80 v _10762_/X (sky130_fd_sc_hd__or4b_2)
     3    0.02                           _04544_ (net)
                  0.32    0.00   36.80 v _11278_/A1 (sky130_fd_sc_hd__a2111o_1)
                  0.17    0.93   37.73 v _11278_/X (sky130_fd_sc_hd__a2111o_1)
     3    0.01                           _05103_ (net)
                  0.17    0.00   37.73 v _11392_/A1 (sky130_fd_sc_hd__a211o_1)
                  0.13    0.61   38.34 v _11392_/X (sky130_fd_sc_hd__a211o_1)
     2    0.01                           _05225_ (net)
                  0.13    0.00   38.34 v _11418_/A1 (sky130_fd_sc_hd__a21oi_2)
                  0.29    0.34   38.69 ^ _11418_/Y (sky130_fd_sc_hd__a21oi_2)
     4    0.01                           _05253_ (net)
                  0.29    0.00   38.69 ^ _11448_/A2 (sky130_fd_sc_hd__o311ai_1)
                  0.20    0.32   39.00 v _11448_/Y (sky130_fd_sc_hd__o311ai_1)
     1    0.00                           _05283_ (net)
                  0.20    0.00   39.00 v _11449_/S (sky130_fd_sc_hd__mux2_2)
                  0.23    0.81   39.82 v _11449_/X (sky130_fd_sc_hd__mux2_2)
     1    0.03                           _05284_ (net)
                  0.23    0.00   39.82 v _11450_/A (sky130_fd_sc_hd__clkbuf_1)
                  0.04    0.24   40.06 v _11450_/X (sky130_fd_sc_hd__clkbuf_1)
     1    0.00                           net124 (net)
                  0.04    0.00   40.06 v output124/A (sky130_fd_sc_hd__buf_2)
                  0.17    0.35   40.41 v output124/X (sky130_fd_sc_hd__buf_2)
     1    0.03                           product[63] (net)
                  0.17    0.00   40.41 v product[63] (out)
                                 40.41   data arrival time

                  0.00  100.00  100.00   clock clk (rise edge)
                          0.00  100.00   clock network delay (ideal)
                         -0.25   99.75   clock uncertainty
                          0.00   99.75   clock reconvergence pessimism
                        -20.00   79.75   output external delay
                                 79.75   data required time
-----------------------------------------------------------------------------
                                 79.75   data required time
                                -40.41   data arrival time
-----------------------------------------------------------------------------
                                 39.34   slack (MET)



======================= Typical Corner ===================================

Startpoint: mcand[10] (input port clocked by clk)
Endpoint: product[63] (output port clocked by clk)
Path Group: clk
Path Type: max
Corner: Typical

Fanout     Cap    Slew   Delay    Time   Description
-----------------------------------------------------------------------------
                  0.00    0.00    0.00   clock clk (rise edge)
                          0.00    0.00   clock network delay (ideal)
                         20.00   20.00 ^ input external delay
                  0.02    0.01   20.01 ^ mcand[10] (in)
     1    0.00                           mcand[10] (net)
                  0.02    0.00   20.01 ^ input2/A (sky130_fd_sc_hd__buf_2)
                  0.33    0.31   20.32 ^ input2/X (sky130_fd_sc_hd__buf_2)
     4    0.07                           net2 (net)
                  0.33    0.01   20.33 ^ _06045_/A (sky130_fd_sc_hd__clkbuf_4)
                  0.15    0.32   20.65 ^ _06045_/X (sky130_fd_sc_hd__clkbuf_4)
    10    0.05                           _04063_ (net)
                  0.15    0.00   20.65 ^ _06172_/A (sky130_fd_sc_hd__buf_4)
                  0.23    0.30   20.95 ^ _06172_/X (sky130_fd_sc_hd__buf_4)
    10    0.08                           _05305_ (net)
                  0.23    0.00   20.95 ^ _09206_/A1 (sky130_fd_sc_hd__a22o_1)
                  0.20    0.31   21.26 ^ _09206_/X (sky130_fd_sc_hd__a22o_1)
     2    0.02                           _02847_ (net)
                  0.20    0.00   21.26 ^ _09208_/C (sky130_fd_sc_hd__nand4_4)
                  0.13    0.17   21.43 v _09208_/Y (sky130_fd_sc_hd__nand4_4)
     4    0.02                           _02849_ (net)
                  0.13    0.00   21.43 v _09363_/A2 (sky130_fd_sc_hd__a211o_1)
                  0.11    0.42   21.85 v _09363_/X (sky130_fd_sc_hd__a211o_1)
     4    0.02                           _03018_ (net)
                  0.11    0.00   21.85 v _09366_/A1 (sky130_fd_sc_hd__a21o_1)
                  0.05    0.21   22.06 v _09366_/X (sky130_fd_sc_hd__a21o_1)
     2    0.01                           _03021_ (net)
                  0.05    0.00   22.06 v _09367_/C (sky130_fd_sc_hd__and3_2)
                  0.09    0.29   22.35 v _09367_/X (sky130_fd_sc_hd__and3_2)
     4    0.03                           _03022_ (net)
                  0.09    0.00   22.35 v _09370_/A1 (sky130_fd_sc_hd__o211a_1)
                  0.06    0.27   22.62 v _09370_/X (sky130_fd_sc_hd__o211a_1)
     3    0.01                           _03025_ (net)
                  0.06    0.00   22.62 v _09501_/B (sky130_fd_sc_hd__or4_1)
                  0.12    0.58   23.20 v _09501_/X (sky130_fd_sc_hd__or4_1)
     2    0.01                           _03169_ (net)
                  0.12    0.00   23.20 v _09537_/A2 (sky130_fd_sc_hd__a211o_2)
                  0.09    0.43   23.64 v _09537_/X (sky130_fd_sc_hd__a211o_2)
     5    0.02                           _03208_ (net)
                  0.09    0.00   23.64 v _09605_/C (sky130_fd_sc_hd__nand4_1)
                  0.15    0.17   23.81 ^ _09605_/Y (sky130_fd_sc_hd__nand4_1)
     2    0.01                           _03282_ (net)
                  0.15    0.00   23.81 ^ _09680_/A2 (sky130_fd_sc_hd__a211o_2)
                  0.11    0.22   24.04 ^ _09680_/X (sky130_fd_sc_hd__a211o_2)
     5    0.02                           _03364_ (net)
                  0.11    0.00   24.04 ^ _09703_/C_N (sky130_fd_sc_hd__or4bb_2)
                  0.13    0.71   24.75 v _09703_/X (sky130_fd_sc_hd__or4bb_2)
     2    0.01                           _03389_ (net)
                  0.13    0.00   24.75 v _09819_/A2 (sky130_fd_sc_hd__a211oi_4)
                  0.32    0.41   25.16 ^ _09819_/Y (sky130_fd_sc_hd__a211oi_4)
     4    0.02                           _03516_ (net)
                  0.32    0.00   25.16 ^ _09821_/B (sky130_fd_sc_hd__nor3_2)
                  0.10    0.15   25.30 v _09821_/Y (sky130_fd_sc_hd__nor3_2)
     4    0.02                           _03519_ (net)
                  0.10    0.00   25.30 v _09823_/B1 (sky130_fd_sc_hd__a211oi_1)
                  0.25    0.28   25.59 ^ _09823_/Y (sky130_fd_sc_hd__a211oi_1)
     2    0.00                           _03521_ (net)
                  0.25    0.00   25.59 ^ _09825_/A_N (sky130_fd_sc_hd__and2b_1)
                  0.09    0.28   25.87 v _09825_/X (sky130_fd_sc_hd__and2b_1)
     1    0.02                           _03523_ (net)
                  0.09    0.00   25.87 v _09826_/B (sky130_fd_sc_hd__xor2_4)
                  0.53    0.49   26.37 ^ _09826_/X (sky130_fd_sc_hd__xor2_4)
     3    0.07                           _03524_ (net)
                  0.53    0.00   26.37 ^ _09829_/A (sky130_fd_sc_hd__xnor2_2)
                  0.13    0.20   26.56 v _09829_/Y (sky130_fd_sc_hd__xnor2_2)
     3    0.02                           _03527_ (net)
                  0.13    0.00   26.56 v _09954_/D (sky130_fd_sc_hd__or4_2)
                  0.15    0.67   27.23 v _09954_/X (sky130_fd_sc_hd__or4_2)
     3    0.02                           _03664_ (net)
                  0.15    0.00   27.23 v _09956_/B1 (sky130_fd_sc_hd__a21o_1)
                  0.06    0.23   27.46 v _09956_/X (sky130_fd_sc_hd__a21o_1)
     1    0.01                           _03666_ (net)
                  0.06    0.00   27.46 v _09960_/B1 (sky130_fd_sc_hd__o311ai_4)
                  0.40    0.14   27.60 ^ _09960_/Y (sky130_fd_sc_hd__o311ai_4)
     2    0.03                           _03670_ (net)
                  0.40    0.00   27.60 ^ wire129/A (sky130_fd_sc_hd__clkbuf_2)
                  0.24    0.34   27.95 ^ wire129/X (sky130_fd_sc_hd__clkbuf_2)
     1    0.04                           net129 (net)
                  0.24    0.00   27.95 ^ _10767_/B2 (sky130_fd_sc_hd__a221oi_4)
                  0.16    0.17   28.12 v _10767_/Y (sky130_fd_sc_hd__a221oi_4)
     3    0.04                           _04549_ (net)
                  0.16    0.00   28.12 v _11278_/A2 (sky130_fd_sc_hd__a2111o_1)
                  0.09    0.51   28.64 v _11278_/X (sky130_fd_sc_hd__a2111o_1)
     3    0.01                           _05103_ (net)
                  0.09    0.00   28.64 v _11392_/A1 (sky130_fd_sc_hd__a211o_1)
                  0.07    0.31   28.95 v _11392_/X (sky130_fd_sc_hd__a211o_1)
     2    0.01                           _05225_ (net)
                  0.07    0.00   28.95 v _11418_/A1 (sky130_fd_sc_hd__a21oi_2)
                  0.17    0.20   29.15 ^ _11418_/Y (sky130_fd_sc_hd__a21oi_2)
     4    0.01                           _05253_ (net)
                  0.17    0.00   29.15 ^ _11448_/A2 (sky130_fd_sc_hd__o311ai_1)
                  0.09    0.13   29.28 v _11448_/Y (sky130_fd_sc_hd__o311ai_1)
     1    0.00                           _05283_ (net)
                  0.09    0.00   29.28 v _11449_/S (sky130_fd_sc_hd__mux2_2)
                  0.12    0.40   29.68 v _11449_/X (sky130_fd_sc_hd__mux2_2)
     1    0.03                           _05284_ (net)
                  0.12    0.00   29.69 v _11450_/A (sky130_fd_sc_hd__clkbuf_1)
                  0.02    0.12   29.81 v _11450_/X (sky130_fd_sc_hd__clkbuf_1)
     1    0.00                           net124 (net)
                  0.02    0.00   29.81 v output124/A (sky130_fd_sc_hd__buf_2)
                  0.09    0.18   29.99 v output124/X (sky130_fd_sc_hd__buf_2)
     1    0.03                           product[63] (net)
                  0.09    0.00   29.99 v product[63] (out)
                                 29.99   data arrival time

                  0.00  100.00  100.00   clock clk (rise edge)
                          0.00  100.00   clock network delay (ideal)
                         -0.25   99.75   clock uncertainty
                          0.00   99.75   clock reconvergence pessimism
                        -20.00   79.75   output external delay
                                 79.75   data required time
-----------------------------------------------------------------------------
                                 79.75   data required time
                                -29.99   data arrival time
-----------------------------------------------------------------------------
                                 49.76   slack (MET)




===========================================================================
report_checks --slack_max -0.01
============================================================================
======================= Fastest Corner ===================================

No paths found.

======================= Slowest Corner ===================================

No paths found.

======================= Typical Corner ===================================

No paths found.


===========================================================================
 report_check_types -max_slew -max_cap -max_fanout -violators
============================================================================
======================= Fastest Corner ===================================

max fanout

Pin                                   Limit Fanout  Slack
---------------------------------------------------------
_05732_/X                                10     13     -3 (VIOLATED)
_06336_/X                                10     13     -3 (VIOLATED)
_05712_/X                                10     11        (VIOLATED)
_05730_/X                                10     11        (VIOLATED)
_05810_/X                                10     11        (VIOLATED)
_06047_/X                                10     11        (VIOLATED)
_06108_/X                                10     11        (VIOLATED)
_06132_/X                                10     11        (VIOLATED)
_06174_/X                                10     11        (VIOLATED)
_06914_/X                                10     11        (VIOLATED)
_06916_/X                                10     11        (VIOLATED)
_06972_/X                                10     11        (VIOLATED)
_07333_/X                                10     11        (VIOLATED)
_07918_/X                                10     11        (VIOLATED)
_08082_/X                                10     11        (VIOLATED)
_08412_/X                                10     11        (VIOLATED)
_08593_/X                                10     11        (VIOLATED)
_09174_/X                                10     11        (VIOLATED)
_09175_/X                                10     11        (VIOLATED)
_09222_/X                                10     11        (VIOLATED)
_09616_/X                                10     11        (VIOLATED)
input1/X                                 10     11        (VIOLATED)
input10/X                                10     11        (VIOLATED)


======================= Slowest Corner ===================================

max slew

Pin                                    Limit    Slew   Slack
------------------------------------------------------------
output111/A                             0.75    1.04   -0.29 (VIOLATED)
_10996_/Y                               0.75    1.04   -0.29 (VIOLATED)
ANTENNA_38/DIODE                        0.75    0.99   -0.24 (VIOLATED)
output116/A                             0.75    0.99   -0.24 (VIOLATED)
ANTENNA_39/DIODE                        0.75    0.99   -0.24 (VIOLATED)
_11283_/Y                               0.75    0.99   -0.24 (VIOLATED)
_07832_/A                               0.75    0.96   -0.21 (VIOLATED)
_07980_/A                               0.75    0.96   -0.21 (VIOLATED)
_07824_/Y                               0.75    0.96   -0.21 (VIOLATED)
output76/A                              0.75    0.90   -0.15 (VIOLATED)
_11457_/Y                               0.75    0.90   -0.15 (VIOLATED)
_07068_/A                               0.75    0.88   -0.13 (VIOLATED)
_07069_/B1                              0.75    0.88   -0.13 (VIOLATED)
_07055_/Y                               0.75    0.88   -0.13 (VIOLATED)
output83/A                              0.75    0.86   -0.11 (VIOLATED)
_07811_/Y                               0.75    0.86   -0.11 (VIOLATED)
ANTENNA_40/DIODE                        0.75    0.85   -0.10 (VIOLATED)
output117/A                             0.75    0.85   -0.10 (VIOLATED)
_11324_/Y                               0.75    0.85   -0.10 (VIOLATED)
output69/A                              0.75    0.85   -0.10 (VIOLATED)
_06323_/X                               0.75    0.85   -0.10 (VIOLATED)
ANTENNA_41/DIODE                        0.75    0.83   -0.08 (VIOLATED)
ANTENNA_42/DIODE                        0.75    0.83   -0.08 (VIOLATED)
output118/A                             0.75    0.83   -0.08 (VIOLATED)
_11361_/X                               0.75    0.83   -0.08 (VIOLATED)
_11278_/A2                              0.75    0.82   -0.07 (VIOLATED)
_10768_/B                               0.75    0.82   -0.07 (VIOLATED)
_10849_/B                               0.75    0.82   -0.07 (VIOLATED)
_10767_/Y                               0.75    0.82   -0.07 (VIOLATED)
_09826_/X                               0.75    0.82   -0.07 (VIOLATED)
_09829_/A                               0.75    0.82   -0.07 (VIOLATED)
_09957_/A                               0.75    0.82   -0.07 (VIOLATED)
_09958_/A                               0.75    0.82   -0.07 (VIOLATED)
_08505_/B1                              0.75    0.82   -0.07 (VIOLATED)
_08506_/A1                              0.75    0.82   -0.07 (VIOLATED)
_08503_/Y                               0.75    0.82   -0.07 (VIOLATED)
_08644_/B                               0.75    0.82   -0.07 (VIOLATED)
_08792_/Y                               0.75    0.82   -0.07 (VIOLATED)
_08795_/B1                              0.75    0.82   -0.07 (VIOLATED)
_09544_/Y                               0.75    0.81   -0.06 (VIOLATED)
_09547_/A                               0.75    0.81   -0.06 (VIOLATED)
_09689_/A                               0.75    0.81   -0.06 (VIOLATED)
_09962_/B                               0.75    0.81   -0.06 (VIOLATED)
_09963_/A2                              0.75    0.81   -0.06 (VIOLATED)
_10190_/B                               0.75    0.81   -0.06 (VIOLATED)
ANTENNA_50/DIODE                        0.75    0.81   -0.06 (VIOLATED)
_10399_/A1                              0.75    0.81   -0.06 (VIOLATED)
_09961_/Y                               0.75    0.81   -0.06 (VIOLATED)
output126/A                             0.75    0.79   -0.04 (VIOLATED)
_05893_/X                               0.75    0.79   -0.04 (VIOLATED)
_09093_/A                               0.75    0.79   -0.04 (VIOLATED)
_09254_/A                               0.75    0.79   -0.04 (VIOLATED)
_09090_/Y                               0.75    0.79   -0.04 (VIOLATED)
output102/A                             0.75    0.78   -0.03 (VIOLATED)
_10297_/X                               0.75    0.78   -0.03 (VIOLATED)
_09107_/B2                              0.75    0.78   -0.03 (VIOLATED)
_08951_/A2                              0.75    0.78   -0.03 (VIOLATED)
_08788_/B                               0.75    0.78   -0.03 (VIOLATED)
_08787_/Y                               0.75    0.78   -0.03 (VIOLATED)
ANTENNA_36/DIODE                        0.75    0.78   -0.03 (VIOLATED)
output108/A                             0.75    0.78   -0.03 (VIOLATED)
ANTENNA_37/DIODE                        0.75    0.78   -0.03 (VIOLATED)
_10851_/Y                               0.75    0.78   -0.03 (VIOLATED)
output70/A                              0.75    0.77   -0.02 (VIOLATED)
_06406_/Y                               0.75    0.77   -0.02 (VIOLATED)
output78/A                              0.75    0.76   -0.01 (VIOLATED)
_07150_/Y                               0.75    0.76   -0.01 (VIOLATED)
output91/A                              0.75    0.76   -0.01 (VIOLATED)
_08952_/X                               0.75    0.76   -0.01 (VIOLATED)
_09546_/B1                              0.75    0.76   -0.01 (VIOLATED)
_09545_/Y                               0.75    0.76   -0.01 (VIOLATED)
_08938_/A                               0.75    0.76   -0.01 (VIOLATED)
_09095_/A                               0.75    0.76   -0.01 (VIOLATED)
_08935_/Y                               0.75    0.76   -0.01 (VIOLATED)
_09440_/Y                               0.75    0.76   -0.01 (VIOLATED)
_09456_/A2                              0.75    0.76   -0.01 (VIOLATED)
_09457_/C1                              0.75    0.76   -0.01 (VIOLATED)

max fanout

Pin                                   Limit Fanout  Slack
---------------------------------------------------------
_05732_/X                                10     13     -3 (VIOLATED)
_06336_/X                                10     13     -3 (VIOLATED)
_05712_/X                                10     11        (VIOLATED)
_05730_/X                                10     11        (VIOLATED)
_05810_/X                                10     11        (VIOLATED)
_06047_/X                                10     11        (VIOLATED)
_06108_/X                                10     11        (VIOLATED)
_06132_/X                                10     11        (VIOLATED)
_06174_/X                                10     11        (VIOLATED)
_06914_/X                                10     11        (VIOLATED)
_06916_/X                                10     11        (VIOLATED)
_06972_/X                                10     11        (VIOLATED)
_07333_/X                                10     11        (VIOLATED)
_07918_/X                                10     11        (VIOLATED)
_08082_/X                                10     11        (VIOLATED)
_08412_/X                                10     11        (VIOLATED)
_08593_/X                                10     11        (VIOLATED)
_09174_/X                                10     11        (VIOLATED)
_09175_/X                                10     11        (VIOLATED)
_09222_/X                                10     11        (VIOLATED)
_09616_/X                                10     11        (VIOLATED)
input1/X                                 10     11        (VIOLATED)
input10/X                                10     11        (VIOLATED)


======================= Typical Corner ===================================

max fanout

Pin                                   Limit Fanout  Slack
---------------------------------------------------------
_05732_/X                                10     13     -3 (VIOLATED)
_06336_/X                                10     13     -3 (VIOLATED)
_05712_/X                                10     11        (VIOLATED)
_05730_/X                                10     11        (VIOLATED)
_05810_/X                                10     11        (VIOLATED)
_06047_/X                                10     11        (VIOLATED)
_06108_/X                                10     11        (VIOLATED)
_06132_/X                                10     11        (VIOLATED)
_06174_/X                                10     11        (VIOLATED)
_06914_/X                                10     11        (VIOLATED)
_06916_/X                                10     11        (VIOLATED)
_06972_/X                                10     11        (VIOLATED)
_07333_/X                                10     11        (VIOLATED)
_07918_/X                                10     11        (VIOLATED)
_08082_/X                                10     11        (VIOLATED)
_08412_/X                                10     11        (VIOLATED)
_08593_/X                                10     11        (VIOLATED)
_09174_/X                                10     11        (VIOLATED)
_09175_/X                                10     11        (VIOLATED)
_09222_/X                                10     11        (VIOLATED)
_09616_/X                                10     11        (VIOLATED)
input1/X                                 10     11        (VIOLATED)
input10/X                                10     11        (VIOLATED)



===========================================================================
report_parasitic_annotation -report_unannotated
============================================================================
Found 0 unannotated drivers.
Found 0 partially unannotated drivers.

===========================================================================
max slew violation count 77
max fanout violation count 23
max cap violation count 0
============================================================================

===========================================================================
check_setup -verbose -unconstrained_endpoints -multiple_clock -no_clock -no_input_delay -loops -generated_clocks
===========================================================================
