OpenROAD 0cfb9a45bfb256c9af1a0500d4c97da0f145f54f 
This program is licensed under the BSD-3 license. See the LICENSE file for details.
Components of this program may be licensed under more restrictive licenses which must be honored.
[INFO]: Reading ODB at '/openlane/designs/mult_seq_16x16/runs/first_run/results/floorplan/mult_seq_16x16.odb'…
define_corners Typical
read_liberty -corner Typical /home/brunoayala/.volare/sky130A/libs.ref/sky130_fd_sc_hd/lib/sky130_fd_sc_hd__tt_025C_1v80.lib
Using 1e-12 for capacitance...
Using 1e+03 for resistance...
Using 1e-09 for time...
Using 1e+00 for voltage...
Using 1e-03 for current...
Using 1e-09 for power...
Using 1e-06 for distance...
Reading design constraints file at '/openlane/designs/mult_seq_16x16/runs/first_run/tmp/floorplan/3-initial_fp.sdc'…
[INFO]: Setting RC values...
[INFO]: Setting signal min routing layer to: met1 and clock min routing layer to met1. 
[INFO]: Setting signal max routing layer to: met5 and clock max routing layer to met5. 
[INFO GPL-0002] DBU: 1000
[INFO GPL-0003] SiteSize: 460 2720
[INFO GPL-0004] CoreAreaLxLy: 5520 10880
[INFO GPL-0005] CoreAreaUxUy: 78200 81600
[INFO GPL-0006] NumInstances: 372
[INFO GPL-0007] NumPlaceInstances: 250
[INFO GPL-0008] NumFixedInstances: 122
[INFO GPL-0009] NumDummyInstances: 0
[INFO GPL-0010] NumNets: 284
[INFO GPL-0011] NumPins: 994
[INFO GPL-0012] DieAreaLxLy: 0 0
[INFO GPL-0013] DieAreaUxUy: 84080 94800
[INFO GPL-0014] CoreAreaLxLy: 5520 10880
[INFO GPL-0015] CoreAreaUxUy: 78200 81600
[INFO GPL-0016] CoreArea: 5139929600
[INFO GPL-0017] NonPlaceInstsArea: 282771200
[INFO GPL-0018] PlaceInstsArea: 2667558400
[INFO GPL-0019] Util(%): 54.92
[INFO GPL-0020] StdInstsArea: 2667558400
[INFO GPL-0021] MacroInstsArea: 0
[InitialPlace]  Iter: 1 CG residual: 0.00000007 HPWL: 7768230
[InitialPlace]  Iter: 2 CG residual: 0.00000012 HPWL: 6588577
[InitialPlace]  Iter: 3 CG residual: 0.00000001 HPWL: 6603015
[InitialPlace]  Iter: 4 CG residual: 0.00000010 HPWL: 6606438
[InitialPlace]  Iter: 5 CG residual: 0.00000007 HPWL: 6615631
[INFO GPL-0031] FillerInit: NumGCells: 273
[INFO GPL-0032] FillerInit: NumGNets: 284
[INFO GPL-0033] FillerInit: NumGPins: 994
[INFO GPL-0023] TargetDensity: 0.60
[INFO GPL-0024] AveragePlaceInstArea: 10670233
[INFO GPL-0025] IdealBinArea: 17783720
[INFO GPL-0026] IdealBinCnt: 289
[INFO GPL-0027] TotalBinArea: 5139929600
[INFO GPL-0028] BinCnt: 16 16
[INFO GPL-0029] BinSize: 4543 4420
[INFO GPL-0030] NumBins: 256
[NesterovSolve] Iter: 1 overflow: 0.820687 HPWL: 5473851
[INFO GPL-0100] worst slack 1.33e-08
[INFO GPL-0103] Weighted 28 nets.
[NesterovSolve] Iter: 10 overflow: 0.651416 HPWL: 5830742
[NesterovSolve] Iter: 20 overflow: 0.65251 HPWL: 5818622
[NesterovSolve] Iter: 30 overflow: 0.654976 HPWL: 5812129
[NesterovSolve] Iter: 40 overflow: 0.653965 HPWL: 5814549
[NesterovSolve] Iter: 50 overflow: 0.654069 HPWL: 5814816
[NesterovSolve] Iter: 60 overflow: 0.654169 HPWL: 5815091
[NesterovSolve] Iter: 70 overflow: 0.654005 HPWL: 5815041
[NesterovSolve] Iter: 80 overflow: 0.65398 HPWL: 5815208
[NesterovSolve] Iter: 90 overflow: 0.653822 HPWL: 5815819
[NesterovSolve] Iter: 100 overflow: 0.653598 HPWL: 5816719
[NesterovSolve] Iter: 110 overflow: 0.653236 HPWL: 5817836
[NesterovSolve] Iter: 120 overflow: 0.652642 HPWL: 5820050
[NesterovSolve] Iter: 130 overflow: 0.651711 HPWL: 5823869
[NesterovSolve] Iter: 140 overflow: 0.650218 HPWL: 5830006
[NesterovSolve] Iter: 150 overflow: 0.647603 HPWL: 5838799
[NesterovSolve] Iter: 160 overflow: 0.643633 HPWL: 5852677
[NesterovSolve] Iter: 170 overflow: 0.637435 HPWL: 5873551
[INFO GPL-0100] worst slack 1.32e-08
[INFO GPL-0103] Weighted 28 nets.
[NesterovSolve] Iter: 180 overflow: 0.628035 HPWL: 5904074
[NesterovSolve] Iter: 190 overflow: 0.615631 HPWL: 5945643
[NesterovSolve] Iter: 200 overflow: 0.598961 HPWL: 6002896
[NesterovSolve] Snapshot saved at iter = 199
[NesterovSolve] Iter: 210 overflow: 0.576492 HPWL: 6062061
[NesterovSolve] Iter: 220 overflow: 0.543082 HPWL: 6112039
[NesterovSolve] Iter: 230 overflow: 0.50631 HPWL: 6153734
[INFO GPL-0100] worst slack 1.32e-08
[INFO GPL-0103] Weighted 28 nets.
[NesterovSolve] Iter: 240 overflow: 0.457366 HPWL: 6163004
[NesterovSolve] Iter: 250 overflow: 0.407055 HPWL: 6126131
[NesterovSolve] Iter: 260 overflow: 0.358027 HPWL: 6096627
[NesterovSolve] Iter: 270 overflow: 0.324315 HPWL: 6151622
[NesterovSolve] Iter: 280 overflow: 0.303078 HPWL: 6207742
[INFO GPL-0100] worst slack 1.32e-08
[INFO GPL-0103] Weighted 28 nets.
[NesterovSolve] Iter: 290 overflow: 0.269926 HPWL: 6242309
[NesterovSolve] Iter: 300 overflow: 0.247467 HPWL: 6279310
[NesterovSolve] Iter: 310 overflow: 0.217459 HPWL: 6299817
[INFO GPL-0100] worst slack 1.32e-08
[INFO GPL-0103] Weighted 28 nets.
[INFO GPL-0075] Routability numCall: 1 inflationIterCnt: 1 bloatIterCnt: 0
[INFO GPL-0036] TileLxLy: 0 0
[INFO GPL-0037] TileSize: 6900 6900
[INFO GPL-0038] TileCnt: 12 13
[INFO GPL-0039] numRoutingLayers: 6
[INFO GPL-0040] NumTiles: 156
[INFO GPL-0063] TotalRouteOverflowH2: 0.0
[INFO GPL-0064] TotalRouteOverflowV2: 0.0
[INFO GPL-0065] OverflowTileCnt2: 0
[INFO GPL-0066] 0.5%RC: 1.0
[INFO GPL-0067] 1.0%RC: 1.0
[INFO GPL-0068] 2.0%RC: 1.0
[INFO GPL-0069] 5.0%RC: 0.9916666646798452
[INFO GPL-0070] 0.5rcK: 1.0
[INFO GPL-0071] 1.0rcK: 1.0
[INFO GPL-0072] 2.0rcK: 0.0
[INFO GPL-0073] 5.0rcK: 0.0
[INFO GPL-0074] FinalRC: 1.0
[NesterovSolve] Iter: 320 overflow: 0.19313 HPWL: 6338863
[NesterovSolve] Iter: 330 overflow: 0.172128 HPWL: 6371816
[NesterovSolve] Iter: 340 overflow: 0.146812 HPWL: 6387414
[INFO GPL-0100] worst slack 1.32e-08
[INFO GPL-0103] Weighted 28 nets.
[NesterovSolve] Iter: 350 overflow: 0.124677 HPWL: 6419782
[NesterovSolve] Iter: 360 overflow: 0.108889 HPWL: 6442441
[NesterovSolve] Finished with Overflow: 0.099410
Setting global connections for newly added cells…
Writing OpenROAD database to '/openlane/designs/mult_seq_16x16/runs/first_run/tmp/placement/7-global.odb'…
Writing netlist to '/openlane/designs/mult_seq_16x16/runs/first_run/tmp/placement/7-global.nl.v'…
Writing powered netlist to '/openlane/designs/mult_seq_16x16/runs/first_run/tmp/placement/7-global.pnl.v'…
Writing layout to '/openlane/designs/mult_seq_16x16/runs/first_run/tmp/placement/7-global.def'…
